<?xml version="1.0" encoding="UTF-8"?>
<testsuites name="Company01-03-04-05" time="394" tests="2" failures="2" errors="0">
   <testsuite name="Company01-03-04-05" tests="2" failures="2" errors="0" time="394" timestamp="2019-03-22 13:53:50" hostname="Ninja - AnhNVSE63446" id="Test Suites/Company01-03-04-05">
      <properties>
         <property name="deviceName" value=""/>
         <property name="devicePlatform" value=""/>
         <property name="logFolder" value="C:\\Users\\pc\\HelpdeskAutomation\\Reports\\Company01-03-04-05\\20190322_135343"/>
         <property name="logFiles" value="C:\\Users\\pc\\HelpdeskAutomation\\Reports\\Company01-03-04-05\\20190322_135343\\execution0.log"/>
         <property name="attachments" value="C:\\Users\\pc\\HelpdeskAutomation\\Reports\\Company01-03-04-05\\20190322_135343\\1553238008807.png, C:\\Users\\pc\\HelpdeskAutomation\\Reports\\Company01-03-04-05\\20190322_135343\\1553238011459.png, C:\\Users\\pc\\HelpdeskAutomation\\Reports\\Company01-03-04-05\\20190322_135343\\1553238011797.png, C:\\Users\\pc\\HelpdeskAutomation\\Reports\\Company01-03-04-05\\20190322_135343\\1553238012170.png, C:\\Users\\pc\\HelpdeskAutomation\\Reports\\Company01-03-04-05\\20190322_135343\\1553238012507.png, C:\\Users\\pc\\HelpdeskAutomation\\Reports\\Company01-03-04-05\\20190322_135343\\1553238012839.png, C:\\Users\\pc\\HelpdeskAutomation\\Reports\\Company01-03-04-05\\20190322_135343\\1553238013154.png, C:\\Users\\pc\\HelpdeskAutomation\\Reports\\Company01-03-04-05\\20190322_135343\\1553238013501.png, C:\\Users\\pc\\HelpdeskAutomation\\Reports\\Company01-03-04-05\\20190322_135343\\1553238013831.png"/>
         <property name="hostName" value="Ninja - AnhNVSE63446"/>
         <property name="os" value="Windows 10 64bit"/>
         <property name="katalonVersion" value="6.0.5.4"/>
         <property name="browser" value="Chrome 72.0.3626.121"/>
         <property name="hostAddress" value="192.168.175.1"/>
         <property name="sessionId" value="1a2db5530a5a704b60b9ebe49ed29661"/>
         <property name="seleniumVersion" value="3.7.1"/>
         <property name="proxyInformation" value="ProxyInformation{proxyOption=NO_PROXY, proxyServerType=HTTP, password=, proxyServerAddress=, proxyServerPort=0}"/>
         <property name="platform" value="Windows 10"/>
      </properties>
      <testcase name="Test Cases/Company/Company-01" classname="Test Cases/Company/Company-01" status="PASSED">
         <system-out><![CDATA[2019-03-22 13:53:51 - [TEST_CASE][PASSED] - Test Cases/Company/Company-01: Test Cases/Company/Company-01

2019-03-22 13:53:51 - [TEST_STEP][PASSED] - openBrowser(""): Browser is opened with url: ''

2019-03-22 13:53:51 - [MESSAGE][INFO] - Starting 'Chrome' driver

2019-03-22 13:53:52 - [MESSAGE][INFO] - Action delay is set to 0 seconds

2019-03-22 13:53:56 - [MESSAGE][PASSED] - Browser is opened with url: ''

2019-03-22 13:53:56 - [TEST_STEP][PASSED] - navigateToUrl("http://helpdesk.wisky.vn/"): Navigate to 'http://helpdesk.wisky.vn/' successfully

2019-03-22 13:53:58 - [MESSAGE][PASSED] - Navigate to 'http://helpdesk.wisky.vn/' successfully

2019-03-22 13:53:58 - [TEST_STEP][PASSED] - setText(findTestObject("Company/Company-01/Page_ODTS System/input_ODTS_username"), "admin01"): Text 'admin01' is set on object 'Object Repository/Company/Company-01/Page_ODTS System/input_ODTS_username'

2019-03-22 13:53:58 - [MESSAGE][PASSED] - Text 'admin01' is set on object 'Object Repository/Company/Company-01/Page_ODTS System/input_ODTS_username'

2019-03-22 13:53:58 - [TEST_STEP][PASSED] - waitForAlert(2): No alert found after 2 second(s).

2019-03-22 13:54:00 - [MESSAGE][WARNING] - No alert found after 2 second(s).

2019-03-22 13:54:00 - [TEST_STEP][PASSED] - setEncryptedText(findTestObject("Company/Company-01/Page_ODTS System/input_ODTS_password"), "aeHFOx8jV/A="): Text ****** has been set on object 'Object Repository/Company/Company-01/Page_ODTS System/input_ODTS_password'

2019-03-22 13:54:01 - [MESSAGE][PASSED] - Text ****** has been set on object 'Object Repository/Company/Company-01/Page_ODTS System/input_ODTS_password'

2019-03-22 13:54:01 - [TEST_STEP][PASSED] - waitForAlert(2): No alert found after 2 second(s).

2019-03-22 13:54:03 - [MESSAGE][WARNING] - No alert found after 2 second(s).

2019-03-22 13:54:03 - [TEST_STEP][PASSED] - click(findTestObject("Company/Company-01/Page_ODTS System/button_ng Nhp")): Object: 'Object Repository/Company/Company-01/Page_ODTS System/button_ng Nhp' is clicked on

2019-03-22 13:54:03 - [MESSAGE][PASSED] - Object: 'Object Repository/Company/Company-01/Page_ODTS System/button_ng Nhp' is clicked on

2019-03-22 13:54:03 - [TEST_STEP][PASSED] - waitForAlert(2): No alert found after 2 second(s).

2019-03-22 13:57:17 - [MESSAGE][WARNING] - No alert found after 2 second(s).

2019-03-22 13:57:17 - [TEST_STEP][PASSED] - click(findTestObject("Company/Company-01/Page_ODTS System/span_Cng Ty")): Object: 'Object Repository/Company/Company-01/Page_ODTS System/span_Cng Ty' is clicked on

2019-03-22 13:57:18 - [MESSAGE][PASSED] - Object: 'Object Repository/Company/Company-01/Page_ODTS System/span_Cng Ty' is clicked on

2019-03-22 13:57:18 - [TEST_STEP][PASSED] - waitForAlert(2): No alert found after 2 second(s).

2019-03-22 13:57:20 - [MESSAGE][WARNING] - No alert found after 2 second(s).

2019-03-22 13:57:20 - [TEST_STEP][PASSED] - click(findTestObject("Company/Company-01/Page_ODTS System/button_To Cng Ty")): Object: 'Object Repository/Company/Company-01/Page_ODTS System/button_To Cng Ty' is clicked on

2019-03-22 13:57:20 - [MESSAGE][PASSED] - Object: 'Object Repository/Company/Company-01/Page_ODTS System/button_To Cng Ty' is clicked on

2019-03-22 13:57:20 - [TEST_STEP][PASSED] - waitForAlert(2): No alert found after 2 second(s).

2019-03-22 13:57:22 - [MESSAGE][WARNING] - No alert found after 2 second(s).

2019-03-22 13:57:22 - [TEST_STEP][PASSED] - setText(findTestObject("Company/Company-01/Page_ODTS System/input_Tn Cng Ty_comNameCreate"), "anhtest"): Text 'anhtest' is set on object 'Object Repository/Company/Company-01/Page_ODTS System/input_Tn Cng Ty_comNameCreate'

2019-03-22 13:57:22 - [MESSAGE][PASSED] - Text 'anhtest' is set on object 'Object Repository/Company/Company-01/Page_ODTS System/input_Tn Cng Ty_comNameCreate'

2019-03-22 13:57:22 - [TEST_STEP][PASSED] - waitForAlert(2): No alert found after 2 second(s).

2019-03-22 13:57:24 - [MESSAGE][WARNING] - No alert found after 2 second(s).

2019-03-22 13:57:24 - [TEST_STEP][PASSED] - setText(findTestObject("Company/Company-01/Page_ODTS System/input_M T_comDescriptionCreate"), "hihi"): Text 'hihi' is set on object 'Object Repository/Company/Company-01/Page_ODTS System/input_M T_comDescriptionCreate'

2019-03-22 13:57:24 - [MESSAGE][PASSED] - Text 'hihi' is set on object 'Object Repository/Company/Company-01/Page_ODTS System/input_M T_comDescriptionCreate'

2019-03-22 13:57:24 - [TEST_STEP][PASSED] - waitForAlert(2): No alert found after 2 second(s).

2019-03-22 13:57:26 - [MESSAGE][WARNING] - No alert found after 2 second(s).

2019-03-22 13:57:26 - [TEST_STEP][PASSED] - setText(findTestObject("Company/Company-01/Page_ODTS System/input_im Bnh Chn()_comPercentF"), "50"): Text '50' is set on object 'Object Repository/Company/Company-01/Page_ODTS System/input_im Bnh Chn()_comPercentF'

2019-03-22 13:57:27 - [MESSAGE][PASSED] - Text '50' is set on object 'Object Repository/Company/Company-01/Page_ODTS System/input_im Bnh Chn()_comPercentF'

2019-03-22 13:57:27 - [TEST_STEP][PASSED] - waitForAlert(2): No alert found after 2 second(s).

2019-03-22 13:57:29 - [MESSAGE][WARNING] - No alert found after 2 second(s).

2019-03-22 13:57:29 - [TEST_STEP][PASSED] - setText(findTestObject("Company/Company-01/Page_ODTS System/input_Kinh Nghim()_comPercentF"), "12"): Text '12' is set on object 'Object Repository/Company/Company-01/Page_ODTS System/input_Kinh Nghim()_comPercentF'

2019-03-22 13:57:29 - [MESSAGE][PASSED] - Text '12' is set on object 'Object Repository/Company/Company-01/Page_ODTS System/input_Kinh Nghim()_comPercentF'

2019-03-22 13:57:29 - [TEST_STEP][PASSED] - waitForAlert(2): No alert found after 2 second(s).

2019-03-22 13:57:31 - [MESSAGE][WARNING] - No alert found after 2 second(s).

2019-03-22 13:57:31 - [TEST_STEP][PASSED] - setText(findTestObject("Company/Company-01/Page_ODTS System/input_ Thn Thuc()_comPercentFo"), "65"): Text '65' is set on object 'Object Repository/Company/Company-01/Page_ODTS System/input_ Thn Thuc()_comPercentFo'

2019-03-22 13:57:31 - [MESSAGE][PASSED] - Text '65' is set on object 'Object Repository/Company/Company-01/Page_ODTS System/input_ Thn Thuc()_comPercentFo'

2019-03-22 13:57:31 - [TEST_STEP][PASSED] - waitForAlert(2): No alert found after 2 second(s).

2019-03-22 13:57:33 - [MESSAGE][WARNING] - No alert found after 2 second(s).

2019-03-22 13:57:33 - [TEST_STEP][PASSED] - setText(findTestObject("Company/Company-01/Page_ODTS System/input_Kinh Nghim()_comPercentF"), "15"): Text '15' is set on object 'Object Repository/Company/Company-01/Page_ODTS System/input_Kinh Nghim()_comPercentF'

2019-03-22 13:57:33 - [MESSAGE][PASSED] - Text '15' is set on object 'Object Repository/Company/Company-01/Page_ODTS System/input_Kinh Nghim()_comPercentF'

2019-03-22 13:57:33 - [TEST_STEP][PASSED] - waitForAlert(2): No alert found after 2 second(s).

2019-03-22 13:57:35 - [MESSAGE][WARNING] - No alert found after 2 second(s).

2019-03-22 13:57:35 - [TEST_STEP][PASSED] - click(findTestObject("Company/Company-01/Page_ODTS System/button_To Mi")): Object: 'Object Repository/Company/Company-01/Page_ODTS System/button_To Mi' is clicked on

2019-03-22 13:57:35 - [MESSAGE][PASSED] - Object: 'Object Repository/Company/Company-01/Page_ODTS System/button_To Mi' is clicked on

2019-03-22 13:57:35 - [TEST_STEP][PASSED] - waitForAlert(2): No alert found after 2 second(s).

2019-03-22 13:57:38 - [MESSAGE][WARNING] - No alert found after 2 second(s).

2019-03-22 13:57:38 - [TEST_STEP][PASSED] - CDATE = SimpleDateFormat(dd/MM/yyyy).format(getInstance().getTime()): null

2019-03-22 13:57:38 - [TEST_STEP][PASSED] - DATE = SimpleDateFormat(HH:mm dd/MM/yyyy).format(getInstance().getTime()): null

2019-03-22 13:57:38 - [TEST_STEP][PASSED] - writer = null: null

2019-03-22 13:57:38 - [TEST_STEP][PASSED] - writer2 = null: null

2019-03-22 13:57:38 - [TEST_STEP][PASSED] - try: null

2019-03-22 13:57:38 - [TEST_STEP][PASSED] - writer = new java.io.BufferedWriter(new java.io.OutputStreamWriter(new java.io.FileOutputStream(C:\Users\pc\HelpdeskAutomation\creDateCompany.txt), utf-8)): null

2019-03-22 13:57:38 - [TEST_STEP][PASSED] - writer.write(DATE): null

2019-03-22 13:57:38 - [TEST_STEP][PASSED] - writer2 = new java.io.BufferedWriter(new java.io.OutputStreamWriter(new java.io.FileOutputStream(C:\Users\pc\HelpdeskAutomation\upDateCompany.txt), utf-8)): null

2019-03-22 13:57:38 - [TEST_STEP][PASSED] - writer2.write(DATE): null

2019-03-22 13:57:38 - [TEST_STEP][PASSED] - Finally: null

2019-03-22 13:57:38 - [TEST_STEP][PASSED] - try: null

2019-03-22 13:57:38 - [TEST_STEP][PASSED] - writer.close(): null

2019-03-22 13:57:38 - [TEST_STEP][PASSED] - writer2.close(): null

2019-03-22 13:57:38 - [TEST_STEP][PASSED] - click(findTestObject("Company/Company-01/Page_ODTS System/button_OK")): Object: 'Object Repository/Company/Company-01/Page_ODTS System/button_OK' is clicked on

2019-03-22 13:57:38 - [MESSAGE][PASSED] - Object: 'Object Repository/Company/Company-01/Page_ODTS System/button_OK' is clicked on

2019-03-22 13:57:38 - [TEST_STEP][PASSED] - waitForAlert(2): No alert found after 2 second(s).

2019-03-22 13:57:40 - [MESSAGE][WARNING] - No alert found after 2 second(s).

2019-03-22 13:57:40 - [TEST_STEP][PASSED] - click(findTestObject("Company/Company-01/Page_ODTS System/fieldSearch")): Object: 'Object Repository/Company/Company-01/Page_ODTS System/fieldSearch' is clicked on

2019-03-22 13:57:40 - [MESSAGE][PASSED] - Object: 'Object Repository/Company/Company-01/Page_ODTS System/fieldSearch' is clicked on

2019-03-22 13:57:40 - [TEST_STEP][PASSED] - setText(findTestObject("Company/Company-01/Page_ODTS System/input"), "anhtest"): Text 'anhtest' is set on object 'Object Repository/Company/Company-01/Page_ODTS System/input'

2019-03-22 13:57:41 - [MESSAGE][PASSED] - Text 'anhtest' is set on object 'Object Repository/Company/Company-01/Page_ODTS System/input'

2019-03-22 13:57:41 - [TEST_STEP][PASSED] - verifyElementText(findTestObject("Company/Company-01/Page_ODTS System/td_anhtest"), "anhtest"): Actual text and expected text of test object 'Object Repository/Company/Company-01/Page_ODTS System/td_anhtest' are matched.

2019-03-22 13:57:41 - [MESSAGE][PASSED] - Actual text and expected text of test object 'Object Repository/Company/Company-01/Page_ODTS System/td_anhtest' are matched.

2019-03-22 13:57:41 - [TEST_STEP][PASSED] - verifyElementText(findTestObject("Company/Company-01/Page_ODTS System/td_hihi"), "hihi"): Actual text and expected text of test object 'Object Repository/Company/Company-01/Page_ODTS System/td_hihi' are matched.

2019-03-22 13:57:41 - [MESSAGE][PASSED] - Actual text and expected text of test object 'Object Repository/Company/Company-01/Page_ODTS System/td_hihi' are matched.

2019-03-22 13:57:41 - [TEST_STEP][PASSED] - verifyElementText(findTestObject("Company/Company-01/Page_ODTS System/td_21022019"), CDATE): Actual text and expected text of test object 'Object Repository/Company/Company-01/Page_ODTS System/td_21022019' are matched.

2019-03-22 13:57:41 - [MESSAGE][PASSED] - Actual text and expected text of test object 'Object Repository/Company/Company-01/Page_ODTS System/td_21022019' are matched.

2019-03-22 13:57:41 - [TEST_STEP][PASSED] - closeBrowser(): Browser is closed

2019-03-22 13:57:42 - [MESSAGE][PASSED] - Browser is closed]]></system-out>
         <system-err><![CDATA[]]></system-err>
      </testcase>
      <testcase name="Test Cases/Company/Company-03" classname="Test Cases/Company/Company-03" status="PASSED">
         <system-out><![CDATA[2019-03-22 13:57:42 - [TEST_CASE][PASSED] - Test Cases/Company/Company-03: Test Cases/Company/Company-03

2019-03-22 13:57:42 - [TEST_STEP][PASSED] - openBrowser(""): Browser is opened with url: ''

2019-03-22 13:57:42 - [MESSAGE][INFO] - Starting 'Chrome' driver

2019-03-22 13:57:47 - [MESSAGE][PASSED] - Browser is opened with url: ''

2019-03-22 13:57:47 - [TEST_STEP][PASSED] - navigateToUrl("http://helpdesk.wisky.vn/"): Navigate to 'http://helpdesk.wisky.vn/' successfully

2019-03-22 13:57:50 - [MESSAGE][PASSED] - Navigate to 'http://helpdesk.wisky.vn/' successfully

2019-03-22 13:57:50 - [TEST_STEP][PASSED] - setText(findTestObject("Company/Company-03/Page_ODTS System/input_ODTS_username"), "admin01"): Text 'admin01' is set on object 'Object Repository/Company/Company-03/Page_ODTS System/input_ODTS_username'

2019-03-22 13:57:50 - [MESSAGE][PASSED] - Text 'admin01' is set on object 'Object Repository/Company/Company-03/Page_ODTS System/input_ODTS_username'

2019-03-22 13:57:50 - [TEST_STEP][PASSED] - setEncryptedText(findTestObject("Company/Company-03/Page_ODTS System/input_ODTS_password"), "aeHFOx8jV/A="): Text ****** has been set on object 'Object Repository/Company/Company-03/Page_ODTS System/input_ODTS_password'

2019-03-22 13:57:50 - [MESSAGE][PASSED] - Text ****** has been set on object 'Object Repository/Company/Company-03/Page_ODTS System/input_ODTS_password'

2019-03-22 13:57:50 - [TEST_STEP][PASSED] - click(findTestObject("Company/Company-03/Page_ODTS System/button_ng Nhp")): Object: 'Object Repository/Company/Company-03/Page_ODTS System/button_ng Nhp' is clicked on

2019-03-22 13:57:50 - [MESSAGE][PASSED] - Object: 'Object Repository/Company/Company-03/Page_ODTS System/button_ng Nhp' is clicked on

2019-03-22 13:57:50 - [TEST_STEP][PASSED] - click(findTestObject("Company/Company-03/Page_ODTS System/clickCompanyMenu")): Object: 'Object Repository/Company/Company-03/Page_ODTS System/clickCompanyMenu' is clicked on

2019-03-22 13:57:56 - [MESSAGE][PASSED] - Object: 'Object Repository/Company/Company-03/Page_ODTS System/clickCompanyMenu' is clicked on

2019-03-22 13:57:56 - [TEST_STEP][PASSED] - click(findTestObject("Company/Company-03/Page_ODTS System/fieldSearch")): Object: 'Object Repository/Company/Company-03/Page_ODTS System/fieldSearch' is clicked on

2019-03-22 13:57:57 - [MESSAGE][PASSED] - Object: 'Object Repository/Company/Company-03/Page_ODTS System/fieldSearch' is clicked on

2019-03-22 13:57:57 - [TEST_STEP][PASSED] - setText(findTestObject("Company/Company-03/Page_ODTS System/input"), "anhtest"): Text 'anhtest' is set on object 'Object Repository/Company/Company-03/Page_ODTS System/input'

2019-03-22 13:57:57 - [MESSAGE][PASSED] - Text 'anhtest' is set on object 'Object Repository/Company/Company-03/Page_ODTS System/input'

2019-03-22 13:57:57 - [TEST_STEP][PASSED] - waitForAlert(2): No alert found after 2 second(s).

2019-03-22 13:57:59 - [MESSAGE][WARNING] - No alert found after 2 second(s).

2019-03-22 13:57:59 - [TEST_STEP][PASSED] - click(findTestObject("Company/Company-03/Page_ODTS System/button_Xem Hp ng_btn btn-info")): Object: 'Object Repository/Company/Company-03/Page_ODTS System/button_Xem Hp ng_btn btn-info' is clicked on

2019-03-22 13:57:59 - [MESSAGE][PASSED] - Object: 'Object Repository/Company/Company-03/Page_ODTS System/button_Xem Hp ng_btn btn-info' is clicked on

2019-03-22 13:57:59 - [TEST_STEP][PASSED] - waitForAlert(2): No alert found after 2 second(s).

2019-03-22 13:58:01 - [MESSAGE][WARNING] - No alert found after 2 second(s).

2019-03-22 13:58:01 - [TEST_STEP][PASSED] - verifyElementText(findTestObject("Company/Company-03/Page_ODTS System/anhtest"), "anhtest"): Actual text and expected text of test object 'Object Repository/Company/Company-03/Page_ODTS System/anhtest' are matched.

2019-03-22 13:58:01 - [MESSAGE][PASSED] - Actual text and expected text of test object 'Object Repository/Company/Company-03/Page_ODTS System/anhtest' are matched.

2019-03-22 13:58:01 - [TEST_STEP][PASSED] - verifyElementText(findTestObject("Company/Company-03/Page_ODTS System/p_hihi"), "hihi"): Actual text and expected text of test object 'Object Repository/Company/Company-03/Page_ODTS System/p_hihi' are matched.

2019-03-22 13:58:01 - [MESSAGE][PASSED] - Actual text and expected text of test object 'Object Repository/Company/Company-03/Page_ODTS System/p_hihi' are matched.

2019-03-22 13:58:01 - [TEST_STEP][PASSED] - CDATE = null: null

2019-03-22 13:58:01 - [TEST_STEP][PASSED] - UDATE = null: null

2019-03-22 13:58:01 - [TEST_STEP][PASSED] - br = null: null

2019-03-22 13:58:01 - [TEST_STEP][PASSED] - try: null

2019-03-22 13:58:01 - [TEST_STEP][PASSED] - br = new java.io.BufferedReader(new java.io.FileReader(C:\Users\pc\HelpdeskAutomation\creDateCompany.txt)): null

2019-03-22 13:58:01 - [TEST_STEP][PASSED] - sCurrentLine = <not implemented yet for class: org.codehaus.groovy.ast.expr.EmptyExpression>: null

2019-03-22 13:58:01 - [TEST_STEP][PASSED] - while (sCurrentLine = br.readLine() != null): null

2019-03-22 13:58:01 - [TEST_STEP][PASSED] - CDATE = sCurrentLine: null

2019-03-22 13:58:01 - [TEST_STEP][PASSED] - br = new java.io.BufferedReader(new java.io.FileReader(C:\Users\pc\HelpdeskAutomation\upDateCompany.txt)): null

2019-03-22 13:58:01 - [TEST_STEP][PASSED] - sCurrentLine: null

2019-03-22 13:58:01 - [TEST_STEP][PASSED] - while (sCurrentLine = br.readLine() != null): null

2019-03-22 13:58:01 - [TEST_STEP][PASSED] - UDATE = sCurrentLine: null

2019-03-22 13:58:01 - [TEST_STEP][PASSED] - Finally: null

2019-03-22 13:58:01 - [TEST_STEP][PASSED] - br.close(): null

2019-03-22 13:58:01 - [TEST_STEP][PASSED] - verifyElementText(findTestObject("Company/Company-03/Page_ODTS System/p_1031 21022019"), CDATE): Actual text and expected text of test object 'Object Repository/Company/Company-03/Page_ODTS System/p_1031 21022019' are matched.

2019-03-22 13:58:01 - [MESSAGE][PASSED] - Actual text and expected text of test object 'Object Repository/Company/Company-03/Page_ODTS System/p_1031 21022019' are matched.

2019-03-22 13:58:01 - [TEST_STEP][PASSED] - verifyElementText(findTestObject("Company/Company-03/Page_ODTS System/p_1031 21022019_1"), UDATE): Actual text and expected text of test object 'Object Repository/Company/Company-03/Page_ODTS System/p_1031 21022019_1' are matched.

2019-03-22 13:58:01 - [MESSAGE][PASSED] - Actual text and expected text of test object 'Object Repository/Company/Company-03/Page_ODTS System/p_1031 21022019_1' are matched.

2019-03-22 13:58:01 - [TEST_STEP][PASSED] - verifyElementText(findTestObject("Company/Company-03/Page_ODTS System/span_50"), "50"): Actual text and expected text of test object 'Object Repository/Company/Company-03/Page_ODTS System/span_50' are matched.

2019-03-22 13:58:01 - [MESSAGE][PASSED] - Actual text and expected text of test object 'Object Repository/Company/Company-03/Page_ODTS System/span_50' are matched.

2019-03-22 13:58:01 - [TEST_STEP][PASSED] - verifyElementText(findTestObject("Company/Company-03/Page_ODTS System/span_15"), "15"): Actual text and expected text of test object 'Object Repository/Company/Company-03/Page_ODTS System/span_15' are matched.

2019-03-22 13:58:01 - [MESSAGE][PASSED] - Actual text and expected text of test object 'Object Repository/Company/Company-03/Page_ODTS System/span_15' are matched.

2019-03-22 13:58:01 - [TEST_STEP][PASSED] - verifyElementText(findTestObject("Company/Company-03/Page_ODTS System/span_65"), "65"): Actual text and expected text of test object 'Object Repository/Company/Company-03/Page_ODTS System/span_65' are matched.

2019-03-22 13:58:02 - [MESSAGE][PASSED] - Actual text and expected text of test object 'Object Repository/Company/Company-03/Page_ODTS System/span_65' are matched.

2019-03-22 13:58:02 - [TEST_STEP][PASSED] - click(findTestObject("Company/Company-03/Page_ODTS System/button_ng")): Object: 'Object Repository/Company/Company-03/Page_ODTS System/button_ng' is clicked on

2019-03-22 13:58:02 - [MESSAGE][PASSED] - Object: 'Object Repository/Company/Company-03/Page_ODTS System/button_ng' is clicked on

2019-03-22 13:58:02 - [TEST_STEP][PASSED] - closeBrowser(): Browser is closed

2019-03-22 13:58:03 - [MESSAGE][PASSED] - Browser is closed]]></system-out>
         <system-err><![CDATA[]]></system-err>
      </testcase>
      <testcase name="Test Cases/Company/Company-04" classname="Test Cases/Company/Company-04" status="FAILED">
         <failure type="FAILED" message="Test Cases/Company/Company-04 FAILED.
Reason:
com.kms.katalon.core.exception.StepFailedException: Unable to click on object 'Object Repository/Company/Company-04/Page_ODTS System/button_Xem Hp ng_btn btn-info'
	at com.kms.katalon.core.keyword.internal.KeywordMain.stepFailed(KeywordMain.groovy:37)
	at com.kms.katalon.core.webui.keyword.internal.WebUIKeywordMain.stepFailed(WebUIKeywordMain.groovy:65)
	at com.kms.katalon.core.webui.keyword.internal.WebUIKeywordMain.runKeyword(WebUIKeywordMain.groovy:27)
	at com.kms.katalon.core.webui.keyword.builtin.ClickKeyword.click(ClickKeyword.groovy:86)
	at com.kms.katalon.core.webui.keyword.builtin.ClickKeyword.execute(ClickKeyword.groovy:67)
	at com.kms.katalon.core.keyword.internal.KeywordExecutor.executeKeywordForPlatform(KeywordExecutor.groovy:56)
	at com.kms.katalon.core.webui.keyword.WebUiBuiltInKeywords.click(WebUiBuiltInKeywords.groovy:616)
	at com.kms.katalon.core.webui.keyword.WebUiBuiltInKeywords$click$4.call(Unknown Source)
	at Company-04.run(Company-04:67)
	at com.kms.katalon.core.main.ScriptEngine.run(ScriptEngine.java:194)
	at com.kms.katalon.core.main.ScriptEngine.runScriptAsRawText(ScriptEngine.java:119)
	at com.kms.katalon.core.main.TestCaseExecutor.runScript(TestCaseExecutor.java:331)
	at com.kms.katalon.core.main.TestCaseExecutor.doExecute(TestCaseExecutor.java:322)
	at com.kms.katalon.core.main.TestCaseExecutor.processExecutionPhase(TestCaseExecutor.java:301)
	at com.kms.katalon.core.main.TestCaseExecutor.accessMainPhase(TestCaseExecutor.java:293)
	at com.kms.katalon.core.main.TestCaseExecutor.execute(TestCaseExecutor.java:227)
	at com.kms.katalon.core.main.TestSuiteExecutor.accessTestCaseMainPhase(TestSuiteExecutor.java:129)
	at com.kms.katalon.core.main.TestSuiteExecutor.accessTestSuiteMainPhase(TestSuiteExecutor.java:112)
	at com.kms.katalon.core.main.TestSuiteExecutor.execute(TestSuiteExecutor.java:81)
	at com.kms.katalon.core.main.TestCaseMain.startTestSuite(TestCaseMain.java:157)
	at com.kms.katalon.core.main.TestCaseMain$startTestSuite$0.call(Unknown Source)
	at TempTestSuite1553237627767.run(TempTestSuite1553237627767.groovy:35)
"/>
         <system-out><![CDATA[2019-03-22 13:58:03 - [TEST_CASE][FAILED] - Test Cases/Company/Company-04: Test Cases/Company/Company-04 FAILED.
Reason:
com.kms.katalon.core.exception.StepFailedException: Unable to click on object 'Object Repository/Company/Company-04/Page_ODTS System/button_Xem Hp ng_btn btn-info'
	at com.kms.katalon.core.keyword.internal.KeywordMain.stepFailed(KeywordMain.groovy:37)
	at com.kms.katalon.core.webui.keyword.internal.WebUIKeywordMain.stepFailed(WebUIKeywordMain.groovy:65)
	at com.kms.katalon.core.webui.keyword.internal.WebUIKeywordMain.runKeyword(WebUIKeywordMain.groovy:27)
	at com.kms.katalon.core.webui.keyword.builtin.ClickKeyword.click(ClickKeyword.groovy:86)
	at com.kms.katalon.core.webui.keyword.builtin.ClickKeyword.execute(ClickKeyword.groovy:67)
	at com.kms.katalon.core.keyword.internal.KeywordExecutor.executeKeywordForPlatform(KeywordExecutor.groovy:56)
	at com.kms.katalon.core.webui.keyword.WebUiBuiltInKeywords.click(WebUiBuiltInKeywords.groovy:616)
	at com.kms.katalon.core.webui.keyword.WebUiBuiltInKeywords$click$4.call(Unknown Source)
	at Company-04.run(Company-04:67)
	at com.kms.katalon.core.main.ScriptEngine.run(ScriptEngine.java:194)
	at com.kms.katalon.core.main.ScriptEngine.runScriptAsRawText(ScriptEngine.java:119)
	at com.kms.katalon.core.main.TestCaseExecutor.runScript(TestCaseExecutor.java:331)
	at com.kms.katalon.core.main.TestCaseExecutor.doExecute(TestCaseExecutor.java:322)
	at com.kms.katalon.core.main.TestCaseExecutor.processExecutionPhase(TestCaseExecutor.java:301)
	at com.kms.katalon.core.main.TestCaseExecutor.accessMainPhase(TestCaseExecutor.java:293)
	at com.kms.katalon.core.main.TestCaseExecutor.execute(TestCaseExecutor.java:227)
	at com.kms.katalon.core.main.TestSuiteExecutor.accessTestCaseMainPhase(TestSuiteExecutor.java:129)
	at com.kms.katalon.core.main.TestSuiteExecutor.accessTestSuiteMainPhase(TestSuiteExecutor.java:112)
	at com.kms.katalon.core.main.TestSuiteExecutor.execute(TestSuiteExecutor.java:81)
	at com.kms.katalon.core.main.TestCaseMain.startTestSuite(TestCaseMain.java:157)
	at com.kms.katalon.core.main.TestCaseMain$startTestSuite$0.call(Unknown Source)
	at TempTestSuite1553237627767.run(TempTestSuite1553237627767.groovy:35)


2019-03-22 13:58:03 - [TEST_STEP][PASSED] - openBrowser(""): Browser is opened with url: ''

2019-03-22 13:58:03 - [MESSAGE][INFO] - Starting 'Chrome' driver

2019-03-22 13:58:07 - [MESSAGE][PASSED] - Browser is opened with url: ''

2019-03-22 13:58:07 - [TEST_STEP][PASSED] - navigateToUrl("http://helpdesk.wisky.vn/"): Navigate to 'http://helpdesk.wisky.vn/' successfully

2019-03-22 13:58:26 - [MESSAGE][PASSED] - Navigate to 'http://helpdesk.wisky.vn/' successfully

2019-03-22 13:58:26 - [TEST_STEP][PASSED] - setText(findTestObject("Company/Company-04/Page_ODTS System/input_ODTS_username"), "admin01"): Text 'admin01' is set on object 'Object Repository/Company/Company-04/Page_ODTS System/input_ODTS_username'

2019-03-22 13:58:27 - [MESSAGE][PASSED] - Text 'admin01' is set on object 'Object Repository/Company/Company-04/Page_ODTS System/input_ODTS_username'

2019-03-22 13:58:27 - [TEST_STEP][PASSED] - setEncryptedText(findTestObject("Company/Company-04/Page_ODTS System/input_ODTS_password"), "aeHFOx8jV/A="): Text ****** has been set on object 'Object Repository/Company/Company-04/Page_ODTS System/input_ODTS_password'

2019-03-22 13:58:27 - [MESSAGE][PASSED] - Text ****** has been set on object 'Object Repository/Company/Company-04/Page_ODTS System/input_ODTS_password'

2019-03-22 13:58:27 - [TEST_STEP][PASSED] - click(findTestObject("Company/Company-04/Page_ODTS System/button_ng Nhp")): Object: 'Object Repository/Company/Company-04/Page_ODTS System/button_ng Nhp' is clicked on

2019-03-22 13:58:27 - [MESSAGE][PASSED] - Object: 'Object Repository/Company/Company-04/Page_ODTS System/button_ng Nhp' is clicked on

2019-03-22 13:58:27 - [TEST_STEP][PASSED] - click(findTestObject("Company/Company-05/Page_ODTS System/a_Cng Ty")): Object: 'Object Repository/Company/Company-05/Page_ODTS System/a_Cng Ty' is clicked on

2019-03-22 13:59:03 - [MESSAGE][PASSED] - Object: 'Object Repository/Company/Company-05/Page_ODTS System/a_Cng Ty' is clicked on

2019-03-22 13:59:03 - [TEST_STEP][PASSED] - click(findTestObject("Company/Company-04/Page_ODTS System/fieldSearch")): Object: 'Object Repository/Company/Company-04/Page_ODTS System/fieldSearch' is clicked on

2019-03-22 13:59:08 - [MESSAGE][PASSED] - Object: 'Object Repository/Company/Company-04/Page_ODTS System/fieldSearch' is clicked on

2019-03-22 13:59:08 - [TEST_STEP][PASSED] - setText(findTestObject("Company/Company-04/Page_ODTS System/input"), "anhtest"): Text 'anhtest' is set on object 'Object Repository/Company/Company-04/Page_ODTS System/input'

2019-03-22 13:59:08 - [MESSAGE][PASSED] - Text 'anhtest' is set on object 'Object Repository/Company/Company-04/Page_ODTS System/input'

2019-03-22 13:59:08 - [TEST_STEP][PASSED] - click(findTestObject("Company/Company-04/Page_ODTS System/button_Xem Hp ng_btn btn-warni")): Object: 'Object Repository/Company/Company-04/Page_ODTS System/button_Xem Hp ng_btn btn-warni' is clicked on

2019-03-22 13:59:14 - [MESSAGE][PASSED] - Object: 'Object Repository/Company/Company-04/Page_ODTS System/button_Xem Hp ng_btn btn-warni' is clicked on

2019-03-22 13:59:14 - [TEST_STEP][PASSED] - waitForAlert(2): No alert found after 2 second(s).

2019-03-22 13:59:16 - [MESSAGE][WARNING] - No alert found after 2 second(s).

2019-03-22 13:59:16 - [TEST_STEP][PASSED] - setText(findTestObject("Company/Company-04/Page_ODTS System/input_Tn Cng Ty_comNameEdit"), "anhtest22"): Text 'anhtest22' is set on object 'Object Repository/Company/Company-04/Page_ODTS System/input_Tn Cng Ty_comNameEdit'

2019-03-22 13:59:16 - [MESSAGE][PASSED] - Text 'anhtest22' is set on object 'Object Repository/Company/Company-04/Page_ODTS System/input_Tn Cng Ty_comNameEdit'

2019-03-22 13:59:16 - [TEST_STEP][PASSED] - waitForAlert(2): No alert found after 2 second(s).

2019-03-22 13:59:18 - [MESSAGE][WARNING] - No alert found after 2 second(s).

2019-03-22 13:59:18 - [TEST_STEP][PASSED] - setText(findTestObject("Company/Company-04/Page_ODTS System/input_M T_comDescriptionEdit"), "hihi22"): Text 'hihi22' is set on object 'Object Repository/Company/Company-04/Page_ODTS System/input_M T_comDescriptionEdit'

2019-03-22 13:59:18 - [MESSAGE][PASSED] - Text 'hihi22' is set on object 'Object Repository/Company/Company-04/Page_ODTS System/input_M T_comDescriptionEdit'

2019-03-22 13:59:18 - [TEST_STEP][PASSED] - waitForAlert(2): No alert found after 2 second(s).

2019-03-22 13:59:20 - [MESSAGE][WARNING] - No alert found after 2 second(s).

2019-03-22 13:59:20 - [TEST_STEP][PASSED] - setText(findTestObject("Company/Company-04/Page_ODTS System/input_im Bnh Chn()_editPercent"), "70"): Text '70' is set on object 'Object Repository/Company/Company-04/Page_ODTS System/input_im Bnh Chn()_editPercent'

2019-03-22 13:59:20 - [MESSAGE][PASSED] - Text '70' is set on object 'Object Repository/Company/Company-04/Page_ODTS System/input_im Bnh Chn()_editPercent'

2019-03-22 13:59:20 - [TEST_STEP][PASSED] - waitForAlert(2): No alert found after 2 second(s).

2019-03-22 13:59:22 - [MESSAGE][WARNING] - No alert found after 2 second(s).

2019-03-22 13:59:22 - [TEST_STEP][PASSED] - setText(findTestObject("Company/Company-04/Page_ODTS System/input_Kinh Nghim()_editPercent"), "70"): Text '70' is set on object 'Object Repository/Company/Company-04/Page_ODTS System/input_Kinh Nghim()_editPercent'

2019-03-22 13:59:22 - [MESSAGE][PASSED] - Text '70' is set on object 'Object Repository/Company/Company-04/Page_ODTS System/input_Kinh Nghim()_editPercent'

2019-03-22 13:59:22 - [TEST_STEP][PASSED] - waitForAlert(2): No alert found after 2 second(s).

2019-03-22 13:59:24 - [MESSAGE][WARNING] - No alert found after 2 second(s).

2019-03-22 13:59:24 - [TEST_STEP][PASSED] - setText(findTestObject("Company/Company-04/Page_ODTS System/input_ Thn Thuc()_editPercentF"), "70"): Text '70' is set on object 'Object Repository/Company/Company-04/Page_ODTS System/input_ Thn Thuc()_editPercentF'

2019-03-22 13:59:24 - [MESSAGE][PASSED] - Text '70' is set on object 'Object Repository/Company/Company-04/Page_ODTS System/input_ Thn Thuc()_editPercentF'

2019-03-22 13:59:24 - [TEST_STEP][PASSED] - waitForAlert(2): No alert found after 2 second(s).

2019-03-22 13:59:26 - [MESSAGE][WARNING] - No alert found after 2 second(s).

2019-03-22 13:59:26 - [TEST_STEP][PASSED] - UDATE = SimpleDateFormat(HH:mm dd/MM/yyyy).format(getInstance().getTime()): null

2019-03-22 13:59:26 - [TEST_STEP][PASSED] - writer = null: null

2019-03-22 13:59:26 - [TEST_STEP][PASSED] - try: null

2019-03-22 13:59:26 - [TEST_STEP][PASSED] - writer = new java.io.BufferedWriter(new java.io.OutputStreamWriter(new java.io.FileOutputStream(C:\Users\pc\HelpdeskAutomation\upDateCompany.txt), utf-8)): null

2019-03-22 13:59:26 - [TEST_STEP][PASSED] - writer.write(UDATE): null

2019-03-22 13:59:26 - [TEST_STEP][PASSED] - Finally: null

2019-03-22 13:59:26 - [TEST_STEP][PASSED] - try: null

2019-03-22 13:59:26 - [TEST_STEP][PASSED] - writer.close(): null

2019-03-22 13:59:27 - [TEST_STEP][PASSED] - click(findTestObject("Company/Company-04/Page_ODTS System/button_Cp Nht")): Object: 'Object Repository/Company/Company-04/Page_ODTS System/button_Cp Nht' is clicked on

2019-03-22 13:59:32 - [MESSAGE][PASSED] - Object: 'Object Repository/Company/Company-04/Page_ODTS System/button_Cp Nht' is clicked on

2019-03-22 13:59:32 - [TEST_STEP][PASSED] - click(findTestObject("Company/Company-04/Page_ODTS System/button_OK")): Object: 'Object Repository/Company/Company-04/Page_ODTS System/button_OK' is clicked on

2019-03-22 13:59:37 - [MESSAGE][PASSED] - Object: 'Object Repository/Company/Company-04/Page_ODTS System/button_OK' is clicked on

2019-03-22 13:59:37 - [TEST_STEP][FAILED] - click(findTestObject("Company/Company-04/Page_ODTS System/button_Xem Hp ng_btn btn-info")): Unable to click on object 'Object Repository/Company/Company-04/Page_ODTS System/button_Xem Hp ng_btn btn-info'

2019-03-22 14:00:08 - [MESSAGE][INFO] - Unable to find the element located by 'By.xpath: /html/body[@class='skin-blue sidebar-mini']/div[@class='wrapper']/div[@class='content-wrapper']/section[@class='content-header']/div[@class='row col-md-12'][2]/div[@id='detail-table_wrapper']/table[@id='detail-table']/tbody/tr[@class='odd']/td[@class=' text-center'][6]/button[@class='btn btn-info fa fa-eye']'. Please recheck the objects properties to make sure the desired element is located. 

2019-03-22 14:00:09 - [MESSAGE][FAILED] - Unable to click on object 'Object Repository/Company/Company-04/Page_ODTS System/button_Xem Hp ng_btn btn-info'
[[ATTACHMENT|C:\\Users\\pc\\HelpdeskAutomation\\Reports\\Company01-03-04-05\\20190322_135343\\1553238008807.png]]

2019-03-22 14:00:09 - [TEST_STEP][PASSED] - waitForAlert(2): No alert found after 2 second(s).

2019-03-22 14:00:11 - [MESSAGE][WARNING] - No alert found after 2 second(s).

2019-03-22 14:00:11 - [TEST_STEP][FAILED] - verifyElementText(findTestObject("Company/Company-04/Page_ODTS System/p_anhtest22"), "anhtest22"): Actual text '' and expected text 'anhtest22' of test object 'Object Repository/Company/Company-04/Page_ODTS System/p_anhtest22' are NOT matched.

2019-03-22 14:00:11 - [MESSAGE][FAILED] - Actual text '' and expected text 'anhtest22' of test object 'Object Repository/Company/Company-04/Page_ODTS System/p_anhtest22' are NOT matched.
[[ATTACHMENT|C:\\Users\\pc\\HelpdeskAutomation\\Reports\\Company01-03-04-05\\20190322_135343\\1553238011459.png]]

2019-03-22 14:00:11 - [TEST_STEP][FAILED] - verifyElementText(findTestObject("Company/Company-04/Page_ODTS System/p_hihi22"), "hihi22"): Actual text '' and expected text 'hihi22' of test object 'Object Repository/Company/Company-04/Page_ODTS System/p_hihi22' are NOT matched.

2019-03-22 14:00:12 - [MESSAGE][FAILED] - Actual text '' and expected text 'hihi22' of test object 'Object Repository/Company/Company-04/Page_ODTS System/p_hihi22' are NOT matched.
[[ATTACHMENT|C:\\Users\\pc\\HelpdeskAutomation\\Reports\\Company01-03-04-05\\20190322_135343\\1553238011797.png]]

2019-03-22 14:00:12 - [TEST_STEP][PASSED] - CDATE = null: null

2019-03-22 14:00:12 - [TEST_STEP][PASSED] - br = null: null

2019-03-22 14:00:12 - [TEST_STEP][PASSED] - try: null

2019-03-22 14:00:12 - [TEST_STEP][PASSED] - br = new java.io.BufferedReader(new java.io.FileReader(C:\Users\pc\HelpdeskAutomation\creDateCompany.txt)): null

2019-03-22 14:00:12 - [TEST_STEP][PASSED] - sCurrentLine = <not implemented yet for class: org.codehaus.groovy.ast.expr.EmptyExpression>: null

2019-03-22 14:00:12 - [TEST_STEP][PASSED] - while (sCurrentLine = br.readLine() != null): null

2019-03-22 14:00:12 - [TEST_STEP][PASSED] - CDATE = sCurrentLine: null

2019-03-22 14:00:12 - [TEST_STEP][PASSED] - Finally: null

2019-03-22 14:00:12 - [TEST_STEP][PASSED] - br.close(): null

2019-03-22 14:00:12 - [TEST_STEP][FAILED] - verifyElementText(findTestObject("Company/Company-04/Page_ODTS System/p_1458 21022019"), CDATE): Actual text '' and expected text '13:57 22/03/2019' of test object 'Object Repository/Company/Company-04/Page_ODTS System/p_1458 21022019' are NOT matched.

2019-03-22 14:00:12 - [MESSAGE][FAILED] - Actual text '' and expected text '13:57 22/03/2019' of test object 'Object Repository/Company/Company-04/Page_ODTS System/p_1458 21022019' are NOT matched.
[[ATTACHMENT|C:\\Users\\pc\\HelpdeskAutomation\\Reports\\Company01-03-04-05\\20190322_135343\\1553238012170.png]]

2019-03-22 14:00:12 - [TEST_STEP][FAILED] - verifyElementText(findTestObject("Company/Company-04/Page_ODTS System/p_1503 21022019"), UDATE): Actual text '' and expected text '13:59 22/03/2019' of test object 'Object Repository/Company/Company-04/Page_ODTS System/p_1503 21022019' are NOT matched.

2019-03-22 14:00:12 - [MESSAGE][FAILED] - Actual text '' and expected text '13:59 22/03/2019' of test object 'Object Repository/Company/Company-04/Page_ODTS System/p_1503 21022019' are NOT matched.
[[ATTACHMENT|C:\\Users\\pc\\HelpdeskAutomation\\Reports\\Company01-03-04-05\\20190322_135343\\1553238012507.png]]

2019-03-22 14:00:12 - [TEST_STEP][FAILED] - verifyElementText(findTestObject("Company/Company-04/Page_ODTS System/span_70"), "70"): Actual text '' and expected text '70' of test object 'Object Repository/Company/Company-04/Page_ODTS System/span_70' are NOT matched.

2019-03-22 14:00:13 - [MESSAGE][FAILED] - Actual text '' and expected text '70' of test object 'Object Repository/Company/Company-04/Page_ODTS System/span_70' are NOT matched.
[[ATTACHMENT|C:\\Users\\pc\\HelpdeskAutomation\\Reports\\Company01-03-04-05\\20190322_135343\\1553238012839.png]]

2019-03-22 14:00:13 - [TEST_STEP][FAILED] - verifyElementText(findTestObject("Company/Company-04/Page_ODTS System/span_70_1"), "70"): Actual text '' and expected text '70' of test object 'Object Repository/Company/Company-04/Page_ODTS System/span_70_1' are NOT matched.

2019-03-22 14:00:13 - [MESSAGE][FAILED] - Actual text '' and expected text '70' of test object 'Object Repository/Company/Company-04/Page_ODTS System/span_70_1' are NOT matched.
[[ATTACHMENT|C:\\Users\\pc\\HelpdeskAutomation\\Reports\\Company01-03-04-05\\20190322_135343\\1553238013154.png]]

2019-03-22 14:00:13 - [TEST_STEP][FAILED] - verifyElementText(findTestObject("Company/Company-04/Page_ODTS System/span_70_2"), "70"): Actual text '' and expected text '70' of test object 'Object Repository/Company/Company-04/Page_ODTS System/span_70_2' are NOT matched.

2019-03-22 14:00:13 - [MESSAGE][FAILED] - Actual text '' and expected text '70' of test object 'Object Repository/Company/Company-04/Page_ODTS System/span_70_2' are NOT matched.
[[ATTACHMENT|C:\\Users\\pc\\HelpdeskAutomation\\Reports\\Company01-03-04-05\\20190322_135343\\1553238013501.png]]

2019-03-22 14:00:13 - [TEST_STEP][FAILED] - click(findTestObject("Company/Company-04/Page_ODTS System/button_ng")): Unable to click on object 'Object Repository/Company/Company-04/Page_ODTS System/button_ng'

2019-03-22 14:00:14 - [MESSAGE][FAILED] - Unable to click on object 'Object Repository/Company/Company-04/Page_ODTS System/button_ng'
[[ATTACHMENT|C:\\Users\\pc\\HelpdeskAutomation\\Reports\\Company01-03-04-05\\20190322_135343\\1553238013831.png]]

2019-03-22 14:00:14 - [TEST_STEP][FAILED] - closeBrowser(): closeBrowser() FAILED.
Reason:
com.kms.katalon.core.exception.StepFailedException: Unable to click on object 'Object Repository/Company/Company-04/Page_ODTS System/button_Xem Hp ng_btn btn-info'
	at com.kms.katalon.core.keyword.internal.KeywordMain.stepFailed(KeywordMain.groovy:37)
	at com.kms.katalon.core.webui.keyword.internal.WebUIKeywordMain.stepFailed(WebUIKeywordMain.groovy:65)
	at com.kms.katalon.core.webui.keyword.internal.WebUIKeywordMain.runKeyword(WebUIKeywordMain.groovy:27)
	at com.kms.katalon.core.webui.keyword.builtin.ClickKeyword.click(ClickKeyword.groovy:86)
	at com.kms.katalon.core.webui.keyword.builtin.ClickKeyword.execute(ClickKeyword.groovy:67)
	at com.kms.katalon.core.keyword.internal.KeywordExecutor.executeKeywordForPlatform(KeywordExecutor.groovy:56)
	at com.kms.katalon.core.webui.keyword.WebUiBuiltInKeywords.click(WebUiBuiltInKeywords.groovy:616)
	at com.kms.katalon.core.webui.keyword.WebUiBuiltInKeywords$click$4.call(Unknown Source)
	at Company-04.run(Company-04:67)
	at com.kms.katalon.core.main.ScriptEngine.run(ScriptEngine.java:194)
	at com.kms.katalon.core.main.ScriptEngine.runScriptAsRawText(ScriptEngine.java:119)
	at com.kms.katalon.core.main.TestCaseExecutor.runScript(TestCaseExecutor.java:331)
	at com.kms.katalon.core.main.TestCaseExecutor.doExecute(TestCaseExecutor.java:322)
	at com.kms.katalon.core.main.TestCaseExecutor.processExecutionPhase(TestCaseExecutor.java:301)
	at com.kms.katalon.core.main.TestCaseExecutor.accessMainPhase(TestCaseExecutor.java:293)
	at com.kms.katalon.core.main.TestCaseExecutor.execute(TestCaseExecutor.java:227)
	at com.kms.katalon.core.main.TestSuiteExecutor.accessTestCaseMainPhase(TestSuiteExecutor.java:129)
	at com.kms.katalon.core.main.TestSuiteExecutor.accessTestSuiteMainPhase(TestSuiteExecutor.java:112)
	at com.kms.katalon.core.main.TestSuiteExecutor.execute(TestSuiteExecutor.java:81)
	at com.kms.katalon.core.main.TestCaseMain.startTestSuite(TestCaseMain.java:157)
	at com.kms.katalon.core.main.TestCaseMain$startTestSuite$0.call(Unknown Source)
	at TempTestSuite1553237627767.run(TempTestSuite1553237627767.groovy:35)


2019-03-22 14:00:14 - [MESSAGE][PASSED] - Browser is closed

2019-03-22 14:00:14 - [MESSAGE][FAILED] - closeBrowser() FAILED.
Reason:
com.kms.katalon.core.exception.StepFailedException: Unable to click on object 'Object Repository/Company/Company-04/Page_ODTS System/button_Xem Hp ng_btn btn-info'
	at com.kms.katalon.core.keyword.internal.KeywordMain.stepFailed(KeywordMain.groovy:37)
	at com.kms.katalon.core.webui.keyword.internal.WebUIKeywordMain.stepFailed(WebUIKeywordMain.groovy:65)
	at com.kms.katalon.core.webui.keyword.internal.WebUIKeywordMain.runKeyword(WebUIKeywordMain.groovy:27)
	at com.kms.katalon.core.webui.keyword.builtin.ClickKeyword.click(ClickKeyword.groovy:86)
	at com.kms.katalon.core.webui.keyword.builtin.ClickKeyword.execute(ClickKeyword.groovy:67)
	at com.kms.katalon.core.keyword.internal.KeywordExecutor.executeKeywordForPlatform(KeywordExecutor.groovy:56)
	at com.kms.katalon.core.webui.keyword.WebUiBuiltInKeywords.click(WebUiBuiltInKeywords.groovy:616)
	at com.kms.katalon.core.webui.keyword.WebUiBuiltInKeywords$click$4.call(Unknown Source)
	at Company-04.run(Company-04:67)
	at com.kms.katalon.core.main.ScriptEngine.run(ScriptEngine.java:194)
	at com.kms.katalon.core.main.ScriptEngine.runScriptAsRawText(ScriptEngine.java:119)
	at com.kms.katalon.core.main.TestCaseExecutor.runScript(TestCaseExecutor.java:331)
	at com.kms.katalon.core.main.TestCaseExecutor.doExecute(TestCaseExecutor.java:322)
	at com.kms.katalon.core.main.TestCaseExecutor.processExecutionPhase(TestCaseExecutor.java:301)
	at com.kms.katalon.core.main.TestCaseExecutor.accessMainPhase(TestCaseExecutor.java:293)
	at com.kms.katalon.core.main.TestCaseExecutor.execute(TestCaseExecutor.java:227)
	at com.kms.katalon.core.main.TestSuiteExecutor.accessTestCaseMainPhase(TestSuiteExecutor.java:129)
	at com.kms.katalon.core.main.TestSuiteExecutor.accessTestSuiteMainPhase(TestSuiteExecutor.java:112)
	at com.kms.katalon.core.main.TestSuiteExecutor.execute(TestSuiteExecutor.java:81)
	at com.kms.katalon.core.main.TestCaseMain.startTestSuite(TestCaseMain.java:157)
	at com.kms.katalon.core.main.TestCaseMain$startTestSuite$0.call(Unknown Source)
	at TempTestSuite1553237627767.run(TempTestSuite1553237627767.groovy:35)]]></system-out>
         <system-err><![CDATA[2019-03-22 13:58:03 - [TEST_CASE][FAILED] - Test Cases/Company/Company-04: Test Cases/Company/Company-04 FAILED.
Reason:
com.kms.katalon.core.exception.StepFailedException: Unable to click on object 'Object Repository/Company/Company-04/Page_ODTS System/button_Xem Hp ng_btn btn-info'
	at com.kms.katalon.core.keyword.internal.KeywordMain.stepFailed(KeywordMain.groovy:37)
	at com.kms.katalon.core.webui.keyword.internal.WebUIKeywordMain.stepFailed(WebUIKeywordMain.groovy:65)
	at com.kms.katalon.core.webui.keyword.internal.WebUIKeywordMain.runKeyword(WebUIKeywordMain.groovy:27)
	at com.kms.katalon.core.webui.keyword.builtin.ClickKeyword.click(ClickKeyword.groovy:86)
	at com.kms.katalon.core.webui.keyword.builtin.ClickKeyword.execute(ClickKeyword.groovy:67)
	at com.kms.katalon.core.keyword.internal.KeywordExecutor.executeKeywordForPlatform(KeywordExecutor.groovy:56)
	at com.kms.katalon.core.webui.keyword.WebUiBuiltInKeywords.click(WebUiBuiltInKeywords.groovy:616)
	at com.kms.katalon.core.webui.keyword.WebUiBuiltInKeywords$click$4.call(Unknown Source)
	at Company-04.run(Company-04:67)
	at com.kms.katalon.core.main.ScriptEngine.run(ScriptEngine.java:194)
	at com.kms.katalon.core.main.ScriptEngine.runScriptAsRawText(ScriptEngine.java:119)
	at com.kms.katalon.core.main.TestCaseExecutor.runScript(TestCaseExecutor.java:331)
	at com.kms.katalon.core.main.TestCaseExecutor.doExecute(TestCaseExecutor.java:322)
	at com.kms.katalon.core.main.TestCaseExecutor.processExecutionPhase(TestCaseExecutor.java:301)
	at com.kms.katalon.core.main.TestCaseExecutor.accessMainPhase(TestCaseExecutor.java:293)
	at com.kms.katalon.core.main.TestCaseExecutor.execute(TestCaseExecutor.java:227)
	at com.kms.katalon.core.main.TestSuiteExecutor.accessTestCaseMainPhase(TestSuiteExecutor.java:129)
	at com.kms.katalon.core.main.TestSuiteExecutor.accessTestSuiteMainPhase(TestSuiteExecutor.java:112)
	at com.kms.katalon.core.main.TestSuiteExecutor.execute(TestSuiteExecutor.java:81)
	at com.kms.katalon.core.main.TestCaseMain.startTestSuite(TestCaseMain.java:157)
	at com.kms.katalon.core.main.TestCaseMain$startTestSuite$0.call(Unknown Source)
	at TempTestSuite1553237627767.run(TempTestSuite1553237627767.groovy:35)]]></system-err>
      </testcase>
      <testcase name="Test Cases/Company/Company-05" classname="Test Cases/Company/Company-05" status="FAILED">
         <failure type="FAILED" message="Test Cases/Company/Company-05 FAILED.
Reason:
com.kms.katalon.core.exception.StepFailedException: Unable to click on object 'Object Repository/Company/Company-05/Page_ODTS System/a_Cng Ty'
	at com.kms.katalon.core.keyword.internal.KeywordMain.stepFailed(KeywordMain.groovy:37)
	at com.kms.katalon.core.webui.keyword.internal.WebUIKeywordMain.stepFailed(WebUIKeywordMain.groovy:65)
	at com.kms.katalon.core.webui.keyword.internal.WebUIKeywordMain.runKeyword(WebUIKeywordMain.groovy:27)
	at com.kms.katalon.core.webui.keyword.builtin.ClickKeyword.click(ClickKeyword.groovy:86)
	at com.kms.katalon.core.webui.keyword.builtin.ClickKeyword.execute(ClickKeyword.groovy:67)
	at com.kms.katalon.core.keyword.internal.KeywordExecutor.executeKeywordForPlatform(KeywordExecutor.groovy:56)
	at com.kms.katalon.core.webui.keyword.WebUiBuiltInKeywords.click(WebUiBuiltInKeywords.groovy:616)
	at com.kms.katalon.core.webui.keyword.WebUiBuiltInKeywords$click$4.call(Unknown Source)
	at Company-05.run(Company-05:27)
	at com.kms.katalon.core.main.ScriptEngine.run(ScriptEngine.java:194)
	at com.kms.katalon.core.main.ScriptEngine.runScriptAsRawText(ScriptEngine.java:119)
	at com.kms.katalon.core.main.TestCaseExecutor.runScript(TestCaseExecutor.java:331)
	at com.kms.katalon.core.main.TestCaseExecutor.doExecute(TestCaseExecutor.java:322)
	at com.kms.katalon.core.main.TestCaseExecutor.processExecutionPhase(TestCaseExecutor.java:301)
	at com.kms.katalon.core.main.TestCaseExecutor.accessMainPhase(TestCaseExecutor.java:293)
	at com.kms.katalon.core.main.TestCaseExecutor.execute(TestCaseExecutor.java:227)
	at com.kms.katalon.core.main.TestSuiteExecutor.accessTestCaseMainPhase(TestSuiteExecutor.java:129)
	at com.kms.katalon.core.main.TestSuiteExecutor.accessTestSuiteMainPhase(TestSuiteExecutor.java:112)
	at com.kms.katalon.core.main.TestSuiteExecutor.execute(TestSuiteExecutor.java:81)
	at com.kms.katalon.core.main.TestCaseMain.startTestSuite(TestCaseMain.java:157)
	at com.kms.katalon.core.main.TestCaseMain$startTestSuite$0.call(Unknown Source)
	at TempTestSuite1553237627767.run(TempTestSuite1553237627767.groovy:35)
"/>
         <system-out><![CDATA[2019-03-22 14:00:14 - [TEST_CASE][FAILED] - Test Cases/Company/Company-05: Test Cases/Company/Company-05 FAILED.
Reason:
com.kms.katalon.core.exception.StepFailedException: Unable to click on object 'Object Repository/Company/Company-05/Page_ODTS System/a_Cng Ty'
	at com.kms.katalon.core.keyword.internal.KeywordMain.stepFailed(KeywordMain.groovy:37)
	at com.kms.katalon.core.webui.keyword.internal.WebUIKeywordMain.stepFailed(WebUIKeywordMain.groovy:65)
	at com.kms.katalon.core.webui.keyword.internal.WebUIKeywordMain.runKeyword(WebUIKeywordMain.groovy:27)
	at com.kms.katalon.core.webui.keyword.builtin.ClickKeyword.click(ClickKeyword.groovy:86)
	at com.kms.katalon.core.webui.keyword.builtin.ClickKeyword.execute(ClickKeyword.groovy:67)
	at com.kms.katalon.core.keyword.internal.KeywordExecutor.executeKeywordForPlatform(KeywordExecutor.groovy:56)
	at com.kms.katalon.core.webui.keyword.WebUiBuiltInKeywords.click(WebUiBuiltInKeywords.groovy:616)
	at com.kms.katalon.core.webui.keyword.WebUiBuiltInKeywords$click$4.call(Unknown Source)
	at Company-05.run(Company-05:27)
	at com.kms.katalon.core.main.ScriptEngine.run(ScriptEngine.java:194)
	at com.kms.katalon.core.main.ScriptEngine.runScriptAsRawText(ScriptEngine.java:119)
	at com.kms.katalon.core.main.TestCaseExecutor.runScript(TestCaseExecutor.java:331)
	at com.kms.katalon.core.main.TestCaseExecutor.doExecute(TestCaseExecutor.java:322)
	at com.kms.katalon.core.main.TestCaseExecutor.processExecutionPhase(TestCaseExecutor.java:301)
	at com.kms.katalon.core.main.TestCaseExecutor.accessMainPhase(TestCaseExecutor.java:293)
	at com.kms.katalon.core.main.TestCaseExecutor.execute(TestCaseExecutor.java:227)
	at com.kms.katalon.core.main.TestSuiteExecutor.accessTestCaseMainPhase(TestSuiteExecutor.java:129)
	at com.kms.katalon.core.main.TestSuiteExecutor.accessTestSuiteMainPhase(TestSuiteExecutor.java:112)
	at com.kms.katalon.core.main.TestSuiteExecutor.execute(TestSuiteExecutor.java:81)
	at com.kms.katalon.core.main.TestCaseMain.startTestSuite(TestCaseMain.java:157)
	at com.kms.katalon.core.main.TestCaseMain$startTestSuite$0.call(Unknown Source)
	at TempTestSuite1553237627767.run(TempTestSuite1553237627767.groovy:35)


2019-03-22 14:00:15 - [TEST_STEP][PASSED] - openBrowser(""): Browser is opened with url: ''

2019-03-22 14:00:15 - [MESSAGE][INFO] - Starting 'Chrome' driver

2019-03-22 14:00:17 - [MESSAGE][PASSED] - Browser is opened with url: ''

2019-03-22 14:00:17 - [TEST_STEP][PASSED] - navigateToUrl("http://helpdesk.wisky.vn/"): Navigate to 'http://helpdesk.wisky.vn/' successfully

2019-03-22 14:00:21 - [MESSAGE][PASSED] - Navigate to 'http://helpdesk.wisky.vn/' successfully

2019-03-22 14:00:21 - [TEST_STEP][PASSED] - setText(findTestObject("Company/Company-05/Page_ODTS System/input_ODTS_username"), "admin01"): Text 'admin01' is set on object 'Object Repository/Company/Company-05/Page_ODTS System/input_ODTS_username'

2019-03-22 14:00:22 - [MESSAGE][PASSED] - Text 'admin01' is set on object 'Object Repository/Company/Company-05/Page_ODTS System/input_ODTS_username'

2019-03-22 14:00:22 - [TEST_STEP][PASSED] - setEncryptedText(findTestObject("Company/Company-05/Page_ODTS System/input_ODTS_password"), "aeHFOx8jV/A="): Text ****** has been set on object 'Object Repository/Company/Company-05/Page_ODTS System/input_ODTS_password'

2019-03-22 14:00:22 - [MESSAGE][PASSED] - Text ****** has been set on object 'Object Repository/Company/Company-05/Page_ODTS System/input_ODTS_password'

2019-03-22 14:00:22 - [TEST_STEP][PASSED] - click(findTestObject("Company/Company-05/Page_ODTS System/button_ng Nhp")): Object: 'Object Repository/Company/Company-05/Page_ODTS System/button_ng Nhp' is clicked on

2019-03-22 14:00:22 - [MESSAGE][PASSED] - Object: 'Object Repository/Company/Company-05/Page_ODTS System/button_ng Nhp' is clicked on

2019-03-22 14:00:22 - [TEST_STEP][FAILED] - click(findTestObject("Company/Company-05/Page_ODTS System/a_Cng Ty")): Unable to click on object 'Object Repository/Company/Company-05/Page_ODTS System/a_Cng Ty'

2019-03-22 14:00:23 - [MESSAGE][WARNING] - Cannot take screenshot

2019-03-22 14:00:23 - [MESSAGE][FAILED] - Unable to click on object 'Object Repository/Company/Company-05/Page_ODTS System/a_Cng Ty'

2019-03-22 14:00:23 - [TEST_STEP][FAILED] - click(findTestObject("Company/Company-05/Page_ODTS System/fieldSearch")): Unable to click on object 'Object Repository/Company/Company-05/Page_ODTS System/fieldSearch'

2019-03-22 14:00:23 - [MESSAGE][WARNING] - Cannot take screenshot

2019-03-22 14:00:23 - [MESSAGE][FAILED] - Unable to click on object 'Object Repository/Company/Company-05/Page_ODTS System/fieldSearch'

2019-03-22 14:00:23 - [TEST_STEP][FAILED] - setText(findTestObject("Company/Company-05/Page_ODTS System/input"), "anhtest"): Unable to set text 'anhtest' of object 'Object Repository/Company/Company-05/Page_ODTS System/input'

2019-03-22 14:00:23 - [MESSAGE][WARNING] - Cannot take screenshot

2019-03-22 14:00:23 - [MESSAGE][FAILED] - Unable to set text 'anhtest' of object 'Object Repository/Company/Company-05/Page_ODTS System/input'

2019-03-22 14:00:23 - [TEST_STEP][FAILED] - click(findTestObject("Company/Company-05/Page_ODTS System/button_Xem Hp ng_btn btn-dange")): Unable to click on object 'Object Repository/Company/Company-05/Page_ODTS System/button_Xem Hp ng_btn btn-dange'

2019-03-22 14:00:23 - [MESSAGE][WARNING] - Cannot take screenshot

2019-03-22 14:00:23 - [MESSAGE][FAILED] - Unable to click on object 'Object Repository/Company/Company-05/Page_ODTS System/button_Xem Hp ng_btn btn-dange'

2019-03-22 14:00:23 - [TEST_STEP][FAILED] - click(findTestObject("Company/Company-05/Page_ODTS System/button_Chp Nhn Xa")): Unable to click on object 'Object Repository/Company/Company-05/Page_ODTS System/button_Chp Nhn Xa'

2019-03-22 14:00:23 - [MESSAGE][WARNING] - Cannot take screenshot

2019-03-22 14:00:23 - [MESSAGE][FAILED] - Unable to click on object 'Object Repository/Company/Company-05/Page_ODTS System/button_Chp Nhn Xa'

2019-03-22 14:00:23 - [TEST_STEP][FAILED] - click(findTestObject("Company/Company-05/Page_ODTS System/button_OK")): Unable to click on object 'Object Repository/Company/Company-05/Page_ODTS System/button_OK'

2019-03-22 14:00:23 - [MESSAGE][WARNING] - Cannot take screenshot

2019-03-22 14:00:23 - [MESSAGE][FAILED] - Unable to click on object 'Object Repository/Company/Company-05/Page_ODTS System/button_OK'

2019-03-22 14:00:23 - [TEST_STEP][PASSED] - writer2 = new java.io.PrintWriter(C:\Users\pc\HelpdeskAutomation\creDateCompany.txt): null

2019-03-22 14:00:23 - [TEST_STEP][PASSED] - writer2.print(""): null

2019-03-22 14:00:23 - [TEST_STEP][PASSED] - writer2.close(): null

2019-03-22 14:00:23 - [TEST_STEP][PASSED] - writer = new java.io.PrintWriter(C:\Users\pc\HelpdeskAutomation\upDateCompany.txt): null

2019-03-22 14:00:23 - [TEST_STEP][PASSED] - writer.print(""): null

2019-03-22 14:00:23 - [TEST_STEP][PASSED] - writer.close(): null

2019-03-22 14:00:23 - [TEST_STEP][FAILED] - verifyElementVisible(findTestObject("Company/Company-05/Page_ODTS System/td_Khng c d liu ph hp")): Unable to verify object 'Object Repository/Company/Company-05/Page_ODTS System/td_Khng c d liu ph hp' is visible

2019-03-22 14:00:24 - [MESSAGE][WARNING] - Cannot take screenshot

2019-03-22 14:00:24 - [MESSAGE][FAILED] - Unable to verify object 'Object Repository/Company/Company-05/Page_ODTS System/td_Khng c d liu ph hp' is visible

2019-03-22 14:00:24 - [TEST_STEP][FAILED] - closeBrowser(): closeBrowser() FAILED.
Reason:
com.kms.katalon.core.exception.StepFailedException: Unable to click on object 'Object Repository/Company/Company-05/Page_ODTS System/a_Cng Ty'
	at com.kms.katalon.core.keyword.internal.KeywordMain.stepFailed(KeywordMain.groovy:37)
	at com.kms.katalon.core.webui.keyword.internal.WebUIKeywordMain.stepFailed(WebUIKeywordMain.groovy:65)
	at com.kms.katalon.core.webui.keyword.internal.WebUIKeywordMain.runKeyword(WebUIKeywordMain.groovy:27)
	at com.kms.katalon.core.webui.keyword.builtin.ClickKeyword.click(ClickKeyword.groovy:86)
	at com.kms.katalon.core.webui.keyword.builtin.ClickKeyword.execute(ClickKeyword.groovy:67)
	at com.kms.katalon.core.keyword.internal.KeywordExecutor.executeKeywordForPlatform(KeywordExecutor.groovy:56)
	at com.kms.katalon.core.webui.keyword.WebUiBuiltInKeywords.click(WebUiBuiltInKeywords.groovy:616)
	at com.kms.katalon.core.webui.keyword.WebUiBuiltInKeywords$click$4.call(Unknown Source)
	at Company-05.run(Company-05:27)
	at com.kms.katalon.core.main.ScriptEngine.run(ScriptEngine.java:194)
	at com.kms.katalon.core.main.ScriptEngine.runScriptAsRawText(ScriptEngine.java:119)
	at com.kms.katalon.core.main.TestCaseExecutor.runScript(TestCaseExecutor.java:331)
	at com.kms.katalon.core.main.TestCaseExecutor.doExecute(TestCaseExecutor.java:322)
	at com.kms.katalon.core.main.TestCaseExecutor.processExecutionPhase(TestCaseExecutor.java:301)
	at com.kms.katalon.core.main.TestCaseExecutor.accessMainPhase(TestCaseExecutor.java:293)
	at com.kms.katalon.core.main.TestCaseExecutor.execute(TestCaseExecutor.java:227)
	at com.kms.katalon.core.main.TestSuiteExecutor.accessTestCaseMainPhase(TestSuiteExecutor.java:129)
	at com.kms.katalon.core.main.TestSuiteExecutor.accessTestSuiteMainPhase(TestSuiteExecutor.java:112)
	at com.kms.katalon.core.main.TestSuiteExecutor.execute(TestSuiteExecutor.java:81)
	at com.kms.katalon.core.main.TestCaseMain.startTestSuite(TestCaseMain.java:157)
	at com.kms.katalon.core.main.TestCaseMain$startTestSuite$0.call(Unknown Source)
	at TempTestSuite1553237627767.run(TempTestSuite1553237627767.groovy:35)


2019-03-22 14:00:24 - [MESSAGE][PASSED] - Browser is closed

2019-03-22 14:00:24 - [MESSAGE][FAILED] - closeBrowser() FAILED.
Reason:
com.kms.katalon.core.exception.StepFailedException: Unable to click on object 'Object Repository/Company/Company-05/Page_ODTS System/a_Cng Ty'
	at com.kms.katalon.core.keyword.internal.KeywordMain.stepFailed(KeywordMain.groovy:37)
	at com.kms.katalon.core.webui.keyword.internal.WebUIKeywordMain.stepFailed(WebUIKeywordMain.groovy:65)
	at com.kms.katalon.core.webui.keyword.internal.WebUIKeywordMain.runKeyword(WebUIKeywordMain.groovy:27)
	at com.kms.katalon.core.webui.keyword.builtin.ClickKeyword.click(ClickKeyword.groovy:86)
	at com.kms.katalon.core.webui.keyword.builtin.ClickKeyword.execute(ClickKeyword.groovy:67)
	at com.kms.katalon.core.keyword.internal.KeywordExecutor.executeKeywordForPlatform(KeywordExecutor.groovy:56)
	at com.kms.katalon.core.webui.keyword.WebUiBuiltInKeywords.click(WebUiBuiltInKeywords.groovy:616)
	at com.kms.katalon.core.webui.keyword.WebUiBuiltInKeywords$click$4.call(Unknown Source)
	at Company-05.run(Company-05:27)
	at com.kms.katalon.core.main.ScriptEngine.run(ScriptEngine.java:194)
	at com.kms.katalon.core.main.ScriptEngine.runScriptAsRawText(ScriptEngine.java:119)
	at com.kms.katalon.core.main.TestCaseExecutor.runScript(TestCaseExecutor.java:331)
	at com.kms.katalon.core.main.TestCaseExecutor.doExecute(TestCaseExecutor.java:322)
	at com.kms.katalon.core.main.TestCaseExecutor.processExecutionPhase(TestCaseExecutor.java:301)
	at com.kms.katalon.core.main.TestCaseExecutor.accessMainPhase(TestCaseExecutor.java:293)
	at com.kms.katalon.core.main.TestCaseExecutor.execute(TestCaseExecutor.java:227)
	at com.kms.katalon.core.main.TestSuiteExecutor.accessTestCaseMainPhase(TestSuiteExecutor.java:129)
	at com.kms.katalon.core.main.TestSuiteExecutor.accessTestSuiteMainPhase(TestSuiteExecutor.java:112)
	at com.kms.katalon.core.main.TestSuiteExecutor.execute(TestSuiteExecutor.java:81)
	at com.kms.katalon.core.main.TestCaseMain.startTestSuite(TestCaseMain.java:157)
	at com.kms.katalon.core.main.TestCaseMain$startTestSuite$0.call(Unknown Source)
	at TempTestSuite1553237627767.run(TempTestSuite1553237627767.groovy:35)]]></system-out>
         <system-err><![CDATA[2019-03-22 14:00:14 - [TEST_CASE][FAILED] - Test Cases/Company/Company-05: Test Cases/Company/Company-05 FAILED.
Reason:
com.kms.katalon.core.exception.StepFailedException: Unable to click on object 'Object Repository/Company/Company-05/Page_ODTS System/a_Cng Ty'
	at com.kms.katalon.core.keyword.internal.KeywordMain.stepFailed(KeywordMain.groovy:37)
	at com.kms.katalon.core.webui.keyword.internal.WebUIKeywordMain.stepFailed(WebUIKeywordMain.groovy:65)
	at com.kms.katalon.core.webui.keyword.internal.WebUIKeywordMain.runKeyword(WebUIKeywordMain.groovy:27)
	at com.kms.katalon.core.webui.keyword.builtin.ClickKeyword.click(ClickKeyword.groovy:86)
	at com.kms.katalon.core.webui.keyword.builtin.ClickKeyword.execute(ClickKeyword.groovy:67)
	at com.kms.katalon.core.keyword.internal.KeywordExecutor.executeKeywordForPlatform(KeywordExecutor.groovy:56)
	at com.kms.katalon.core.webui.keyword.WebUiBuiltInKeywords.click(WebUiBuiltInKeywords.groovy:616)
	at com.kms.katalon.core.webui.keyword.WebUiBuiltInKeywords$click$4.call(Unknown Source)
	at Company-05.run(Company-05:27)
	at com.kms.katalon.core.main.ScriptEngine.run(ScriptEngine.java:194)
	at com.kms.katalon.core.main.ScriptEngine.runScriptAsRawText(ScriptEngine.java:119)
	at com.kms.katalon.core.main.TestCaseExecutor.runScript(TestCaseExecutor.java:331)
	at com.kms.katalon.core.main.TestCaseExecutor.doExecute(TestCaseExecutor.java:322)
	at com.kms.katalon.core.main.TestCaseExecutor.processExecutionPhase(TestCaseExecutor.java:301)
	at com.kms.katalon.core.main.TestCaseExecutor.accessMainPhase(TestCaseExecutor.java:293)
	at com.kms.katalon.core.main.TestCaseExecutor.execute(TestCaseExecutor.java:227)
	at com.kms.katalon.core.main.TestSuiteExecutor.accessTestCaseMainPhase(TestSuiteExecutor.java:129)
	at com.kms.katalon.core.main.TestSuiteExecutor.accessTestSuiteMainPhase(TestSuiteExecutor.java:112)
	at com.kms.katalon.core.main.TestSuiteExecutor.execute(TestSuiteExecutor.java:81)
	at com.kms.katalon.core.main.TestCaseMain.startTestSuite(TestCaseMain.java:157)
	at com.kms.katalon.core.main.TestCaseMain$startTestSuite$0.call(Unknown Source)
	at TempTestSuite1553237627767.run(TempTestSuite1553237627767.groovy:35)]]></system-err>
      </testcase>
      <system-out><![CDATA[2019-03-22 13:53:50 - [TEST_SUITE][FAILED] - Company01-03-04-05: Test Cases/Company/Company-04 FAILED.
Reason:
com.kms.katalon.core.exception.StepFailedException: Unable to click on object 'Object Repository/Company/Company-04/Page_ODTS System/button_Xem Hp ng_btn btn-info'
	at com.kms.katalon.core.keyword.internal.KeywordMain.stepFailed(KeywordMain.groovy:37)
	at com.kms.katalon.core.webui.keyword.internal.WebUIKeywordMain.stepFailed(WebUIKeywordMain.groovy:65)
	at com.kms.katalon.core.webui.keyword.internal.WebUIKeywordMain.runKeyword(WebUIKeywordMain.groovy:27)
	at com.kms.katalon.core.webui.keyword.builtin.ClickKeyword.click(ClickKeyword.groovy:86)
	at com.kms.katalon.core.webui.keyword.builtin.ClickKeyword.execute(ClickKeyword.groovy:67)
	at com.kms.katalon.core.keyword.internal.KeywordExecutor.executeKeywordForPlatform(KeywordExecutor.groovy:56)
	at com.kms.katalon.core.webui.keyword.WebUiBuiltInKeywords.click(WebUiBuiltInKeywords.groovy:616)
	at com.kms.katalon.core.webui.keyword.WebUiBuiltInKeywords$click$4.call(Unknown Source)
	at Company-04.run(Company-04:67)
	at com.kms.katalon.core.main.ScriptEngine.run(ScriptEngine.java:194)
	at com.kms.katalon.core.main.ScriptEngine.runScriptAsRawText(ScriptEngine.java:119)
	at com.kms.katalon.core.main.TestCaseExecutor.runScript(TestCaseExecutor.java:331)
	at com.kms.katalon.core.main.TestCaseExecutor.doExecute(TestCaseExecutor.java:322)
	at com.kms.katalon.core.main.TestCaseExecutor.processExecutionPhase(TestCaseExecutor.java:301)
	at com.kms.katalon.core.main.TestCaseExecutor.accessMainPhase(TestCaseExecutor.java:293)
	at com.kms.katalon.core.main.TestCaseExecutor.execute(TestCaseExecutor.java:227)
	at com.kms.katalon.core.main.TestSuiteExecutor.accessTestCaseMainPhase(TestSuiteExecutor.java:129)
	at com.kms.katalon.core.main.TestSuiteExecutor.accessTestSuiteMainPhase(TestSuiteExecutor.java:112)
	at com.kms.katalon.core.main.TestSuiteExecutor.execute(TestSuiteExecutor.java:81)
	at com.kms.katalon.core.main.TestCaseMain.startTestSuite(TestCaseMain.java:157)
	at com.kms.katalon.core.main.TestCaseMain$startTestSuite$0.call(Unknown Source)
	at TempTestSuite1553237627767.run(TempTestSuite1553237627767.groovy:35)]]></system-out>
      <system-err><![CDATA[2019-03-22 13:53:50 - [TEST_SUITE][FAILED] - Company01-03-04-05: Test Cases/Company/Company-04 FAILED.
Reason:
com.kms.katalon.core.exception.StepFailedException: Unable to click on object 'Object Repository/Company/Company-04/Page_ODTS System/button_Xem Hp ng_btn btn-info'
	at com.kms.katalon.core.keyword.internal.KeywordMain.stepFailed(KeywordMain.groovy:37)
	at com.kms.katalon.core.webui.keyword.internal.WebUIKeywordMain.stepFailed(WebUIKeywordMain.groovy:65)
	at com.kms.katalon.core.webui.keyword.internal.WebUIKeywordMain.runKeyword(WebUIKeywordMain.groovy:27)
	at com.kms.katalon.core.webui.keyword.builtin.ClickKeyword.click(ClickKeyword.groovy:86)
	at com.kms.katalon.core.webui.keyword.builtin.ClickKeyword.execute(ClickKeyword.groovy:67)
	at com.kms.katalon.core.keyword.internal.KeywordExecutor.executeKeywordForPlatform(KeywordExecutor.groovy:56)
	at com.kms.katalon.core.webui.keyword.WebUiBuiltInKeywords.click(WebUiBuiltInKeywords.groovy:616)
	at com.kms.katalon.core.webui.keyword.WebUiBuiltInKeywords$click$4.call(Unknown Source)
	at Company-04.run(Company-04:67)
	at com.kms.katalon.core.main.ScriptEngine.run(ScriptEngine.java:194)
	at com.kms.katalon.core.main.ScriptEngine.runScriptAsRawText(ScriptEngine.java:119)
	at com.kms.katalon.core.main.TestCaseExecutor.runScript(TestCaseExecutor.java:331)
	at com.kms.katalon.core.main.TestCaseExecutor.doExecute(TestCaseExecutor.java:322)
	at com.kms.katalon.core.main.TestCaseExecutor.processExecutionPhase(TestCaseExecutor.java:301)
	at com.kms.katalon.core.main.TestCaseExecutor.accessMainPhase(TestCaseExecutor.java:293)
	at com.kms.katalon.core.main.TestCaseExecutor.execute(TestCaseExecutor.java:227)
	at com.kms.katalon.core.main.TestSuiteExecutor.accessTestCaseMainPhase(TestSuiteExecutor.java:129)
	at com.kms.katalon.core.main.TestSuiteExecutor.accessTestSuiteMainPhase(TestSuiteExecutor.java:112)
	at com.kms.katalon.core.main.TestSuiteExecutor.execute(TestSuiteExecutor.java:81)
	at com.kms.katalon.core.main.TestCaseMain.startTestSuite(TestCaseMain.java:157)
	at com.kms.katalon.core.main.TestCaseMain$startTestSuite$0.call(Unknown Source)
	at TempTestSuite1553237627767.run(TempTestSuite1553237627767.groovy:35)]]></system-err>
   </testsuite>
</testsuites>
