<?xml version="1.0" encoding="UTF-8"?>
<testsuites name="TypeOfDevice01-02-03-04" time="84" tests="3" failures="1" errors="0">
   <testsuite name="TypeOfDevice01-02-03-04" tests="3" failures="1" errors="0" time="84" timestamp="2019-02-25 11:08:22" hostname="Ninja - AnhNVSE63446" id="Test Suites/TypeOfDevice01-02-03-04">
      <properties>
         <property name="deviceName" value=""/>
         <property name="devicePlatform" value=""/>
         <property name="logFolder" value="C:\\Users\\pc\\Katalon Studio\\Helpdesk\\Reports\\TypeOfDevice01-02-03-04\\20190225_110815"/>
         <property name="logFiles" value="C:\\Users\\pc\\Katalon Studio\\Helpdesk\\Reports\\TypeOfDevice01-02-03-04\\20190225_110815\\execution0.log"/>
         <property name="attachments" value="C:\\Users\\pc\\Katalon Studio\\Helpdesk\\Reports\\TypeOfDevice01-02-03-04\\20190225_110815\\1551067775327.png, C:\\Users\\pc\\Katalon Studio\\Helpdesk\\Reports\\TypeOfDevice01-02-03-04\\20190225_110815\\1551067775636.png"/>
         <property name="hostName" value="Ninja - AnhNVSE63446"/>
         <property name="os" value="Windows 10 64bit"/>
         <property name="katalonVersion" value="5.10.0.1"/>
         <property name="browser" value="Chrome 72.0.3626.119"/>
         <property name="hostAddress" value="192.168.175.1"/>
         <property name="sessionId" value="6e8488f565fd5eac5e943563729ca9ad"/>
         <property name="seleniumVersion" value="3.7.1"/>
         <property name="proxyInformation" value="ProxyInformation{proxyOption=NO_PROXY, proxyServerType=HTTP, password=, proxyServerAddress=, proxyServerPort=0}"/>
         <property name="platform" value="Windows 10"/>
      </properties>
      <testcase name="Test Cases/TypeOfDevice/typeOfDevice01" classname="Test Cases/TypeOfDevice/typeOfDevice01" status="PASSED">
         <system-out><![CDATA[2019-02-25 11:08:23 - [TEST_CASE][PASSED] - Test Cases/TypeOfDevice/typeOfDevice01: Test Cases/TypeOfDevice/typeOfDevice01

2019-02-25 11:08:24 - [TEST_STEP][PASSED] - openBrowser(""): Browser is opened with url: ''

2019-02-25 11:08:24 - [MESSAGE][INFO] - Starting 'Chrome' driver

2019-02-25 11:08:24 - [MESSAGE][INFO] - Action delay is set to 0 seconds

2019-02-25 11:08:28 - [MESSAGE][PASSED] - Browser is opened with url: ''

2019-02-25 11:08:28 - [TEST_STEP][PASSED] - navigateToUrl("http://helpdesk.wisky.vn/"): Navigate to 'http://helpdesk.wisky.vn/' successfully

2019-02-25 11:08:30 - [MESSAGE][PASSED] - Navigate to 'http://helpdesk.wisky.vn/' successfully

2019-02-25 11:08:30 - [TEST_STEP][PASSED] - setText(findTestObject("TypeOfDevice/TypeOfDevice01/Page_ODTS System/input_ODTS_username"), "admin01"): Text 'admin01' is set on object 'Object Repository/TypeOfDevice/TypeOfDevice01/Page_ODTS System/input_ODTS_username'

2019-02-25 11:08:30 - [MESSAGE][PASSED] - Text 'admin01' is set on object 'Object Repository/TypeOfDevice/TypeOfDevice01/Page_ODTS System/input_ODTS_username'

2019-02-25 11:08:30 - [TEST_STEP][PASSED] - setEncryptedText(findTestObject("TypeOfDevice/TypeOfDevice01/Page_ODTS System/input_ODTS_password"), "aeHFOx8jV/A="): Text ****** has been set on object 'Object Repository/TypeOfDevice/TypeOfDevice01/Page_ODTS System/input_ODTS_password'

2019-02-25 11:08:30 - [MESSAGE][PASSED] - Text ****** has been set on object 'Object Repository/TypeOfDevice/TypeOfDevice01/Page_ODTS System/input_ODTS_password'

2019-02-25 11:08:30 - [TEST_STEP][PASSED] - click(findTestObject("TypeOfDevice/TypeOfDevice01/Page_ODTS System/button_ng Nhp")): Object: 'Object Repository/TypeOfDevice/TypeOfDevice01/Page_ODTS System/button_ng Nhp' is clicked on

2019-02-25 11:08:30 - [MESSAGE][PASSED] - Object: 'Object Repository/TypeOfDevice/TypeOfDevice01/Page_ODTS System/button_ng Nhp' is clicked on

2019-02-25 11:08:30 - [TEST_STEP][PASSED] - click(findTestObject("TypeOfDevice/TypeOfDevice01/Page_ODTS System/a_Loi Thit B")): Object: 'Object Repository/TypeOfDevice/TypeOfDevice01/Page_ODTS System/a_Loi Thit B' is clicked on

2019-02-25 11:08:32 - [MESSAGE][PASSED] - Object: 'Object Repository/TypeOfDevice/TypeOfDevice01/Page_ODTS System/a_Loi Thit B' is clicked on

2019-02-25 11:08:32 - [TEST_STEP][PASSED] - waitForAlert(1): No alert found after 1 second(s).

2019-02-25 11:08:33 - [MESSAGE][WARNING] - No alert found after 1 second(s).

2019-02-25 11:08:33 - [TEST_STEP][PASSED] - click(findTestObject("TypeOfDevice/TypeOfDevice01/Page_ODTS System/font_To Loi Thit B")): Object: 'Object Repository/TypeOfDevice/TypeOfDevice01/Page_ODTS System/font_To Loi Thit B' is clicked on

2019-02-25 11:08:33 - [MESSAGE][PASSED] - Object: 'Object Repository/TypeOfDevice/TypeOfDevice01/Page_ODTS System/font_To Loi Thit B' is clicked on

2019-02-25 11:08:33 - [TEST_STEP][PASSED] - waitForAlert(1): No alert found after 1 second(s).

2019-02-25 11:08:34 - [MESSAGE][WARNING] - No alert found after 1 second(s).

2019-02-25 11:08:34 - [TEST_STEP][PASSED] - setText(findTestObject("TypeOfDevice/TypeOfDevice01/Page_ODTS System/input_Tn Loi Thit B_dtNameCrea"), "anhtest"): Text 'anhtest' is set on object 'Object Repository/TypeOfDevice/TypeOfDevice01/Page_ODTS System/input_Tn Loi Thit B_dtNameCrea'

2019-02-25 11:08:34 - [MESSAGE][PASSED] - Text 'anhtest' is set on object 'Object Repository/TypeOfDevice/TypeOfDevice01/Page_ODTS System/input_Tn Loi Thit B_dtNameCrea'

2019-02-25 11:08:34 - [TEST_STEP][PASSED] - waitForAlert(1): No alert found after 1 second(s).

2019-02-25 11:08:35 - [MESSAGE][WARNING] - No alert found after 1 second(s).

2019-02-25 11:08:35 - [TEST_STEP][PASSED] - click(findTestObject("TypeOfDevice/TypeOfDevice01/Page_ODTS System/span_--Chn Loi Dch V--")): Object: 'Object Repository/TypeOfDevice/TypeOfDevice01/Page_ODTS System/span_--Chn Loi Dch V--' is clicked on

2019-02-25 11:08:35 - [MESSAGE][PASSED] - Object: 'Object Repository/TypeOfDevice/TypeOfDevice01/Page_ODTS System/span_--Chn Loi Dch V--' is clicked on

2019-02-25 11:08:35 - [TEST_STEP][PASSED] - setText(findTestObject("TypeOfDevice/TypeOfDevice01/Page_ODTS System/input_ng_select2-search__field"), "CAMERA"): Text 'CAMERA' is set on object 'Object Repository/TypeOfDevice/TypeOfDevice01/Page_ODTS System/input_ng_select2-search__field'

2019-02-25 11:08:36 - [MESSAGE][PASSED] - Text 'CAMERA' is set on object 'Object Repository/TypeOfDevice/TypeOfDevice01/Page_ODTS System/input_ng_select2-search__field'

2019-02-25 11:08:36 - [TEST_STEP][PASSED] - sendKeys(findTestObject("TypeOfDevice/TypeOfDevice01/Page_ODTS System/input_ng_select2-search__field"), Keys.chord(ENTER)): Keys 'ENTER + ' sent to object: 'Object Repository/TypeOfDevice/TypeOfDevice01/Page_ODTS System/input_ng_select2-search__field'

2019-02-25 11:08:36 - [MESSAGE][PASSED] - Keys 'ENTER + ' sent to object: 'Object Repository/TypeOfDevice/TypeOfDevice01/Page_ODTS System/input_ng_select2-search__field'

2019-02-25 11:08:36 - [TEST_STEP][PASSED] - waitForAlert(1): No alert found after 1 second(s).

2019-02-25 11:08:37 - [MESSAGE][WARNING] - No alert found after 1 second(s).

2019-02-25 11:08:37 - [TEST_STEP][PASSED] - setText(findTestObject("TypeOfDevice/TypeOfDevice01/Page_ODTS System/input_M T Loi Thit B_dtDescrip"), "hihi"): Text 'hihi' is set on object 'Object Repository/TypeOfDevice/TypeOfDevice01/Page_ODTS System/input_M T Loi Thit B_dtDescrip'

2019-02-25 11:08:37 - [MESSAGE][PASSED] - Text 'hihi' is set on object 'Object Repository/TypeOfDevice/TypeOfDevice01/Page_ODTS System/input_M T Loi Thit B_dtDescrip'

2019-02-25 11:08:37 - [TEST_STEP][PASSED] - CDATE = SimpleDateFormat(dd/MM/yyyy).format(getInstance().getTime()): null

2019-02-25 11:08:37 - [TEST_STEP][PASSED] - writer = null: null

2019-02-25 11:08:37 - [TEST_STEP][PASSED] - writer2 = null: null

2019-02-25 11:08:37 - [TEST_STEP][PASSED] - try: null

2019-02-25 11:08:37 - [TEST_STEP][PASSED] - writer = new java.io.BufferedWriter(new java.io.OutputStreamWriter(new java.io.FileOutputStream(C:\Users\pc\Katalon Studio\Helpdesk\creDateTypeOfDevice.txt), utf-8)): null

2019-02-25 11:08:37 - [TEST_STEP][PASSED] - writer.write(CDATE): null

2019-02-25 11:08:37 - [TEST_STEP][PASSED] - writer2 = new java.io.BufferedWriter(new java.io.OutputStreamWriter(new java.io.FileOutputStream(C:\Users\pc\Katalon Studio\Helpdesk\upDateTypeOfDevice.txt), utf-8)): null

2019-02-25 11:08:37 - [TEST_STEP][PASSED] - writer2.write(CDATE): null

2019-02-25 11:08:37 - [TEST_STEP][PASSED] - Finally: null

2019-02-25 11:08:37 - [TEST_STEP][PASSED] - try: null

2019-02-25 11:08:37 - [TEST_STEP][PASSED] - writer.close(): null

2019-02-25 11:08:37 - [TEST_STEP][PASSED] - writer2.close(): null

2019-02-25 11:08:37 - [TEST_STEP][PASSED] - waitForAlert(1): No alert found after 1 second(s).

2019-02-25 11:08:38 - [MESSAGE][WARNING] - No alert found after 1 second(s).

2019-02-25 11:08:38 - [TEST_STEP][PASSED] - click(findTestObject("TypeOfDevice/TypeOfDevice01/Page_ODTS System/button_To Mi")): Object: 'Object Repository/TypeOfDevice/TypeOfDevice01/Page_ODTS System/button_To Mi' is clicked on

2019-02-25 11:08:38 - [MESSAGE][PASSED] - Object: 'Object Repository/TypeOfDevice/TypeOfDevice01/Page_ODTS System/button_To Mi' is clicked on

2019-02-25 11:08:38 - [TEST_STEP][PASSED] - waitForAlert(1): No alert found after 1 second(s).

2019-02-25 11:08:39 - [MESSAGE][WARNING] - No alert found after 1 second(s).

2019-02-25 11:08:39 - [TEST_STEP][PASSED] - click(findTestObject("TypeOfDevice/TypeOfDevice01/Page_ODTS System/button_OK")): Object: 'Object Repository/TypeOfDevice/TypeOfDevice01/Page_ODTS System/button_OK' is clicked on

2019-02-25 11:08:39 - [MESSAGE][PASSED] - Object: 'Object Repository/TypeOfDevice/TypeOfDevice01/Page_ODTS System/button_OK' is clicked on

2019-02-25 11:08:39 - [TEST_STEP][PASSED] - waitForAlert(1): No alert found after 1 second(s).

2019-02-25 11:08:40 - [MESSAGE][WARNING] - No alert found after 1 second(s).

2019-02-25 11:08:40 - [TEST_STEP][PASSED] - click(findTestObject("TypeOfDevice/TypeOfDevice01/Page_ODTS System/fieldSearch")): Object: 'Object Repository/TypeOfDevice/TypeOfDevice01/Page_ODTS System/fieldSearch' is clicked on

2019-02-25 11:08:41 - [MESSAGE][PASSED] - Object: 'Object Repository/TypeOfDevice/TypeOfDevice01/Page_ODTS System/fieldSearch' is clicked on

2019-02-25 11:08:41 - [TEST_STEP][PASSED] - setText(findTestObject("TypeOfDevice/TypeOfDevice01/Page_ODTS System/input"), "anhtest"): Text 'anhtest' is set on object 'Object Repository/TypeOfDevice/TypeOfDevice01/Page_ODTS System/input'

2019-02-25 11:08:41 - [MESSAGE][PASSED] - Text 'anhtest' is set on object 'Object Repository/TypeOfDevice/TypeOfDevice01/Page_ODTS System/input'

2019-02-25 11:08:41 - [TEST_STEP][PASSED] - verifyElementText(findTestObject("TypeOfDevice/TypeOfDevice01/Page_ODTS System/td_anhtest"), "anhtest"): Actual text and expected text of test object 'Object Repository/TypeOfDevice/TypeOfDevice01/Page_ODTS System/td_anhtest' are matched.

2019-02-25 11:08:41 - [MESSAGE][PASSED] - Actual text and expected text of test object 'Object Repository/TypeOfDevice/TypeOfDevice01/Page_ODTS System/td_anhtest' are matched.

2019-02-25 11:08:41 - [TEST_STEP][PASSED] - verifyElementText(findTestObject("TypeOfDevice/TypeOfDevice01/Page_ODTS System/td_CAMERA"), "CAMERA"): Actual text and expected text of test object 'Object Repository/TypeOfDevice/TypeOfDevice01/Page_ODTS System/td_CAMERA' are matched.

2019-02-25 11:08:41 - [MESSAGE][PASSED] - Actual text and expected text of test object 'Object Repository/TypeOfDevice/TypeOfDevice01/Page_ODTS System/td_CAMERA' are matched.

2019-02-25 11:08:41 - [TEST_STEP][PASSED] - verifyElementText(findTestObject("TypeOfDevice/TypeOfDevice01/Page_ODTS System/td_hihi"), "hihi"): Actual text and expected text of test object 'Object Repository/TypeOfDevice/TypeOfDevice01/Page_ODTS System/td_hihi' are matched.

2019-02-25 11:08:41 - [MESSAGE][PASSED] - Actual text and expected text of test object 'Object Repository/TypeOfDevice/TypeOfDevice01/Page_ODTS System/td_hihi' are matched.

2019-02-25 11:08:41 - [TEST_STEP][PASSED] - verifyElementText(findTestObject("TypeOfDevice/TypeOfDevice01/Page_ODTS System/td_25022019"), CDATE): Actual text and expected text of test object 'Object Repository/TypeOfDevice/TypeOfDevice01/Page_ODTS System/td_25022019' are matched.

2019-02-25 11:08:41 - [MESSAGE][PASSED] - Actual text and expected text of test object 'Object Repository/TypeOfDevice/TypeOfDevice01/Page_ODTS System/td_25022019' are matched.

2019-02-25 11:08:41 - [TEST_STEP][PASSED] - closeBrowser(): Browser is closed

2019-02-25 11:08:42 - [MESSAGE][PASSED] - Browser is closed]]></system-out>
         <system-err><![CDATA[]]></system-err>
      </testcase>
      <testcase name="Test Cases/TypeOfDevice/typeOfDevice02" classname="Test Cases/TypeOfDevice/typeOfDevice02" status="PASSED">
         <system-out><![CDATA[2019-02-25 11:08:42 - [TEST_CASE][PASSED] - Test Cases/TypeOfDevice/typeOfDevice02: Test Cases/TypeOfDevice/typeOfDevice02

2019-02-25 11:08:42 - [TEST_STEP][PASSED] - openBrowser(""): Browser is opened with url: ''

2019-02-25 11:08:42 - [MESSAGE][INFO] - Starting 'Chrome' driver

2019-02-25 11:08:45 - [MESSAGE][PASSED] - Browser is opened with url: ''

2019-02-25 11:08:45 - [TEST_STEP][PASSED] - navigateToUrl("http://helpdesk.wisky.vn/"): Navigate to 'http://helpdesk.wisky.vn/' successfully

2019-02-25 11:08:48 - [MESSAGE][PASSED] - Navigate to 'http://helpdesk.wisky.vn/' successfully

2019-02-25 11:08:48 - [TEST_STEP][PASSED] - setText(findTestObject("Object Repository/TypeOfDevice/TypeOfDevice02/Page_ODTS System/input_ODTS_username"), "admin01"): Text 'admin01' is set on object 'Object Repository/TypeOfDevice/TypeOfDevice02/Page_ODTS System/input_ODTS_username'

2019-02-25 11:08:48 - [MESSAGE][PASSED] - Text 'admin01' is set on object 'Object Repository/TypeOfDevice/TypeOfDevice02/Page_ODTS System/input_ODTS_username'

2019-02-25 11:08:48 - [TEST_STEP][PASSED] - setEncryptedText(findTestObject("Object Repository/TypeOfDevice/TypeOfDevice02/Page_ODTS System/input_ODTS_password"), "aeHFOx8jV/A="): Text ****** has been set on object 'Object Repository/TypeOfDevice/TypeOfDevice02/Page_ODTS System/input_ODTS_password'

2019-02-25 11:08:49 - [MESSAGE][PASSED] - Text ****** has been set on object 'Object Repository/TypeOfDevice/TypeOfDevice02/Page_ODTS System/input_ODTS_password'

2019-02-25 11:08:49 - [TEST_STEP][PASSED] - click(findTestObject("Object Repository/TypeOfDevice/TypeOfDevice02/Page_ODTS System/button_ng Nhp")): Object: 'Object Repository/TypeOfDevice/TypeOfDevice02/Page_ODTS System/button_ng Nhp' is clicked on

2019-02-25 11:08:49 - [MESSAGE][PASSED] - Object: 'Object Repository/TypeOfDevice/TypeOfDevice02/Page_ODTS System/button_ng Nhp' is clicked on

2019-02-25 11:08:49 - [TEST_STEP][PASSED] - click(findTestObject("Object Repository/TypeOfDevice/TypeOfDevice02/Page_ODTS System/a_Loi Thit B")): Object: 'Object Repository/TypeOfDevice/TypeOfDevice02/Page_ODTS System/a_Loi Thit B' is clicked on

2019-02-25 11:08:53 - [MESSAGE][PASSED] - Object: 'Object Repository/TypeOfDevice/TypeOfDevice02/Page_ODTS System/a_Loi Thit B' is clicked on

2019-02-25 11:08:53 - [TEST_STEP][PASSED] - click(findTestObject("Object Repository/TypeOfDevice/TypeOfDevice02/Page_ODTS System/fieldSearch")): Object: 'Object Repository/TypeOfDevice/TypeOfDevice02/Page_ODTS System/fieldSearch' is clicked on

2019-02-25 11:08:53 - [MESSAGE][PASSED] - Object: 'Object Repository/TypeOfDevice/TypeOfDevice02/Page_ODTS System/fieldSearch' is clicked on

2019-02-25 11:08:53 - [TEST_STEP][PASSED] - setText(findTestObject("Object Repository/TypeOfDevice/TypeOfDevice02/Page_ODTS System/input"), "anhtest"): Text 'anhtest' is set on object 'Object Repository/TypeOfDevice/TypeOfDevice02/Page_ODTS System/input'

2019-02-25 11:08:53 - [MESSAGE][PASSED] - Text 'anhtest' is set on object 'Object Repository/TypeOfDevice/TypeOfDevice02/Page_ODTS System/input'

2019-02-25 11:08:53 - [TEST_STEP][PASSED] - click(findTestObject("Object Repository/TypeOfDevice/TypeOfDevice02/Page_ODTS System/button_hihi_btn btn-info fa fa")): Object: 'Object Repository/TypeOfDevice/TypeOfDevice02/Page_ODTS System/button_hihi_btn btn-info fa fa' is clicked on

2019-02-25 11:08:53 - [MESSAGE][PASSED] - Object: 'Object Repository/TypeOfDevice/TypeOfDevice02/Page_ODTS System/button_hihi_btn btn-info fa fa' is clicked on

2019-02-25 11:08:53 - [TEST_STEP][PASSED] - waitForAlert(1): No alert found after 1 second(s).

2019-02-25 11:08:54 - [MESSAGE][WARNING] - No alert found after 1 second(s).

2019-02-25 11:08:54 - [TEST_STEP][PASSED] - verifyElementText(findTestObject("Object Repository/TypeOfDevice/TypeOfDevice02/Page_ODTS System/p_anhtest"), "anhtest"): Actual text and expected text of test object 'Object Repository/TypeOfDevice/TypeOfDevice02/Page_ODTS System/p_anhtest' are matched.

2019-02-25 11:08:55 - [MESSAGE][PASSED] - Actual text and expected text of test object 'Object Repository/TypeOfDevice/TypeOfDevice02/Page_ODTS System/p_anhtest' are matched.

2019-02-25 11:08:55 - [TEST_STEP][PASSED] - verifyElementText(findTestObject("Object Repository/TypeOfDevice/TypeOfDevice02/Page_ODTS System/p_CAMERA"), "CAMERA"): Actual text and expected text of test object 'Object Repository/TypeOfDevice/TypeOfDevice02/Page_ODTS System/p_CAMERA' are matched.

2019-02-25 11:08:55 - [MESSAGE][PASSED] - Actual text and expected text of test object 'Object Repository/TypeOfDevice/TypeOfDevice02/Page_ODTS System/p_CAMERA' are matched.

2019-02-25 11:08:55 - [TEST_STEP][PASSED] - verifyElementText(findTestObject("Object Repository/TypeOfDevice/TypeOfDevice02/Page_ODTS System/p_hihi"), "hihi"): Actual text and expected text of test object 'Object Repository/TypeOfDevice/TypeOfDevice02/Page_ODTS System/p_hihi' are matched.

2019-02-25 11:08:55 - [MESSAGE][PASSED] - Actual text and expected text of test object 'Object Repository/TypeOfDevice/TypeOfDevice02/Page_ODTS System/p_hihi' are matched.

2019-02-25 11:08:55 - [TEST_STEP][PASSED] - CDATE = null: null

2019-02-25 11:08:55 - [TEST_STEP][PASSED] - UDATE = null: null

2019-02-25 11:08:55 - [TEST_STEP][PASSED] - br = null: null

2019-02-25 11:08:55 - [TEST_STEP][PASSED] - try: null

2019-02-25 11:08:55 - [TEST_STEP][PASSED] - br = new java.io.BufferedReader(new java.io.FileReader(C:\Users\pc\Katalon Studio\Helpdesk\creDateTypeOfDevice.txt)): null

2019-02-25 11:08:55 - [TEST_STEP][PASSED] - sCurrentLine = <not implemented yet for class: org.codehaus.groovy.ast.expr.EmptyExpression>: null

2019-02-25 11:08:55 - [TEST_STEP][PASSED] - while (sCurrentLine = br.readLine() != null): null

2019-02-25 11:08:55 - [TEST_STEP][PASSED] - CDATE = sCurrentLine: null

2019-02-25 11:08:55 - [TEST_STEP][PASSED] - br = new java.io.BufferedReader(new java.io.FileReader(C:\Users\pc\Katalon Studio\Helpdesk\upDateTypeOfDevice.txt)): null

2019-02-25 11:08:55 - [TEST_STEP][PASSED] - sCurrentLine: null

2019-02-25 11:08:55 - [TEST_STEP][PASSED] - while (sCurrentLine = br.readLine() != null): null

2019-02-25 11:08:55 - [TEST_STEP][PASSED] - UDATE = sCurrentLine: null

2019-02-25 11:08:55 - [TEST_STEP][PASSED] - Finally: null

2019-02-25 11:08:55 - [TEST_STEP][PASSED] - br.close(): null

2019-02-25 11:08:55 - [TEST_STEP][PASSED] - verifyElementText(findTestObject("Object Repository/TypeOfDevice/TypeOfDevice02/Page_ODTS System/p_25022019"), CDATE): Actual text and expected text of test object 'Object Repository/TypeOfDevice/TypeOfDevice02/Page_ODTS System/p_25022019' are matched.

2019-02-25 11:08:55 - [MESSAGE][PASSED] - Actual text and expected text of test object 'Object Repository/TypeOfDevice/TypeOfDevice02/Page_ODTS System/p_25022019' are matched.

2019-02-25 11:08:55 - [TEST_STEP][PASSED] - verifyElementText(findTestObject("Object Repository/TypeOfDevice/TypeOfDevice02/Page_ODTS System/p_25022019_1"), UDATE): Actual text and expected text of test object 'Object Repository/TypeOfDevice/TypeOfDevice02/Page_ODTS System/p_25022019_1' are matched.

2019-02-25 11:08:55 - [MESSAGE][PASSED] - Actual text and expected text of test object 'Object Repository/TypeOfDevice/TypeOfDevice02/Page_ODTS System/p_25022019_1' are matched.

2019-02-25 11:08:55 - [TEST_STEP][PASSED] - click(findTestObject("Object Repository/TypeOfDevice/TypeOfDevice02/Page_ODTS System/button_ng")): Object: 'Object Repository/TypeOfDevice/TypeOfDevice02/Page_ODTS System/button_ng' is clicked on

2019-02-25 11:08:55 - [MESSAGE][PASSED] - Object: 'Object Repository/TypeOfDevice/TypeOfDevice02/Page_ODTS System/button_ng' is clicked on

2019-02-25 11:08:55 - [TEST_STEP][PASSED] - closeBrowser(): Browser is closed

2019-02-25 11:08:56 - [MESSAGE][PASSED] - Browser is closed]]></system-out>
         <system-err><![CDATA[]]></system-err>
      </testcase>
      <testcase name="Test Cases/TypeOfDevice/typeOfDevice03" classname="Test Cases/TypeOfDevice/typeOfDevice03" status="FAILED">
         <failure type="FAILED" message="Test Cases/TypeOfDevice/typeOfDevice03 FAILED.
Reason:
com.kms.katalon.core.exception.StepFailedException: Verify element text of test object 'Object Repository/TypeOfDevice/TypeOfDevice03/Page_ODTS System/p_anhtest22' FAILED. (Root cause: com.kms.katalon.core.exception.StepFailedException: Actual text '' and expected text 'anhtest22' of test object 'Object Repository/TypeOfDevice/TypeOfDevice03/Page_ODTS System/p_anhtest22' are NOT matched.)
	at com.kms.katalon.core.keyword.internal.KeywordMain.stepFailed(KeywordMain.groovy:36)
	at com.kms.katalon.core.webui.keyword.internal.WebUIKeywordMain.stepFailed(WebUIKeywordMain.groovy:65)
	at com.kms.katalon.core.webui.keyword.internal.WebUIKeywordMain.runKeyword(WebUIKeywordMain.groovy:27)
	at com.kms.katalon.core.webui.keyword.builtin.VerifyElementTextKeyword.verifyElementText(VerifyElementTextKeyword.groovy:72)
	at com.kms.katalon.core.webui.keyword.builtin.VerifyElementTextKeyword.execute(VerifyElementTextKeyword.groovy:40)
	at com.kms.katalon.core.keyword.internal.KeywordExecutor.executeKeywordForPlatform(KeywordExecutor.groovy:53)
	at com.kms.katalon.core.webui.keyword.WebUiBuiltInKeywords.verifyElementText(WebUiBuiltInKeywords.groovy:3663)
	at com.kms.katalon.core.webui.keyword.WebUiBuiltInKeywords$verifyElementText$6.call(Unknown Source)
	at typeOfDevice03.run(typeOfDevice03:69)
	at com.kms.katalon.core.main.ScriptEngine.run(ScriptEngine.java:194)
	at com.kms.katalon.core.main.ScriptEngine.runScriptAsRawText(ScriptEngine.java:119)
	at com.kms.katalon.core.main.TestCaseExecutor.runScript(TestCaseExecutor.java:328)
	at com.kms.katalon.core.main.TestCaseExecutor.doExecute(TestCaseExecutor.java:319)
	at com.kms.katalon.core.main.TestCaseExecutor.processExecutionPhase(TestCaseExecutor.java:298)
	at com.kms.katalon.core.main.TestCaseExecutor.accessMainPhase(TestCaseExecutor.java:290)
	at com.kms.katalon.core.main.TestCaseExecutor.execute(TestCaseExecutor.java:224)
	at com.kms.katalon.core.main.TestSuiteExecutor.accessTestCaseMainPhase(TestSuiteExecutor.java:129)
	at com.kms.katalon.core.main.TestSuiteExecutor.accessTestSuiteMainPhase(TestSuiteExecutor.java:112)
	at com.kms.katalon.core.main.TestSuiteExecutor.execute(TestSuiteExecutor.java:81)
	at com.kms.katalon.core.main.TestCaseMain.startTestSuite(TestCaseMain.java:149)
	at com.kms.katalon.core.main.TestCaseMain$startTestSuite$0.call(Unknown Source)
	at TempTestSuite1551067699868.run(TempTestSuite1551067699868.groovy:36)
"/>
         <system-out><![CDATA[2019-02-25 11:08:56 - [TEST_CASE][FAILED] - Test Cases/TypeOfDevice/typeOfDevice03: Test Cases/TypeOfDevice/typeOfDevice03 FAILED.
Reason:
com.kms.katalon.core.exception.StepFailedException: Verify element text of test object 'Object Repository/TypeOfDevice/TypeOfDevice03/Page_ODTS System/p_anhtest22' FAILED. (Root cause: com.kms.katalon.core.exception.StepFailedException: Actual text '' and expected text 'anhtest22' of test object 'Object Repository/TypeOfDevice/TypeOfDevice03/Page_ODTS System/p_anhtest22' are NOT matched.)
	at com.kms.katalon.core.keyword.internal.KeywordMain.stepFailed(KeywordMain.groovy:36)
	at com.kms.katalon.core.webui.keyword.internal.WebUIKeywordMain.stepFailed(WebUIKeywordMain.groovy:65)
	at com.kms.katalon.core.webui.keyword.internal.WebUIKeywordMain.runKeyword(WebUIKeywordMain.groovy:27)
	at com.kms.katalon.core.webui.keyword.builtin.VerifyElementTextKeyword.verifyElementText(VerifyElementTextKeyword.groovy:72)
	at com.kms.katalon.core.webui.keyword.builtin.VerifyElementTextKeyword.execute(VerifyElementTextKeyword.groovy:40)
	at com.kms.katalon.core.keyword.internal.KeywordExecutor.executeKeywordForPlatform(KeywordExecutor.groovy:53)
	at com.kms.katalon.core.webui.keyword.WebUiBuiltInKeywords.verifyElementText(WebUiBuiltInKeywords.groovy:3663)
	at com.kms.katalon.core.webui.keyword.WebUiBuiltInKeywords$verifyElementText$6.call(Unknown Source)
	at typeOfDevice03.run(typeOfDevice03:69)
	at com.kms.katalon.core.main.ScriptEngine.run(ScriptEngine.java:194)
	at com.kms.katalon.core.main.ScriptEngine.runScriptAsRawText(ScriptEngine.java:119)
	at com.kms.katalon.core.main.TestCaseExecutor.runScript(TestCaseExecutor.java:328)
	at com.kms.katalon.core.main.TestCaseExecutor.doExecute(TestCaseExecutor.java:319)
	at com.kms.katalon.core.main.TestCaseExecutor.processExecutionPhase(TestCaseExecutor.java:298)
	at com.kms.katalon.core.main.TestCaseExecutor.accessMainPhase(TestCaseExecutor.java:290)
	at com.kms.katalon.core.main.TestCaseExecutor.execute(TestCaseExecutor.java:224)
	at com.kms.katalon.core.main.TestSuiteExecutor.accessTestCaseMainPhase(TestSuiteExecutor.java:129)
	at com.kms.katalon.core.main.TestSuiteExecutor.accessTestSuiteMainPhase(TestSuiteExecutor.java:112)
	at com.kms.katalon.core.main.TestSuiteExecutor.execute(TestSuiteExecutor.java:81)
	at com.kms.katalon.core.main.TestCaseMain.startTestSuite(TestCaseMain.java:149)
	at com.kms.katalon.core.main.TestCaseMain$startTestSuite$0.call(Unknown Source)
	at TempTestSuite1551067699868.run(TempTestSuite1551067699868.groovy:36)


2019-02-25 11:08:56 - [TEST_STEP][PASSED] - openBrowser(""): Browser is opened with url: ''

2019-02-25 11:08:56 - [MESSAGE][INFO] - Starting 'Chrome' driver

2019-02-25 11:08:58 - [MESSAGE][PASSED] - Browser is opened with url: ''

2019-02-25 11:08:58 - [TEST_STEP][PASSED] - navigateToUrl("http://helpdesk.wisky.vn/"): Navigate to 'http://helpdesk.wisky.vn/' successfully

2019-02-25 11:09:00 - [MESSAGE][PASSED] - Navigate to 'http://helpdesk.wisky.vn/' successfully

2019-02-25 11:09:00 - [TEST_STEP][PASSED] - setText(findTestObject("Object Repository/TypeOfDevice/TypeOfDevice03/Page_ODTS System/input_ODTS_username"), "admin01"): Text 'admin01' is set on object 'Object Repository/TypeOfDevice/TypeOfDevice03/Page_ODTS System/input_ODTS_username'

2019-02-25 11:09:00 - [MESSAGE][PASSED] - Text 'admin01' is set on object 'Object Repository/TypeOfDevice/TypeOfDevice03/Page_ODTS System/input_ODTS_username'

2019-02-25 11:09:00 - [TEST_STEP][PASSED] - setEncryptedText(findTestObject("Object Repository/TypeOfDevice/TypeOfDevice03/Page_ODTS System/input_ODTS_password"), "aeHFOx8jV/A="): Text ****** has been set on object 'Object Repository/TypeOfDevice/TypeOfDevice03/Page_ODTS System/input_ODTS_password'

2019-02-25 11:09:01 - [MESSAGE][PASSED] - Text ****** has been set on object 'Object Repository/TypeOfDevice/TypeOfDevice03/Page_ODTS System/input_ODTS_password'

2019-02-25 11:09:01 - [TEST_STEP][PASSED] - click(findTestObject("Object Repository/TypeOfDevice/TypeOfDevice03/Page_ODTS System/button_ng Nhp")): Object: 'Object Repository/TypeOfDevice/TypeOfDevice03/Page_ODTS System/button_ng Nhp' is clicked on

2019-02-25 11:09:01 - [MESSAGE][PASSED] - Object: 'Object Repository/TypeOfDevice/TypeOfDevice03/Page_ODTS System/button_ng Nhp' is clicked on

2019-02-25 11:09:01 - [TEST_STEP][PASSED] - click(findTestObject("Object Repository/TypeOfDevice/TypeOfDevice03/Page_ODTS System/a_Loi Thit B")): Object: 'Object Repository/TypeOfDevice/TypeOfDevice03/Page_ODTS System/a_Loi Thit B' is clicked on

2019-02-25 11:09:27 - [MESSAGE][PASSED] - Object: 'Object Repository/TypeOfDevice/TypeOfDevice03/Page_ODTS System/a_Loi Thit B' is clicked on

2019-02-25 11:09:27 - [TEST_STEP][PASSED] - click(findTestObject("Object Repository/TypeOfDevice/TypeOfDevice03/Page_ODTS System/fieldSearch")): Object: 'Object Repository/TypeOfDevice/TypeOfDevice03/Page_ODTS System/fieldSearch' is clicked on

2019-02-25 11:09:27 - [MESSAGE][PASSED] - Object: 'Object Repository/TypeOfDevice/TypeOfDevice03/Page_ODTS System/fieldSearch' is clicked on

2019-02-25 11:09:27 - [TEST_STEP][PASSED] - setText(findTestObject("Object Repository/TypeOfDevice/TypeOfDevice03/Page_ODTS System/input"), "anhtest"): Text 'anhtest' is set on object 'Object Repository/TypeOfDevice/TypeOfDevice03/Page_ODTS System/input'

2019-02-25 11:09:27 - [MESSAGE][PASSED] - Text 'anhtest' is set on object 'Object Repository/TypeOfDevice/TypeOfDevice03/Page_ODTS System/input'

2019-02-25 11:09:27 - [TEST_STEP][PASSED] - click(findTestObject("Object Repository/TypeOfDevice/TypeOfDevice03/Page_ODTS System/button_hihi_btn btn-warning fa")): Object: 'Object Repository/TypeOfDevice/TypeOfDevice03/Page_ODTS System/button_hihi_btn btn-warning fa' is clicked on

2019-02-25 11:09:27 - [MESSAGE][PASSED] - Object: 'Object Repository/TypeOfDevice/TypeOfDevice03/Page_ODTS System/button_hihi_btn btn-warning fa' is clicked on

2019-02-25 11:09:27 - [TEST_STEP][PASSED] - waitForAlert(1): No alert found after 1 second(s).

2019-02-25 11:09:28 - [MESSAGE][WARNING] - No alert found after 1 second(s).

2019-02-25 11:09:28 - [TEST_STEP][PASSED] - setText(findTestObject("Object Repository/TypeOfDevice/TypeOfDevice03/Page_ODTS System/input_Tn Loi Thit B_dtNameCrea"), "anhtest22"): Text 'anhtest22' is set on object 'Object Repository/TypeOfDevice/TypeOfDevice03/Page_ODTS System/input_Tn Loi Thit B_dtNameCrea'

2019-02-25 11:09:29 - [MESSAGE][PASSED] - Text 'anhtest22' is set on object 'Object Repository/TypeOfDevice/TypeOfDevice03/Page_ODTS System/input_Tn Loi Thit B_dtNameCrea'

2019-02-25 11:09:29 - [TEST_STEP][PASSED] - waitForAlert(1): No alert found after 1 second(s).

2019-02-25 11:09:30 - [MESSAGE][WARNING] - No alert found after 1 second(s).

2019-02-25 11:09:30 - [TEST_STEP][PASSED] - selectOptionByValue(findTestObject("Object Repository/TypeOfDevice/TypeOfDevice03/Page_ODTS System/select_--Chn Loi Dch V--WIFICA"), "1", true): All options with value '1' are selected in object 'Object Repository/TypeOfDevice/TypeOfDevice03/Page_ODTS System/select_--Chn Loi Dch V--WIFICA'  using regular expression

2019-02-25 11:09:30 - [MESSAGE][PASSED] - All options with value '1' are selected in object 'Object Repository/TypeOfDevice/TypeOfDevice03/Page_ODTS System/select_--Chn Loi Dch V--WIFICA'  using regular expression

2019-02-25 11:09:30 - [TEST_STEP][PASSED] - waitForAlert(1): No alert found after 1 second(s).

2019-02-25 11:09:31 - [MESSAGE][WARNING] - No alert found after 1 second(s).

2019-02-25 11:09:31 - [TEST_STEP][PASSED] - setText(findTestObject("Object Repository/TypeOfDevice/TypeOfDevice03/Page_ODTS System/input_M T Loi Thit B_dtDescrip"), "hihi22"): Text 'hihi22' is set on object 'Object Repository/TypeOfDevice/TypeOfDevice03/Page_ODTS System/input_M T Loi Thit B_dtDescrip'

2019-02-25 11:09:31 - [MESSAGE][PASSED] - Text 'hihi22' is set on object 'Object Repository/TypeOfDevice/TypeOfDevice03/Page_ODTS System/input_M T Loi Thit B_dtDescrip'

2019-02-25 11:09:31 - [TEST_STEP][PASSED] - waitForAlert(1): No alert found after 1 second(s).

2019-02-25 11:09:32 - [MESSAGE][WARNING] - No alert found after 1 second(s).

2019-02-25 11:09:32 - [TEST_STEP][PASSED] - UDATE = SimpleDateFormat(dd/MM/yyyy).format(getInstance().getTime()): null

2019-02-25 11:09:32 - [TEST_STEP][PASSED] - writer = null: null

2019-02-25 11:09:32 - [TEST_STEP][PASSED] - try: null

2019-02-25 11:09:32 - [TEST_STEP][PASSED] - writer = new java.io.BufferedWriter(new java.io.OutputStreamWriter(new java.io.FileOutputStream(C:\Users\pc\Katalon Studio\Helpdesk\upDateTypeOfDevice.txt), utf-8)): null

2019-02-25 11:09:32 - [TEST_STEP][PASSED] - writer.print(""): null

2019-02-25 11:09:32 - [TEST_STEP][PASSED] - writer.write(UDATE): null

2019-02-25 11:09:32 - [TEST_STEP][PASSED] - Finally: null

2019-02-25 11:09:32 - [TEST_STEP][PASSED] - try: null

2019-02-25 11:09:32 - [TEST_STEP][PASSED] - writer.close(): null

2019-02-25 11:09:32 - [TEST_STEP][PASSED] - click(findTestObject("Object Repository/TypeOfDevice/TypeOfDevice03/Page_ODTS System/button_Cp Nht")): Object: 'Object Repository/TypeOfDevice/TypeOfDevice03/Page_ODTS System/button_Cp Nht' is clicked on

2019-02-25 11:09:32 - [MESSAGE][PASSED] - Object: 'Object Repository/TypeOfDevice/TypeOfDevice03/Page_ODTS System/button_Cp Nht' is clicked on

2019-02-25 11:09:32 - [TEST_STEP][PASSED] - waitForAlert(1): No alert found after 1 second(s).

2019-02-25 11:09:34 - [MESSAGE][WARNING] - No alert found after 1 second(s).

2019-02-25 11:09:34 - [TEST_STEP][PASSED] - click(findTestObject("Object Repository/TypeOfDevice/TypeOfDevice03/Page_ODTS System/button_OK")): Object: 'Object Repository/TypeOfDevice/TypeOfDevice03/Page_ODTS System/button_OK' is clicked on

2019-02-25 11:09:34 - [MESSAGE][PASSED] - Object: 'Object Repository/TypeOfDevice/TypeOfDevice03/Page_ODTS System/button_OK' is clicked on

2019-02-25 11:09:34 - [TEST_STEP][PASSED] - waitForAlert(1): No alert found after 1 second(s).

2019-02-25 11:09:35 - [MESSAGE][WARNING] - No alert found after 1 second(s).

2019-02-25 11:09:35 - [TEST_STEP][PASSED] - click(findTestObject("Object Repository/TypeOfDevice/TypeOfDevice03/Page_ODTS System/button_hihi22_btn btn-info fa")): Object: 'Object Repository/TypeOfDevice/TypeOfDevice03/Page_ODTS System/button_hihi22_btn btn-info fa' is clicked on

2019-02-25 11:09:35 - [MESSAGE][PASSED] - Object: 'Object Repository/TypeOfDevice/TypeOfDevice03/Page_ODTS System/button_hihi22_btn btn-info fa' is clicked on

2019-02-25 11:09:35 - [TEST_STEP][FAILED] - verifyElementText(findTestObject("Object Repository/TypeOfDevice/TypeOfDevice03/Page_ODTS System/p_anhtest22"), "anhtest22"): verifyElementText(findTestObject("Object Repository/TypeOfDevice/TypeOfDevice03/Page_ODTS System/p_anhtest22"), "anhtest22") FAILED.
Reason:
com.kms.katalon.core.exception.StepFailedException: Verify element text of test object 'Object Repository/TypeOfDevice/TypeOfDevice03/Page_ODTS System/p_anhtest22' FAILED. (Root cause: com.kms.katalon.core.exception.StepFailedException: Actual text '' and expected text 'anhtest22' of test object 'Object Repository/TypeOfDevice/TypeOfDevice03/Page_ODTS System/p_anhtest22' are NOT matched.)
	at com.kms.katalon.core.keyword.internal.KeywordMain.stepFailed(KeywordMain.groovy:36)
	at com.kms.katalon.core.webui.keyword.internal.WebUIKeywordMain.stepFailed(WebUIKeywordMain.groovy:65)
	at com.kms.katalon.core.webui.keyword.internal.WebUIKeywordMain.runKeyword(WebUIKeywordMain.groovy:27)
	at com.kms.katalon.core.webui.keyword.builtin.VerifyElementTextKeyword.verifyElementText(VerifyElementTextKeyword.groovy:72)
	at com.kms.katalon.core.webui.keyword.builtin.VerifyElementTextKeyword.execute(VerifyElementTextKeyword.groovy:40)
	at com.kms.katalon.core.keyword.internal.KeywordExecutor.executeKeywordForPlatform(KeywordExecutor.groovy:53)
	at com.kms.katalon.core.webui.keyword.WebUiBuiltInKeywords.verifyElementText(WebUiBuiltInKeywords.groovy:3663)
	at com.kms.katalon.core.webui.keyword.WebUiBuiltInKeywords$verifyElementText$6.call(Unknown Source)
	at typeOfDevice03.run(typeOfDevice03:69)
	at com.kms.katalon.core.main.ScriptEngine.run(ScriptEngine.java:194)
	at com.kms.katalon.core.main.ScriptEngine.runScriptAsRawText(ScriptEngine.java:119)
	at com.kms.katalon.core.main.TestCaseExecutor.runScript(TestCaseExecutor.java:328)
	at com.kms.katalon.core.main.TestCaseExecutor.doExecute(TestCaseExecutor.java:319)
	at com.kms.katalon.core.main.TestCaseExecutor.processExecutionPhase(TestCaseExecutor.java:298)
	at com.kms.katalon.core.main.TestCaseExecutor.accessMainPhase(TestCaseExecutor.java:290)
	at com.kms.katalon.core.main.TestCaseExecutor.execute(TestCaseExecutor.java:224)
	at com.kms.katalon.core.main.TestSuiteExecutor.accessTestCaseMainPhase(TestSuiteExecutor.java:129)
	at com.kms.katalon.core.main.TestSuiteExecutor.accessTestSuiteMainPhase(TestSuiteExecutor.java:112)
	at com.kms.katalon.core.main.TestSuiteExecutor.execute(TestSuiteExecutor.java:81)
	at com.kms.katalon.core.main.TestCaseMain.startTestSuite(TestCaseMain.java:149)
	at com.kms.katalon.core.main.TestCaseMain$startTestSuite$0.call(Unknown Source)
	at TempTestSuite1551067699868.run(TempTestSuite1551067699868.groovy:36)


2019-02-25 11:09:35 - [MESSAGE][FAILED] - Actual text '' and expected text 'anhtest22' of test object 'Object Repository/TypeOfDevice/TypeOfDevice03/Page_ODTS System/p_anhtest22' are NOT matched.
[[ATTACHMENT|C:\\Users\\pc\\Katalon Studio\\Helpdesk\\Reports\\TypeOfDevice01-02-03-04\\20190225_110815\\1551067775327.png]]

2019-02-25 11:09:35 - [MESSAGE][FAILED] - Verify element text of test object 'Object Repository/TypeOfDevice/TypeOfDevice03/Page_ODTS System/p_anhtest22' FAILED. (Root cause: com.kms.katalon.core.exception.StepFailedException: Actual text '' and expected text 'anhtest22' of test object 'Object Repository/TypeOfDevice/TypeOfDevice03/Page_ODTS System/p_anhtest22' are NOT matched.)
[[ATTACHMENT|C:\\Users\\pc\\Katalon Studio\\Helpdesk\\Reports\\TypeOfDevice01-02-03-04\\20190225_110815\\1551067775636.png]]

2019-02-25 11:09:35 - [MESSAGE][FAILED] - verifyElementText(findTestObject("Object Repository/TypeOfDevice/TypeOfDevice03/Page_ODTS System/p_anhtest22"), "anhtest22") FAILED.
Reason:
com.kms.katalon.core.exception.StepFailedException: Verify element text of test object 'Object Repository/TypeOfDevice/TypeOfDevice03/Page_ODTS System/p_anhtest22' FAILED. (Root cause: com.kms.katalon.core.exception.StepFailedException: Actual text '' and expected text 'anhtest22' of test object 'Object Repository/TypeOfDevice/TypeOfDevice03/Page_ODTS System/p_anhtest22' are NOT matched.)
	at com.kms.katalon.core.keyword.internal.KeywordMain.stepFailed(KeywordMain.groovy:36)
	at com.kms.katalon.core.webui.keyword.internal.WebUIKeywordMain.stepFailed(WebUIKeywordMain.groovy:65)
	at com.kms.katalon.core.webui.keyword.internal.WebUIKeywordMain.runKeyword(WebUIKeywordMain.groovy:27)
	at com.kms.katalon.core.webui.keyword.builtin.VerifyElementTextKeyword.verifyElementText(VerifyElementTextKeyword.groovy:72)
	at com.kms.katalon.core.webui.keyword.builtin.VerifyElementTextKeyword.execute(VerifyElementTextKeyword.groovy:40)
	at com.kms.katalon.core.keyword.internal.KeywordExecutor.executeKeywordForPlatform(KeywordExecutor.groovy:53)
	at com.kms.katalon.core.webui.keyword.WebUiBuiltInKeywords.verifyElementText(WebUiBuiltInKeywords.groovy:3663)
	at com.kms.katalon.core.webui.keyword.WebUiBuiltInKeywords$verifyElementText$6.call(Unknown Source)
	at typeOfDevice03.run(typeOfDevice03:69)
	at com.kms.katalon.core.main.ScriptEngine.run(ScriptEngine.java:194)
	at com.kms.katalon.core.main.ScriptEngine.runScriptAsRawText(ScriptEngine.java:119)
	at com.kms.katalon.core.main.TestCaseExecutor.runScript(TestCaseExecutor.java:328)
	at com.kms.katalon.core.main.TestCaseExecutor.doExecute(TestCaseExecutor.java:319)
	at com.kms.katalon.core.main.TestCaseExecutor.processExecutionPhase(TestCaseExecutor.java:298)
	at com.kms.katalon.core.main.TestCaseExecutor.accessMainPhase(TestCaseExecutor.java:290)
	at com.kms.katalon.core.main.TestCaseExecutor.execute(TestCaseExecutor.java:224)
	at com.kms.katalon.core.main.TestSuiteExecutor.accessTestCaseMainPhase(TestSuiteExecutor.java:129)
	at com.kms.katalon.core.main.TestSuiteExecutor.accessTestSuiteMainPhase(TestSuiteExecutor.java:112)
	at com.kms.katalon.core.main.TestSuiteExecutor.execute(TestSuiteExecutor.java:81)
	at com.kms.katalon.core.main.TestCaseMain.startTestSuite(TestCaseMain.java:149)
	at com.kms.katalon.core.main.TestCaseMain$startTestSuite$0.call(Unknown Source)
	at TempTestSuite1551067699868.run(TempTestSuite1551067699868.groovy:36)]]></system-out>
         <system-err><![CDATA[2019-02-25 11:08:56 - [TEST_CASE][FAILED] - Test Cases/TypeOfDevice/typeOfDevice03: Test Cases/TypeOfDevice/typeOfDevice03 FAILED.
Reason:
com.kms.katalon.core.exception.StepFailedException: Verify element text of test object 'Object Repository/TypeOfDevice/TypeOfDevice03/Page_ODTS System/p_anhtest22' FAILED. (Root cause: com.kms.katalon.core.exception.StepFailedException: Actual text '' and expected text 'anhtest22' of test object 'Object Repository/TypeOfDevice/TypeOfDevice03/Page_ODTS System/p_anhtest22' are NOT matched.)
	at com.kms.katalon.core.keyword.internal.KeywordMain.stepFailed(KeywordMain.groovy:36)
	at com.kms.katalon.core.webui.keyword.internal.WebUIKeywordMain.stepFailed(WebUIKeywordMain.groovy:65)
	at com.kms.katalon.core.webui.keyword.internal.WebUIKeywordMain.runKeyword(WebUIKeywordMain.groovy:27)
	at com.kms.katalon.core.webui.keyword.builtin.VerifyElementTextKeyword.verifyElementText(VerifyElementTextKeyword.groovy:72)
	at com.kms.katalon.core.webui.keyword.builtin.VerifyElementTextKeyword.execute(VerifyElementTextKeyword.groovy:40)
	at com.kms.katalon.core.keyword.internal.KeywordExecutor.executeKeywordForPlatform(KeywordExecutor.groovy:53)
	at com.kms.katalon.core.webui.keyword.WebUiBuiltInKeywords.verifyElementText(WebUiBuiltInKeywords.groovy:3663)
	at com.kms.katalon.core.webui.keyword.WebUiBuiltInKeywords$verifyElementText$6.call(Unknown Source)
	at typeOfDevice03.run(typeOfDevice03:69)
	at com.kms.katalon.core.main.ScriptEngine.run(ScriptEngine.java:194)
	at com.kms.katalon.core.main.ScriptEngine.runScriptAsRawText(ScriptEngine.java:119)
	at com.kms.katalon.core.main.TestCaseExecutor.runScript(TestCaseExecutor.java:328)
	at com.kms.katalon.core.main.TestCaseExecutor.doExecute(TestCaseExecutor.java:319)
	at com.kms.katalon.core.main.TestCaseExecutor.processExecutionPhase(TestCaseExecutor.java:298)
	at com.kms.katalon.core.main.TestCaseExecutor.accessMainPhase(TestCaseExecutor.java:290)
	at com.kms.katalon.core.main.TestCaseExecutor.execute(TestCaseExecutor.java:224)
	at com.kms.katalon.core.main.TestSuiteExecutor.accessTestCaseMainPhase(TestSuiteExecutor.java:129)
	at com.kms.katalon.core.main.TestSuiteExecutor.accessTestSuiteMainPhase(TestSuiteExecutor.java:112)
	at com.kms.katalon.core.main.TestSuiteExecutor.execute(TestSuiteExecutor.java:81)
	at com.kms.katalon.core.main.TestCaseMain.startTestSuite(TestCaseMain.java:149)
	at com.kms.katalon.core.main.TestCaseMain$startTestSuite$0.call(Unknown Source)
	at TempTestSuite1551067699868.run(TempTestSuite1551067699868.groovy:36)]]></system-err>
      </testcase>
      <testcase name="Test Cases/TypeOfDevice/typeOfDevice04" classname="Test Cases/TypeOfDevice/typeOfDevice04" status="PASSED">
         <system-out><![CDATA[2019-02-25 11:09:35 - [TEST_CASE][PASSED] - Test Cases/TypeOfDevice/typeOfDevice04: Test Cases/TypeOfDevice/typeOfDevice04

2019-02-25 11:09:36 - [TEST_STEP][PASSED] - openBrowser(""): Browser is opened with url: ''

2019-02-25 11:09:36 - [MESSAGE][WARNING] - A browser is already opened. Closing browser and opening a new one

2019-02-25 11:09:36 - [MESSAGE][INFO] - Starting 'Chrome' driver

2019-02-25 11:09:39 - [MESSAGE][PASSED] - Browser is opened with url: ''

2019-02-25 11:09:39 - [TEST_STEP][PASSED] - navigateToUrl("http://helpdesk.wisky.vn/"): Navigate to 'http://helpdesk.wisky.vn/' successfully

2019-02-25 11:09:41 - [MESSAGE][PASSED] - Navigate to 'http://helpdesk.wisky.vn/' successfully

2019-02-25 11:09:41 - [TEST_STEP][PASSED] - setText(findTestObject("Object Repository/TypeOfDevice/TypeOfDevice04/Page_ODTS System/input_ODTS_username"), "admin01"): Text 'admin01' is set on object 'Object Repository/TypeOfDevice/TypeOfDevice04/Page_ODTS System/input_ODTS_username'

2019-02-25 11:09:41 - [MESSAGE][PASSED] - Text 'admin01' is set on object 'Object Repository/TypeOfDevice/TypeOfDevice04/Page_ODTS System/input_ODTS_username'

2019-02-25 11:09:41 - [TEST_STEP][PASSED] - setEncryptedText(findTestObject("Object Repository/TypeOfDevice/TypeOfDevice04/Page_ODTS System/input_ODTS_password"), "aeHFOx8jV/A="): Text ****** has been set on object 'Object Repository/TypeOfDevice/TypeOfDevice04/Page_ODTS System/input_ODTS_password'

2019-02-25 11:09:41 - [MESSAGE][PASSED] - Text ****** has been set on object 'Object Repository/TypeOfDevice/TypeOfDevice04/Page_ODTS System/input_ODTS_password'

2019-02-25 11:09:41 - [TEST_STEP][PASSED] - click(findTestObject("Object Repository/TypeOfDevice/TypeOfDevice04/Page_ODTS System/button_ng Nhp")): Object: 'Object Repository/TypeOfDevice/TypeOfDevice04/Page_ODTS System/button_ng Nhp' is clicked on

2019-02-25 11:09:41 - [MESSAGE][PASSED] - Object: 'Object Repository/TypeOfDevice/TypeOfDevice04/Page_ODTS System/button_ng Nhp' is clicked on

2019-02-25 11:09:41 - [TEST_STEP][PASSED] - click(findTestObject("Object Repository/TypeOfDevice/TypeOfDevice04/Page_ODTS System/a_Loi Thit B")): Object: 'Object Repository/TypeOfDevice/TypeOfDevice04/Page_ODTS System/a_Loi Thit B' is clicked on

2019-02-25 11:09:44 - [MESSAGE][PASSED] - Object: 'Object Repository/TypeOfDevice/TypeOfDevice04/Page_ODTS System/a_Loi Thit B' is clicked on

2019-02-25 11:09:44 - [TEST_STEP][PASSED] - click(findTestObject("Object Repository/TypeOfDevice/TypeOfDevice04/Page_ODTS System/fieldSearch")): Object: 'Object Repository/TypeOfDevice/TypeOfDevice04/Page_ODTS System/fieldSearch' is clicked on

2019-02-25 11:09:45 - [MESSAGE][PASSED] - Object: 'Object Repository/TypeOfDevice/TypeOfDevice04/Page_ODTS System/fieldSearch' is clicked on

2019-02-25 11:09:45 - [TEST_STEP][PASSED] - setText(findTestObject("Object Repository/TypeOfDevice/TypeOfDevice04/Page_ODTS System/input"), "anhtest"): Text 'anhtest' is set on object 'Object Repository/TypeOfDevice/TypeOfDevice04/Page_ODTS System/input'

2019-02-25 11:09:45 - [MESSAGE][PASSED] - Text 'anhtest' is set on object 'Object Repository/TypeOfDevice/TypeOfDevice04/Page_ODTS System/input'

2019-02-25 11:09:45 - [TEST_STEP][PASSED] - click(findTestObject("Object Repository/TypeOfDevice/TypeOfDevice04/Page_ODTS System/button_hihi22_btn btn-danger f")): Object: 'Object Repository/TypeOfDevice/TypeOfDevice04/Page_ODTS System/button_hihi22_btn btn-danger f' is clicked on

2019-02-25 11:09:45 - [MESSAGE][PASSED] - Object: 'Object Repository/TypeOfDevice/TypeOfDevice04/Page_ODTS System/button_hihi22_btn btn-danger f' is clicked on

2019-02-25 11:09:45 - [TEST_STEP][PASSED] - click(findTestObject("Object Repository/TypeOfDevice/TypeOfDevice04/Page_ODTS System/button_Chp Nhn Xa")): Object: 'Object Repository/TypeOfDevice/TypeOfDevice04/Page_ODTS System/button_Chp Nhn Xa' is clicked on

2019-02-25 11:09:45 - [MESSAGE][PASSED] - Object: 'Object Repository/TypeOfDevice/TypeOfDevice04/Page_ODTS System/button_Chp Nhn Xa' is clicked on

2019-02-25 11:09:45 - [TEST_STEP][PASSED] - waitForAlert(1): No alert found after 1 second(s).

2019-02-25 11:09:46 - [MESSAGE][WARNING] - No alert found after 1 second(s).

2019-02-25 11:09:46 - [TEST_STEP][PASSED] - click(findTestObject("Object Repository/TypeOfDevice/TypeOfDevice04/Page_ODTS System/button_OK")): Object: 'Object Repository/TypeOfDevice/TypeOfDevice04/Page_ODTS System/button_OK' is clicked on

2019-02-25 11:09:46 - [MESSAGE][PASSED] - Object: 'Object Repository/TypeOfDevice/TypeOfDevice04/Page_ODTS System/button_OK' is clicked on

2019-02-25 11:09:46 - [TEST_STEP][PASSED] - verifyElementVisible(findTestObject("Object Repository/TypeOfDevice/TypeOfDevice04/Page_ODTS System/td_Khng c d liu ph hp")): Object 'Object Repository/TypeOfDevice/TypeOfDevice04/Page_ODTS System/td_Khng c d liu ph hp' is visible

2019-02-25 11:09:46 - [MESSAGE][PASSED] - Object 'Object Repository/TypeOfDevice/TypeOfDevice04/Page_ODTS System/td_Khng c d liu ph hp' is visible

2019-02-25 11:09:46 - [TEST_STEP][PASSED] - writer2 = new java.io.PrintWriter(C:\Users\pc\Katalon Studio\Helpdesk\creDateContract.txt): null

2019-02-25 11:09:46 - [TEST_STEP][PASSED] - writer2.print(""): null

2019-02-25 11:09:46 - [TEST_STEP][PASSED] - writer2.close(): null

2019-02-25 11:09:46 - [TEST_STEP][PASSED] - writer = new java.io.PrintWriter(C:\Users\pc\Katalon Studio\Helpdesk\upDateContract.txt): null

2019-02-25 11:09:46 - [TEST_STEP][PASSED] - writer.print(""): null

2019-02-25 11:09:46 - [TEST_STEP][PASSED] - writer.close(): null

2019-02-25 11:09:46 - [TEST_STEP][PASSED] - closeBrowser(): Browser is closed

2019-02-25 11:09:47 - [MESSAGE][PASSED] - Browser is closed]]></system-out>
         <system-err><![CDATA[]]></system-err>
      </testcase>
      <system-out><![CDATA[2019-02-25 11:08:22 - [TEST_SUITE][FAILED] - TypeOfDevice01-02-03-04: Test Cases/TypeOfDevice/typeOfDevice03 FAILED.
Reason:
com.kms.katalon.core.exception.StepFailedException: Verify element text of test object 'Object Repository/TypeOfDevice/TypeOfDevice03/Page_ODTS System/p_anhtest22' FAILED. (Root cause: com.kms.katalon.core.exception.StepFailedException: Actual text '' and expected text 'anhtest22' of test object 'Object Repository/TypeOfDevice/TypeOfDevice03/Page_ODTS System/p_anhtest22' are NOT matched.)
	at com.kms.katalon.core.keyword.internal.KeywordMain.stepFailed(KeywordMain.groovy:36)
	at com.kms.katalon.core.webui.keyword.internal.WebUIKeywordMain.stepFailed(WebUIKeywordMain.groovy:65)
	at com.kms.katalon.core.webui.keyword.internal.WebUIKeywordMain.runKeyword(WebUIKeywordMain.groovy:27)
	at com.kms.katalon.core.webui.keyword.builtin.VerifyElementTextKeyword.verifyElementText(VerifyElementTextKeyword.groovy:72)
	at com.kms.katalon.core.webui.keyword.builtin.VerifyElementTextKeyword.execute(VerifyElementTextKeyword.groovy:40)
	at com.kms.katalon.core.keyword.internal.KeywordExecutor.executeKeywordForPlatform(KeywordExecutor.groovy:53)
	at com.kms.katalon.core.webui.keyword.WebUiBuiltInKeywords.verifyElementText(WebUiBuiltInKeywords.groovy:3663)
	at com.kms.katalon.core.webui.keyword.WebUiBuiltInKeywords$verifyElementText$6.call(Unknown Source)
	at typeOfDevice03.run(typeOfDevice03:69)
	at com.kms.katalon.core.main.ScriptEngine.run(ScriptEngine.java:194)
	at com.kms.katalon.core.main.ScriptEngine.runScriptAsRawText(ScriptEngine.java:119)
	at com.kms.katalon.core.main.TestCaseExecutor.runScript(TestCaseExecutor.java:328)
	at com.kms.katalon.core.main.TestCaseExecutor.doExecute(TestCaseExecutor.java:319)
	at com.kms.katalon.core.main.TestCaseExecutor.processExecutionPhase(TestCaseExecutor.java:298)
	at com.kms.katalon.core.main.TestCaseExecutor.accessMainPhase(TestCaseExecutor.java:290)
	at com.kms.katalon.core.main.TestCaseExecutor.execute(TestCaseExecutor.java:224)
	at com.kms.katalon.core.main.TestSuiteExecutor.accessTestCaseMainPhase(TestSuiteExecutor.java:129)
	at com.kms.katalon.core.main.TestSuiteExecutor.accessTestSuiteMainPhase(TestSuiteExecutor.java:112)
	at com.kms.katalon.core.main.TestSuiteExecutor.execute(TestSuiteExecutor.java:81)
	at com.kms.katalon.core.main.TestCaseMain.startTestSuite(TestCaseMain.java:149)
	at com.kms.katalon.core.main.TestCaseMain$startTestSuite$0.call(Unknown Source)
	at TempTestSuite1551067699868.run(TempTestSuite1551067699868.groovy:36)]]></system-out>
      <system-err><![CDATA[2019-02-25 11:08:22 - [TEST_SUITE][FAILED] - TypeOfDevice01-02-03-04: Test Cases/TypeOfDevice/typeOfDevice03 FAILED.
Reason:
com.kms.katalon.core.exception.StepFailedException: Verify element text of test object 'Object Repository/TypeOfDevice/TypeOfDevice03/Page_ODTS System/p_anhtest22' FAILED. (Root cause: com.kms.katalon.core.exception.StepFailedException: Actual text '' and expected text 'anhtest22' of test object 'Object Repository/TypeOfDevice/TypeOfDevice03/Page_ODTS System/p_anhtest22' are NOT matched.)
	at com.kms.katalon.core.keyword.internal.KeywordMain.stepFailed(KeywordMain.groovy:36)
	at com.kms.katalon.core.webui.keyword.internal.WebUIKeywordMain.stepFailed(WebUIKeywordMain.groovy:65)
	at com.kms.katalon.core.webui.keyword.internal.WebUIKeywordMain.runKeyword(WebUIKeywordMain.groovy:27)
	at com.kms.katalon.core.webui.keyword.builtin.VerifyElementTextKeyword.verifyElementText(VerifyElementTextKeyword.groovy:72)
	at com.kms.katalon.core.webui.keyword.builtin.VerifyElementTextKeyword.execute(VerifyElementTextKeyword.groovy:40)
	at com.kms.katalon.core.keyword.internal.KeywordExecutor.executeKeywordForPlatform(KeywordExecutor.groovy:53)
	at com.kms.katalon.core.webui.keyword.WebUiBuiltInKeywords.verifyElementText(WebUiBuiltInKeywords.groovy:3663)
	at com.kms.katalon.core.webui.keyword.WebUiBuiltInKeywords$verifyElementText$6.call(Unknown Source)
	at typeOfDevice03.run(typeOfDevice03:69)
	at com.kms.katalon.core.main.ScriptEngine.run(ScriptEngine.java:194)
	at com.kms.katalon.core.main.ScriptEngine.runScriptAsRawText(ScriptEngine.java:119)
	at com.kms.katalon.core.main.TestCaseExecutor.runScript(TestCaseExecutor.java:328)
	at com.kms.katalon.core.main.TestCaseExecutor.doExecute(TestCaseExecutor.java:319)
	at com.kms.katalon.core.main.TestCaseExecutor.processExecutionPhase(TestCaseExecutor.java:298)
	at com.kms.katalon.core.main.TestCaseExecutor.accessMainPhase(TestCaseExecutor.java:290)
	at com.kms.katalon.core.main.TestCaseExecutor.execute(TestCaseExecutor.java:224)
	at com.kms.katalon.core.main.TestSuiteExecutor.accessTestCaseMainPhase(TestSuiteExecutor.java:129)
	at com.kms.katalon.core.main.TestSuiteExecutor.accessTestSuiteMainPhase(TestSuiteExecutor.java:112)
	at com.kms.katalon.core.main.TestSuiteExecutor.execute(TestSuiteExecutor.java:81)
	at com.kms.katalon.core.main.TestCaseMain.startTestSuite(TestCaseMain.java:149)
	at com.kms.katalon.core.main.TestCaseMain$startTestSuite$0.call(Unknown Source)
	at TempTestSuite1551067699868.run(TempTestSuite1551067699868.groovy:36)]]></system-err>
   </testsuite>
</testsuites>
