<?xml version="1.0" encoding="UTF-8"?>
<testsuites name="Company10-11-12-13" time="100" tests="3" failures="1" errors="0">
   <testsuite name="Company10-11-12-13" tests="3" failures="1" errors="0" time="100" timestamp="2019-02-22 11:31:07" hostname="Ninja - AnhNVSE63446" id="Test Suites/Company10-11-12-13">
      <properties>
         <property name="deviceName" value=""/>
         <property name="devicePlatform" value=""/>
         <property name="logFolder" value="C:\\Users\\pc\\Katalon Studio\\Helpdesk\\Reports\\Company10-11-12-13\\20190222_113059"/>
         <property name="logFiles" value="C:\\Users\\pc\\Katalon Studio\\Helpdesk\\Reports\\Company10-11-12-13\\20190222_113059\\execution0.log"/>
         <property name="attachments" value="C:\\Users\\pc\\Katalon Studio\\Helpdesk\\Reports\\Company10-11-12-13\\20190222_113059\\1550809967072.png"/>
         <property name="hostName" value="Ninja - AnhNVSE63446"/>
         <property name="os" value="Windows 10 64bit"/>
         <property name="katalonVersion" value="5.10.0.1"/>
         <property name="browser" value="Chrome 72.0.3626.119"/>
         <property name="hostAddress" value="192.168.175.1"/>
         <property name="sessionId" value="4e229f415615a1f022a93f34166146ac"/>
         <property name="seleniumVersion" value="3.7.1"/>
         <property name="proxyInformation" value="ProxyInformation{proxyOption=NO_PROXY, proxyServerType=HTTP, password=, proxyServerAddress=, proxyServerPort=0}"/>
         <property name="platform" value="Windows 10"/>
      </properties>
      <testcase name="Test Cases/Company/company10" classname="Test Cases/Company/company10" status="PASSED">
         <system-out><![CDATA[2019-02-22 11:31:08 - [TEST_CASE][PASSED] - Test Cases/Company/company10: Test Cases/Company/company10

2019-02-22 11:31:09 - [TEST_STEP][PASSED] - openBrowser(""): Browser is opened with url: ''

2019-02-22 11:31:10 - [MESSAGE][INFO] - Starting 'Chrome' driver

2019-02-22 11:31:10 - [MESSAGE][INFO] - Action delay is set to 0 seconds

2019-02-22 11:31:14 - [MESSAGE][PASSED] - Browser is opened with url: ''

2019-02-22 11:31:14 - [TEST_STEP][PASSED] - navigateToUrl("http://helpdesk.wisky.vn/"): Navigate to 'http://helpdesk.wisky.vn/' successfully

2019-02-22 11:31:16 - [MESSAGE][PASSED] - Navigate to 'http://helpdesk.wisky.vn/' successfully

2019-02-22 11:31:16 - [TEST_STEP][PASSED] - setText(findTestObject("Object Repository/Company/company10/Page_ODTS System/input_ODTS_username"), "admin01"): Text 'admin01' is set on object 'Object Repository/Company/company10/Page_ODTS System/input_ODTS_username'

2019-02-22 11:31:17 - [MESSAGE][PASSED] - Text 'admin01' is set on object 'Object Repository/Company/company10/Page_ODTS System/input_ODTS_username'

2019-02-22 11:31:17 - [TEST_STEP][PASSED] - setEncryptedText(findTestObject("Object Repository/Company/company10/Page_ODTS System/input_ODTS_password"), "aeHFOx8jV/A="): Text ****** has been set on object 'Object Repository/Company/company10/Page_ODTS System/input_ODTS_password'

2019-02-22 11:31:17 - [MESSAGE][PASSED] - Text ****** has been set on object 'Object Repository/Company/company10/Page_ODTS System/input_ODTS_password'

2019-02-22 11:31:17 - [TEST_STEP][PASSED] - click(findTestObject("Object Repository/Company/company10/Page_ODTS System/button_ng Nhp")): Object: 'Object Repository/Company/company10/Page_ODTS System/button_ng Nhp' is clicked on

2019-02-22 11:31:17 - [MESSAGE][PASSED] - Object: 'Object Repository/Company/company10/Page_ODTS System/button_ng Nhp' is clicked on

2019-02-22 11:31:17 - [TEST_STEP][PASSED] - click(findTestObject("Object Repository/Company/company10/Page_ODTS System/a_Cng Ty")): Object: 'Object Repository/Company/company10/Page_ODTS System/a_Cng Ty' is clicked on

2019-02-22 11:31:22 - [MESSAGE][PASSED] - Object: 'Object Repository/Company/company10/Page_ODTS System/a_Cng Ty' is clicked on

2019-02-22 11:31:22 - [TEST_STEP][PASSED] - click(findTestObject("Object Repository/Company/company10/Page_ODTS System/a_Xem Chi Nhnh")): Object: 'Object Repository/Company/company10/Page_ODTS System/a_Xem Chi Nhnh' is clicked on

2019-02-22 11:31:22 - [MESSAGE][PASSED] - Object: 'Object Repository/Company/company10/Page_ODTS System/a_Xem Chi Nhnh' is clicked on

2019-02-22 11:31:22 - [TEST_STEP][PASSED] - click(findTestObject("Object Repository/Company/company10/Page_ODTS System/a_Xem Thit b")): Object: 'Object Repository/Company/company10/Page_ODTS System/a_Xem Thit b' is clicked on

2019-02-22 11:31:23 - [MESSAGE][PASSED] - Object: 'Object Repository/Company/company10/Page_ODTS System/a_Xem Thit b' is clicked on

2019-02-22 11:31:23 - [TEST_STEP][PASSED] - click(findTestObject("Object Repository/Company/company10/Page_ODTS System/font_To Thit B")): Object: 'Object Repository/Company/company10/Page_ODTS System/font_To Thit B' is clicked on

2019-02-22 11:31:23 - [MESSAGE][PASSED] - Object: 'Object Repository/Company/company10/Page_ODTS System/font_To Thit B' is clicked on

2019-02-22 11:31:23 - [TEST_STEP][PASSED] - waitForAlert(1): No alert found after 1 second(s).

2019-02-22 11:31:24 - [MESSAGE][WARNING] - No alert found after 1 second(s).

2019-02-22 11:31:24 - [TEST_STEP][PASSED] - click(findTestObject("Object Repository/Company/company10/Page_ODTS System/span_--Chn loi thit b--")): Object: 'Object Repository/Company/company10/Page_ODTS System/span_--Chn loi thit b--' is clicked on

2019-02-22 11:31:25 - [MESSAGE][PASSED] - Object: 'Object Repository/Company/company10/Page_ODTS System/span_--Chn loi thit b--' is clicked on

2019-02-22 11:31:25 - [TEST_STEP][PASSED] - waitForAlert(1): No alert found after 1 second(s).

2019-02-22 11:31:26 - [MESSAGE][WARNING] - No alert found after 1 second(s).

2019-02-22 11:31:26 - [TEST_STEP][PASSED] - setText(findTestObject("Object Repository/Company/company10/Page_ODTS System/input_ng_select2-search__field"), "wifi"): Text 'wifi' is set on object 'Object Repository/Company/company10/Page_ODTS System/input_ng_select2-search__field'

2019-02-22 11:31:26 - [MESSAGE][PASSED] - Text 'wifi' is set on object 'Object Repository/Company/company10/Page_ODTS System/input_ng_select2-search__field'

2019-02-22 11:31:26 - [TEST_STEP][PASSED] - waitForAlert(1): No alert found after 1 second(s).

2019-02-22 11:31:27 - [MESSAGE][WARNING] - No alert found after 1 second(s).

2019-02-22 11:31:27 - [TEST_STEP][PASSED] - sendKeys(findTestObject("Object Repository/Company/company10/Page_ODTS System/input_ng_select2-search__field"), Keys.chord(ENTER)): Keys 'ENTER + ' sent to object: 'Object Repository/Company/company10/Page_ODTS System/input_ng_select2-search__field'

2019-02-22 11:31:28 - [MESSAGE][PASSED] - Keys 'ENTER + ' sent to object: 'Object Repository/Company/company10/Page_ODTS System/input_ng_select2-search__field'

2019-02-22 11:31:28 - [TEST_STEP][PASSED] - waitForAlert(1): No alert found after 1 second(s).

2019-02-22 11:31:29 - [MESSAGE][WARNING] - No alert found after 1 second(s).

2019-02-22 11:31:29 - [TEST_STEP][PASSED] - setText(findTestObject("Object Repository/Company/company10/Page_ODTS System/input_Tn Thit B_dvNameC"), "anhtest"): Text 'anhtest' is set on object 'Object Repository/Company/company10/Page_ODTS System/input_Tn Thit B_dvNameC'

2019-02-22 11:31:29 - [MESSAGE][PASSED] - Text 'anhtest' is set on object 'Object Repository/Company/company10/Page_ODTS System/input_Tn Thit B_dvNameC'

2019-02-22 11:31:29 - [TEST_STEP][PASSED] - waitForAlert(1): No alert found after 1 second(s).

2019-02-22 11:31:30 - [MESSAGE][WARNING] - No alert found after 1 second(s).

2019-02-22 11:31:30 - [TEST_STEP][PASSED] - setText(findTestObject("Object Repository/Company/company10/Page_ODTS System/input_Code_dvCodeC"), "hihi"): Text 'hihi' is set on object 'Object Repository/Company/company10/Page_ODTS System/input_Code_dvCodeC'

2019-02-22 11:31:30 - [MESSAGE][PASSED] - Text 'hihi' is set on object 'Object Repository/Company/company10/Page_ODTS System/input_Code_dvCodeC'

2019-02-22 11:31:30 - [TEST_STEP][PASSED] - waitForAlert(1): No alert found after 1 second(s).

2019-02-22 11:31:31 - [MESSAGE][WARNING] - No alert found after 1 second(s).

2019-02-22 11:31:31 - [TEST_STEP][PASSED] - click(findTestObject("Object Repository/Company/company10/Page_ODTS System/input_Ngy Bo Hnh_dvGDateC")): Object: 'Object Repository/Company/company10/Page_ODTS System/input_Ngy Bo Hnh_dvGDateC' is clicked on

2019-02-22 11:31:32 - [MESSAGE][PASSED] - Object: 'Object Repository/Company/company10/Page_ODTS System/input_Ngy Bo Hnh_dvGDateC' is clicked on

2019-02-22 11:31:32 - [TEST_STEP][PASSED] - click(findTestObject("Object Repository/Company/company10/Page_ODTS System/chonNgayBaoHanh")): Object: 'Object Repository/Company/company10/Page_ODTS System/chonNgayBaoHanh' is clicked on

2019-02-22 11:31:32 - [MESSAGE][PASSED] - Object: 'Object Repository/Company/company10/Page_ODTS System/chonNgayBaoHanh' is clicked on

2019-02-22 11:31:32 - [TEST_STEP][PASSED] - click(findTestObject("Object Repository/Company/company10/Page_ODTS System/chonNgayBaoHanh2")): Object: 'Object Repository/Company/company10/Page_ODTS System/chonNgayBaoHanh2' is clicked on

2019-02-22 11:31:32 - [MESSAGE][PASSED] - Object: 'Object Repository/Company/company10/Page_ODTS System/chonNgayBaoHanh2' is clicked on

2019-02-22 11:31:32 - [TEST_STEP][PASSED] - click(findTestObject("Object Repository/Company/company10/Page_ODTS System/td_1")): Object: 'Object Repository/Company/company10/Page_ODTS System/td_1' is clicked on

2019-02-22 11:31:33 - [MESSAGE][PASSED] - Object: 'Object Repository/Company/company10/Page_ODTS System/td_1' is clicked on

2019-02-22 11:31:33 - [TEST_STEP][PASSED] - waitForAlert(1): No alert found after 1 second(s).

2019-02-22 11:31:34 - [MESSAGE][WARNING] - No alert found after 1 second(s).

2019-02-22 11:31:34 - [TEST_STEP][PASSED] - click(findTestObject("Object Repository/Company/company10/Page_ODTS System/input_Hn Bo Hnh_dvGEndDateC")): Object: 'Object Repository/Company/company10/Page_ODTS System/input_Hn Bo Hnh_dvGEndDateC' is clicked on

2019-02-22 11:31:34 - [MESSAGE][PASSED] - Object: 'Object Repository/Company/company10/Page_ODTS System/input_Hn Bo Hnh_dvGEndDateC' is clicked on

2019-02-22 11:31:34 - [TEST_STEP][PASSED] - click(findTestObject("Object Repository/Company/company10/Page_ODTS System/chonNgayBaoHanh")): Object: 'Object Repository/Company/company10/Page_ODTS System/chonNgayBaoHanh' is clicked on

2019-02-22 11:31:34 - [MESSAGE][PASSED] - Object: 'Object Repository/Company/company10/Page_ODTS System/chonNgayBaoHanh' is clicked on

2019-02-22 11:31:34 - [TEST_STEP][PASSED] - click(findTestObject("Object Repository/Company/company10/Page_ODTS System/chonHanBaoHanh")): Object: 'Object Repository/Company/company10/Page_ODTS System/chonHanBaoHanh' is clicked on

2019-02-22 11:31:34 - [MESSAGE][PASSED] - Object: 'Object Repository/Company/company10/Page_ODTS System/chonHanBaoHanh' is clicked on

2019-02-22 11:31:34 - [TEST_STEP][PASSED] - click(findTestObject("Object Repository/Company/company10/Page_ODTS System/td_1")): Object: 'Object Repository/Company/company10/Page_ODTS System/td_1' is clicked on

2019-02-22 11:31:34 - [MESSAGE][PASSED] - Object: 'Object Repository/Company/company10/Page_ODTS System/td_1' is clicked on

2019-02-22 11:31:34 - [TEST_STEP][PASSED] - setText(findTestObject("Object Repository/Company/company10/Page_ODTS System/input_Ip_dvIpC"), "192.168.1.1"): Text '192.168.1.1' is set on object 'Object Repository/Company/company10/Page_ODTS System/input_Ip_dvIpC'

2019-02-22 11:31:35 - [MESSAGE][PASSED] - Text '192.168.1.1' is set on object 'Object Repository/Company/company10/Page_ODTS System/input_Ip_dvIpC'

2019-02-22 11:31:35 - [TEST_STEP][PASSED] - waitForAlert(1): No alert found after 1 second(s).

2019-02-22 11:31:36 - [MESSAGE][WARNING] - No alert found after 1 second(s).

2019-02-22 11:31:36 - [TEST_STEP][PASSED] - setText(findTestObject("Object Repository/Company/company10/Page_ODTS System/input_Port_dvPortC"), "443"): Text '443' is set on object 'Object Repository/Company/company10/Page_ODTS System/input_Port_dvPortC'

2019-02-22 11:31:36 - [MESSAGE][PASSED] - Text '443' is set on object 'Object Repository/Company/company10/Page_ODTS System/input_Port_dvPortC'

2019-02-22 11:31:36 - [TEST_STEP][PASSED] - waitForAlert(1): No alert found after 1 second(s).

2019-02-22 11:31:37 - [MESSAGE][WARNING] - No alert found after 1 second(s).

2019-02-22 11:31:37 - [TEST_STEP][PASSED] - setText(findTestObject("Object Repository/Company/company10/Page_ODTS System/input_Device Account_dvAccC"), "anh"): Text 'anh' is set on object 'Object Repository/Company/company10/Page_ODTS System/input_Device Account_dvAccC'

2019-02-22 11:31:37 - [MESSAGE][PASSED] - Text 'anh' is set on object 'Object Repository/Company/company10/Page_ODTS System/input_Device Account_dvAccC'

2019-02-22 11:31:37 - [TEST_STEP][PASSED] - waitForAlert(1): No alert found after 1 second(s).

2019-02-22 11:31:38 - [MESSAGE][WARNING] - No alert found after 1 second(s).

2019-02-22 11:31:38 - [TEST_STEP][PASSED] - setText(findTestObject("Object Repository/Company/company10/Page_ODTS System/input_Device Password_dvPassC"), "123"): Text '123' is set on object 'Object Repository/Company/company10/Page_ODTS System/input_Device Password_dvPassC'

2019-02-22 11:31:38 - [MESSAGE][PASSED] - Text '123' is set on object 'Object Repository/Company/company10/Page_ODTS System/input_Device Password_dvPassC'

2019-02-22 11:31:38 - [TEST_STEP][PASSED] - waitForAlert(1): No alert found after 1 second(s).

2019-02-22 11:31:39 - [MESSAGE][WARNING] - No alert found after 1 second(s).

2019-02-22 11:31:39 - [TEST_STEP][PASSED] - click(findTestObject("Object Repository/Company/company10/Page_ODTS System/input_Ngy Lp_dvSettingDateC")): Object: 'Object Repository/Company/company10/Page_ODTS System/input_Ngy Lp_dvSettingDateC' is clicked on

2019-02-22 11:31:39 - [MESSAGE][PASSED] - Object: 'Object Repository/Company/company10/Page_ODTS System/input_Ngy Lp_dvSettingDateC' is clicked on

2019-02-22 11:31:39 - [TEST_STEP][PASSED] - click(findTestObject("Object Repository/Company/company10/Page_ODTS System/chonNgayBaoHanh")): Object: 'Object Repository/Company/company10/Page_ODTS System/chonNgayBaoHanh' is clicked on

2019-02-22 11:31:40 - [MESSAGE][PASSED] - Object: 'Object Repository/Company/company10/Page_ODTS System/chonNgayBaoHanh' is clicked on

2019-02-22 11:31:40 - [TEST_STEP][PASSED] - click(findTestObject("Object Repository/Company/company10/Page_ODTS System/chonNgayBaoHanh2")): Object: 'Object Repository/Company/company10/Page_ODTS System/chonNgayBaoHanh2' is clicked on

2019-02-22 11:31:40 - [MESSAGE][PASSED] - Object: 'Object Repository/Company/company10/Page_ODTS System/chonNgayBaoHanh2' is clicked on

2019-02-22 11:31:40 - [TEST_STEP][PASSED] - click(findTestObject("Object Repository/Company/company10/Page_ODTS System/td_20")): Object: 'Object Repository/Company/company10/Page_ODTS System/td_20' is clicked on

2019-02-22 11:31:40 - [MESSAGE][PASSED] - Object: 'Object Repository/Company/company10/Page_ODTS System/td_20' is clicked on

2019-02-22 11:31:40 - [TEST_STEP][PASSED] - waitForAlert(1): No alert found after 1 second(s).

2019-02-22 11:31:42 - [MESSAGE][WARNING] - No alert found after 1 second(s).

2019-02-22 11:31:42 - [TEST_STEP][PASSED] - setText(findTestObject("Object Repository/Company/company10/Page_ODTS System/input_Thng Tin_dvOtherC"), "testdevice"): Text 'testdevice' is set on object 'Object Repository/Company/company10/Page_ODTS System/input_Thng Tin_dvOtherC'

2019-02-22 11:31:42 - [MESSAGE][PASSED] - Text 'testdevice' is set on object 'Object Repository/Company/company10/Page_ODTS System/input_Thng Tin_dvOtherC'

2019-02-22 11:31:42 - [TEST_STEP][PASSED] - waitForAlert(1): No alert found after 1 second(s).

2019-02-22 11:31:43 - [MESSAGE][WARNING] - No alert found after 1 second(s).

2019-02-22 11:31:43 - [TEST_STEP][PASSED] - click(findTestObject("Object Repository/Company/company10/Page_ODTS System/button_To Mi")): Object: 'Object Repository/Company/company10/Page_ODTS System/button_To Mi' is clicked on

2019-02-22 11:31:43 - [MESSAGE][PASSED] - Object: 'Object Repository/Company/company10/Page_ODTS System/button_To Mi' is clicked on

2019-02-22 11:31:43 - [TEST_STEP][PASSED] - click(findTestObject("Object Repository/Company/company10/Page_ODTS System/button_OK")): Object: 'Object Repository/Company/company10/Page_ODTS System/button_OK' is clicked on

2019-02-22 11:31:44 - [MESSAGE][PASSED] - Object: 'Object Repository/Company/company10/Page_ODTS System/button_OK' is clicked on

2019-02-22 11:31:44 - [TEST_STEP][PASSED] - click(findTestObject("Object Repository/Company/company10/Page_ODTS System/fieldSearch")): Object: 'Object Repository/Company/company10/Page_ODTS System/fieldSearch' is clicked on

2019-02-22 11:31:45 - [MESSAGE][PASSED] - Object: 'Object Repository/Company/company10/Page_ODTS System/fieldSearch' is clicked on

2019-02-22 11:31:45 - [TEST_STEP][PASSED] - setText(findTestObject("Object Repository/Company/company10/Page_ODTS System/input"), "anhtest"): Text 'anhtest' is set on object 'Object Repository/Company/company10/Page_ODTS System/input'

2019-02-22 11:31:45 - [MESSAGE][PASSED] - Text 'anhtest' is set on object 'Object Repository/Company/company10/Page_ODTS System/input'

2019-02-22 11:31:45 - [TEST_STEP][PASSED] - verifyElementText(findTestObject("Object Repository/Company/company10/Page_ODTS System/td_anhtest"), "anhtest"): Actual text and expected text of test object 'Object Repository/Company/company10/Page_ODTS System/td_anhtest' are matched.

2019-02-22 11:31:45 - [MESSAGE][PASSED] - Actual text and expected text of test object 'Object Repository/Company/company10/Page_ODTS System/td_anhtest' are matched.

2019-02-22 11:31:45 - [TEST_STEP][PASSED] - verifyElementText(findTestObject("Object Repository/Company/company10/Page_ODTS System/td_hihi"), "hihi"): Actual text and expected text of test object 'Object Repository/Company/company10/Page_ODTS System/td_hihi' are matched.

2019-02-22 11:31:45 - [MESSAGE][PASSED] - Actual text and expected text of test object 'Object Repository/Company/company10/Page_ODTS System/td_hihi' are matched.

2019-02-22 11:31:45 - [TEST_STEP][PASSED] - verifyElementText(findTestObject("Object Repository/Company/company10/Page_ODTS System/td_01022019"), "01/02/2019"): Actual text and expected text of test object 'Object Repository/Company/company10/Page_ODTS System/td_01022019' are matched.

2019-02-22 11:31:45 - [MESSAGE][PASSED] - Actual text and expected text of test object 'Object Repository/Company/company10/Page_ODTS System/td_01022019' are matched.

2019-02-22 11:31:45 - [TEST_STEP][PASSED] - verifyElementText(findTestObject("Object Repository/Company/company10/Page_ODTS System/td_01042019"), "05/04/2019"): Actual text and expected text of test object 'Object Repository/Company/company10/Page_ODTS System/td_01042019' are matched.

2019-02-22 11:31:45 - [MESSAGE][PASSED] - Actual text and expected text of test object 'Object Repository/Company/company10/Page_ODTS System/td_01042019' are matched.

2019-02-22 11:31:45 - [TEST_STEP][PASSED] - verifyElementText(findTestObject("Object Repository/Company/company10/Page_ODTS System/td_20022019"), "20/02/2019"): Actual text and expected text of test object 'Object Repository/Company/company10/Page_ODTS System/td_20022019' are matched.

2019-02-22 11:31:45 - [MESSAGE][PASSED] - Actual text and expected text of test object 'Object Repository/Company/company10/Page_ODTS System/td_20022019' are matched.

2019-02-22 11:31:45 - [TEST_STEP][PASSED] - closeBrowser(): Browser is closed

2019-02-22 11:31:47 - [MESSAGE][PASSED] - Browser is closed]]></system-out>
         <system-err><![CDATA[]]></system-err>
      </testcase>
      <testcase name="Test Cases/Company/company11" classname="Test Cases/Company/company11" status="PASSED">
         <system-out><![CDATA[2019-02-22 11:31:47 - [TEST_CASE][PASSED] - Test Cases/Company/company11: Test Cases/Company/company11

2019-02-22 11:31:47 - [TEST_STEP][PASSED] - openBrowser(""): Browser is opened with url: ''

2019-02-22 11:31:47 - [MESSAGE][INFO] - Starting 'Chrome' driver

2019-02-22 11:31:50 - [MESSAGE][PASSED] - Browser is opened with url: ''

2019-02-22 11:31:50 - [TEST_STEP][PASSED] - navigateToUrl("http://helpdesk.wisky.vn/"): Navigate to 'http://helpdesk.wisky.vn/' successfully

2019-02-22 11:31:52 - [MESSAGE][PASSED] - Navigate to 'http://helpdesk.wisky.vn/' successfully

2019-02-22 11:31:52 - [TEST_STEP][PASSED] - setText(findTestObject("Object Repository/Company/company11/Page_ODTS System/input_ODTS_username"), "admin01"): Text 'admin01' is set on object 'Object Repository/Company/company11/Page_ODTS System/input_ODTS_username'

2019-02-22 11:31:52 - [MESSAGE][PASSED] - Text 'admin01' is set on object 'Object Repository/Company/company11/Page_ODTS System/input_ODTS_username'

2019-02-22 11:31:52 - [TEST_STEP][PASSED] - setEncryptedText(findTestObject("Object Repository/Company/company11/Page_ODTS System/input_ODTS_password"), "aeHFOx8jV/A="): Text ****** has been set on object 'Object Repository/Company/company11/Page_ODTS System/input_ODTS_password'

2019-02-22 11:31:53 - [MESSAGE][PASSED] - Text ****** has been set on object 'Object Repository/Company/company11/Page_ODTS System/input_ODTS_password'

2019-02-22 11:31:53 - [TEST_STEP][PASSED] - click(findTestObject("Object Repository/Company/company11/Page_ODTS System/button_ng Nhp")): Object: 'Object Repository/Company/company11/Page_ODTS System/button_ng Nhp' is clicked on

2019-02-22 11:31:53 - [MESSAGE][PASSED] - Object: 'Object Repository/Company/company11/Page_ODTS System/button_ng Nhp' is clicked on

2019-02-22 11:31:53 - [TEST_STEP][PASSED] - click(findTestObject("Object Repository/Company/company11/Page_ODTS System/a_Cng Ty")): Object: 'Object Repository/Company/company11/Page_ODTS System/a_Cng Ty' is clicked on

2019-02-22 11:31:55 - [MESSAGE][PASSED] - Object: 'Object Repository/Company/company11/Page_ODTS System/a_Cng Ty' is clicked on

2019-02-22 11:31:55 - [TEST_STEP][PASSED] - click(findTestObject("Object Repository/Company/company11/Page_ODTS System/a_Xem Chi Nhnh")): Object: 'Object Repository/Company/company11/Page_ODTS System/a_Xem Chi Nhnh' is clicked on

2019-02-22 11:31:56 - [MESSAGE][PASSED] - Object: 'Object Repository/Company/company11/Page_ODTS System/a_Xem Chi Nhnh' is clicked on

2019-02-22 11:31:56 - [TEST_STEP][PASSED] - click(findTestObject("Object Repository/Company/company11/Page_ODTS System/a_Xem Thit b")): Object: 'Object Repository/Company/company11/Page_ODTS System/a_Xem Thit b' is clicked on

2019-02-22 11:31:57 - [MESSAGE][PASSED] - Object: 'Object Repository/Company/company11/Page_ODTS System/a_Xem Thit b' is clicked on

2019-02-22 11:31:57 - [TEST_STEP][PASSED] - waitForAlert(1): No alert found after 1 second(s).

2019-02-22 11:31:59 - [MESSAGE][WARNING] - No alert found after 1 second(s).

2019-02-22 11:31:59 - [TEST_STEP][PASSED] - click(findTestObject("Object Repository/Company/company11/Page_ODTS System/fieldSearch")): Object: 'Object Repository/Company/company11/Page_ODTS System/fieldSearch' is clicked on

2019-02-22 11:31:59 - [MESSAGE][PASSED] - Object: 'Object Repository/Company/company11/Page_ODTS System/fieldSearch' is clicked on

2019-02-22 11:31:59 - [TEST_STEP][PASSED] - setText(findTestObject("Object Repository/Company/company11/Page_ODTS System/input"), "anhtest"): Text 'anhtest' is set on object 'Object Repository/Company/company11/Page_ODTS System/input'

2019-02-22 11:31:59 - [MESSAGE][PASSED] - Text 'anhtest' is set on object 'Object Repository/Company/company11/Page_ODTS System/input'

2019-02-22 11:31:59 - [TEST_STEP][PASSED] - waitForAlert(1): No alert found after 1 second(s).

2019-02-22 11:32:00 - [MESSAGE][WARNING] - No alert found after 1 second(s).

2019-02-22 11:32:00 - [TEST_STEP][PASSED] - click(findTestObject("Object Repository/Company/company11/Page_ODTS System/button_hihi_btn btn-info fa fa")): Object: 'Object Repository/Company/company11/Page_ODTS System/button_hihi_btn btn-info fa fa' is clicked on

2019-02-22 11:32:01 - [MESSAGE][PASSED] - Object: 'Object Repository/Company/company11/Page_ODTS System/button_hihi_btn btn-info fa fa' is clicked on

2019-02-22 11:32:01 - [TEST_STEP][PASSED] - waitForAlert(1): No alert found after 1 second(s).

2019-02-22 11:32:02 - [MESSAGE][WARNING] - No alert found after 1 second(s).

2019-02-22 11:32:02 - [TEST_STEP][PASSED] - verifyElementText(findTestObject("Object Repository/Company/company11/Page_ODTS System/p_anhtest"), "anhtest"): Actual text and expected text of test object 'Object Repository/Company/company11/Page_ODTS System/p_anhtest' are matched.

2019-02-22 11:32:02 - [MESSAGE][PASSED] - Actual text and expected text of test object 'Object Repository/Company/company11/Page_ODTS System/p_anhtest' are matched.

2019-02-22 11:32:02 - [TEST_STEP][PASSED] - verifyElementText(findTestObject("Object Repository/Company/company11/Page_ODTS System/p_Wifi"), "Wifi"): Actual text and expected text of test object 'Object Repository/Company/company11/Page_ODTS System/p_Wifi' are matched.

2019-02-22 11:32:02 - [MESSAGE][PASSED] - Actual text and expected text of test object 'Object Repository/Company/company11/Page_ODTS System/p_Wifi' are matched.

2019-02-22 11:32:02 - [TEST_STEP][PASSED] - verifyElementText(findTestObject("Object Repository/Company/company11/Page_ODTS System/p_hihi"), "hihi"): Actual text and expected text of test object 'Object Repository/Company/company11/Page_ODTS System/p_hihi' are matched.

2019-02-22 11:32:02 - [MESSAGE][PASSED] - Actual text and expected text of test object 'Object Repository/Company/company11/Page_ODTS System/p_hihi' are matched.

2019-02-22 11:32:02 - [TEST_STEP][PASSED] - verifyElementText(findTestObject("Object Repository/Company/company11/Page_ODTS System/p_01022019"), "01/02/2019"): Actual text and expected text of test object 'Object Repository/Company/company11/Page_ODTS System/p_01022019' are matched.

2019-02-22 11:32:02 - [MESSAGE][PASSED] - Actual text and expected text of test object 'Object Repository/Company/company11/Page_ODTS System/p_01022019' are matched.

2019-02-22 11:32:02 - [TEST_STEP][PASSED] - verifyElementText(findTestObject("Object Repository/Company/company11/Page_ODTS System/p_05042019"), "05/04/2019"): Actual text and expected text of test object 'Object Repository/Company/company11/Page_ODTS System/p_05042019' are matched.

2019-02-22 11:32:02 - [MESSAGE][PASSED] - Actual text and expected text of test object 'Object Repository/Company/company11/Page_ODTS System/p_05042019' are matched.

2019-02-22 11:32:02 - [TEST_STEP][PASSED] - verifyElementText(findTestObject("Object Repository/Company/company11/Page_ODTS System/p_192.168.1.1"), "192.168.1.1"): Actual text and expected text of test object 'Object Repository/Company/company11/Page_ODTS System/p_192.168.1.1' are matched.

2019-02-22 11:32:02 - [MESSAGE][PASSED] - Actual text and expected text of test object 'Object Repository/Company/company11/Page_ODTS System/p_192.168.1.1' are matched.

2019-02-22 11:32:02 - [TEST_STEP][PASSED] - verifyElementText(findTestObject("Object Repository/Company/company11/Page_ODTS System/p_443"), "443"): Actual text and expected text of test object 'Object Repository/Company/company11/Page_ODTS System/p_443' are matched.

2019-02-22 11:32:03 - [MESSAGE][PASSED] - Actual text and expected text of test object 'Object Repository/Company/company11/Page_ODTS System/p_443' are matched.

2019-02-22 11:32:03 - [TEST_STEP][PASSED] - verifyElementText(findTestObject("Object Repository/Company/company11/Page_ODTS System/p_anh"), "anh"): Actual text and expected text of test object 'Object Repository/Company/company11/Page_ODTS System/p_anh' are matched.

2019-02-22 11:32:03 - [MESSAGE][PASSED] - Actual text and expected text of test object 'Object Repository/Company/company11/Page_ODTS System/p_anh' are matched.

2019-02-22 11:32:03 - [TEST_STEP][PASSED] - verifyElementText(findTestObject("Object Repository/Company/company11/Page_ODTS System/p_123"), "123"): Actual text and expected text of test object 'Object Repository/Company/company11/Page_ODTS System/p_123' are matched.

2019-02-22 11:32:03 - [MESSAGE][PASSED] - Actual text and expected text of test object 'Object Repository/Company/company11/Page_ODTS System/p_123' are matched.

2019-02-22 11:32:03 - [TEST_STEP][PASSED] - verifyElementText(findTestObject("Object Repository/Company/company11/Page_ODTS System/p_20022019"), "20/02/2019"): Actual text and expected text of test object 'Object Repository/Company/company11/Page_ODTS System/p_20022019' are matched.

2019-02-22 11:32:03 - [MESSAGE][PASSED] - Actual text and expected text of test object 'Object Repository/Company/company11/Page_ODTS System/p_20022019' are matched.

2019-02-22 11:32:03 - [TEST_STEP][PASSED] - verifyElementText(findTestObject("Object Repository/Company/company11/Page_ODTS System/lastEdit"), ""): Actual text and expected text of test object 'Object Repository/Company/company11/Page_ODTS System/lastEdit' are matched.

2019-02-22 11:32:03 - [MESSAGE][PASSED] - Actual text and expected text of test object 'Object Repository/Company/company11/Page_ODTS System/lastEdit' are matched.

2019-02-22 11:32:03 - [TEST_STEP][PASSED] - verifyElementText(findTestObject("Object Repository/Company/company11/Page_ODTS System/p_testdevice"), "testdevice"): Actual text and expected text of test object 'Object Repository/Company/company11/Page_ODTS System/p_testdevice' are matched.

2019-02-22 11:32:03 - [MESSAGE][PASSED] - Actual text and expected text of test object 'Object Repository/Company/company11/Page_ODTS System/p_testdevice' are matched.

2019-02-22 11:32:03 - [TEST_STEP][PASSED] - click(findTestObject("Object Repository/Company/company11/Page_ODTS System/button_ng")): Object: 'Object Repository/Company/company11/Page_ODTS System/button_ng' is clicked on

2019-02-22 11:32:03 - [MESSAGE][PASSED] - Object: 'Object Repository/Company/company11/Page_ODTS System/button_ng' is clicked on

2019-02-22 11:32:03 - [TEST_STEP][PASSED] - closeBrowser(): Browser is closed

2019-02-22 11:32:04 - [MESSAGE][PASSED] - Browser is closed]]></system-out>
         <system-err><![CDATA[]]></system-err>
      </testcase>
      <testcase name="Test Cases/Company/company12" classname="Test Cases/Company/company12" status="PASSED">
         <system-out><![CDATA[2019-02-22 11:32:04 - [TEST_CASE][PASSED] - Test Cases/Company/company12: Test Cases/Company/company12

2019-02-22 11:32:04 - [TEST_STEP][PASSED] - openBrowser(""): Browser is opened with url: ''

2019-02-22 11:32:04 - [MESSAGE][INFO] - Starting 'Chrome' driver

2019-02-22 11:32:07 - [MESSAGE][PASSED] - Browser is opened with url: ''

2019-02-22 11:32:07 - [TEST_STEP][PASSED] - navigateToUrl("http://helpdesk.wisky.vn/"): Navigate to 'http://helpdesk.wisky.vn/' successfully

2019-02-22 11:32:08 - [MESSAGE][PASSED] - Navigate to 'http://helpdesk.wisky.vn/' successfully

2019-02-22 11:32:08 - [TEST_STEP][PASSED] - setText(findTestObject("Object Repository/Company/company12/Page_ODTS System/input_ODTS_username"), "admin01"): Text 'admin01' is set on object 'Object Repository/Company/company12/Page_ODTS System/input_ODTS_username'

2019-02-22 11:32:09 - [MESSAGE][PASSED] - Text 'admin01' is set on object 'Object Repository/Company/company12/Page_ODTS System/input_ODTS_username'

2019-02-22 11:32:09 - [TEST_STEP][PASSED] - setEncryptedText(findTestObject("Object Repository/Company/company12/Page_ODTS System/input_ODTS_password"), "aeHFOx8jV/A="): Text ****** has been set on object 'Object Repository/Company/company12/Page_ODTS System/input_ODTS_password'

2019-02-22 11:32:09 - [MESSAGE][PASSED] - Text ****** has been set on object 'Object Repository/Company/company12/Page_ODTS System/input_ODTS_password'

2019-02-22 11:32:09 - [TEST_STEP][PASSED] - click(findTestObject("Object Repository/Company/company12/Page_ODTS System/button_ng Nhp")): Object: 'Object Repository/Company/company12/Page_ODTS System/button_ng Nhp' is clicked on

2019-02-22 11:32:09 - [MESSAGE][PASSED] - Object: 'Object Repository/Company/company12/Page_ODTS System/button_ng Nhp' is clicked on

2019-02-22 11:32:09 - [TEST_STEP][PASSED] - click(findTestObject("Object Repository/Company/company12/Page_ODTS System/span_Cng Ty")): Object: 'Object Repository/Company/company12/Page_ODTS System/span_Cng Ty' is clicked on

2019-02-22 11:32:12 - [MESSAGE][PASSED] - Object: 'Object Repository/Company/company12/Page_ODTS System/span_Cng Ty' is clicked on

2019-02-22 11:32:12 - [TEST_STEP][PASSED] - click(findTestObject("Object Repository/Company/company12/Page_ODTS System/a_Xem Chi Nhnh")): Object: 'Object Repository/Company/company12/Page_ODTS System/a_Xem Chi Nhnh' is clicked on

2019-02-22 11:32:13 - [MESSAGE][PASSED] - Object: 'Object Repository/Company/company12/Page_ODTS System/a_Xem Chi Nhnh' is clicked on

2019-02-22 11:32:13 - [TEST_STEP][PASSED] - click(findTestObject("Object Repository/Company/company12/Page_ODTS System/a_Xem Thit b")): Object: 'Object Repository/Company/company12/Page_ODTS System/a_Xem Thit b' is clicked on

2019-02-22 11:32:14 - [MESSAGE][PASSED] - Object: 'Object Repository/Company/company12/Page_ODTS System/a_Xem Thit b' is clicked on

2019-02-22 11:32:14 - [TEST_STEP][PASSED] - waitForAlert(1): No alert found after 1 second(s).

2019-02-22 11:32:15 - [MESSAGE][WARNING] - No alert found after 1 second(s).

2019-02-22 11:32:15 - [TEST_STEP][PASSED] - click(findTestObject("Object Repository/Company/company12/Page_ODTS System/fieldSearch")): Object: 'Object Repository/Company/company12/Page_ODTS System/fieldSearch' is clicked on

2019-02-22 11:32:15 - [MESSAGE][PASSED] - Object: 'Object Repository/Company/company12/Page_ODTS System/fieldSearch' is clicked on

2019-02-22 11:32:15 - [TEST_STEP][PASSED] - setText(findTestObject("Object Repository/Company/company12/Page_ODTS System/input"), "anhtest"): Text 'anhtest' is set on object 'Object Repository/Company/company12/Page_ODTS System/input'

2019-02-22 11:32:15 - [MESSAGE][PASSED] - Text 'anhtest' is set on object 'Object Repository/Company/company12/Page_ODTS System/input'

2019-02-22 11:32:15 - [TEST_STEP][PASSED] - waitForAlert(1): No alert found after 1 second(s).

2019-02-22 11:32:16 - [MESSAGE][WARNING] - No alert found after 1 second(s).

2019-02-22 11:32:16 - [TEST_STEP][PASSED] - click(findTestObject("Object Repository/Company/company12/Page_ODTS System/button_hihi_btn btn-warning fa")): Object: 'Object Repository/Company/company12/Page_ODTS System/button_hihi_btn btn-warning fa' is clicked on

2019-02-22 11:32:16 - [MESSAGE][PASSED] - Object: 'Object Repository/Company/company12/Page_ODTS System/button_hihi_btn btn-warning fa' is clicked on

2019-02-22 11:32:16 - [TEST_STEP][PASSED] - waitForAlert(1): No alert found after 1 second(s).

2019-02-22 11:32:17 - [MESSAGE][WARNING] - No alert found after 1 second(s).

2019-02-22 11:32:17 - [TEST_STEP][PASSED] - selectOptionByValue(findTestObject("Object Repository/Company/company12/Page_ODTS System/select_--Chn loi thit b--WifiC"), "2", true): All options with value '2' are selected in object 'Object Repository/Company/company12/Page_ODTS System/select_--Chn loi thit b--WifiC'  using regular expression

2019-02-22 11:32:18 - [MESSAGE][PASSED] - All options with value '2' are selected in object 'Object Repository/Company/company12/Page_ODTS System/select_--Chn loi thit b--WifiC'  using regular expression

2019-02-22 11:32:18 - [TEST_STEP][PASSED] - waitForAlert(1): No alert found after 1 second(s).

2019-02-22 11:32:19 - [MESSAGE][WARNING] - No alert found after 1 second(s).

2019-02-22 11:32:19 - [TEST_STEP][PASSED] - setText(findTestObject("Object Repository/Company/company12/Page_ODTS System/input_Tn Thit B_dvNameE"), "anhtest22"): Text 'anhtest22' is set on object 'Object Repository/Company/company12/Page_ODTS System/input_Tn Thit B_dvNameE'

2019-02-22 11:32:19 - [MESSAGE][PASSED] - Text 'anhtest22' is set on object 'Object Repository/Company/company12/Page_ODTS System/input_Tn Thit B_dvNameE'

2019-02-22 11:32:19 - [TEST_STEP][PASSED] - waitForAlert(1): No alert found after 1 second(s).

2019-02-22 11:32:20 - [MESSAGE][WARNING] - No alert found after 1 second(s).

2019-02-22 11:32:20 - [TEST_STEP][PASSED] - setText(findTestObject("Object Repository/Company/company12/Page_ODTS System/input_Code_dvCodeE"), "hihi22"): Text 'hihi22' is set on object 'Object Repository/Company/company12/Page_ODTS System/input_Code_dvCodeE'

2019-02-22 11:32:20 - [MESSAGE][PASSED] - Text 'hihi22' is set on object 'Object Repository/Company/company12/Page_ODTS System/input_Code_dvCodeE'

2019-02-22 11:32:20 - [TEST_STEP][PASSED] - waitForAlert(1): No alert found after 1 second(s).

2019-02-22 11:32:21 - [MESSAGE][WARNING] - No alert found after 1 second(s).

2019-02-22 11:32:21 - [TEST_STEP][PASSED] - click(findTestObject("Object Repository/Company/company12/Page_ODTS System/input_Ngy Bo Hnh_dvGDateE")): Object: 'Object Repository/Company/company12/Page_ODTS System/input_Ngy Bo Hnh_dvGDateE' is clicked on

2019-02-22 11:32:21 - [MESSAGE][PASSED] - Object: 'Object Repository/Company/company12/Page_ODTS System/input_Ngy Bo Hnh_dvGDateE' is clicked on

2019-02-22 11:32:21 - [TEST_STEP][PASSED] - click(findTestObject("Object Repository/Company/company12/Page_ODTS System/chonNgayBaoHanh")): Object: 'Object Repository/Company/company12/Page_ODTS System/chonNgayBaoHanh' is clicked on

2019-02-22 11:32:22 - [MESSAGE][PASSED] - Object: 'Object Repository/Company/company12/Page_ODTS System/chonNgayBaoHanh' is clicked on

2019-02-22 11:32:22 - [TEST_STEP][PASSED] - click(findTestObject("Object Repository/Company/company12/Page_ODTS System/chonNgayBaoHanh2")): Object: 'Object Repository/Company/company12/Page_ODTS System/chonNgayBaoHanh2' is clicked on

2019-02-22 11:32:22 - [MESSAGE][PASSED] - Object: 'Object Repository/Company/company12/Page_ODTS System/chonNgayBaoHanh2' is clicked on

2019-02-22 11:32:22 - [TEST_STEP][PASSED] - click(findTestObject("Object Repository/Company/company12/Page_ODTS System/td_4")): Object: 'Object Repository/Company/company12/Page_ODTS System/td_4' is clicked on

2019-02-22 11:32:22 - [MESSAGE][PASSED] - Object: 'Object Repository/Company/company12/Page_ODTS System/td_4' is clicked on

2019-02-22 11:32:22 - [TEST_STEP][PASSED] - waitForAlert(1): No alert found after 1 second(s).

2019-02-22 11:32:23 - [MESSAGE][WARNING] - No alert found after 1 second(s).

2019-02-22 11:32:23 - [TEST_STEP][PASSED] - click(findTestObject("Object Repository/Company/company12/Page_ODTS System/input_Hn Bo Hnh_dvGEndDateE")): Object: 'Object Repository/Company/company12/Page_ODTS System/input_Hn Bo Hnh_dvGEndDateE' is clicked on

2019-02-22 11:32:23 - [MESSAGE][PASSED] - Object: 'Object Repository/Company/company12/Page_ODTS System/input_Hn Bo Hnh_dvGEndDateE' is clicked on

2019-02-22 11:32:23 - [TEST_STEP][PASSED] - click(findTestObject("Object Repository/Company/company12/Page_ODTS System/chonNgayBaoHanh")): Object: 'Object Repository/Company/company12/Page_ODTS System/chonNgayBaoHanh' is clicked on

2019-02-22 11:32:23 - [MESSAGE][PASSED] - Object: 'Object Repository/Company/company12/Page_ODTS System/chonNgayBaoHanh' is clicked on

2019-02-22 11:32:23 - [TEST_STEP][PASSED] - click(findTestObject("Object Repository/Company/company12/Page_ODTS System/chonHanBaoHanh")): Object: 'Object Repository/Company/company12/Page_ODTS System/chonHanBaoHanh' is clicked on

2019-02-22 11:32:23 - [MESSAGE][PASSED] - Object: 'Object Repository/Company/company12/Page_ODTS System/chonHanBaoHanh' is clicked on

2019-02-22 11:32:23 - [TEST_STEP][PASSED] - click(findTestObject("Object Repository/Company/company12/Page_ODTS System/td_10")): Object: 'Object Repository/Company/company12/Page_ODTS System/td_10' is clicked on

2019-02-22 11:32:23 - [MESSAGE][PASSED] - Object: 'Object Repository/Company/company12/Page_ODTS System/td_10' is clicked on

2019-02-22 11:32:23 - [TEST_STEP][PASSED] - waitForAlert(1): No alert found after 1 second(s).

2019-02-22 11:32:24 - [MESSAGE][WARNING] - No alert found after 1 second(s).

2019-02-22 11:32:24 - [TEST_STEP][PASSED] - setText(findTestObject("Object Repository/Company/company12/Page_ODTS System/input_Ip_dvIpE"), "192.168.1.2"): Text '192.168.1.2' is set on object 'Object Repository/Company/company12/Page_ODTS System/input_Ip_dvIpE'

2019-02-22 11:32:25 - [MESSAGE][PASSED] - Text '192.168.1.2' is set on object 'Object Repository/Company/company12/Page_ODTS System/input_Ip_dvIpE'

2019-02-22 11:32:25 - [TEST_STEP][PASSED] - waitForAlert(1): No alert found after 1 second(s).

2019-02-22 11:32:26 - [MESSAGE][WARNING] - No alert found after 1 second(s).

2019-02-22 11:32:26 - [TEST_STEP][PASSED] - setText(findTestObject("Object Repository/Company/company12/Page_ODTS System/input_Port_dvPortE"), "80"): Text '80' is set on object 'Object Repository/Company/company12/Page_ODTS System/input_Port_dvPortE'

2019-02-22 11:32:26 - [MESSAGE][PASSED] - Text '80' is set on object 'Object Repository/Company/company12/Page_ODTS System/input_Port_dvPortE'

2019-02-22 11:32:26 - [TEST_STEP][PASSED] - waitForAlert(1): No alert found after 1 second(s).

2019-02-22 11:32:27 - [MESSAGE][WARNING] - No alert found after 1 second(s).

2019-02-22 11:32:27 - [TEST_STEP][PASSED] - setText(findTestObject("Object Repository/Company/company12/Page_ODTS System/input_Device Account_dvAccE"), "anh22"): Text 'anh22' is set on object 'Object Repository/Company/company12/Page_ODTS System/input_Device Account_dvAccE'

2019-02-22 11:32:27 - [MESSAGE][PASSED] - Text 'anh22' is set on object 'Object Repository/Company/company12/Page_ODTS System/input_Device Account_dvAccE'

2019-02-22 11:32:27 - [TEST_STEP][PASSED] - waitForAlert(1): No alert found after 1 second(s).

2019-02-22 11:32:28 - [MESSAGE][WARNING] - No alert found after 1 second(s).

2019-02-22 11:32:28 - [TEST_STEP][PASSED] - setText(findTestObject("Object Repository/Company/company12/Page_ODTS System/input_Device Password_dvPassE"), "12322"): Text '12322' is set on object 'Object Repository/Company/company12/Page_ODTS System/input_Device Password_dvPassE'

2019-02-22 11:32:28 - [MESSAGE][PASSED] - Text '12322' is set on object 'Object Repository/Company/company12/Page_ODTS System/input_Device Password_dvPassE'

2019-02-22 11:32:28 - [TEST_STEP][PASSED] - waitForAlert(1): No alert found after 1 second(s).

2019-02-22 11:32:29 - [MESSAGE][WARNING] - No alert found after 1 second(s).

2019-02-22 11:32:29 - [TEST_STEP][PASSED] - setText(findTestObject("Object Repository/Company/company12/Page_ODTS System/input_Thng Tin_dvOtherE"), "testdevice22"): Text 'testdevice22' is set on object 'Object Repository/Company/company12/Page_ODTS System/input_Thng Tin_dvOtherE'

2019-02-22 11:32:29 - [MESSAGE][PASSED] - Text 'testdevice22' is set on object 'Object Repository/Company/company12/Page_ODTS System/input_Thng Tin_dvOtherE'

2019-02-22 11:32:29 - [TEST_STEP][PASSED] - waitForAlert(1): No alert found after 1 second(s).

2019-02-22 11:32:30 - [MESSAGE][WARNING] - No alert found after 1 second(s).

2019-02-22 11:32:30 - [TEST_STEP][PASSED] - UDATE = SimpleDateFormat(dd/MM/yyyy).format(getInstance().getTime()): null

2019-02-22 11:32:31 - [TEST_STEP][PASSED] - click(findTestObject("Object Repository/Company/company12/Page_ODTS System/button_Cp Nht")): Object: 'Object Repository/Company/company12/Page_ODTS System/button_Cp Nht' is clicked on

2019-02-22 11:32:31 - [MESSAGE][PASSED] - Object: 'Object Repository/Company/company12/Page_ODTS System/button_Cp Nht' is clicked on

2019-02-22 11:32:31 - [TEST_STEP][PASSED] - click(findTestObject("Object Repository/Company/company12/Page_ODTS System/button_OK")): Object: 'Object Repository/Company/company12/Page_ODTS System/button_OK' is clicked on

2019-02-22 11:32:31 - [MESSAGE][PASSED] - Object: 'Object Repository/Company/company12/Page_ODTS System/button_OK' is clicked on

2019-02-22 11:32:31 - [TEST_STEP][PASSED] - waitForAlert(1): No alert found after 1 second(s).

2019-02-22 11:32:32 - [MESSAGE][WARNING] - No alert found after 1 second(s).

2019-02-22 11:32:32 - [TEST_STEP][PASSED] - click(findTestObject("Object Repository/Company/company12/Page_ODTS System/button_hihi22_btn btn-info fa")): Object: 'Object Repository/Company/company12/Page_ODTS System/button_hihi22_btn btn-info fa' is clicked on

2019-02-22 11:32:32 - [MESSAGE][PASSED] - Object: 'Object Repository/Company/company12/Page_ODTS System/button_hihi22_btn btn-info fa' is clicked on

2019-02-22 11:32:32 - [TEST_STEP][PASSED] - waitForAlert(1): No alert found after 1 second(s).

2019-02-22 11:32:33 - [MESSAGE][WARNING] - No alert found after 1 second(s).

2019-02-22 11:32:33 - [TEST_STEP][PASSED] - verifyElementText(findTestObject("Object Repository/Company/company12/Page_ODTS System/p_anhtest22"), "anhtest22"): Actual text and expected text of test object 'Object Repository/Company/company12/Page_ODTS System/p_anhtest22' are matched.

2019-02-22 11:32:33 - [MESSAGE][PASSED] - Actual text and expected text of test object 'Object Repository/Company/company12/Page_ODTS System/p_anhtest22' are matched.

2019-02-22 11:32:33 - [TEST_STEP][PASSED] - verifyElementText(findTestObject("Object Repository/Company/company12/Page_ODTS System/p_Camera"), "Camera"): Actual text and expected text of test object 'Object Repository/Company/company12/Page_ODTS System/p_Camera' are matched.

2019-02-22 11:32:33 - [MESSAGE][PASSED] - Actual text and expected text of test object 'Object Repository/Company/company12/Page_ODTS System/p_Camera' are matched.

2019-02-22 11:32:33 - [TEST_STEP][PASSED] - verifyElementText(findTestObject("Object Repository/Company/company12/Page_ODTS System/p_hihi22"), "hihi22"): Actual text and expected text of test object 'Object Repository/Company/company12/Page_ODTS System/p_hihi22' are matched.

2019-02-22 11:32:33 - [MESSAGE][PASSED] - Actual text and expected text of test object 'Object Repository/Company/company12/Page_ODTS System/p_hihi22' are matched.

2019-02-22 11:32:33 - [TEST_STEP][PASSED] - verifyElementText(findTestObject("Object Repository/Company/company12/Page_ODTS System/p_04022019"), "04/02/2019"): Actual text and expected text of test object 'Object Repository/Company/company12/Page_ODTS System/p_04022019' are matched.

2019-02-22 11:32:33 - [MESSAGE][PASSED] - Actual text and expected text of test object 'Object Repository/Company/company12/Page_ODTS System/p_04022019' are matched.

2019-02-22 11:32:33 - [TEST_STEP][PASSED] - verifyElementText(findTestObject("Object Repository/Company/company12/Page_ODTS System/p_10042019"), "10/04/2019"): Actual text and expected text of test object 'Object Repository/Company/company12/Page_ODTS System/p_10042019' are matched.

2019-02-22 11:32:33 - [MESSAGE][PASSED] - Actual text and expected text of test object 'Object Repository/Company/company12/Page_ODTS System/p_10042019' are matched.

2019-02-22 11:32:33 - [TEST_STEP][PASSED] - verifyElementText(findTestObject("Object Repository/Company/company12/Page_ODTS System/p_192.168.1.2"), "192.168.1.2"): Actual text and expected text of test object 'Object Repository/Company/company12/Page_ODTS System/p_192.168.1.2' are matched.

2019-02-22 11:32:33 - [MESSAGE][PASSED] - Actual text and expected text of test object 'Object Repository/Company/company12/Page_ODTS System/p_192.168.1.2' are matched.

2019-02-22 11:32:33 - [TEST_STEP][PASSED] - verifyElementText(findTestObject("Object Repository/Company/company12/Page_ODTS System/p_80"), "80"): Actual text and expected text of test object 'Object Repository/Company/company12/Page_ODTS System/p_80' are matched.

2019-02-22 11:32:34 - [MESSAGE][PASSED] - Actual text and expected text of test object 'Object Repository/Company/company12/Page_ODTS System/p_80' are matched.

2019-02-22 11:32:34 - [TEST_STEP][PASSED] - verifyElementText(findTestObject("Object Repository/Company/company12/Page_ODTS System/p_anh22"), "anh22"): Actual text and expected text of test object 'Object Repository/Company/company12/Page_ODTS System/p_anh22' are matched.

2019-02-22 11:32:34 - [MESSAGE][PASSED] - Actual text and expected text of test object 'Object Repository/Company/company12/Page_ODTS System/p_anh22' are matched.

2019-02-22 11:32:34 - [TEST_STEP][PASSED] - verifyElementText(findTestObject("Object Repository/Company/company12/Page_ODTS System/p_12322"), "12322"): Actual text and expected text of test object 'Object Repository/Company/company12/Page_ODTS System/p_12322' are matched.

2019-02-22 11:32:34 - [MESSAGE][PASSED] - Actual text and expected text of test object 'Object Repository/Company/company12/Page_ODTS System/p_12322' are matched.

2019-02-22 11:32:34 - [TEST_STEP][PASSED] - verifyElementText(findTestObject("Object Repository/Company/company12/Page_ODTS System/p_20022019"), "20/02/2019"): Actual text and expected text of test object 'Object Repository/Company/company12/Page_ODTS System/p_20022019' are matched.

2019-02-22 11:32:34 - [MESSAGE][PASSED] - Actual text and expected text of test object 'Object Repository/Company/company12/Page_ODTS System/p_20022019' are matched.

2019-02-22 11:32:34 - [TEST_STEP][PASSED] - verifyElementText(findTestObject("Object Repository/Company/company12/Page_ODTS System/p_22022019"), UDATE): Actual text and expected text of test object 'Object Repository/Company/company12/Page_ODTS System/p_22022019' are matched.

2019-02-22 11:32:34 - [MESSAGE][PASSED] - Actual text and expected text of test object 'Object Repository/Company/company12/Page_ODTS System/p_22022019' are matched.

2019-02-22 11:32:34 - [TEST_STEP][PASSED] - verifyElementText(findTestObject("Object Repository/Company/company12/Page_ODTS System/p_testdevice22"), "testdevice22"): Actual text and expected text of test object 'Object Repository/Company/company12/Page_ODTS System/p_testdevice22' are matched.

2019-02-22 11:32:34 - [MESSAGE][PASSED] - Actual text and expected text of test object 'Object Repository/Company/company12/Page_ODTS System/p_testdevice22' are matched.

2019-02-22 11:32:34 - [TEST_STEP][PASSED] - click(findTestObject("Object Repository/Company/company12/Page_ODTS System/button_ng")): Object: 'Object Repository/Company/company12/Page_ODTS System/button_ng' is clicked on

2019-02-22 11:32:34 - [MESSAGE][PASSED] - Object: 'Object Repository/Company/company12/Page_ODTS System/button_ng' is clicked on

2019-02-22 11:32:34 - [TEST_STEP][PASSED] - closeBrowser(): Browser is closed

2019-02-22 11:32:35 - [MESSAGE][PASSED] - Browser is closed]]></system-out>
         <system-err><![CDATA[]]></system-err>
      </testcase>
      <testcase name="Test Cases/Company/company13" classname="Test Cases/Company/company13" status="FAILED">
         <failure type="FAILED" message="Test Cases/Company/company13 FAILED.
Reason:
com.kms.katalon.core.exception.StepFailedException: Unable to click on object 'Object Repository/Company/company13/Page_ODTS System/button_OK' (Root cause: org.openqa.selenium.StaleElementReferenceException: stale element reference: element is not attached to the page document
  (Session info: chrome=72.0.3626.119)
  (Driver info: chromedriver=2.43.600210 (68dcf5eebde37173d4027fa8635e332711d2874a),platform=Windows NT 10.0.17134 x86_64) (WARNING: The server did not provide any stacktrace information)
Command duration or timeout: 0 milliseconds
For documentation on this error, please visit: http://seleniumhq.org/exceptions/stale_element_reference.html
Build info: version: '3.7.1', revision: '8a0099a', time: '2017-11-06T21:07:36.161Z'
System info: host: 'ANHNVSE63446', ip: '192.168.175.1', os.name: 'Windows 10', os.arch: 'amd64', os.version: '10.0', java.version: '1.8.0_181'
Driver info: com.kms.katalon.selenium.driver.CChromeDriver
Capabilities {acceptInsecureCerts: false, acceptSslCerts: false, applicationCacheEnabled: false, browserConnectionEnabled: false, browserName: chrome, chrome: {chromedriverVersion: 2.43.600210 (68dcf5eebde371..., userDataDir: C:\Users\pc\AppData\Local\T...}, cssSelectorsEnabled: true, databaseEnabled: false, goog:chromeOptions: {debuggerAddress: localhost:64526}, handlesAlerts: true, hasTouchScreen: false, javascriptEnabled: true, locationContextEnabled: true, mobileEmulationEnabled: false, nativeEvents: true, networkConnectionEnabled: false, pageLoadStrategy: normal, platform: XP, platformName: XP, rotatable: false, setWindowRect: true, takesHeapSnapshot: true, takesScreenshot: true, unexpectedAlertBehaviour: , unhandledPromptBehavior: , version: 72.0.3626.119, webStorageEnabled: true}
Session ID: 4e229f415615a1f022a93f34166146ac)
	at com.kms.katalon.core.keyword.internal.KeywordMain.stepFailed(KeywordMain.groovy:36)
	at com.kms.katalon.core.webui.keyword.internal.WebUIKeywordMain.stepFailed(WebUIKeywordMain.groovy:65)
	at com.kms.katalon.core.webui.keyword.internal.WebUIKeywordMain.runKeyword(WebUIKeywordMain.groovy:27)
	at com.kms.katalon.core.webui.keyword.builtin.ClickKeyword.click(ClickKeyword.groovy:86)
	at com.kms.katalon.core.webui.keyword.builtin.ClickKeyword.execute(ClickKeyword.groovy:67)
	at com.kms.katalon.core.keyword.internal.KeywordExecutor.executeKeywordForPlatform(KeywordExecutor.groovy:53)
	at com.kms.katalon.core.webui.keyword.WebUiBuiltInKeywords.click(WebUiBuiltInKeywords.groovy:616)
	at com.kms.katalon.core.webui.keyword.WebUiBuiltInKeywords$click$3.call(Unknown Source)
	at company13.run(company13:43)
	at com.kms.katalon.core.main.ScriptEngine.run(ScriptEngine.java:194)
	at com.kms.katalon.core.main.ScriptEngine.runScriptAsRawText(ScriptEngine.java:119)
	at com.kms.katalon.core.main.TestCaseExecutor.runScript(TestCaseExecutor.java:328)
	at com.kms.katalon.core.main.TestCaseExecutor.doExecute(TestCaseExecutor.java:319)
	at com.kms.katalon.core.main.TestCaseExecutor.processExecutionPhase(TestCaseExecutor.java:298)
	at com.kms.katalon.core.main.TestCaseExecutor.accessMainPhase(TestCaseExecutor.java:290)
	at com.kms.katalon.core.main.TestCaseExecutor.execute(TestCaseExecutor.java:224)
	at com.kms.katalon.core.main.TestSuiteExecutor.accessTestCaseMainPhase(TestSuiteExecutor.java:129)
	at com.kms.katalon.core.main.TestSuiteExecutor.accessTestSuiteMainPhase(TestSuiteExecutor.java:112)
	at com.kms.katalon.core.main.TestSuiteExecutor.execute(TestSuiteExecutor.java:81)
	at com.kms.katalon.core.main.TestCaseMain.startTestSuite(TestCaseMain.java:149)
	at com.kms.katalon.core.main.TestCaseMain$startTestSuite$0.call(Unknown Source)
	at TempTestSuite1550809864161.run(TempTestSuite1550809864161.groovy:36)
"/>
         <system-out><![CDATA[2019-02-22 11:32:35 - [TEST_CASE][FAILED] - Test Cases/Company/company13: Test Cases/Company/company13 FAILED.
Reason:
com.kms.katalon.core.exception.StepFailedException: Unable to click on object 'Object Repository/Company/company13/Page_ODTS System/button_OK' (Root cause: org.openqa.selenium.StaleElementReferenceException: stale element reference: element is not attached to the page document
  (Session info: chrome=72.0.3626.119)
  (Driver info: chromedriver=2.43.600210 (68dcf5eebde37173d4027fa8635e332711d2874a),platform=Windows NT 10.0.17134 x86_64) (WARNING: The server did not provide any stacktrace information)
Command duration or timeout: 0 milliseconds
For documentation on this error, please visit: http://seleniumhq.org/exceptions/stale_element_reference.html
Build info: version: '3.7.1', revision: '8a0099a', time: '2017-11-06T21:07:36.161Z'
System info: host: 'ANHNVSE63446', ip: '192.168.175.1', os.name: 'Windows 10', os.arch: 'amd64', os.version: '10.0', java.version: '1.8.0_181'
Driver info: com.kms.katalon.selenium.driver.CChromeDriver
Capabilities {acceptInsecureCerts: false, acceptSslCerts: false, applicationCacheEnabled: false, browserConnectionEnabled: false, browserName: chrome, chrome: {chromedriverVersion: 2.43.600210 (68dcf5eebde371..., userDataDir: C:\Users\pc\AppData\Local\T...}, cssSelectorsEnabled: true, databaseEnabled: false, goog:chromeOptions: {debuggerAddress: localhost:64526}, handlesAlerts: true, hasTouchScreen: false, javascriptEnabled: true, locationContextEnabled: true, mobileEmulationEnabled: false, nativeEvents: true, networkConnectionEnabled: false, pageLoadStrategy: normal, platform: XP, platformName: XP, rotatable: false, setWindowRect: true, takesHeapSnapshot: true, takesScreenshot: true, unexpectedAlertBehaviour: , unhandledPromptBehavior: , version: 72.0.3626.119, webStorageEnabled: true}
Session ID: 4e229f415615a1f022a93f34166146ac)
	at com.kms.katalon.core.keyword.internal.KeywordMain.stepFailed(KeywordMain.groovy:36)
	at com.kms.katalon.core.webui.keyword.internal.WebUIKeywordMain.stepFailed(WebUIKeywordMain.groovy:65)
	at com.kms.katalon.core.webui.keyword.internal.WebUIKeywordMain.runKeyword(WebUIKeywordMain.groovy:27)
	at com.kms.katalon.core.webui.keyword.builtin.ClickKeyword.click(ClickKeyword.groovy:86)
	at com.kms.katalon.core.webui.keyword.builtin.ClickKeyword.execute(ClickKeyword.groovy:67)
	at com.kms.katalon.core.keyword.internal.KeywordExecutor.executeKeywordForPlatform(KeywordExecutor.groovy:53)
	at com.kms.katalon.core.webui.keyword.WebUiBuiltInKeywords.click(WebUiBuiltInKeywords.groovy:616)
	at com.kms.katalon.core.webui.keyword.WebUiBuiltInKeywords$click$3.call(Unknown Source)
	at company13.run(company13:43)
	at com.kms.katalon.core.main.ScriptEngine.run(ScriptEngine.java:194)
	at com.kms.katalon.core.main.ScriptEngine.runScriptAsRawText(ScriptEngine.java:119)
	at com.kms.katalon.core.main.TestCaseExecutor.runScript(TestCaseExecutor.java:328)
	at com.kms.katalon.core.main.TestCaseExecutor.doExecute(TestCaseExecutor.java:319)
	at com.kms.katalon.core.main.TestCaseExecutor.processExecutionPhase(TestCaseExecutor.java:298)
	at com.kms.katalon.core.main.TestCaseExecutor.accessMainPhase(TestCaseExecutor.java:290)
	at com.kms.katalon.core.main.TestCaseExecutor.execute(TestCaseExecutor.java:224)
	at com.kms.katalon.core.main.TestSuiteExecutor.accessTestCaseMainPhase(TestSuiteExecutor.java:129)
	at com.kms.katalon.core.main.TestSuiteExecutor.accessTestSuiteMainPhase(TestSuiteExecutor.java:112)
	at com.kms.katalon.core.main.TestSuiteExecutor.execute(TestSuiteExecutor.java:81)
	at com.kms.katalon.core.main.TestCaseMain.startTestSuite(TestCaseMain.java:149)
	at com.kms.katalon.core.main.TestCaseMain$startTestSuite$0.call(Unknown Source)
	at TempTestSuite1550809864161.run(TempTestSuite1550809864161.groovy:36)


2019-02-22 11:32:35 - [TEST_STEP][PASSED] - openBrowser(""): Browser is opened with url: ''

2019-02-22 11:32:35 - [MESSAGE][INFO] - Starting 'Chrome' driver

2019-02-22 11:32:37 - [MESSAGE][PASSED] - Browser is opened with url: ''

2019-02-22 11:32:37 - [TEST_STEP][PASSED] - navigateToUrl("http://helpdesk.wisky.vn/"): Navigate to 'http://helpdesk.wisky.vn/' successfully

2019-02-22 11:32:39 - [MESSAGE][PASSED] - Navigate to 'http://helpdesk.wisky.vn/' successfully

2019-02-22 11:32:39 - [TEST_STEP][PASSED] - setText(findTestObject("Object Repository/Company/company13/Page_ODTS System/input_ODTS_username"), "admin01"): Text 'admin01' is set on object 'Object Repository/Company/company13/Page_ODTS System/input_ODTS_username'

2019-02-22 11:32:39 - [MESSAGE][PASSED] - Text 'admin01' is set on object 'Object Repository/Company/company13/Page_ODTS System/input_ODTS_username'

2019-02-22 11:32:39 - [TEST_STEP][PASSED] - setEncryptedText(findTestObject("Object Repository/Company/company13/Page_ODTS System/input_ODTS_password"), "aeHFOx8jV/A="): Text ****** has been set on object 'Object Repository/Company/company13/Page_ODTS System/input_ODTS_password'

2019-02-22 11:32:39 - [MESSAGE][PASSED] - Text ****** has been set on object 'Object Repository/Company/company13/Page_ODTS System/input_ODTS_password'

2019-02-22 11:32:39 - [TEST_STEP][PASSED] - click(findTestObject("Object Repository/Company/company13/Page_ODTS System/button_ng Nhp")): Object: 'Object Repository/Company/company13/Page_ODTS System/button_ng Nhp' is clicked on

2019-02-22 11:32:41 - [MESSAGE][PASSED] - Object: 'Object Repository/Company/company13/Page_ODTS System/button_ng Nhp' is clicked on

2019-02-22 11:32:41 - [TEST_STEP][PASSED] - click(findTestObject("Object Repository/Company/company13/Page_ODTS System/a_Cng Ty")): Object: 'Object Repository/Company/company13/Page_ODTS System/a_Cng Ty' is clicked on

2019-02-22 11:32:41 - [MESSAGE][PASSED] - Object: 'Object Repository/Company/company13/Page_ODTS System/a_Cng Ty' is clicked on

2019-02-22 11:32:41 - [TEST_STEP][PASSED] - click(findTestObject("Object Repository/Company/company13/Page_ODTS System/a_Xem Chi Nhnh")): Object: 'Object Repository/Company/company13/Page_ODTS System/a_Xem Chi Nhnh' is clicked on

2019-02-22 11:32:42 - [MESSAGE][PASSED] - Object: 'Object Repository/Company/company13/Page_ODTS System/a_Xem Chi Nhnh' is clicked on

2019-02-22 11:32:42 - [TEST_STEP][PASSED] - click(findTestObject("Object Repository/Company/company13/Page_ODTS System/a_Xem Thit b")): Object: 'Object Repository/Company/company13/Page_ODTS System/a_Xem Thit b' is clicked on

2019-02-22 11:32:44 - [MESSAGE][PASSED] - Object: 'Object Repository/Company/company13/Page_ODTS System/a_Xem Thit b' is clicked on

2019-02-22 11:32:44 - [TEST_STEP][PASSED] - waitForAlert(1): No alert found after 1 second(s).

2019-02-22 11:32:45 - [MESSAGE][WARNING] - No alert found after 1 second(s).

2019-02-22 11:32:45 - [TEST_STEP][PASSED] - click(findTestObject("Object Repository/Company/company13/Page_ODTS System/fieldSearch")): Object: 'Object Repository/Company/company13/Page_ODTS System/fieldSearch' is clicked on

2019-02-22 11:32:45 - [MESSAGE][PASSED] - Object: 'Object Repository/Company/company13/Page_ODTS System/fieldSearch' is clicked on

2019-02-22 11:32:45 - [TEST_STEP][PASSED] - setText(findTestObject("Object Repository/Company/company13/Page_ODTS System/input"), "anhtest"): Text 'anhtest' is set on object 'Object Repository/Company/company13/Page_ODTS System/input'

2019-02-22 11:32:46 - [MESSAGE][PASSED] - Text 'anhtest' is set on object 'Object Repository/Company/company13/Page_ODTS System/input'

2019-02-22 11:32:46 - [TEST_STEP][PASSED] - click(findTestObject("Object Repository/Company/company13/Page_ODTS System/button_hihi22_btn btn-danger f")): Object: 'Object Repository/Company/company13/Page_ODTS System/button_hihi22_btn btn-danger f' is clicked on

2019-02-22 11:32:46 - [MESSAGE][PASSED] - Object: 'Object Repository/Company/company13/Page_ODTS System/button_hihi22_btn btn-danger f' is clicked on

2019-02-22 11:32:46 - [TEST_STEP][PASSED] - click(findTestObject("Object Repository/Company/company13/Page_ODTS System/button_Chp Nhn Xa")): Object: 'Object Repository/Company/company13/Page_ODTS System/button_Chp Nhn Xa' is clicked on

2019-02-22 11:32:46 - [MESSAGE][PASSED] - Object: 'Object Repository/Company/company13/Page_ODTS System/button_Chp Nhn Xa' is clicked on

2019-02-22 11:32:46 - [TEST_STEP][FAILED] - click(findTestObject("Object Repository/Company/company13/Page_ODTS System/button_OK")): click(findTestObject("Object Repository/Company/company13/Page_ODTS System/button_OK")) FAILED.
Reason:
com.kms.katalon.core.exception.StepFailedException: Unable to click on object 'Object Repository/Company/company13/Page_ODTS System/button_OK' (Root cause: org.openqa.selenium.StaleElementReferenceException: stale element reference: element is not attached to the page document
  (Session info: chrome=72.0.3626.119)
  (Driver info: chromedriver=2.43.600210 (68dcf5eebde37173d4027fa8635e332711d2874a),platform=Windows NT 10.0.17134 x86_64) (WARNING: The server did not provide any stacktrace information)
Command duration or timeout: 0 milliseconds
For documentation on this error, please visit: http://seleniumhq.org/exceptions/stale_element_reference.html
Build info: version: '3.7.1', revision: '8a0099a', time: '2017-11-06T21:07:36.161Z'
System info: host: 'ANHNVSE63446', ip: '192.168.175.1', os.name: 'Windows 10', os.arch: 'amd64', os.version: '10.0', java.version: '1.8.0_181'
Driver info: com.kms.katalon.selenium.driver.CChromeDriver
Capabilities {acceptInsecureCerts: false, acceptSslCerts: false, applicationCacheEnabled: false, browserConnectionEnabled: false, browserName: chrome, chrome: {chromedriverVersion: 2.43.600210 (68dcf5eebde371..., userDataDir: C:\Users\pc\AppData\Local\T...}, cssSelectorsEnabled: true, databaseEnabled: false, goog:chromeOptions: {debuggerAddress: localhost:64526}, handlesAlerts: true, hasTouchScreen: false, javascriptEnabled: true, locationContextEnabled: true, mobileEmulationEnabled: false, nativeEvents: true, networkConnectionEnabled: false, pageLoadStrategy: normal, platform: XP, platformName: XP, rotatable: false, setWindowRect: true, takesHeapSnapshot: true, takesScreenshot: true, unexpectedAlertBehaviour: , unhandledPromptBehavior: , version: 72.0.3626.119, webStorageEnabled: true}
Session ID: 4e229f415615a1f022a93f34166146ac)
	at com.kms.katalon.core.keyword.internal.KeywordMain.stepFailed(KeywordMain.groovy:36)
	at com.kms.katalon.core.webui.keyword.internal.WebUIKeywordMain.stepFailed(WebUIKeywordMain.groovy:65)
	at com.kms.katalon.core.webui.keyword.internal.WebUIKeywordMain.runKeyword(WebUIKeywordMain.groovy:27)
	at com.kms.katalon.core.webui.keyword.builtin.ClickKeyword.click(ClickKeyword.groovy:86)
	at com.kms.katalon.core.webui.keyword.builtin.ClickKeyword.execute(ClickKeyword.groovy:67)
	at com.kms.katalon.core.keyword.internal.KeywordExecutor.executeKeywordForPlatform(KeywordExecutor.groovy:53)
	at com.kms.katalon.core.webui.keyword.WebUiBuiltInKeywords.click(WebUiBuiltInKeywords.groovy:616)
	at com.kms.katalon.core.webui.keyword.WebUiBuiltInKeywords$click$3.call(Unknown Source)
	at company13.run(company13:43)
	at com.kms.katalon.core.main.ScriptEngine.run(ScriptEngine.java:194)
	at com.kms.katalon.core.main.ScriptEngine.runScriptAsRawText(ScriptEngine.java:119)
	at com.kms.katalon.core.main.TestCaseExecutor.runScript(TestCaseExecutor.java:328)
	at com.kms.katalon.core.main.TestCaseExecutor.doExecute(TestCaseExecutor.java:319)
	at com.kms.katalon.core.main.TestCaseExecutor.processExecutionPhase(TestCaseExecutor.java:298)
	at com.kms.katalon.core.main.TestCaseExecutor.accessMainPhase(TestCaseExecutor.java:290)
	at com.kms.katalon.core.main.TestCaseExecutor.execute(TestCaseExecutor.java:224)
	at com.kms.katalon.core.main.TestSuiteExecutor.accessTestCaseMainPhase(TestSuiteExecutor.java:129)
	at com.kms.katalon.core.main.TestSuiteExecutor.accessTestSuiteMainPhase(TestSuiteExecutor.java:112)
	at com.kms.katalon.core.main.TestSuiteExecutor.execute(TestSuiteExecutor.java:81)
	at com.kms.katalon.core.main.TestCaseMain.startTestSuite(TestCaseMain.java:149)
	at com.kms.katalon.core.main.TestCaseMain$startTestSuite$0.call(Unknown Source)
	at TempTestSuite1550809864161.run(TempTestSuite1550809864161.groovy:36)


2019-02-22 11:32:47 - [MESSAGE][FAILED] - Unable to click on object 'Object Repository/Company/company13/Page_ODTS System/button_OK' (Root cause: org.openqa.selenium.StaleElementReferenceException: stale element reference: element is not attached to the page document
  (Session info: chrome=72.0.3626.119)
  (Driver info: chromedriver=2.43.600210 (68dcf5eebde37173d4027fa8635e332711d2874a),platform=Windows NT 10.0.17134 x86_64) (WARNING: The server did not provide any stacktrace information)
Command duration or timeout: 0 milliseconds
For documentation on this error, please visit: http://seleniumhq.org/exceptions/stale_element_reference.html
Build info: version: '3.7.1', revision: '8a0099a', time: '2017-11-06T21:07:36.161Z'
System info: host: 'ANHNVSE63446', ip: '192.168.175.1', os.name: 'Windows 10', os.arch: 'amd64', os.version: '10.0', java.version: '1.8.0_181'
Driver info: com.kms.katalon.selenium.driver.CChromeDriver
Capabilities {acceptInsecureCerts: false, acceptSslCerts: false, applicationCacheEnabled: false, browserConnectionEnabled: false, browserName: chrome, chrome: {chromedriverVersion: 2.43.600210 (68dcf5eebde371..., userDataDir: C:\Users\pc\AppData\Local\T...}, cssSelectorsEnabled: true, databaseEnabled: false, goog:chromeOptions: {debuggerAddress: localhost:64526}, handlesAlerts: true, hasTouchScreen: false, javascriptEnabled: true, locationContextEnabled: true, mobileEmulationEnabled: false, nativeEvents: true, networkConnectionEnabled: false, pageLoadStrategy: normal, platform: XP, platformName: XP, rotatable: false, setWindowRect: true, takesHeapSnapshot: true, takesScreenshot: true, unexpectedAlertBehaviour: , unhandledPromptBehavior: , version: 72.0.3626.119, webStorageEnabled: true}
Session ID: 4e229f415615a1f022a93f34166146ac)
[[ATTACHMENT|C:\\Users\\pc\\Katalon Studio\\Helpdesk\\Reports\\Company10-11-12-13\\20190222_113059\\1550809967072.png]]

2019-02-22 11:32:47 - [MESSAGE][FAILED] - click(findTestObject("Object Repository/Company/company13/Page_ODTS System/button_OK")) FAILED.
Reason:
com.kms.katalon.core.exception.StepFailedException: Unable to click on object 'Object Repository/Company/company13/Page_ODTS System/button_OK' (Root cause: org.openqa.selenium.StaleElementReferenceException: stale element reference: element is not attached to the page document
  (Session info: chrome=72.0.3626.119)
  (Driver info: chromedriver=2.43.600210 (68dcf5eebde37173d4027fa8635e332711d2874a),platform=Windows NT 10.0.17134 x86_64) (WARNING: The server did not provide any stacktrace information)
Command duration or timeout: 0 milliseconds
For documentation on this error, please visit: http://seleniumhq.org/exceptions/stale_element_reference.html
Build info: version: '3.7.1', revision: '8a0099a', time: '2017-11-06T21:07:36.161Z'
System info: host: 'ANHNVSE63446', ip: '192.168.175.1', os.name: 'Windows 10', os.arch: 'amd64', os.version: '10.0', java.version: '1.8.0_181'
Driver info: com.kms.katalon.selenium.driver.CChromeDriver
Capabilities {acceptInsecureCerts: false, acceptSslCerts: false, applicationCacheEnabled: false, browserConnectionEnabled: false, browserName: chrome, chrome: {chromedriverVersion: 2.43.600210 (68dcf5eebde371..., userDataDir: C:\Users\pc\AppData\Local\T...}, cssSelectorsEnabled: true, databaseEnabled: false, goog:chromeOptions: {debuggerAddress: localhost:64526}, handlesAlerts: true, hasTouchScreen: false, javascriptEnabled: true, locationContextEnabled: true, mobileEmulationEnabled: false, nativeEvents: true, networkConnectionEnabled: false, pageLoadStrategy: normal, platform: XP, platformName: XP, rotatable: false, setWindowRect: true, takesHeapSnapshot: true, takesScreenshot: true, unexpectedAlertBehaviour: , unhandledPromptBehavior: , version: 72.0.3626.119, webStorageEnabled: true}
Session ID: 4e229f415615a1f022a93f34166146ac)
	at com.kms.katalon.core.keyword.internal.KeywordMain.stepFailed(KeywordMain.groovy:36)
	at com.kms.katalon.core.webui.keyword.internal.WebUIKeywordMain.stepFailed(WebUIKeywordMain.groovy:65)
	at com.kms.katalon.core.webui.keyword.internal.WebUIKeywordMain.runKeyword(WebUIKeywordMain.groovy:27)
	at com.kms.katalon.core.webui.keyword.builtin.ClickKeyword.click(ClickKeyword.groovy:86)
	at com.kms.katalon.core.webui.keyword.builtin.ClickKeyword.execute(ClickKeyword.groovy:67)
	at com.kms.katalon.core.keyword.internal.KeywordExecutor.executeKeywordForPlatform(KeywordExecutor.groovy:53)
	at com.kms.katalon.core.webui.keyword.WebUiBuiltInKeywords.click(WebUiBuiltInKeywords.groovy:616)
	at com.kms.katalon.core.webui.keyword.WebUiBuiltInKeywords$click$3.call(Unknown Source)
	at company13.run(company13:43)
	at com.kms.katalon.core.main.ScriptEngine.run(ScriptEngine.java:194)
	at com.kms.katalon.core.main.ScriptEngine.runScriptAsRawText(ScriptEngine.java:119)
	at com.kms.katalon.core.main.TestCaseExecutor.runScript(TestCaseExecutor.java:328)
	at com.kms.katalon.core.main.TestCaseExecutor.doExecute(TestCaseExecutor.java:319)
	at com.kms.katalon.core.main.TestCaseExecutor.processExecutionPhase(TestCaseExecutor.java:298)
	at com.kms.katalon.core.main.TestCaseExecutor.accessMainPhase(TestCaseExecutor.java:290)
	at com.kms.katalon.core.main.TestCaseExecutor.execute(TestCaseExecutor.java:224)
	at com.kms.katalon.core.main.TestSuiteExecutor.accessTestCaseMainPhase(TestSuiteExecutor.java:129)
	at com.kms.katalon.core.main.TestSuiteExecutor.accessTestSuiteMainPhase(TestSuiteExecutor.java:112)
	at com.kms.katalon.core.main.TestSuiteExecutor.execute(TestSuiteExecutor.java:81)
	at com.kms.katalon.core.main.TestCaseMain.startTestSuite(TestCaseMain.java:149)
	at com.kms.katalon.core.main.TestCaseMain$startTestSuite$0.call(Unknown Source)
	at TempTestSuite1550809864161.run(TempTestSuite1550809864161.groovy:36)]]></system-out>
         <system-err><![CDATA[2019-02-22 11:32:35 - [TEST_CASE][FAILED] - Test Cases/Company/company13: Test Cases/Company/company13 FAILED.
Reason:
com.kms.katalon.core.exception.StepFailedException: Unable to click on object 'Object Repository/Company/company13/Page_ODTS System/button_OK' (Root cause: org.openqa.selenium.StaleElementReferenceException: stale element reference: element is not attached to the page document
  (Session info: chrome=72.0.3626.119)
  (Driver info: chromedriver=2.43.600210 (68dcf5eebde37173d4027fa8635e332711d2874a),platform=Windows NT 10.0.17134 x86_64) (WARNING: The server did not provide any stacktrace information)
Command duration or timeout: 0 milliseconds
For documentation on this error, please visit: http://seleniumhq.org/exceptions/stale_element_reference.html
Build info: version: '3.7.1', revision: '8a0099a', time: '2017-11-06T21:07:36.161Z'
System info: host: 'ANHNVSE63446', ip: '192.168.175.1', os.name: 'Windows 10', os.arch: 'amd64', os.version: '10.0', java.version: '1.8.0_181'
Driver info: com.kms.katalon.selenium.driver.CChromeDriver
Capabilities {acceptInsecureCerts: false, acceptSslCerts: false, applicationCacheEnabled: false, browserConnectionEnabled: false, browserName: chrome, chrome: {chromedriverVersion: 2.43.600210 (68dcf5eebde371..., userDataDir: C:\Users\pc\AppData\Local\T...}, cssSelectorsEnabled: true, databaseEnabled: false, goog:chromeOptions: {debuggerAddress: localhost:64526}, handlesAlerts: true, hasTouchScreen: false, javascriptEnabled: true, locationContextEnabled: true, mobileEmulationEnabled: false, nativeEvents: true, networkConnectionEnabled: false, pageLoadStrategy: normal, platform: XP, platformName: XP, rotatable: false, setWindowRect: true, takesHeapSnapshot: true, takesScreenshot: true, unexpectedAlertBehaviour: , unhandledPromptBehavior: , version: 72.0.3626.119, webStorageEnabled: true}
Session ID: 4e229f415615a1f022a93f34166146ac)
	at com.kms.katalon.core.keyword.internal.KeywordMain.stepFailed(KeywordMain.groovy:36)
	at com.kms.katalon.core.webui.keyword.internal.WebUIKeywordMain.stepFailed(WebUIKeywordMain.groovy:65)
	at com.kms.katalon.core.webui.keyword.internal.WebUIKeywordMain.runKeyword(WebUIKeywordMain.groovy:27)
	at com.kms.katalon.core.webui.keyword.builtin.ClickKeyword.click(ClickKeyword.groovy:86)
	at com.kms.katalon.core.webui.keyword.builtin.ClickKeyword.execute(ClickKeyword.groovy:67)
	at com.kms.katalon.core.keyword.internal.KeywordExecutor.executeKeywordForPlatform(KeywordExecutor.groovy:53)
	at com.kms.katalon.core.webui.keyword.WebUiBuiltInKeywords.click(WebUiBuiltInKeywords.groovy:616)
	at com.kms.katalon.core.webui.keyword.WebUiBuiltInKeywords$click$3.call(Unknown Source)
	at company13.run(company13:43)
	at com.kms.katalon.core.main.ScriptEngine.run(ScriptEngine.java:194)
	at com.kms.katalon.core.main.ScriptEngine.runScriptAsRawText(ScriptEngine.java:119)
	at com.kms.katalon.core.main.TestCaseExecutor.runScript(TestCaseExecutor.java:328)
	at com.kms.katalon.core.main.TestCaseExecutor.doExecute(TestCaseExecutor.java:319)
	at com.kms.katalon.core.main.TestCaseExecutor.processExecutionPhase(TestCaseExecutor.java:298)
	at com.kms.katalon.core.main.TestCaseExecutor.accessMainPhase(TestCaseExecutor.java:290)
	at com.kms.katalon.core.main.TestCaseExecutor.execute(TestCaseExecutor.java:224)
	at com.kms.katalon.core.main.TestSuiteExecutor.accessTestCaseMainPhase(TestSuiteExecutor.java:129)
	at com.kms.katalon.core.main.TestSuiteExecutor.accessTestSuiteMainPhase(TestSuiteExecutor.java:112)
	at com.kms.katalon.core.main.TestSuiteExecutor.execute(TestSuiteExecutor.java:81)
	at com.kms.katalon.core.main.TestCaseMain.startTestSuite(TestCaseMain.java:149)
	at com.kms.katalon.core.main.TestCaseMain$startTestSuite$0.call(Unknown Source)
	at TempTestSuite1550809864161.run(TempTestSuite1550809864161.groovy:36)]]></system-err>
      </testcase>
      <system-out><![CDATA[2019-02-22 11:31:07 - [TEST_SUITE][FAILED] - Company10-11-12-13: Test Cases/Company/company13 FAILED.
Reason:
com.kms.katalon.core.exception.StepFailedException: Unable to click on object 'Object Repository/Company/company13/Page_ODTS System/button_OK' (Root cause: org.openqa.selenium.StaleElementReferenceException: stale element reference: element is not attached to the page document
  (Session info: chrome=72.0.3626.119)
  (Driver info: chromedriver=2.43.600210 (68dcf5eebde37173d4027fa8635e332711d2874a),platform=Windows NT 10.0.17134 x86_64) (WARNING: The server did not provide any stacktrace information)
Command duration or timeout: 0 milliseconds
For documentation on this error, please visit: http://seleniumhq.org/exceptions/stale_element_reference.html
Build info: version: '3.7.1', revision: '8a0099a', time: '2017-11-06T21:07:36.161Z'
System info: host: 'ANHNVSE63446', ip: '192.168.175.1', os.name: 'Windows 10', os.arch: 'amd64', os.version: '10.0', java.version: '1.8.0_181'
Driver info: com.kms.katalon.selenium.driver.CChromeDriver
Capabilities {acceptInsecureCerts: false, acceptSslCerts: false, applicationCacheEnabled: false, browserConnectionEnabled: false, browserName: chrome, chrome: {chromedriverVersion: 2.43.600210 (68dcf5eebde371..., userDataDir: C:\Users\pc\AppData\Local\T...}, cssSelectorsEnabled: true, databaseEnabled: false, goog:chromeOptions: {debuggerAddress: localhost:64526}, handlesAlerts: true, hasTouchScreen: false, javascriptEnabled: true, locationContextEnabled: true, mobileEmulationEnabled: false, nativeEvents: true, networkConnectionEnabled: false, pageLoadStrategy: normal, platform: XP, platformName: XP, rotatable: false, setWindowRect: true, takesHeapSnapshot: true, takesScreenshot: true, unexpectedAlertBehaviour: , unhandledPromptBehavior: , version: 72.0.3626.119, webStorageEnabled: true}
Session ID: 4e229f415615a1f022a93f34166146ac)
	at com.kms.katalon.core.keyword.internal.KeywordMain.stepFailed(KeywordMain.groovy:36)
	at com.kms.katalon.core.webui.keyword.internal.WebUIKeywordMain.stepFailed(WebUIKeywordMain.groovy:65)
	at com.kms.katalon.core.webui.keyword.internal.WebUIKeywordMain.runKeyword(WebUIKeywordMain.groovy:27)
	at com.kms.katalon.core.webui.keyword.builtin.ClickKeyword.click(ClickKeyword.groovy:86)
	at com.kms.katalon.core.webui.keyword.builtin.ClickKeyword.execute(ClickKeyword.groovy:67)
	at com.kms.katalon.core.keyword.internal.KeywordExecutor.executeKeywordForPlatform(KeywordExecutor.groovy:53)
	at com.kms.katalon.core.webui.keyword.WebUiBuiltInKeywords.click(WebUiBuiltInKeywords.groovy:616)
	at com.kms.katalon.core.webui.keyword.WebUiBuiltInKeywords$click$3.call(Unknown Source)
	at company13.run(company13:43)
	at com.kms.katalon.core.main.ScriptEngine.run(ScriptEngine.java:194)
	at com.kms.katalon.core.main.ScriptEngine.runScriptAsRawText(ScriptEngine.java:119)
	at com.kms.katalon.core.main.TestCaseExecutor.runScript(TestCaseExecutor.java:328)
	at com.kms.katalon.core.main.TestCaseExecutor.doExecute(TestCaseExecutor.java:319)
	at com.kms.katalon.core.main.TestCaseExecutor.processExecutionPhase(TestCaseExecutor.java:298)
	at com.kms.katalon.core.main.TestCaseExecutor.accessMainPhase(TestCaseExecutor.java:290)
	at com.kms.katalon.core.main.TestCaseExecutor.execute(TestCaseExecutor.java:224)
	at com.kms.katalon.core.main.TestSuiteExecutor.accessTestCaseMainPhase(TestSuiteExecutor.java:129)
	at com.kms.katalon.core.main.TestSuiteExecutor.accessTestSuiteMainPhase(TestSuiteExecutor.java:112)
	at com.kms.katalon.core.main.TestSuiteExecutor.execute(TestSuiteExecutor.java:81)
	at com.kms.katalon.core.main.TestCaseMain.startTestSuite(TestCaseMain.java:149)
	at com.kms.katalon.core.main.TestCaseMain$startTestSuite$0.call(Unknown Source)
	at TempTestSuite1550809864161.run(TempTestSuite1550809864161.groovy:36)]]></system-out>
      <system-err><![CDATA[2019-02-22 11:31:07 - [TEST_SUITE][FAILED] - Company10-11-12-13: Test Cases/Company/company13 FAILED.
Reason:
com.kms.katalon.core.exception.StepFailedException: Unable to click on object 'Object Repository/Company/company13/Page_ODTS System/button_OK' (Root cause: org.openqa.selenium.StaleElementReferenceException: stale element reference: element is not attached to the page document
  (Session info: chrome=72.0.3626.119)
  (Driver info: chromedriver=2.43.600210 (68dcf5eebde37173d4027fa8635e332711d2874a),platform=Windows NT 10.0.17134 x86_64) (WARNING: The server did not provide any stacktrace information)
Command duration or timeout: 0 milliseconds
For documentation on this error, please visit: http://seleniumhq.org/exceptions/stale_element_reference.html
Build info: version: '3.7.1', revision: '8a0099a', time: '2017-11-06T21:07:36.161Z'
System info: host: 'ANHNVSE63446', ip: '192.168.175.1', os.name: 'Windows 10', os.arch: 'amd64', os.version: '10.0', java.version: '1.8.0_181'
Driver info: com.kms.katalon.selenium.driver.CChromeDriver
Capabilities {acceptInsecureCerts: false, acceptSslCerts: false, applicationCacheEnabled: false, browserConnectionEnabled: false, browserName: chrome, chrome: {chromedriverVersion: 2.43.600210 (68dcf5eebde371..., userDataDir: C:\Users\pc\AppData\Local\T...}, cssSelectorsEnabled: true, databaseEnabled: false, goog:chromeOptions: {debuggerAddress: localhost:64526}, handlesAlerts: true, hasTouchScreen: false, javascriptEnabled: true, locationContextEnabled: true, mobileEmulationEnabled: false, nativeEvents: true, networkConnectionEnabled: false, pageLoadStrategy: normal, platform: XP, platformName: XP, rotatable: false, setWindowRect: true, takesHeapSnapshot: true, takesScreenshot: true, unexpectedAlertBehaviour: , unhandledPromptBehavior: , version: 72.0.3626.119, webStorageEnabled: true}
Session ID: 4e229f415615a1f022a93f34166146ac)
	at com.kms.katalon.core.keyword.internal.KeywordMain.stepFailed(KeywordMain.groovy:36)
	at com.kms.katalon.core.webui.keyword.internal.WebUIKeywordMain.stepFailed(WebUIKeywordMain.groovy:65)
	at com.kms.katalon.core.webui.keyword.internal.WebUIKeywordMain.runKeyword(WebUIKeywordMain.groovy:27)
	at com.kms.katalon.core.webui.keyword.builtin.ClickKeyword.click(ClickKeyword.groovy:86)
	at com.kms.katalon.core.webui.keyword.builtin.ClickKeyword.execute(ClickKeyword.groovy:67)
	at com.kms.katalon.core.keyword.internal.KeywordExecutor.executeKeywordForPlatform(KeywordExecutor.groovy:53)
	at com.kms.katalon.core.webui.keyword.WebUiBuiltInKeywords.click(WebUiBuiltInKeywords.groovy:616)
	at com.kms.katalon.core.webui.keyword.WebUiBuiltInKeywords$click$3.call(Unknown Source)
	at company13.run(company13:43)
	at com.kms.katalon.core.main.ScriptEngine.run(ScriptEngine.java:194)
	at com.kms.katalon.core.main.ScriptEngine.runScriptAsRawText(ScriptEngine.java:119)
	at com.kms.katalon.core.main.TestCaseExecutor.runScript(TestCaseExecutor.java:328)
	at com.kms.katalon.core.main.TestCaseExecutor.doExecute(TestCaseExecutor.java:319)
	at com.kms.katalon.core.main.TestCaseExecutor.processExecutionPhase(TestCaseExecutor.java:298)
	at com.kms.katalon.core.main.TestCaseExecutor.accessMainPhase(TestCaseExecutor.java:290)
	at com.kms.katalon.core.main.TestCaseExecutor.execute(TestCaseExecutor.java:224)
	at com.kms.katalon.core.main.TestSuiteExecutor.accessTestCaseMainPhase(TestSuiteExecutor.java:129)
	at com.kms.katalon.core.main.TestSuiteExecutor.accessTestSuiteMainPhase(TestSuiteExecutor.java:112)
	at com.kms.katalon.core.main.TestSuiteExecutor.execute(TestSuiteExecutor.java:81)
	at com.kms.katalon.core.main.TestCaseMain.startTestSuite(TestCaseMain.java:149)
	at com.kms.katalon.core.main.TestCaseMain$startTestSuite$0.call(Unknown Source)
	at TempTestSuite1550809864161.run(TempTestSuite1550809864161.groovy:36)]]></system-err>
   </testsuite>
</testsuites>
