<?xml version="1.0" encoding="UTF-8"?>
<testsuites name="ITSupporter01-02-03-04" time="147" tests="2" failures="2" errors="0">
   <testsuite name="ITSupporter01-02-03-04" tests="2" failures="2" errors="0" time="147" timestamp="2019-03-01 15:44:19" hostname="Ninja - AnhNVSE63446" id="Test Suites/ITSupporter01-02-03-04">
      <properties>
         <property name="deviceName" value=""/>
         <property name="devicePlatform" value=""/>
         <property name="logFolder" value="C:\\Users\\pc\\HelpdeskAutomation\\Reports\\ITSupporter01-02-03-04\\20190301_154412"/>
         <property name="logFiles" value="C:\\Users\\pc\\HelpdeskAutomation\\Reports\\ITSupporter01-02-03-04\\20190301_154412\\execution0.log"/>
         <property name="attachments" value="C:\\Users\\pc\\HelpdeskAutomation\\Reports\\ITSupporter01-02-03-04\\20190301_154412\\1551429970429.png, C:\\Users\\pc\\HelpdeskAutomation\\Reports\\ITSupporter01-02-03-04\\20190301_154412\\1551430006627.png"/>
         <property name="hostName" value="Ninja - AnhNVSE63446"/>
         <property name="os" value="Windows 10 64bit"/>
         <property name="katalonVersion" value="5.10.0.1"/>
         <property name="browser" value="Chrome 72.0.3626.119"/>
         <property name="hostAddress" value="192.168.175.1"/>
         <property name="sessionId" value="08c7f330d000f9f176a0733757d894d0"/>
         <property name="seleniumVersion" value="3.7.1"/>
         <property name="proxyInformation" value="ProxyInformation{proxyOption=NO_PROXY, proxyServerType=HTTP, password=, proxyServerAddress=, proxyServerPort=0}"/>
         <property name="platform" value="Windows 10"/>
      </properties>
      <testcase name="Test Cases/ITSupporter/ITSupporter-01" classname="Test Cases/ITSupporter/ITSupporter-01" status="PASSED">
         <system-out><![CDATA[2019-03-01 15:44:20 - [TEST_CASE][PASSED] - Test Cases/ITSupporter/ITSupporter-01: Test Cases/ITSupporter/ITSupporter-01

2019-03-01 15:44:21 - [TEST_STEP][PASSED] - openBrowser(""): Browser is opened with url: ''

2019-03-01 15:44:23 - [MESSAGE][INFO] - Starting 'Chrome' driver

2019-03-01 15:44:23 - [MESSAGE][INFO] - Action delay is set to 0 seconds

2019-03-01 15:44:29 - [MESSAGE][PASSED] - Browser is opened with url: ''

2019-03-01 15:44:29 - [TEST_STEP][PASSED] - navigateToUrl("http://helpdesk.wisky.vn/"): Navigate to 'http://helpdesk.wisky.vn/' successfully

2019-03-01 15:44:31 - [MESSAGE][PASSED] - Navigate to 'http://helpdesk.wisky.vn/' successfully

2019-03-01 15:44:31 - [TEST_STEP][PASSED] - setText(findTestObject("Object Repository/ITSupporter/ITSupporter-01/Page_ODTS System/input_ODTS_username"), "admin01"): Text 'admin01' is set on object 'Object Repository/ITSupporter/ITSupporter-01/Page_ODTS System/input_ODTS_username'

2019-03-01 15:44:32 - [MESSAGE][PASSED] - Text 'admin01' is set on object 'Object Repository/ITSupporter/ITSupporter-01/Page_ODTS System/input_ODTS_username'

2019-03-01 15:44:32 - [TEST_STEP][PASSED] - setEncryptedText(findTestObject("Object Repository/ITSupporter/ITSupporter-01/Page_ODTS System/input_ODTS_password"), "aeHFOx8jV/A="): Text ****** has been set on object 'Object Repository/ITSupporter/ITSupporter-01/Page_ODTS System/input_ODTS_password'

2019-03-01 15:44:33 - [MESSAGE][PASSED] - Text ****** has been set on object 'Object Repository/ITSupporter/ITSupporter-01/Page_ODTS System/input_ODTS_password'

2019-03-01 15:44:33 - [TEST_STEP][PASSED] - click(findTestObject("Object Repository/ITSupporter/ITSupporter-01/Page_ODTS System/button_ng Nhp")): Object: 'Object Repository/ITSupporter/ITSupporter-01/Page_ODTS System/button_ng Nhp' is clicked on

2019-03-01 15:44:36 - [MESSAGE][PASSED] - Object: 'Object Repository/ITSupporter/ITSupporter-01/Page_ODTS System/button_ng Nhp' is clicked on

2019-03-01 15:44:36 - [TEST_STEP][PASSED] - click(findTestObject("Object Repository/ITSupporter/ITSupporter-01/Page_ODTS System/a_Nhn Vin K Thut")): Object: 'Object Repository/ITSupporter/ITSupporter-01/Page_ODTS System/a_Nhn Vin K Thut' is clicked on

2019-03-01 15:44:42 - [MESSAGE][PASSED] - Object: 'Object Repository/ITSupporter/ITSupporter-01/Page_ODTS System/a_Nhn Vin K Thut' is clicked on

2019-03-01 15:44:42 - [TEST_STEP][PASSED] - waitForAlert(1): No alert found after 1 second(s).

2019-03-01 15:44:43 - [MESSAGE][WARNING] - No alert found after 1 second(s).

2019-03-01 15:44:43 - [TEST_STEP][PASSED] - click(findTestObject("Object Repository/ITSupporter/ITSupporter-01/Page_ODTS System/button_To Nhn Vin")): Object: 'Object Repository/ITSupporter/ITSupporter-01/Page_ODTS System/button_To Nhn Vin' is clicked on

2019-03-01 15:44:44 - [MESSAGE][PASSED] - Object: 'Object Repository/ITSupporter/ITSupporter-01/Page_ODTS System/button_To Nhn Vin' is clicked on

2019-03-01 15:44:44 - [TEST_STEP][PASSED] - waitForAlert(1): No alert found after 1 second(s).

2019-03-01 15:44:45 - [MESSAGE][WARNING] - No alert found after 1 second(s).

2019-03-01 15:44:45 - [TEST_STEP][PASSED] - setText(findTestObject("Object Repository/ITSupporter/ITSupporter-01/Page_ODTS System/input_Tn ng Nhp_userNameC"), "anhtest"): Text 'anhtest' is set on object 'Object Repository/ITSupporter/ITSupporter-01/Page_ODTS System/input_Tn ng Nhp_userNameC'

2019-03-01 15:44:46 - [MESSAGE][PASSED] - Text 'anhtest' is set on object 'Object Repository/ITSupporter/ITSupporter-01/Page_ODTS System/input_Tn ng Nhp_userNameC'

2019-03-01 15:44:46 - [TEST_STEP][PASSED] - waitForAlert(1): No alert found after 1 second(s).

2019-03-01 15:44:47 - [MESSAGE][WARNING] - No alert found after 1 second(s).

2019-03-01 15:44:47 - [TEST_STEP][PASSED] - setEncryptedText(findTestObject("Object Repository/ITSupporter/ITSupporter-01/Page_ODTS System/input_Mt Khu_passC"), "aeHFOx8jV/A="): Text ****** has been set on object 'Object Repository/ITSupporter/ITSupporter-01/Page_ODTS System/input_Mt Khu_passC'

2019-03-01 15:44:48 - [MESSAGE][PASSED] - Text ****** has been set on object 'Object Repository/ITSupporter/ITSupporter-01/Page_ODTS System/input_Mt Khu_passC'

2019-03-01 15:44:48 - [TEST_STEP][PASSED] - waitForAlert(1): No alert found after 1 second(s).

2019-03-01 15:44:49 - [MESSAGE][WARNING] - No alert found after 1 second(s).

2019-03-01 15:44:49 - [TEST_STEP][PASSED] - setText(findTestObject("Object Repository/ITSupporter/ITSupporter-01/Page_ODTS System/input_H V Tn_nameC"), "nva"): Text 'nva' is set on object 'Object Repository/ITSupporter/ITSupporter-01/Page_ODTS System/input_H V Tn_nameC'

2019-03-01 15:44:49 - [MESSAGE][PASSED] - Text 'nva' is set on object 'Object Repository/ITSupporter/ITSupporter-01/Page_ODTS System/input_H V Tn_nameC'

2019-03-01 15:44:49 - [TEST_STEP][PASSED] - waitForAlert(1): No alert found after 1 second(s).

2019-03-01 15:44:50 - [MESSAGE][WARNING] - No alert found after 1 second(s).

2019-03-01 15:44:50 - [TEST_STEP][PASSED] - setText(findTestObject("Object Repository/ITSupporter/ITSupporter-01/Page_ODTS System/input_S in Thoi_phoneC"), "1234567890"): Text '1234567890' is set on object 'Object Repository/ITSupporter/ITSupporter-01/Page_ODTS System/input_S in Thoi_phoneC'

2019-03-01 15:44:51 - [MESSAGE][PASSED] - Text '1234567890' is set on object 'Object Repository/ITSupporter/ITSupporter-01/Page_ODTS System/input_S in Thoi_phoneC'

2019-03-01 15:44:51 - [TEST_STEP][PASSED] - waitForAlert(1): No alert found after 1 second(s).

2019-03-01 15:44:52 - [MESSAGE][WARNING] - No alert found after 1 second(s).

2019-03-01 15:44:52 - [TEST_STEP][PASSED] - setText(findTestObject("Object Repository/ITSupporter/ITSupporter-01/Page_ODTS System/input_Email_emailC"), "anh.nguyen@wisky.vn"): Text 'anh.nguyen@wisky.vn' is set on object 'Object Repository/ITSupporter/ITSupporter-01/Page_ODTS System/input_Email_emailC'

2019-03-01 15:44:53 - [MESSAGE][PASSED] - Text 'anh.nguyen@wisky.vn' is set on object 'Object Repository/ITSupporter/ITSupporter-01/Page_ODTS System/input_Email_emailC'

2019-03-01 15:44:53 - [TEST_STEP][PASSED] - waitForAlert(1): No alert found after 1 second(s).

2019-03-01 15:44:54 - [MESSAGE][WARNING] - No alert found after 1 second(s).

2019-03-01 15:44:54 - [TEST_STEP][PASSED] - setText(findTestObject("Object Repository/ITSupporter/ITSupporter-01/Page_ODTS System/input_a Ch Thng Tr_addressC"), "Q12"): Text 'Q12' is set on object 'Object Repository/ITSupporter/ITSupporter-01/Page_ODTS System/input_a Ch Thng Tr_addressC'

2019-03-01 15:44:54 - [MESSAGE][PASSED] - Text 'Q12' is set on object 'Object Repository/ITSupporter/ITSupporter-01/Page_ODTS System/input_a Ch Thng Tr_addressC'

2019-03-01 15:44:54 - [TEST_STEP][PASSED] - waitForAlert(1): No alert found after 1 second(s).

2019-03-01 15:44:56 - [MESSAGE][WARNING] - No alert found after 1 second(s).

2019-03-01 15:44:56 - [TEST_STEP][PASSED] - CDATE = SimpleDateFormat(HH:mm dd/MM/yyyy).format(getInstance().getTime()): null

2019-03-01 15:44:56 - [TEST_STEP][PASSED] - writer = null: null

2019-03-01 15:44:56 - [TEST_STEP][PASSED] - writer2 = null: null

2019-03-01 15:44:56 - [TEST_STEP][PASSED] - try: null

2019-03-01 15:44:56 - [TEST_STEP][PASSED] - writer = new java.io.BufferedWriter(new java.io.OutputStreamWriter(new java.io.FileOutputStream(C:\Users\pc\HelpdeskAutomation\creDateITSupporter.txt), utf-8)): null

2019-03-01 15:44:56 - [TEST_STEP][PASSED] - writer.write(CDATE): null

2019-03-01 15:44:56 - [TEST_STEP][PASSED] - writer2 = new java.io.BufferedWriter(new java.io.OutputStreamWriter(new java.io.FileOutputStream(C:\Users\pc\HelpdeskAutomation\upDateITSupporter.txt), utf-8)): null

2019-03-01 15:44:56 - [TEST_STEP][PASSED] - writer2.write(CDATE): null

2019-03-01 15:44:56 - [TEST_STEP][PASSED] - Finally: null

2019-03-01 15:44:56 - [TEST_STEP][PASSED] - try: null

2019-03-01 15:44:56 - [TEST_STEP][PASSED] - writer.close(): null

2019-03-01 15:44:56 - [TEST_STEP][PASSED] - writer2.close(): null

2019-03-01 15:44:56 - [TEST_STEP][PASSED] - click(findTestObject("Object Repository/ITSupporter/ITSupporter-01/Page_ODTS System/button_To Mi")): Object: 'Object Repository/ITSupporter/ITSupporter-01/Page_ODTS System/button_To Mi' is clicked on

2019-03-01 15:44:57 - [MESSAGE][PASSED] - Object: 'Object Repository/ITSupporter/ITSupporter-01/Page_ODTS System/button_To Mi' is clicked on

2019-03-01 15:44:57 - [TEST_STEP][PASSED] - waitForAlert(1): No alert found after 1 second(s).

2019-03-01 15:44:58 - [MESSAGE][WARNING] - No alert found after 1 second(s).

2019-03-01 15:44:58 - [TEST_STEP][PASSED] - click(findTestObject("Object Repository/ITSupporter/ITSupporter-01/Page_ODTS System/button_OK")): Object: 'Object Repository/ITSupporter/ITSupporter-01/Page_ODTS System/button_OK' is clicked on

2019-03-01 15:44:58 - [MESSAGE][PASSED] - Object: 'Object Repository/ITSupporter/ITSupporter-01/Page_ODTS System/button_OK' is clicked on

2019-03-01 15:44:58 - [TEST_STEP][PASSED] - waitForAlert(1): No alert found after 1 second(s).

2019-03-01 15:44:59 - [MESSAGE][WARNING] - No alert found after 1 second(s).

2019-03-01 15:44:59 - [TEST_STEP][PASSED] - click(findTestObject("Object Repository/ITSupporter/ITSupporter-01/Page_ODTS System/fieldSearch")): Object: 'Object Repository/ITSupporter/ITSupporter-01/Page_ODTS System/fieldSearch' is clicked on

2019-03-01 15:44:59 - [MESSAGE][PASSED] - Object: 'Object Repository/ITSupporter/ITSupporter-01/Page_ODTS System/fieldSearch' is clicked on

2019-03-01 15:44:59 - [TEST_STEP][PASSED] - setText(findTestObject("Object Repository/ITSupporter/ITSupporter-01/Page_ODTS System/input"), "nva anhtest"): Text 'nva anhtest' is set on object 'Object Repository/ITSupporter/ITSupporter-01/Page_ODTS System/input'

2019-03-01 15:45:00 - [MESSAGE][PASSED] - Text 'nva anhtest' is set on object 'Object Repository/ITSupporter/ITSupporter-01/Page_ODTS System/input'

2019-03-01 15:45:00 - [TEST_STEP][PASSED] - verifyElementText(findTestObject("Object Repository/ITSupporter/ITSupporter-01/Page_ODTS System/td_nva"), "nva"): Actual text and expected text of test object 'Object Repository/ITSupporter/ITSupporter-01/Page_ODTS System/td_nva' are matched.

2019-03-01 15:45:00 - [MESSAGE][PASSED] - Actual text and expected text of test object 'Object Repository/ITSupporter/ITSupporter-01/Page_ODTS System/td_nva' are matched.

2019-03-01 15:45:00 - [TEST_STEP][PASSED] - verifyElementText(findTestObject("Object Repository/ITSupporter/ITSupporter-01/Page_ODTS System/td_anhtest"), "anhtest"): Actual text and expected text of test object 'Object Repository/ITSupporter/ITSupporter-01/Page_ODTS System/td_anhtest' are matched.

2019-03-01 15:45:00 - [MESSAGE][PASSED] - Actual text and expected text of test object 'Object Repository/ITSupporter/ITSupporter-01/Page_ODTS System/td_anhtest' are matched.

2019-03-01 15:45:00 - [TEST_STEP][PASSED] - verifyElementText(findTestObject("Object Repository/ITSupporter/ITSupporter-01/Page_ODTS System/td_1234567890"), "1234567890"): Actual text and expected text of test object 'Object Repository/ITSupporter/ITSupporter-01/Page_ODTS System/td_1234567890' are matched.

2019-03-01 15:45:00 - [MESSAGE][PASSED] - Actual text and expected text of test object 'Object Repository/ITSupporter/ITSupporter-01/Page_ODTS System/td_1234567890' are matched.

2019-03-01 15:45:00 - [TEST_STEP][PASSED] - verifyElementText(findTestObject("Object Repository/ITSupporter/ITSupporter-01/Page_ODTS System/td_Online"), "Online"): Actual text and expected text of test object 'Object Repository/ITSupporter/ITSupporter-01/Page_ODTS System/td_Online' are matched.

2019-03-01 15:45:01 - [MESSAGE][PASSED] - Actual text and expected text of test object 'Object Repository/ITSupporter/ITSupporter-01/Page_ODTS System/td_Online' are matched.

2019-03-01 15:45:01 - [TEST_STEP][PASSED] - waitForAlert(1): No alert found after 1 second(s).

2019-03-01 15:45:02 - [MESSAGE][WARNING] - No alert found after 1 second(s).

2019-03-01 15:45:02 - [TEST_STEP][PASSED] - click(findTestObject("Object Repository/ITSupporter/ITSupporter-01/Page_ODTS System/a_H Thng Ti Khon")): Object: 'Object Repository/ITSupporter/ITSupporter-01/Page_ODTS System/a_H Thng Ti Khon' is clicked on

2019-03-01 15:45:02 - [MESSAGE][PASSED] - Object: 'Object Repository/ITSupporter/ITSupporter-01/Page_ODTS System/a_H Thng Ti Khon' is clicked on

2019-03-01 15:45:02 - [TEST_STEP][PASSED] - click(findTestObject("Object Repository/ITSupporter/ITSupporter-01/Page_ODTS System/fieldSearch2")): Object: 'Object Repository/ITSupporter/ITSupporter-01/Page_ODTS System/fieldSearch2' is clicked on

2019-03-01 15:45:03 - [MESSAGE][PASSED] - Object: 'Object Repository/ITSupporter/ITSupporter-01/Page_ODTS System/fieldSearch2' is clicked on

2019-03-01 15:45:03 - [TEST_STEP][PASSED] - setText(findTestObject("Object Repository/ITSupporter/ITSupporter-01/Page_ODTS System/input2"), "itsupporter anhtest"): Text 'itsupporter anhtest' is set on object 'Object Repository/ITSupporter/ITSupporter-01/Page_ODTS System/input2'

2019-03-01 15:45:04 - [MESSAGE][PASSED] - Text 'itsupporter anhtest' is set on object 'Object Repository/ITSupporter/ITSupporter-01/Page_ODTS System/input2'

2019-03-01 15:45:04 - [TEST_STEP][PASSED] - verifyElementText(findTestObject("Object Repository/ITSupporter/ITSupporter-01/Page_ODTS System/role"), "ITSupporter"): Actual text and expected text of test object 'Object Repository/ITSupporter/ITSupporter-01/Page_ODTS System/role' are matched.

2019-03-01 15:45:04 - [MESSAGE][PASSED] - Actual text and expected text of test object 'Object Repository/ITSupporter/ITSupporter-01/Page_ODTS System/role' are matched.

2019-03-01 15:45:04 - [TEST_STEP][PASSED] - verifyElementText(findTestObject("Object Repository/ITSupporter/ITSupporter-01/Page_ODTS System/name"), "anhtest"): Actual text and expected text of test object 'Object Repository/ITSupporter/ITSupporter-01/Page_ODTS System/name' are matched.

2019-03-01 15:45:04 - [MESSAGE][PASSED] - Actual text and expected text of test object 'Object Repository/ITSupporter/ITSupporter-01/Page_ODTS System/name' are matched.

2019-03-01 15:45:04 - [TEST_STEP][PASSED] - verifyElementText(findTestObject("Object Repository/ITSupporter/ITSupporter-01/Page_ODTS System/creDate"), CDATE): Actual text and expected text of test object 'Object Repository/ITSupporter/ITSupporter-01/Page_ODTS System/creDate' are matched.

2019-03-01 15:45:04 - [MESSAGE][PASSED] - Actual text and expected text of test object 'Object Repository/ITSupporter/ITSupporter-01/Page_ODTS System/creDate' are matched.

2019-03-01 15:45:04 - [TEST_STEP][PASSED] - closeBrowser(): Browser is closed

2019-03-01 15:45:05 - [MESSAGE][PASSED] - Browser is closed]]></system-out>
         <system-err><![CDATA[]]></system-err>
      </testcase>
      <testcase name="Test Cases/ITSupporter/ITSupporter-02" classname="Test Cases/ITSupporter/ITSupporter-02" status="PASSED">
         <system-out><![CDATA[2019-03-01 15:45:05 - [TEST_CASE][PASSED] - Test Cases/ITSupporter/ITSupporter-02: Test Cases/ITSupporter/ITSupporter-02

2019-03-01 15:45:06 - [TEST_STEP][PASSED] - openBrowser(""): Browser is opened with url: ''

2019-03-01 15:45:06 - [MESSAGE][INFO] - Starting 'Chrome' driver

2019-03-01 15:45:08 - [MESSAGE][PASSED] - Browser is opened with url: ''

2019-03-01 15:45:08 - [TEST_STEP][PASSED] - navigateToUrl("http://helpdesk.wisky.vn/"): Navigate to 'http://helpdesk.wisky.vn/' successfully

2019-03-01 15:45:13 - [MESSAGE][PASSED] - Navigate to 'http://helpdesk.wisky.vn/' successfully

2019-03-01 15:45:13 - [TEST_STEP][PASSED] - setText(findTestObject("Object Repository/ITSupporter/ITSupporter-02/Page_ODTS System/input_ODTS_username"), "admin01"): Text 'admin01' is set on object 'Object Repository/ITSupporter/ITSupporter-02/Page_ODTS System/input_ODTS_username'

2019-03-01 15:45:13 - [MESSAGE][PASSED] - Text 'admin01' is set on object 'Object Repository/ITSupporter/ITSupporter-02/Page_ODTS System/input_ODTS_username'

2019-03-01 15:45:13 - [TEST_STEP][PASSED] - setEncryptedText(findTestObject("Object Repository/ITSupporter/ITSupporter-02/Page_ODTS System/input_ODTS_password"), "aeHFOx8jV/A="): Text ****** has been set on object 'Object Repository/ITSupporter/ITSupporter-02/Page_ODTS System/input_ODTS_password'

2019-03-01 15:45:14 - [MESSAGE][PASSED] - Text ****** has been set on object 'Object Repository/ITSupporter/ITSupporter-02/Page_ODTS System/input_ODTS_password'

2019-03-01 15:45:14 - [TEST_STEP][PASSED] - click(findTestObject("Object Repository/ITSupporter/ITSupporter-02/Page_ODTS System/button_ng Nhp")): Object: 'Object Repository/ITSupporter/ITSupporter-02/Page_ODTS System/button_ng Nhp' is clicked on

2019-03-01 15:45:14 - [MESSAGE][PASSED] - Object: 'Object Repository/ITSupporter/ITSupporter-02/Page_ODTS System/button_ng Nhp' is clicked on

2019-03-01 15:45:14 - [TEST_STEP][PASSED] - click(findTestObject("Object Repository/ITSupporter/ITSupporter-02/Page_ODTS System/a_Nhn Vin K Thut")): Object: 'Object Repository/ITSupporter/ITSupporter-02/Page_ODTS System/a_Nhn Vin K Thut' is clicked on

2019-03-01 15:45:29 - [MESSAGE][PASSED] - Object: 'Object Repository/ITSupporter/ITSupporter-02/Page_ODTS System/a_Nhn Vin K Thut' is clicked on

2019-03-01 15:45:29 - [TEST_STEP][PASSED] - click(findTestObject("Object Repository/ITSupporter/ITSupporter-02/Page_ODTS System/fieldSearch")): Object: 'Object Repository/ITSupporter/ITSupporter-02/Page_ODTS System/fieldSearch' is clicked on

2019-03-01 15:45:29 - [MESSAGE][PASSED] - Object: 'Object Repository/ITSupporter/ITSupporter-02/Page_ODTS System/fieldSearch' is clicked on

2019-03-01 15:45:29 - [TEST_STEP][PASSED] - setText(findTestObject("Object Repository/ITSupporter/ITSupporter-02/Page_ODTS System/input"), "nva anhtest"): Text 'nva anhtest' is set on object 'Object Repository/ITSupporter/ITSupporter-02/Page_ODTS System/input'

2019-03-01 15:45:30 - [MESSAGE][PASSED] - Text 'nva anhtest' is set on object 'Object Repository/ITSupporter/ITSupporter-02/Page_ODTS System/input'

2019-03-01 15:45:30 - [TEST_STEP][PASSED] - click(findTestObject("Object Repository/ITSupporter/ITSupporter-02/Page_ODTS System/button_Online_btn btn-info fa")): Object: 'Object Repository/ITSupporter/ITSupporter-02/Page_ODTS System/button_Online_btn btn-info fa' is clicked on

2019-03-01 15:45:30 - [MESSAGE][PASSED] - Object: 'Object Repository/ITSupporter/ITSupporter-02/Page_ODTS System/button_Online_btn btn-info fa' is clicked on

2019-03-01 15:45:30 - [TEST_STEP][PASSED] - waitForAlert(1): No alert found after 1 second(s).

2019-03-01 15:45:31 - [MESSAGE][WARNING] - No alert found after 1 second(s).

2019-03-01 15:45:31 - [TEST_STEP][PASSED] - verifyElementText(findTestObject("Object Repository/ITSupporter/ITSupporter-02/Page_ODTS System/p_nva"), "nva"): Actual text and expected text of test object 'Object Repository/ITSupporter/ITSupporter-02/Page_ODTS System/p_nva' are matched.

2019-03-01 15:45:31 - [MESSAGE][PASSED] - Actual text and expected text of test object 'Object Repository/ITSupporter/ITSupporter-02/Page_ODTS System/p_nva' are matched.

2019-03-01 15:45:31 - [TEST_STEP][PASSED] - verifyElementText(findTestObject("Object Repository/ITSupporter/ITSupporter-02/Page_ODTS System/p_1234567890"), "1234567890"): Actual text and expected text of test object 'Object Repository/ITSupporter/ITSupporter-02/Page_ODTS System/p_1234567890' are matched.

2019-03-01 15:45:31 - [MESSAGE][PASSED] - Actual text and expected text of test object 'Object Repository/ITSupporter/ITSupporter-02/Page_ODTS System/p_1234567890' are matched.

2019-03-01 15:45:31 - [TEST_STEP][PASSED] - verifyElementText(findTestObject("Object Repository/ITSupporter/ITSupporter-02/Page_ODTS System/p_anhtest"), "anhtest"): Actual text and expected text of test object 'Object Repository/ITSupporter/ITSupporter-02/Page_ODTS System/p_anhtest' are matched.

2019-03-01 15:45:31 - [MESSAGE][PASSED] - Actual text and expected text of test object 'Object Repository/ITSupporter/ITSupporter-02/Page_ODTS System/p_anhtest' are matched.

2019-03-01 15:45:31 - [TEST_STEP][PASSED] - verifyElementText(findTestObject("Object Repository/ITSupporter/ITSupporter-02/Page_ODTS System/p_anh.nguyenwisky.vn"), "anh.nguyen@wisky.vn"): Actual text and expected text of test object 'Object Repository/ITSupporter/ITSupporter-02/Page_ODTS System/p_anh.nguyenwisky.vn' are matched.

2019-03-01 15:45:31 - [MESSAGE][PASSED] - Actual text and expected text of test object 'Object Repository/ITSupporter/ITSupporter-02/Page_ODTS System/p_anh.nguyenwisky.vn' are matched.

2019-03-01 15:45:31 - [TEST_STEP][PASSED] - verifyElementText(findTestObject("Object Repository/ITSupporter/ITSupporter-02/Page_ODTS System/p_Q12"), "Q12"): Actual text and expected text of test object 'Object Repository/ITSupporter/ITSupporter-02/Page_ODTS System/p_Q12' are matched.

2019-03-01 15:45:32 - [MESSAGE][PASSED] - Actual text and expected text of test object 'Object Repository/ITSupporter/ITSupporter-02/Page_ODTS System/p_Q12' are matched.

2019-03-01 15:45:32 - [TEST_STEP][PASSED] - verifyElementText(findTestObject("Object Repository/ITSupporter/ITSupporter-02/Page_ODTS System/kinhnghiem"), ""): Actual text and expected text of test object 'Object Repository/ITSupporter/ITSupporter-02/Page_ODTS System/kinhnghiem' are matched.

2019-03-01 15:45:32 - [MESSAGE][PASSED] - Actual text and expected text of test object 'Object Repository/ITSupporter/ITSupporter-02/Page_ODTS System/kinhnghiem' are matched.

2019-03-01 15:45:32 - [TEST_STEP][PASSED] - click(findTestObject("Object Repository/ITSupporter/ITSupporter-02/Page_ODTS System/button_ng")): Object: 'Object Repository/ITSupporter/ITSupporter-02/Page_ODTS System/button_ng' is clicked on

2019-03-01 15:45:32 - [MESSAGE][PASSED] - Object: 'Object Repository/ITSupporter/ITSupporter-02/Page_ODTS System/button_ng' is clicked on

2019-03-01 15:45:32 - [TEST_STEP][PASSED] - waitForAlert(1): No alert found after 1 second(s).

2019-03-01 15:45:33 - [MESSAGE][WARNING] - No alert found after 1 second(s).

2019-03-01 15:45:33 - [TEST_STEP][PASSED] - click(findTestObject("Object Repository/ITSupporter/ITSupporter-02/Page_ODTS System/a_H Thng Ti Khon")): Object: 'Object Repository/ITSupporter/ITSupporter-02/Page_ODTS System/a_H Thng Ti Khon' is clicked on

2019-03-01 15:45:33 - [MESSAGE][PASSED] - Object: 'Object Repository/ITSupporter/ITSupporter-02/Page_ODTS System/a_H Thng Ti Khon' is clicked on

2019-03-01 15:45:33 - [TEST_STEP][PASSED] - click(findTestObject("Object Repository/ITSupporter/ITSupporter-02/Page_ODTS System/fieldSearch2")): Object: 'Object Repository/ITSupporter/ITSupporter-02/Page_ODTS System/fieldSearch2' is clicked on

2019-03-01 15:45:34 - [MESSAGE][PASSED] - Object: 'Object Repository/ITSupporter/ITSupporter-02/Page_ODTS System/fieldSearch2' is clicked on

2019-03-01 15:45:34 - [TEST_STEP][PASSED] - setText(findTestObject("Object Repository/ITSupporter/ITSupporter-02/Page_ODTS System/input"), "itsupporter anhtest"): Text 'itsupporter anhtest' is set on object 'Object Repository/ITSupporter/ITSupporter-02/Page_ODTS System/input'

2019-03-01 15:45:35 - [MESSAGE][PASSED] - Text 'itsupporter anhtest' is set on object 'Object Repository/ITSupporter/ITSupporter-02/Page_ODTS System/input'

2019-03-01 15:45:35 - [TEST_STEP][PASSED] - click(findTestObject("Object Repository/ITSupporter/ITSupporter-02/Page_ODTS System/button_anhtest_btn btn-info fa")): Object: 'Object Repository/ITSupporter/ITSupporter-02/Page_ODTS System/button_anhtest_btn btn-info fa' is clicked on

2019-03-01 15:45:35 - [MESSAGE][PASSED] - Object: 'Object Repository/ITSupporter/ITSupporter-02/Page_ODTS System/button_anhtest_btn btn-info fa' is clicked on

2019-03-01 15:45:35 - [TEST_STEP][PASSED] - waitForAlert(1): No alert found after 1 second(s).

2019-03-01 15:45:36 - [MESSAGE][WARNING] - No alert found after 1 second(s).

2019-03-01 15:45:36 - [TEST_STEP][PASSED] - verifyElementText(findTestObject("Object Repository/ITSupporter/ITSupporter-02/Page_ODTS System/p_ITSupporter"), "ITSupporter"): Actual text and expected text of test object 'Object Repository/ITSupporter/ITSupporter-02/Page_ODTS System/p_ITSupporter' are matched.

2019-03-01 15:45:36 - [MESSAGE][PASSED] - Actual text and expected text of test object 'Object Repository/ITSupporter/ITSupporter-02/Page_ODTS System/p_ITSupporter' are matched.

2019-03-01 15:45:36 - [TEST_STEP][PASSED] - verifyElementText(findTestObject("Object Repository/ITSupporter/ITSupporter-02/Page_ODTS System/p_anhtest_1"), "anhtest"): Actual text and expected text of test object 'Object Repository/ITSupporter/ITSupporter-02/Page_ODTS System/p_anhtest_1' are matched.

2019-03-01 15:45:36 - [MESSAGE][PASSED] - Actual text and expected text of test object 'Object Repository/ITSupporter/ITSupporter-02/Page_ODTS System/p_anhtest_1' are matched.

2019-03-01 15:45:36 - [TEST_STEP][PASSED] - CDATE = null: null

2019-03-01 15:45:36 - [TEST_STEP][PASSED] - UDATE = null: null

2019-03-01 15:45:36 - [TEST_STEP][PASSED] - br = null: null

2019-03-01 15:45:36 - [TEST_STEP][PASSED] - try: null

2019-03-01 15:45:36 - [TEST_STEP][PASSED] - br = new java.io.BufferedReader(new java.io.FileReader(C:\Users\pc\HelpdeskAutomation\creDateITSupporter.txt)): null

2019-03-01 15:45:36 - [TEST_STEP][PASSED] - sCurrentLine = <not implemented yet for class: org.codehaus.groovy.ast.expr.EmptyExpression>: null

2019-03-01 15:45:36 - [TEST_STEP][PASSED] - while (sCurrentLine = br.readLine() != null): null

2019-03-01 15:45:36 - [TEST_STEP][PASSED] - CDATE = sCurrentLine: null

2019-03-01 15:45:36 - [TEST_STEP][PASSED] - br = new java.io.BufferedReader(new java.io.FileReader(C:\Users\pc\HelpdeskAutomation\upDateITSupporter.txt)): null

2019-03-01 15:45:36 - [TEST_STEP][PASSED] - sCurrentLine: null

2019-03-01 15:45:36 - [TEST_STEP][PASSED] - while (sCurrentLine = br.readLine() != null): null

2019-03-01 15:45:36 - [TEST_STEP][PASSED] - UDATE = sCurrentLine: null

2019-03-01 15:45:36 - [TEST_STEP][PASSED] - Finally: null

2019-03-01 15:45:36 - [TEST_STEP][PASSED] - br.close(): null

2019-03-01 15:45:36 - [TEST_STEP][PASSED] - verifyElementText(findTestObject("Object Repository/ITSupporter/ITSupporter-02/Page_ODTS System/p_0923 01032019"), CDATE): Actual text and expected text of test object 'Object Repository/ITSupporter/ITSupporter-02/Page_ODTS System/p_0923 01032019' are matched.

2019-03-01 15:45:37 - [MESSAGE][PASSED] - Actual text and expected text of test object 'Object Repository/ITSupporter/ITSupporter-02/Page_ODTS System/p_0923 01032019' are matched.

2019-03-01 15:45:37 - [TEST_STEP][PASSED] - verifyElementText(findTestObject("Object Repository/ITSupporter/ITSupporter-02/Page_ODTS System/p_0923 01032019_1"), UDATE): Actual text and expected text of test object 'Object Repository/ITSupporter/ITSupporter-02/Page_ODTS System/p_0923 01032019_1' are matched.

2019-03-01 15:45:37 - [MESSAGE][PASSED] - Actual text and expected text of test object 'Object Repository/ITSupporter/ITSupporter-02/Page_ODTS System/p_0923 01032019_1' are matched.

2019-03-01 15:45:37 - [TEST_STEP][PASSED] - click(findTestObject("Object Repository/ITSupporter/ITSupporter-02/Page_ODTS System/button_ng")): Object: 'Object Repository/ITSupporter/ITSupporter-02/Page_ODTS System/button_ng' is clicked on

2019-03-01 15:45:37 - [MESSAGE][PASSED] - Object: 'Object Repository/ITSupporter/ITSupporter-02/Page_ODTS System/button_ng' is clicked on

2019-03-01 15:45:37 - [TEST_STEP][PASSED] - closeBrowser(): Browser is closed

2019-03-01 15:45:38 - [MESSAGE][PASSED] - Browser is closed]]></system-out>
         <system-err><![CDATA[]]></system-err>
      </testcase>
      <testcase name="Test Cases/ITSupporter/ITSupporter-03" classname="Test Cases/ITSupporter/ITSupporter-03" status="FAILED">
         <failure type="FAILED" message="Test Cases/ITSupporter/ITSupporter-03 FAILED.
Reason:
com.kms.katalon.core.exception.StepFailedException: Unable to click on object 'Object Repository/ITSupporter/ITSupporter-03/Page_ODTS System/button_Cp Nht' (Root cause: org.openqa.selenium.WebDriverException: unknown error: Element &lt;button type=&quot;submit&quot; class=&quot;btn btn-primary&quot;>...&lt;/button> is not clickable at point (682, 559). Other element would receive the click: &lt;div class=&quot;swal2-container swal2-center swal2-fade swal2-shown&quot; style=&quot;overflow-y: auto;&quot;>...&lt;/div>
  (Session info: chrome=72.0.3626.119)
  (Driver info: chromedriver=2.43.600210 (68dcf5eebde37173d4027fa8635e332711d2874a),platform=Windows NT 10.0.17134 x86_64) (WARNING: The server did not provide any stacktrace information)
Command duration or timeout: 0 milliseconds
Build info: version: '3.7.1', revision: '8a0099a', time: '2017-11-06T21:07:36.161Z'
System info: host: 'ANHNVSE63446', ip: '192.168.175.1', os.name: 'Windows 10', os.arch: 'amd64', os.version: '10.0', java.version: '1.8.0_181'
Driver info: com.kms.katalon.selenium.driver.CChromeDriver
Capabilities {acceptInsecureCerts: false, acceptSslCerts: false, applicationCacheEnabled: false, browserConnectionEnabled: false, browserName: chrome, chrome: {chromedriverVersion: 2.43.600210 (68dcf5eebde371..., userDataDir: C:\Users\pc\AppData\Local\T...}, cssSelectorsEnabled: true, databaseEnabled: false, goog:chromeOptions: {debuggerAddress: localhost:55920}, handlesAlerts: true, hasTouchScreen: false, javascriptEnabled: true, locationContextEnabled: true, mobileEmulationEnabled: false, nativeEvents: true, networkConnectionEnabled: false, pageLoadStrategy: normal, platform: XP, platformName: XP, rotatable: false, setWindowRect: true, takesHeapSnapshot: true, takesScreenshot: true, unexpectedAlertBehaviour: , unhandledPromptBehavior: , version: 72.0.3626.119, webStorageEnabled: true}
Session ID: fc8ac981bd068e44e7e2511261dac93e)
	at com.kms.katalon.core.keyword.internal.KeywordMain.stepFailed(KeywordMain.groovy:36)
	at com.kms.katalon.core.webui.keyword.internal.WebUIKeywordMain.stepFailed(WebUIKeywordMain.groovy:65)
	at com.kms.katalon.core.webui.keyword.internal.WebUIKeywordMain.runKeyword(WebUIKeywordMain.groovy:27)
	at com.kms.katalon.core.webui.keyword.builtin.ClickKeyword.click(ClickKeyword.groovy:86)
	at com.kms.katalon.core.webui.keyword.builtin.ClickKeyword.execute(ClickKeyword.groovy:67)
	at com.kms.katalon.core.keyword.internal.KeywordExecutor.executeKeywordForPlatform(KeywordExecutor.groovy:53)
	at com.kms.katalon.core.webui.keyword.WebUiBuiltInKeywords.click(WebUiBuiltInKeywords.groovy:616)
	at com.kms.katalon.core.webui.keyword.WebUiBuiltInKeywords$click$3.call(Unknown Source)
	at ITSupporter-03.run(ITSupporter-03:117)
	at com.kms.katalon.core.main.ScriptEngine.run(ScriptEngine.java:194)
	at com.kms.katalon.core.main.ScriptEngine.runScriptAsRawText(ScriptEngine.java:119)
	at com.kms.katalon.core.main.TestCaseExecutor.runScript(TestCaseExecutor.java:328)
	at com.kms.katalon.core.main.TestCaseExecutor.doExecute(TestCaseExecutor.java:319)
	at com.kms.katalon.core.main.TestCaseExecutor.processExecutionPhase(TestCaseExecutor.java:298)
	at com.kms.katalon.core.main.TestCaseExecutor.accessMainPhase(TestCaseExecutor.java:290)
	at com.kms.katalon.core.main.TestCaseExecutor.execute(TestCaseExecutor.java:224)
	at com.kms.katalon.core.main.TestSuiteExecutor.accessTestCaseMainPhase(TestSuiteExecutor.java:129)
	at com.kms.katalon.core.main.TestSuiteExecutor.accessTestSuiteMainPhase(TestSuiteExecutor.java:112)
	at com.kms.katalon.core.main.TestSuiteExecutor.execute(TestSuiteExecutor.java:81)
	at com.kms.katalon.core.main.TestCaseMain.startTestSuite(TestCaseMain.java:149)
	at com.kms.katalon.core.main.TestCaseMain$startTestSuite$0.call(Unknown Source)
	at TempTestSuite1551429852652.run(TempTestSuite1551429852652.groovy:36)
"/>
         <system-out><![CDATA[2019-03-01 15:45:38 - [TEST_CASE][FAILED] - Test Cases/ITSupporter/ITSupporter-03: Test Cases/ITSupporter/ITSupporter-03 FAILED.
Reason:
com.kms.katalon.core.exception.StepFailedException: Unable to click on object 'Object Repository/ITSupporter/ITSupporter-03/Page_ODTS System/button_Cp Nht' (Root cause: org.openqa.selenium.WebDriverException: unknown error: Element <button type="submit" class="btn btn-primary">...</button> is not clickable at point (682, 559). Other element would receive the click: <div class="swal2-container swal2-center swal2-fade swal2-shown" style="overflow-y: auto;">...</div>
  (Session info: chrome=72.0.3626.119)
  (Driver info: chromedriver=2.43.600210 (68dcf5eebde37173d4027fa8635e332711d2874a),platform=Windows NT 10.0.17134 x86_64) (WARNING: The server did not provide any stacktrace information)
Command duration or timeout: 0 milliseconds
Build info: version: '3.7.1', revision: '8a0099a', time: '2017-11-06T21:07:36.161Z'
System info: host: 'ANHNVSE63446', ip: '192.168.175.1', os.name: 'Windows 10', os.arch: 'amd64', os.version: '10.0', java.version: '1.8.0_181'
Driver info: com.kms.katalon.selenium.driver.CChromeDriver
Capabilities {acceptInsecureCerts: false, acceptSslCerts: false, applicationCacheEnabled: false, browserConnectionEnabled: false, browserName: chrome, chrome: {chromedriverVersion: 2.43.600210 (68dcf5eebde371..., userDataDir: C:\Users\pc\AppData\Local\T...}, cssSelectorsEnabled: true, databaseEnabled: false, goog:chromeOptions: {debuggerAddress: localhost:55920}, handlesAlerts: true, hasTouchScreen: false, javascriptEnabled: true, locationContextEnabled: true, mobileEmulationEnabled: false, nativeEvents: true, networkConnectionEnabled: false, pageLoadStrategy: normal, platform: XP, platformName: XP, rotatable: false, setWindowRect: true, takesHeapSnapshot: true, takesScreenshot: true, unexpectedAlertBehaviour: , unhandledPromptBehavior: , version: 72.0.3626.119, webStorageEnabled: true}
Session ID: fc8ac981bd068e44e7e2511261dac93e)
	at com.kms.katalon.core.keyword.internal.KeywordMain.stepFailed(KeywordMain.groovy:36)
	at com.kms.katalon.core.webui.keyword.internal.WebUIKeywordMain.stepFailed(WebUIKeywordMain.groovy:65)
	at com.kms.katalon.core.webui.keyword.internal.WebUIKeywordMain.runKeyword(WebUIKeywordMain.groovy:27)
	at com.kms.katalon.core.webui.keyword.builtin.ClickKeyword.click(ClickKeyword.groovy:86)
	at com.kms.katalon.core.webui.keyword.builtin.ClickKeyword.execute(ClickKeyword.groovy:67)
	at com.kms.katalon.core.keyword.internal.KeywordExecutor.executeKeywordForPlatform(KeywordExecutor.groovy:53)
	at com.kms.katalon.core.webui.keyword.WebUiBuiltInKeywords.click(WebUiBuiltInKeywords.groovy:616)
	at com.kms.katalon.core.webui.keyword.WebUiBuiltInKeywords$click$3.call(Unknown Source)
	at ITSupporter-03.run(ITSupporter-03:117)
	at com.kms.katalon.core.main.ScriptEngine.run(ScriptEngine.java:194)
	at com.kms.katalon.core.main.ScriptEngine.runScriptAsRawText(ScriptEngine.java:119)
	at com.kms.katalon.core.main.TestCaseExecutor.runScript(TestCaseExecutor.java:328)
	at com.kms.katalon.core.main.TestCaseExecutor.doExecute(TestCaseExecutor.java:319)
	at com.kms.katalon.core.main.TestCaseExecutor.processExecutionPhase(TestCaseExecutor.java:298)
	at com.kms.katalon.core.main.TestCaseExecutor.accessMainPhase(TestCaseExecutor.java:290)
	at com.kms.katalon.core.main.TestCaseExecutor.execute(TestCaseExecutor.java:224)
	at com.kms.katalon.core.main.TestSuiteExecutor.accessTestCaseMainPhase(TestSuiteExecutor.java:129)
	at com.kms.katalon.core.main.TestSuiteExecutor.accessTestSuiteMainPhase(TestSuiteExecutor.java:112)
	at com.kms.katalon.core.main.TestSuiteExecutor.execute(TestSuiteExecutor.java:81)
	at com.kms.katalon.core.main.TestCaseMain.startTestSuite(TestCaseMain.java:149)
	at com.kms.katalon.core.main.TestCaseMain$startTestSuite$0.call(Unknown Source)
	at TempTestSuite1551429852652.run(TempTestSuite1551429852652.groovy:36)


2019-03-01 15:45:39 - [TEST_STEP][PASSED] - openBrowser(""): Browser is opened with url: ''

2019-03-01 15:45:39 - [MESSAGE][INFO] - Starting 'Chrome' driver

2019-03-01 15:45:41 - [MESSAGE][PASSED] - Browser is opened with url: ''

2019-03-01 15:45:41 - [TEST_STEP][PASSED] - navigateToUrl("http://helpdesk.wisky.vn/"): Navigate to 'http://helpdesk.wisky.vn/' successfully

2019-03-01 15:45:46 - [MESSAGE][PASSED] - Navigate to 'http://helpdesk.wisky.vn/' successfully

2019-03-01 15:45:46 - [TEST_STEP][PASSED] - setText(findTestObject("Object Repository/ITSupporter/ITSupporter-03/Page_ODTS System/input_ODTS_username"), "admin01"): Text 'admin01' is set on object 'Object Repository/ITSupporter/ITSupporter-03/Page_ODTS System/input_ODTS_username'

2019-03-01 15:45:47 - [MESSAGE][PASSED] - Text 'admin01' is set on object 'Object Repository/ITSupporter/ITSupporter-03/Page_ODTS System/input_ODTS_username'

2019-03-01 15:45:47 - [TEST_STEP][PASSED] - setEncryptedText(findTestObject("Object Repository/ITSupporter/ITSupporter-03/Page_ODTS System/input_ODTS_password"), "aeHFOx8jV/A="): Text ****** has been set on object 'Object Repository/ITSupporter/ITSupporter-03/Page_ODTS System/input_ODTS_password'

2019-03-01 15:45:47 - [MESSAGE][PASSED] - Text ****** has been set on object 'Object Repository/ITSupporter/ITSupporter-03/Page_ODTS System/input_ODTS_password'

2019-03-01 15:45:47 - [TEST_STEP][PASSED] - click(findTestObject("Object Repository/ITSupporter/ITSupporter-03/Page_ODTS System/button_ng Nhp")): Object: 'Object Repository/ITSupporter/ITSupporter-03/Page_ODTS System/button_ng Nhp' is clicked on

2019-03-01 15:45:47 - [MESSAGE][PASSED] - Object: 'Object Repository/ITSupporter/ITSupporter-03/Page_ODTS System/button_ng Nhp' is clicked on

2019-03-01 15:45:47 - [TEST_STEP][PASSED] - click(findTestObject("Object Repository/ITSupporter/ITSupporter-03/Page_ODTS System/a_Nhn Vin K Thut")): Object: 'Object Repository/ITSupporter/ITSupporter-03/Page_ODTS System/a_Nhn Vin K Thut' is clicked on

2019-03-01 15:45:52 - [MESSAGE][PASSED] - Object: 'Object Repository/ITSupporter/ITSupporter-03/Page_ODTS System/a_Nhn Vin K Thut' is clicked on

2019-03-01 15:45:52 - [TEST_STEP][PASSED] - click(findTestObject("Object Repository/ITSupporter/ITSupporter-03/Page_ODTS System/fieldSearch")): Object: 'Object Repository/ITSupporter/ITSupporter-03/Page_ODTS System/fieldSearch' is clicked on

2019-03-01 15:45:52 - [MESSAGE][PASSED] - Object: 'Object Repository/ITSupporter/ITSupporter-03/Page_ODTS System/fieldSearch' is clicked on

2019-03-01 15:45:52 - [TEST_STEP][PASSED] - setText(findTestObject("Object Repository/ITSupporter/ITSupporter-03/Page_ODTS System/input"), "nva anhtest"): Text 'nva anhtest' is set on object 'Object Repository/ITSupporter/ITSupporter-03/Page_ODTS System/input'

2019-03-01 15:45:52 - [MESSAGE][PASSED] - Text 'nva anhtest' is set on object 'Object Repository/ITSupporter/ITSupporter-03/Page_ODTS System/input'

2019-03-01 15:45:52 - [TEST_STEP][PASSED] - click(findTestObject("Object Repository/ITSupporter/ITSupporter-03/Page_ODTS System/button_Online_btn btn-warning")): Object: 'Object Repository/ITSupporter/ITSupporter-03/Page_ODTS System/button_Online_btn btn-warning' is clicked on

2019-03-01 15:45:52 - [MESSAGE][PASSED] - Object: 'Object Repository/ITSupporter/ITSupporter-03/Page_ODTS System/button_Online_btn btn-warning' is clicked on

2019-03-01 15:45:52 - [TEST_STEP][PASSED] - waitForAlert(1): No alert found after 1 second(s).

2019-03-01 15:45:53 - [MESSAGE][WARNING] - No alert found after 1 second(s).

2019-03-01 15:45:53 - [TEST_STEP][PASSED] - setText(findTestObject("Object Repository/ITSupporter/ITSupporter-03/Page_ODTS System/input_Tn ng Nhp_userNameE"), "anhtest22"): Text 'anhtest22' is set on object 'Object Repository/ITSupporter/ITSupporter-03/Page_ODTS System/input_Tn ng Nhp_userNameE'

2019-03-01 15:45:54 - [MESSAGE][PASSED] - Text 'anhtest22' is set on object 'Object Repository/ITSupporter/ITSupporter-03/Page_ODTS System/input_Tn ng Nhp_userNameE'

2019-03-01 15:45:54 - [TEST_STEP][PASSED] - waitForAlert(1): No alert found after 1 second(s).

2019-03-01 15:45:55 - [MESSAGE][WARNING] - No alert found after 1 second(s).

2019-03-01 15:45:55 - [TEST_STEP][PASSED] - setText(findTestObject("Object Repository/ITSupporter/ITSupporter-03/Page_ODTS System/input_H V Tn_nameE"), "nva22"): Text 'nva22' is set on object 'Object Repository/ITSupporter/ITSupporter-03/Page_ODTS System/input_H V Tn_nameE'

2019-03-01 15:45:55 - [MESSAGE][PASSED] - Text 'nva22' is set on object 'Object Repository/ITSupporter/ITSupporter-03/Page_ODTS System/input_H V Tn_nameE'

2019-03-01 15:45:55 - [TEST_STEP][PASSED] - waitForAlert(1): No alert found after 1 second(s).

2019-03-01 15:45:56 - [MESSAGE][WARNING] - No alert found after 1 second(s).

2019-03-01 15:45:56 - [TEST_STEP][PASSED] - setText(findTestObject("Object Repository/ITSupporter/ITSupporter-03/Page_ODTS System/input_S in Thoi_phoneE"), "1234567822"): Text '1234567822' is set on object 'Object Repository/ITSupporter/ITSupporter-03/Page_ODTS System/input_S in Thoi_phoneE'

2019-03-01 15:45:56 - [MESSAGE][PASSED] - Text '1234567822' is set on object 'Object Repository/ITSupporter/ITSupporter-03/Page_ODTS System/input_S in Thoi_phoneE'

2019-03-01 15:45:56 - [TEST_STEP][PASSED] - waitForAlert(1): No alert found after 1 second(s).

2019-03-01 15:45:57 - [MESSAGE][WARNING] - No alert found after 1 second(s).

2019-03-01 15:45:57 - [TEST_STEP][PASSED] - setText(findTestObject("Object Repository/ITSupporter/ITSupporter-03/Page_ODTS System/input_Email_emailE"), "anh.nguyen@wisky.vn22"): Text 'anh.nguyen@wisky.vn22' is set on object 'Object Repository/ITSupporter/ITSupporter-03/Page_ODTS System/input_Email_emailE'

2019-03-01 15:45:57 - [MESSAGE][PASSED] - Text 'anh.nguyen@wisky.vn22' is set on object 'Object Repository/ITSupporter/ITSupporter-03/Page_ODTS System/input_Email_emailE'

2019-03-01 15:45:57 - [TEST_STEP][PASSED] - waitForAlert(1): No alert found after 1 second(s).

2019-03-01 15:45:58 - [MESSAGE][WARNING] - No alert found after 1 second(s).

2019-03-01 15:45:58 - [TEST_STEP][PASSED] - setText(findTestObject("Object Repository/ITSupporter/ITSupporter-03/Page_ODTS System/input_a Ch Thng Tr_addressE"), "Q1222"): Text 'Q1222' is set on object 'Object Repository/ITSupporter/ITSupporter-03/Page_ODTS System/input_a Ch Thng Tr_addressE'

2019-03-01 15:45:58 - [MESSAGE][PASSED] - Text 'Q1222' is set on object 'Object Repository/ITSupporter/ITSupporter-03/Page_ODTS System/input_a Ch Thng Tr_addressE'

2019-03-01 15:45:58 - [TEST_STEP][PASSED] - waitForAlert(1): No alert found after 1 second(s).

2019-03-01 15:45:59 - [MESSAGE][WARNING] - No alert found after 1 second(s).

2019-03-01 15:45:59 - [TEST_STEP][PASSED] - click(findTestObject("Object Repository/ITSupporter/ITSupporter-03/Page_ODTS System/button_Ty Chnh Kinh Nghim")): Object: 'Object Repository/ITSupporter/ITSupporter-03/Page_ODTS System/button_Ty Chnh Kinh Nghim' is clicked on

2019-03-01 15:46:00 - [MESSAGE][PASSED] - Object: 'Object Repository/ITSupporter/ITSupporter-03/Page_ODTS System/button_Ty Chnh Kinh Nghim' is clicked on

2019-03-01 15:46:00 - [TEST_STEP][PASSED] - waitForAlert(1): No alert found after 1 second(s).

2019-03-01 15:46:01 - [MESSAGE][WARNING] - No alert found after 1 second(s).

2019-03-01 15:46:01 - [TEST_STEP][PASSED] - selectOptionByValue(findTestObject("Object Repository/ITSupporter/ITSupporter-03/Page_ODTS System/select_CAMERAPOSSOFTWAREEMAILI"), "2", true): All options with value '2' are selected in object 'Object Repository/ITSupporter/ITSupporter-03/Page_ODTS System/select_CAMERAPOSSOFTWAREEMAILI'  using regular expression

2019-03-01 15:46:01 - [MESSAGE][PASSED] - All options with value '2' are selected in object 'Object Repository/ITSupporter/ITSupporter-03/Page_ODTS System/select_CAMERAPOSSOFTWAREEMAILI'  using regular expression

2019-03-01 15:46:01 - [TEST_STEP][PASSED] - setText(findTestObject("Object Repository/ITSupporter/ITSupporter-03/Page_ODTS System/input_Thi Gian lm Vic_monthExp"), "22"): Text '22' is set on object 'Object Repository/ITSupporter/ITSupporter-03/Page_ODTS System/input_Thi Gian lm Vic_monthExp'

2019-03-01 15:46:01 - [MESSAGE][PASSED] - Text '22' is set on object 'Object Repository/ITSupporter/ITSupporter-03/Page_ODTS System/input_Thi Gian lm Vic_monthExp'

2019-03-01 15:46:01 - [TEST_STEP][PASSED] - click(findTestObject("Object Repository/ITSupporter/ITSupporter-03/Page_ODTS System/button_Lu")): Object: 'Object Repository/ITSupporter/ITSupporter-03/Page_ODTS System/button_Lu' is clicked on

2019-03-01 15:46:01 - [MESSAGE][PASSED] - Object: 'Object Repository/ITSupporter/ITSupporter-03/Page_ODTS System/button_Lu' is clicked on

2019-03-01 15:46:01 - [TEST_STEP][PASSED] - waitForAlert(1): No alert found after 1 second(s).

2019-03-01 15:46:02 - [MESSAGE][WARNING] - No alert found after 1 second(s).

2019-03-01 15:46:02 - [TEST_STEP][PASSED] - click(findTestObject("Object Repository/ITSupporter/ITSupporter-03/Page_ODTS System/button_OK")): Object: 'Object Repository/ITSupporter/ITSupporter-03/Page_ODTS System/button_OK' is clicked on

2019-03-01 15:46:02 - [MESSAGE][PASSED] - Object: 'Object Repository/ITSupporter/ITSupporter-03/Page_ODTS System/button_OK' is clicked on

2019-03-01 15:46:02 - [TEST_STEP][PASSED] - waitForAlert(1): No alert found after 1 second(s).

2019-03-01 15:46:03 - [MESSAGE][WARNING] - No alert found after 1 second(s).

2019-03-01 15:46:03 - [TEST_STEP][PASSED] - click(findTestObject("Object Repository/ITSupporter/ITSupporter-03/Page_ODTS System/button_Ty Chnh Kinh Nghim")): Object: 'Object Repository/ITSupporter/ITSupporter-03/Page_ODTS System/button_Ty Chnh Kinh Nghim' is clicked on

2019-03-01 15:46:03 - [MESSAGE][PASSED] - Object: 'Object Repository/ITSupporter/ITSupporter-03/Page_ODTS System/button_Ty Chnh Kinh Nghim' is clicked on

2019-03-01 15:46:03 - [TEST_STEP][PASSED] - waitForAlert(1): No alert found after 1 second(s).

2019-03-01 15:46:04 - [MESSAGE][WARNING] - No alert found after 1 second(s).

2019-03-01 15:46:04 - [TEST_STEP][PASSED] - selectOptionByValue(findTestObject("Object Repository/ITSupporter/ITSupporter-03/Page_ODTS System/select_CAMERAPOSSOFTWAREEMAILI"), "3", true): All options with value '3' are selected in object 'Object Repository/ITSupporter/ITSupporter-03/Page_ODTS System/select_CAMERAPOSSOFTWAREEMAILI'  using regular expression

2019-03-01 15:46:05 - [MESSAGE][PASSED] - All options with value '3' are selected in object 'Object Repository/ITSupporter/ITSupporter-03/Page_ODTS System/select_CAMERAPOSSOFTWAREEMAILI'  using regular expression

2019-03-01 15:46:05 - [TEST_STEP][PASSED] - setText(findTestObject("Object Repository/ITSupporter/ITSupporter-03/Page_ODTS System/input_Thi Gian lm Vic_monthExp"), "11"): Text '11' is set on object 'Object Repository/ITSupporter/ITSupporter-03/Page_ODTS System/input_Thi Gian lm Vic_monthExp'

2019-03-01 15:46:05 - [MESSAGE][PASSED] - Text '11' is set on object 'Object Repository/ITSupporter/ITSupporter-03/Page_ODTS System/input_Thi Gian lm Vic_monthExp'

2019-03-01 15:46:05 - [TEST_STEP][PASSED] - click(findTestObject("Object Repository/ITSupporter/ITSupporter-03/Page_ODTS System/button_Lu")): Object: 'Object Repository/ITSupporter/ITSupporter-03/Page_ODTS System/button_Lu' is clicked on

2019-03-01 15:46:05 - [MESSAGE][PASSED] - Object: 'Object Repository/ITSupporter/ITSupporter-03/Page_ODTS System/button_Lu' is clicked on

2019-03-01 15:46:05 - [TEST_STEP][PASSED] - waitForAlert(1): No alert found after 1 second(s).

2019-03-01 15:46:06 - [MESSAGE][WARNING] - No alert found after 1 second(s).

2019-03-01 15:46:06 - [TEST_STEP][PASSED] - click(findTestObject("Object Repository/ITSupporter/ITSupporter-03/Page_ODTS System/button_OK")): Object: 'Object Repository/ITSupporter/ITSupporter-03/Page_ODTS System/button_OK' is clicked on

2019-03-01 15:46:06 - [MESSAGE][PASSED] - Object: 'Object Repository/ITSupporter/ITSupporter-03/Page_ODTS System/button_OK' is clicked on

2019-03-01 15:46:06 - [TEST_STEP][PASSED] - waitForAlert(1): No alert found after 1 second(s).

2019-03-01 15:46:07 - [MESSAGE][WARNING] - No alert found after 1 second(s).

2019-03-01 15:46:07 - [TEST_STEP][PASSED] - click(findTestObject("Object Repository/ITSupporter/ITSupporter-03/Page_ODTS System/button_Ty Chnh Kinh Nghim")): Object: 'Object Repository/ITSupporter/ITSupporter-03/Page_ODTS System/button_Ty Chnh Kinh Nghim' is clicked on

2019-03-01 15:46:07 - [MESSAGE][PASSED] - Object: 'Object Repository/ITSupporter/ITSupporter-03/Page_ODTS System/button_Ty Chnh Kinh Nghim' is clicked on

2019-03-01 15:46:07 - [TEST_STEP][PASSED] - waitForAlert(1): No alert found after 1 second(s).

2019-03-01 15:46:08 - [MESSAGE][WARNING] - No alert found after 1 second(s).

2019-03-01 15:46:08 - [TEST_STEP][PASSED] - selectOptionByValue(findTestObject("Object Repository/ITSupporter/ITSupporter-03/Page_ODTS System/select_CAMERAPOSSOFTWAREEMAILI"), "15", true): All options with value '15' are selected in object 'Object Repository/ITSupporter/ITSupporter-03/Page_ODTS System/select_CAMERAPOSSOFTWAREEMAILI'  using regular expression

2019-03-01 15:46:08 - [MESSAGE][PASSED] - All options with value '15' are selected in object 'Object Repository/ITSupporter/ITSupporter-03/Page_ODTS System/select_CAMERAPOSSOFTWAREEMAILI'  using regular expression

2019-03-01 15:46:08 - [TEST_STEP][PASSED] - setText(findTestObject("Object Repository/ITSupporter/ITSupporter-03/Page_ODTS System/input_Thi Gian lm Vic_monthExp"), "33"): Text '33' is set on object 'Object Repository/ITSupporter/ITSupporter-03/Page_ODTS System/input_Thi Gian lm Vic_monthExp'

2019-03-01 15:46:09 - [MESSAGE][PASSED] - Text '33' is set on object 'Object Repository/ITSupporter/ITSupporter-03/Page_ODTS System/input_Thi Gian lm Vic_monthExp'

2019-03-01 15:46:09 - [TEST_STEP][PASSED] - click(findTestObject("Object Repository/ITSupporter/ITSupporter-03/Page_ODTS System/button_Lu")): Object: 'Object Repository/ITSupporter/ITSupporter-03/Page_ODTS System/button_Lu' is clicked on

2019-03-01 15:46:09 - [MESSAGE][PASSED] - Object: 'Object Repository/ITSupporter/ITSupporter-03/Page_ODTS System/button_Lu' is clicked on

2019-03-01 15:46:09 - [TEST_STEP][PASSED] - waitForAlert(1): No alert found after 1 second(s).

2019-03-01 15:46:10 - [MESSAGE][WARNING] - No alert found after 1 second(s).

2019-03-01 15:46:10 - [TEST_STEP][PASSED] - click(findTestObject("Object Repository/ITSupporter/ITSupporter-03/Page_ODTS System/button_OK")): Object: 'Object Repository/ITSupporter/ITSupporter-03/Page_ODTS System/button_OK' is clicked on

2019-03-01 15:46:10 - [MESSAGE][PASSED] - Object: 'Object Repository/ITSupporter/ITSupporter-03/Page_ODTS System/button_OK' is clicked on

2019-03-01 15:46:10 - [TEST_STEP][PASSED] - UDATE = SimpleDateFormat(HH:mm dd/MM/yyyy).format(getInstance().getTime()): null

2019-03-01 15:46:10 - [TEST_STEP][PASSED] - writer = null: null

2019-03-01 15:46:10 - [TEST_STEP][PASSED] - try: null

2019-03-01 15:46:10 - [TEST_STEP][PASSED] - writer = new java.io.BufferedWriter(new java.io.OutputStreamWriter(new java.io.FileOutputStream(C:\Users\pc\HelpdeskAutomation\upDateITSupporter.txt), utf-8)): null

2019-03-01 15:46:10 - [TEST_STEP][PASSED] - writer.write(UDATE): null

2019-03-01 15:46:10 - [TEST_STEP][PASSED] - Finally: null

2019-03-01 15:46:10 - [TEST_STEP][PASSED] - try: null

2019-03-01 15:46:10 - [TEST_STEP][PASSED] - writer.close(): null

2019-03-01 15:46:10 - [TEST_STEP][FAILED] - click(findTestObject("Object Repository/ITSupporter/ITSupporter-03/Page_ODTS System/button_Cp Nht")): click(findTestObject("Object Repository/ITSupporter/ITSupporter-03/Page_ODTS System/button_Cp Nht")) FAILED.
Reason:
com.kms.katalon.core.exception.StepFailedException: Unable to click on object 'Object Repository/ITSupporter/ITSupporter-03/Page_ODTS System/button_Cp Nht' (Root cause: org.openqa.selenium.WebDriverException: unknown error: Element <button type="submit" class="btn btn-primary">...</button> is not clickable at point (682, 559). Other element would receive the click: <div class="swal2-container swal2-center swal2-fade swal2-shown" style="overflow-y: auto;">...</div>
  (Session info: chrome=72.0.3626.119)
  (Driver info: chromedriver=2.43.600210 (68dcf5eebde37173d4027fa8635e332711d2874a),platform=Windows NT 10.0.17134 x86_64) (WARNING: The server did not provide any stacktrace information)
Command duration or timeout: 0 milliseconds
Build info: version: '3.7.1', revision: '8a0099a', time: '2017-11-06T21:07:36.161Z'
System info: host: 'ANHNVSE63446', ip: '192.168.175.1', os.name: 'Windows 10', os.arch: 'amd64', os.version: '10.0', java.version: '1.8.0_181'
Driver info: com.kms.katalon.selenium.driver.CChromeDriver
Capabilities {acceptInsecureCerts: false, acceptSslCerts: false, applicationCacheEnabled: false, browserConnectionEnabled: false, browserName: chrome, chrome: {chromedriverVersion: 2.43.600210 (68dcf5eebde371..., userDataDir: C:\Users\pc\AppData\Local\T...}, cssSelectorsEnabled: true, databaseEnabled: false, goog:chromeOptions: {debuggerAddress: localhost:55920}, handlesAlerts: true, hasTouchScreen: false, javascriptEnabled: true, locationContextEnabled: true, mobileEmulationEnabled: false, nativeEvents: true, networkConnectionEnabled: false, pageLoadStrategy: normal, platform: XP, platformName: XP, rotatable: false, setWindowRect: true, takesHeapSnapshot: true, takesScreenshot: true, unexpectedAlertBehaviour: , unhandledPromptBehavior: , version: 72.0.3626.119, webStorageEnabled: true}
Session ID: fc8ac981bd068e44e7e2511261dac93e)
	at com.kms.katalon.core.keyword.internal.KeywordMain.stepFailed(KeywordMain.groovy:36)
	at com.kms.katalon.core.webui.keyword.internal.WebUIKeywordMain.stepFailed(WebUIKeywordMain.groovy:65)
	at com.kms.katalon.core.webui.keyword.internal.WebUIKeywordMain.runKeyword(WebUIKeywordMain.groovy:27)
	at com.kms.katalon.core.webui.keyword.builtin.ClickKeyword.click(ClickKeyword.groovy:86)
	at com.kms.katalon.core.webui.keyword.builtin.ClickKeyword.execute(ClickKeyword.groovy:67)
	at com.kms.katalon.core.keyword.internal.KeywordExecutor.executeKeywordForPlatform(KeywordExecutor.groovy:53)
	at com.kms.katalon.core.webui.keyword.WebUiBuiltInKeywords.click(WebUiBuiltInKeywords.groovy:616)
	at com.kms.katalon.core.webui.keyword.WebUiBuiltInKeywords$click$3.call(Unknown Source)
	at ITSupporter-03.run(ITSupporter-03:117)
	at com.kms.katalon.core.main.ScriptEngine.run(ScriptEngine.java:194)
	at com.kms.katalon.core.main.ScriptEngine.runScriptAsRawText(ScriptEngine.java:119)
	at com.kms.katalon.core.main.TestCaseExecutor.runScript(TestCaseExecutor.java:328)
	at com.kms.katalon.core.main.TestCaseExecutor.doExecute(TestCaseExecutor.java:319)
	at com.kms.katalon.core.main.TestCaseExecutor.processExecutionPhase(TestCaseExecutor.java:298)
	at com.kms.katalon.core.main.TestCaseExecutor.accessMainPhase(TestCaseExecutor.java:290)
	at com.kms.katalon.core.main.TestCaseExecutor.execute(TestCaseExecutor.java:224)
	at com.kms.katalon.core.main.TestSuiteExecutor.accessTestCaseMainPhase(TestSuiteExecutor.java:129)
	at com.kms.katalon.core.main.TestSuiteExecutor.accessTestSuiteMainPhase(TestSuiteExecutor.java:112)
	at com.kms.katalon.core.main.TestSuiteExecutor.execute(TestSuiteExecutor.java:81)
	at com.kms.katalon.core.main.TestCaseMain.startTestSuite(TestCaseMain.java:149)
	at com.kms.katalon.core.main.TestCaseMain$startTestSuite$0.call(Unknown Source)
	at TempTestSuite1551429852652.run(TempTestSuite1551429852652.groovy:36)


2019-03-01 15:46:10 - [MESSAGE][FAILED] - Unable to click on object 'Object Repository/ITSupporter/ITSupporter-03/Page_ODTS System/button_Cp Nht' (Root cause: org.openqa.selenium.WebDriverException: unknown error: Element <button type="submit" class="btn btn-primary">...</button> is not clickable at point (682, 559). Other element would receive the click: <div class="swal2-container swal2-center swal2-fade swal2-shown" style="overflow-y: auto;">...</div>
  (Session info: chrome=72.0.3626.119)
  (Driver info: chromedriver=2.43.600210 (68dcf5eebde37173d4027fa8635e332711d2874a),platform=Windows NT 10.0.17134 x86_64) (WARNING: The server did not provide any stacktrace information)
Command duration or timeout: 0 milliseconds
Build info: version: '3.7.1', revision: '8a0099a', time: '2017-11-06T21:07:36.161Z'
System info: host: 'ANHNVSE63446', ip: '192.168.175.1', os.name: 'Windows 10', os.arch: 'amd64', os.version: '10.0', java.version: '1.8.0_181'
Driver info: com.kms.katalon.selenium.driver.CChromeDriver
Capabilities {acceptInsecureCerts: false, acceptSslCerts: false, applicationCacheEnabled: false, browserConnectionEnabled: false, browserName: chrome, chrome: {chromedriverVersion: 2.43.600210 (68dcf5eebde371..., userDataDir: C:\Users\pc\AppData\Local\T...}, cssSelectorsEnabled: true, databaseEnabled: false, goog:chromeOptions: {debuggerAddress: localhost:55920}, handlesAlerts: true, hasTouchScreen: false, javascriptEnabled: true, locationContextEnabled: true, mobileEmulationEnabled: false, nativeEvents: true, networkConnectionEnabled: false, pageLoadStrategy: normal, platform: XP, platformName: XP, rotatable: false, setWindowRect: true, takesHeapSnapshot: true, takesScreenshot: true, unexpectedAlertBehaviour: , unhandledPromptBehavior: , version: 72.0.3626.119, webStorageEnabled: true}
Session ID: fc8ac981bd068e44e7e2511261dac93e)
[[ATTACHMENT|C:\\Users\\pc\\HelpdeskAutomation\\Reports\\ITSupporter01-02-03-04\\20190301_154412\\1551429970429.png]]

2019-03-01 15:46:10 - [MESSAGE][FAILED] - click(findTestObject("Object Repository/ITSupporter/ITSupporter-03/Page_ODTS System/button_Cp Nht")) FAILED.
Reason:
com.kms.katalon.core.exception.StepFailedException: Unable to click on object 'Object Repository/ITSupporter/ITSupporter-03/Page_ODTS System/button_Cp Nht' (Root cause: org.openqa.selenium.WebDriverException: unknown error: Element <button type="submit" class="btn btn-primary">...</button> is not clickable at point (682, 559). Other element would receive the click: <div class="swal2-container swal2-center swal2-fade swal2-shown" style="overflow-y: auto;">...</div>
  (Session info: chrome=72.0.3626.119)
  (Driver info: chromedriver=2.43.600210 (68dcf5eebde37173d4027fa8635e332711d2874a),platform=Windows NT 10.0.17134 x86_64) (WARNING: The server did not provide any stacktrace information)
Command duration or timeout: 0 milliseconds
Build info: version: '3.7.1', revision: '8a0099a', time: '2017-11-06T21:07:36.161Z'
System info: host: 'ANHNVSE63446', ip: '192.168.175.1', os.name: 'Windows 10', os.arch: 'amd64', os.version: '10.0', java.version: '1.8.0_181'
Driver info: com.kms.katalon.selenium.driver.CChromeDriver
Capabilities {acceptInsecureCerts: false, acceptSslCerts: false, applicationCacheEnabled: false, browserConnectionEnabled: false, browserName: chrome, chrome: {chromedriverVersion: 2.43.600210 (68dcf5eebde371..., userDataDir: C:\Users\pc\AppData\Local\T...}, cssSelectorsEnabled: true, databaseEnabled: false, goog:chromeOptions: {debuggerAddress: localhost:55920}, handlesAlerts: true, hasTouchScreen: false, javascriptEnabled: true, locationContextEnabled: true, mobileEmulationEnabled: false, nativeEvents: true, networkConnectionEnabled: false, pageLoadStrategy: normal, platform: XP, platformName: XP, rotatable: false, setWindowRect: true, takesHeapSnapshot: true, takesScreenshot: true, unexpectedAlertBehaviour: , unhandledPromptBehavior: , version: 72.0.3626.119, webStorageEnabled: true}
Session ID: fc8ac981bd068e44e7e2511261dac93e)
	at com.kms.katalon.core.keyword.internal.KeywordMain.stepFailed(KeywordMain.groovy:36)
	at com.kms.katalon.core.webui.keyword.internal.WebUIKeywordMain.stepFailed(WebUIKeywordMain.groovy:65)
	at com.kms.katalon.core.webui.keyword.internal.WebUIKeywordMain.runKeyword(WebUIKeywordMain.groovy:27)
	at com.kms.katalon.core.webui.keyword.builtin.ClickKeyword.click(ClickKeyword.groovy:86)
	at com.kms.katalon.core.webui.keyword.builtin.ClickKeyword.execute(ClickKeyword.groovy:67)
	at com.kms.katalon.core.keyword.internal.KeywordExecutor.executeKeywordForPlatform(KeywordExecutor.groovy:53)
	at com.kms.katalon.core.webui.keyword.WebUiBuiltInKeywords.click(WebUiBuiltInKeywords.groovy:616)
	at com.kms.katalon.core.webui.keyword.WebUiBuiltInKeywords$click$3.call(Unknown Source)
	at ITSupporter-03.run(ITSupporter-03:117)
	at com.kms.katalon.core.main.ScriptEngine.run(ScriptEngine.java:194)
	at com.kms.katalon.core.main.ScriptEngine.runScriptAsRawText(ScriptEngine.java:119)
	at com.kms.katalon.core.main.TestCaseExecutor.runScript(TestCaseExecutor.java:328)
	at com.kms.katalon.core.main.TestCaseExecutor.doExecute(TestCaseExecutor.java:319)
	at com.kms.katalon.core.main.TestCaseExecutor.processExecutionPhase(TestCaseExecutor.java:298)
	at com.kms.katalon.core.main.TestCaseExecutor.accessMainPhase(TestCaseExecutor.java:290)
	at com.kms.katalon.core.main.TestCaseExecutor.execute(TestCaseExecutor.java:224)
	at com.kms.katalon.core.main.TestSuiteExecutor.accessTestCaseMainPhase(TestSuiteExecutor.java:129)
	at com.kms.katalon.core.main.TestSuiteExecutor.accessTestSuiteMainPhase(TestSuiteExecutor.java:112)
	at com.kms.katalon.core.main.TestSuiteExecutor.execute(TestSuiteExecutor.java:81)
	at com.kms.katalon.core.main.TestCaseMain.startTestSuite(TestCaseMain.java:149)
	at com.kms.katalon.core.main.TestCaseMain$startTestSuite$0.call(Unknown Source)
	at TempTestSuite1551429852652.run(TempTestSuite1551429852652.groovy:36)]]></system-out>
         <system-err><![CDATA[2019-03-01 15:45:38 - [TEST_CASE][FAILED] - Test Cases/ITSupporter/ITSupporter-03: Test Cases/ITSupporter/ITSupporter-03 FAILED.
Reason:
com.kms.katalon.core.exception.StepFailedException: Unable to click on object 'Object Repository/ITSupporter/ITSupporter-03/Page_ODTS System/button_Cp Nht' (Root cause: org.openqa.selenium.WebDriverException: unknown error: Element <button type="submit" class="btn btn-primary">...</button> is not clickable at point (682, 559). Other element would receive the click: <div class="swal2-container swal2-center swal2-fade swal2-shown" style="overflow-y: auto;">...</div>
  (Session info: chrome=72.0.3626.119)
  (Driver info: chromedriver=2.43.600210 (68dcf5eebde37173d4027fa8635e332711d2874a),platform=Windows NT 10.0.17134 x86_64) (WARNING: The server did not provide any stacktrace information)
Command duration or timeout: 0 milliseconds
Build info: version: '3.7.1', revision: '8a0099a', time: '2017-11-06T21:07:36.161Z'
System info: host: 'ANHNVSE63446', ip: '192.168.175.1', os.name: 'Windows 10', os.arch: 'amd64', os.version: '10.0', java.version: '1.8.0_181'
Driver info: com.kms.katalon.selenium.driver.CChromeDriver
Capabilities {acceptInsecureCerts: false, acceptSslCerts: false, applicationCacheEnabled: false, browserConnectionEnabled: false, browserName: chrome, chrome: {chromedriverVersion: 2.43.600210 (68dcf5eebde371..., userDataDir: C:\Users\pc\AppData\Local\T...}, cssSelectorsEnabled: true, databaseEnabled: false, goog:chromeOptions: {debuggerAddress: localhost:55920}, handlesAlerts: true, hasTouchScreen: false, javascriptEnabled: true, locationContextEnabled: true, mobileEmulationEnabled: false, nativeEvents: true, networkConnectionEnabled: false, pageLoadStrategy: normal, platform: XP, platformName: XP, rotatable: false, setWindowRect: true, takesHeapSnapshot: true, takesScreenshot: true, unexpectedAlertBehaviour: , unhandledPromptBehavior: , version: 72.0.3626.119, webStorageEnabled: true}
Session ID: fc8ac981bd068e44e7e2511261dac93e)
	at com.kms.katalon.core.keyword.internal.KeywordMain.stepFailed(KeywordMain.groovy:36)
	at com.kms.katalon.core.webui.keyword.internal.WebUIKeywordMain.stepFailed(WebUIKeywordMain.groovy:65)
	at com.kms.katalon.core.webui.keyword.internal.WebUIKeywordMain.runKeyword(WebUIKeywordMain.groovy:27)
	at com.kms.katalon.core.webui.keyword.builtin.ClickKeyword.click(ClickKeyword.groovy:86)
	at com.kms.katalon.core.webui.keyword.builtin.ClickKeyword.execute(ClickKeyword.groovy:67)
	at com.kms.katalon.core.keyword.internal.KeywordExecutor.executeKeywordForPlatform(KeywordExecutor.groovy:53)
	at com.kms.katalon.core.webui.keyword.WebUiBuiltInKeywords.click(WebUiBuiltInKeywords.groovy:616)
	at com.kms.katalon.core.webui.keyword.WebUiBuiltInKeywords$click$3.call(Unknown Source)
	at ITSupporter-03.run(ITSupporter-03:117)
	at com.kms.katalon.core.main.ScriptEngine.run(ScriptEngine.java:194)
	at com.kms.katalon.core.main.ScriptEngine.runScriptAsRawText(ScriptEngine.java:119)
	at com.kms.katalon.core.main.TestCaseExecutor.runScript(TestCaseExecutor.java:328)
	at com.kms.katalon.core.main.TestCaseExecutor.doExecute(TestCaseExecutor.java:319)
	at com.kms.katalon.core.main.TestCaseExecutor.processExecutionPhase(TestCaseExecutor.java:298)
	at com.kms.katalon.core.main.TestCaseExecutor.accessMainPhase(TestCaseExecutor.java:290)
	at com.kms.katalon.core.main.TestCaseExecutor.execute(TestCaseExecutor.java:224)
	at com.kms.katalon.core.main.TestSuiteExecutor.accessTestCaseMainPhase(TestSuiteExecutor.java:129)
	at com.kms.katalon.core.main.TestSuiteExecutor.accessTestSuiteMainPhase(TestSuiteExecutor.java:112)
	at com.kms.katalon.core.main.TestSuiteExecutor.execute(TestSuiteExecutor.java:81)
	at com.kms.katalon.core.main.TestCaseMain.startTestSuite(TestCaseMain.java:149)
	at com.kms.katalon.core.main.TestCaseMain$startTestSuite$0.call(Unknown Source)
	at TempTestSuite1551429852652.run(TempTestSuite1551429852652.groovy:36)]]></system-err>
      </testcase>
      <testcase name="Test Cases/ITSupporter/ITSupporter-04" classname="Test Cases/ITSupporter/ITSupporter-04" status="FAILED">
         <failure type="FAILED" message="Test Cases/ITSupporter/ITSupporter-04 FAILED.
Reason:
com.kms.katalon.core.exception.StepFailedException: Unable to click on object 'Object Repository/ITSupporter/ITSupporter-04/Page_ODTS System/a_H Thng Ti Khon' (Root cause: org.openqa.selenium.WebDriverException: unknown error: Element &lt;a href=&quot;/Account&quot;>...&lt;/a> is not clickable at point (115, 416). Other element would receive the click: &lt;div class=&quot;swal2-container swal2-center swal2-fade swal2-shown&quot; style=&quot;overflow-y: auto;&quot;>...&lt;/div>
  (Session info: chrome=72.0.3626.119)
  (Driver info: chromedriver=2.43.600210 (68dcf5eebde37173d4027fa8635e332711d2874a),platform=Windows NT 10.0.17134 x86_64) (WARNING: The server did not provide any stacktrace information)
Command duration or timeout: 0 milliseconds
Build info: version: '3.7.1', revision: '8a0099a', time: '2017-11-06T21:07:36.161Z'
System info: host: 'ANHNVSE63446', ip: '192.168.175.1', os.name: 'Windows 10', os.arch: 'amd64', os.version: '10.0', java.version: '1.8.0_181'
Driver info: com.kms.katalon.selenium.driver.CChromeDriver
Capabilities {acceptInsecureCerts: false, acceptSslCerts: false, applicationCacheEnabled: false, browserConnectionEnabled: false, browserName: chrome, chrome: {chromedriverVersion: 2.43.600210 (68dcf5eebde371..., userDataDir: C:\Users\pc\AppData\Local\T...}, cssSelectorsEnabled: true, databaseEnabled: false, goog:chromeOptions: {debuggerAddress: localhost:55957}, handlesAlerts: true, hasTouchScreen: false, javascriptEnabled: true, locationContextEnabled: true, mobileEmulationEnabled: false, nativeEvents: true, networkConnectionEnabled: false, pageLoadStrategy: normal, platform: XP, platformName: XP, rotatable: false, setWindowRect: true, takesHeapSnapshot: true, takesScreenshot: true, unexpectedAlertBehaviour: , unhandledPromptBehavior: , version: 72.0.3626.119, webStorageEnabled: true}
Session ID: 08c7f330d000f9f176a0733757d894d0)
	at com.kms.katalon.core.keyword.internal.KeywordMain.stepFailed(KeywordMain.groovy:36)
	at com.kms.katalon.core.webui.keyword.internal.WebUIKeywordMain.stepFailed(WebUIKeywordMain.groovy:65)
	at com.kms.katalon.core.webui.keyword.internal.WebUIKeywordMain.runKeyword(WebUIKeywordMain.groovy:27)
	at com.kms.katalon.core.webui.keyword.builtin.ClickKeyword.click(ClickKeyword.groovy:86)
	at com.kms.katalon.core.webui.keyword.builtin.ClickKeyword.execute(ClickKeyword.groovy:67)
	at com.kms.katalon.core.keyword.internal.KeywordExecutor.executeKeywordForPlatform(KeywordExecutor.groovy:53)
	at com.kms.katalon.core.webui.keyword.WebUiBuiltInKeywords.click(WebUiBuiltInKeywords.groovy:616)
	at com.kms.katalon.core.webui.keyword.WebUiBuiltInKeywords$click$3.call(Unknown Source)
	at ITSupporter-04.run(ITSupporter-04:56)
	at com.kms.katalon.core.main.ScriptEngine.run(ScriptEngine.java:194)
	at com.kms.katalon.core.main.ScriptEngine.runScriptAsRawText(ScriptEngine.java:119)
	at com.kms.katalon.core.main.TestCaseExecutor.runScript(TestCaseExecutor.java:328)
	at com.kms.katalon.core.main.TestCaseExecutor.doExecute(TestCaseExecutor.java:319)
	at com.kms.katalon.core.main.TestCaseExecutor.processExecutionPhase(TestCaseExecutor.java:298)
	at com.kms.katalon.core.main.TestCaseExecutor.accessMainPhase(TestCaseExecutor.java:290)
	at com.kms.katalon.core.main.TestCaseExecutor.execute(TestCaseExecutor.java:224)
	at com.kms.katalon.core.main.TestSuiteExecutor.accessTestCaseMainPhase(TestSuiteExecutor.java:129)
	at com.kms.katalon.core.main.TestSuiteExecutor.accessTestSuiteMainPhase(TestSuiteExecutor.java:112)
	at com.kms.katalon.core.main.TestSuiteExecutor.execute(TestSuiteExecutor.java:81)
	at com.kms.katalon.core.main.TestCaseMain.startTestSuite(TestCaseMain.java:149)
	at com.kms.katalon.core.main.TestCaseMain$startTestSuite$0.call(Unknown Source)
	at TempTestSuite1551429852652.run(TempTestSuite1551429852652.groovy:36)
"/>
         <system-out><![CDATA[2019-03-01 15:46:10 - [TEST_CASE][FAILED] - Test Cases/ITSupporter/ITSupporter-04: Test Cases/ITSupporter/ITSupporter-04 FAILED.
Reason:
com.kms.katalon.core.exception.StepFailedException: Unable to click on object 'Object Repository/ITSupporter/ITSupporter-04/Page_ODTS System/a_H Thng Ti Khon' (Root cause: org.openqa.selenium.WebDriverException: unknown error: Element <a href="/Account">...</a> is not clickable at point (115, 416). Other element would receive the click: <div class="swal2-container swal2-center swal2-fade swal2-shown" style="overflow-y: auto;">...</div>
  (Session info: chrome=72.0.3626.119)
  (Driver info: chromedriver=2.43.600210 (68dcf5eebde37173d4027fa8635e332711d2874a),platform=Windows NT 10.0.17134 x86_64) (WARNING: The server did not provide any stacktrace information)
Command duration or timeout: 0 milliseconds
Build info: version: '3.7.1', revision: '8a0099a', time: '2017-11-06T21:07:36.161Z'
System info: host: 'ANHNVSE63446', ip: '192.168.175.1', os.name: 'Windows 10', os.arch: 'amd64', os.version: '10.0', java.version: '1.8.0_181'
Driver info: com.kms.katalon.selenium.driver.CChromeDriver
Capabilities {acceptInsecureCerts: false, acceptSslCerts: false, applicationCacheEnabled: false, browserConnectionEnabled: false, browserName: chrome, chrome: {chromedriverVersion: 2.43.600210 (68dcf5eebde371..., userDataDir: C:\Users\pc\AppData\Local\T...}, cssSelectorsEnabled: true, databaseEnabled: false, goog:chromeOptions: {debuggerAddress: localhost:55957}, handlesAlerts: true, hasTouchScreen: false, javascriptEnabled: true, locationContextEnabled: true, mobileEmulationEnabled: false, nativeEvents: true, networkConnectionEnabled: false, pageLoadStrategy: normal, platform: XP, platformName: XP, rotatable: false, setWindowRect: true, takesHeapSnapshot: true, takesScreenshot: true, unexpectedAlertBehaviour: , unhandledPromptBehavior: , version: 72.0.3626.119, webStorageEnabled: true}
Session ID: 08c7f330d000f9f176a0733757d894d0)
	at com.kms.katalon.core.keyword.internal.KeywordMain.stepFailed(KeywordMain.groovy:36)
	at com.kms.katalon.core.webui.keyword.internal.WebUIKeywordMain.stepFailed(WebUIKeywordMain.groovy:65)
	at com.kms.katalon.core.webui.keyword.internal.WebUIKeywordMain.runKeyword(WebUIKeywordMain.groovy:27)
	at com.kms.katalon.core.webui.keyword.builtin.ClickKeyword.click(ClickKeyword.groovy:86)
	at com.kms.katalon.core.webui.keyword.builtin.ClickKeyword.execute(ClickKeyword.groovy:67)
	at com.kms.katalon.core.keyword.internal.KeywordExecutor.executeKeywordForPlatform(KeywordExecutor.groovy:53)
	at com.kms.katalon.core.webui.keyword.WebUiBuiltInKeywords.click(WebUiBuiltInKeywords.groovy:616)
	at com.kms.katalon.core.webui.keyword.WebUiBuiltInKeywords$click$3.call(Unknown Source)
	at ITSupporter-04.run(ITSupporter-04:56)
	at com.kms.katalon.core.main.ScriptEngine.run(ScriptEngine.java:194)
	at com.kms.katalon.core.main.ScriptEngine.runScriptAsRawText(ScriptEngine.java:119)
	at com.kms.katalon.core.main.TestCaseExecutor.runScript(TestCaseExecutor.java:328)
	at com.kms.katalon.core.main.TestCaseExecutor.doExecute(TestCaseExecutor.java:319)
	at com.kms.katalon.core.main.TestCaseExecutor.processExecutionPhase(TestCaseExecutor.java:298)
	at com.kms.katalon.core.main.TestCaseExecutor.accessMainPhase(TestCaseExecutor.java:290)
	at com.kms.katalon.core.main.TestCaseExecutor.execute(TestCaseExecutor.java:224)
	at com.kms.katalon.core.main.TestSuiteExecutor.accessTestCaseMainPhase(TestSuiteExecutor.java:129)
	at com.kms.katalon.core.main.TestSuiteExecutor.accessTestSuiteMainPhase(TestSuiteExecutor.java:112)
	at com.kms.katalon.core.main.TestSuiteExecutor.execute(TestSuiteExecutor.java:81)
	at com.kms.katalon.core.main.TestCaseMain.startTestSuite(TestCaseMain.java:149)
	at com.kms.katalon.core.main.TestCaseMain$startTestSuite$0.call(Unknown Source)
	at TempTestSuite1551429852652.run(TempTestSuite1551429852652.groovy:36)


2019-03-01 15:46:11 - [TEST_STEP][PASSED] - openBrowser(""): Browser is opened with url: ''

2019-03-01 15:46:11 - [MESSAGE][WARNING] - A browser is already opened. Closing browser and opening a new one

2019-03-01 15:46:11 - [MESSAGE][INFO] - Starting 'Chrome' driver

2019-03-01 15:46:14 - [MESSAGE][PASSED] - Browser is opened with url: ''

2019-03-01 15:46:14 - [TEST_STEP][PASSED] - navigateToUrl("http://helpdesk.wisky.vn/"): Navigate to 'http://helpdesk.wisky.vn/' successfully

2019-03-01 15:46:17 - [MESSAGE][PASSED] - Navigate to 'http://helpdesk.wisky.vn/' successfully

2019-03-01 15:46:17 - [TEST_STEP][PASSED] - setText(findTestObject("Object Repository/ITSupporter/ITSupporter-04/Page_ODTS System/input_ODTS_username"), "admin01"): Text 'admin01' is set on object 'Object Repository/ITSupporter/ITSupporter-04/Page_ODTS System/input_ODTS_username'

2019-03-01 15:46:17 - [MESSAGE][PASSED] - Text 'admin01' is set on object 'Object Repository/ITSupporter/ITSupporter-04/Page_ODTS System/input_ODTS_username'

2019-03-01 15:46:17 - [TEST_STEP][PASSED] - setEncryptedText(findTestObject("Object Repository/ITSupporter/ITSupporter-04/Page_ODTS System/input_ODTS_password"), "aeHFOx8jV/A="): Text ****** has been set on object 'Object Repository/ITSupporter/ITSupporter-04/Page_ODTS System/input_ODTS_password'

2019-03-01 15:46:17 - [MESSAGE][PASSED] - Text ****** has been set on object 'Object Repository/ITSupporter/ITSupporter-04/Page_ODTS System/input_ODTS_password'

2019-03-01 15:46:17 - [TEST_STEP][PASSED] - click(findTestObject("Object Repository/ITSupporter/ITSupporter-04/Page_ODTS System/button_ng Nhp")): Object: 'Object Repository/ITSupporter/ITSupporter-04/Page_ODTS System/button_ng Nhp' is clicked on

2019-03-01 15:46:17 - [MESSAGE][PASSED] - Object: 'Object Repository/ITSupporter/ITSupporter-04/Page_ODTS System/button_ng Nhp' is clicked on

2019-03-01 15:46:17 - [TEST_STEP][PASSED] - click(findTestObject("Object Repository/ITSupporter/ITSupporter-04/Page_ODTS System/a_Nhn Vin K Thut")): Object: 'Object Repository/ITSupporter/ITSupporter-04/Page_ODTS System/a_Nhn Vin K Thut' is clicked on

2019-03-01 15:46:21 - [MESSAGE][PASSED] - Object: 'Object Repository/ITSupporter/ITSupporter-04/Page_ODTS System/a_Nhn Vin K Thut' is clicked on

2019-03-01 15:46:21 - [TEST_STEP][PASSED] - click(findTestObject("Object Repository/ITSupporter/ITSupporter-04/Page_ODTS System/fieldSearch")): Object: 'Object Repository/ITSupporter/ITSupporter-04/Page_ODTS System/fieldSearch' is clicked on

2019-03-01 15:46:21 - [MESSAGE][PASSED] - Object: 'Object Repository/ITSupporter/ITSupporter-04/Page_ODTS System/fieldSearch' is clicked on

2019-03-01 15:46:21 - [TEST_STEP][PASSED] - setText(findTestObject("Object Repository/ITSupporter/ITSupporter-04/Page_ODTS System/input"), "nva22 anhtest22"): Text 'nva22 anhtest22' is set on object 'Object Repository/ITSupporter/ITSupporter-04/Page_ODTS System/input'

2019-03-01 15:46:21 - [MESSAGE][PASSED] - Text 'nva22 anhtest22' is set on object 'Object Repository/ITSupporter/ITSupporter-04/Page_ODTS System/input'

2019-03-01 15:46:21 - [TEST_STEP][PASSED] - click(findTestObject("Object Repository/ITSupporter/ITSupporter-04/Page_ODTS System/button_Online_btn btn-danger f")): Object: 'Object Repository/ITSupporter/ITSupporter-04/Page_ODTS System/button_Online_btn btn-danger f' is clicked on

2019-03-01 15:46:44 - [MESSAGE][PASSED] - Object: 'Object Repository/ITSupporter/ITSupporter-04/Page_ODTS System/button_Online_btn btn-danger f' is clicked on

2019-03-01 15:46:44 - [TEST_STEP][PASSED] - waitForAlert(1): No alert found after 1 second(s).

2019-03-01 15:46:45 - [MESSAGE][WARNING] - No alert found after 1 second(s).

2019-03-01 15:46:45 - [TEST_STEP][PASSED] - writer2 = new java.io.PrintWriter(C:\Users\pc\HelpdeskAutomation\creDateITSupporter.txt): null

2019-03-01 15:46:45 - [TEST_STEP][PASSED] - writer2.print(""): null

2019-03-01 15:46:45 - [TEST_STEP][PASSED] - writer2.close(): null

2019-03-01 15:46:45 - [TEST_STEP][PASSED] - writer = new java.io.PrintWriter(C:\Users\pc\HelpdeskAutomation\upDateITSupporter.txt): null

2019-03-01 15:46:45 - [TEST_STEP][PASSED] - writer.print(""): null

2019-03-01 15:46:45 - [TEST_STEP][PASSED] - writer.close(): null

2019-03-01 15:46:45 - [TEST_STEP][PASSED] - click(findTestObject("Object Repository/ITSupporter/ITSupporter-04/Page_ODTS System/button_Chp Nhn Xa")): Object: 'Object Repository/ITSupporter/ITSupporter-04/Page_ODTS System/button_Chp Nhn Xa' is clicked on

2019-03-01 15:46:45 - [MESSAGE][PASSED] - Object: 'Object Repository/ITSupporter/ITSupporter-04/Page_ODTS System/button_Chp Nhn Xa' is clicked on

2019-03-01 15:46:45 - [TEST_STEP][PASSED] - waitForAlert(1): No alert found after 1 second(s).

2019-03-01 15:46:46 - [MESSAGE][WARNING] - No alert found after 1 second(s).

2019-03-01 15:46:46 - [TEST_STEP][PASSED] - click(findTestObject("Object Repository/ITSupporter/ITSupporter-04/Page_ODTS System/button_OK")): Object: 'Object Repository/ITSupporter/ITSupporter-04/Page_ODTS System/button_OK' is clicked on

2019-03-01 15:46:46 - [MESSAGE][PASSED] - Object: 'Object Repository/ITSupporter/ITSupporter-04/Page_ODTS System/button_OK' is clicked on

2019-03-01 15:46:46 - [TEST_STEP][PASSED] - verifyElementVisible(findTestObject("Object Repository/ITSupporter/ITSupporter-04/Page_ODTS System/td_Khng c d liu ph hp")): Object 'Object Repository/ITSupporter/ITSupporter-04/Page_ODTS System/td_Khng c d liu ph hp' is visible

2019-03-01 15:46:46 - [MESSAGE][PASSED] - Object 'Object Repository/ITSupporter/ITSupporter-04/Page_ODTS System/td_Khng c d liu ph hp' is visible

2019-03-01 15:46:46 - [TEST_STEP][FAILED] - click(findTestObject("Object Repository/ITSupporter/ITSupporter-04/Page_ODTS System/a_H Thng Ti Khon")): click(findTestObject("Object Repository/ITSupporter/ITSupporter-04/Page_ODTS System/a_H Thng Ti Khon")) FAILED.
Reason:
com.kms.katalon.core.exception.StepFailedException: Unable to click on object 'Object Repository/ITSupporter/ITSupporter-04/Page_ODTS System/a_H Thng Ti Khon' (Root cause: org.openqa.selenium.WebDriverException: unknown error: Element <a href="/Account">...</a> is not clickable at point (115, 416). Other element would receive the click: <div class="swal2-container swal2-center swal2-fade swal2-shown" style="overflow-y: auto;">...</div>
  (Session info: chrome=72.0.3626.119)
  (Driver info: chromedriver=2.43.600210 (68dcf5eebde37173d4027fa8635e332711d2874a),platform=Windows NT 10.0.17134 x86_64) (WARNING: The server did not provide any stacktrace information)
Command duration or timeout: 0 milliseconds
Build info: version: '3.7.1', revision: '8a0099a', time: '2017-11-06T21:07:36.161Z'
System info: host: 'ANHNVSE63446', ip: '192.168.175.1', os.name: 'Windows 10', os.arch: 'amd64', os.version: '10.0', java.version: '1.8.0_181'
Driver info: com.kms.katalon.selenium.driver.CChromeDriver
Capabilities {acceptInsecureCerts: false, acceptSslCerts: false, applicationCacheEnabled: false, browserConnectionEnabled: false, browserName: chrome, chrome: {chromedriverVersion: 2.43.600210 (68dcf5eebde371..., userDataDir: C:\Users\pc\AppData\Local\T...}, cssSelectorsEnabled: true, databaseEnabled: false, goog:chromeOptions: {debuggerAddress: localhost:55957}, handlesAlerts: true, hasTouchScreen: false, javascriptEnabled: true, locationContextEnabled: true, mobileEmulationEnabled: false, nativeEvents: true, networkConnectionEnabled: false, pageLoadStrategy: normal, platform: XP, platformName: XP, rotatable: false, setWindowRect: true, takesHeapSnapshot: true, takesScreenshot: true, unexpectedAlertBehaviour: , unhandledPromptBehavior: , version: 72.0.3626.119, webStorageEnabled: true}
Session ID: 08c7f330d000f9f176a0733757d894d0)
	at com.kms.katalon.core.keyword.internal.KeywordMain.stepFailed(KeywordMain.groovy:36)
	at com.kms.katalon.core.webui.keyword.internal.WebUIKeywordMain.stepFailed(WebUIKeywordMain.groovy:65)
	at com.kms.katalon.core.webui.keyword.internal.WebUIKeywordMain.runKeyword(WebUIKeywordMain.groovy:27)
	at com.kms.katalon.core.webui.keyword.builtin.ClickKeyword.click(ClickKeyword.groovy:86)
	at com.kms.katalon.core.webui.keyword.builtin.ClickKeyword.execute(ClickKeyword.groovy:67)
	at com.kms.katalon.core.keyword.internal.KeywordExecutor.executeKeywordForPlatform(KeywordExecutor.groovy:53)
	at com.kms.katalon.core.webui.keyword.WebUiBuiltInKeywords.click(WebUiBuiltInKeywords.groovy:616)
	at com.kms.katalon.core.webui.keyword.WebUiBuiltInKeywords$click$3.call(Unknown Source)
	at ITSupporter-04.run(ITSupporter-04:56)
	at com.kms.katalon.core.main.ScriptEngine.run(ScriptEngine.java:194)
	at com.kms.katalon.core.main.ScriptEngine.runScriptAsRawText(ScriptEngine.java:119)
	at com.kms.katalon.core.main.TestCaseExecutor.runScript(TestCaseExecutor.java:328)
	at com.kms.katalon.core.main.TestCaseExecutor.doExecute(TestCaseExecutor.java:319)
	at com.kms.katalon.core.main.TestCaseExecutor.processExecutionPhase(TestCaseExecutor.java:298)
	at com.kms.katalon.core.main.TestCaseExecutor.accessMainPhase(TestCaseExecutor.java:290)
	at com.kms.katalon.core.main.TestCaseExecutor.execute(TestCaseExecutor.java:224)
	at com.kms.katalon.core.main.TestSuiteExecutor.accessTestCaseMainPhase(TestSuiteExecutor.java:129)
	at com.kms.katalon.core.main.TestSuiteExecutor.accessTestSuiteMainPhase(TestSuiteExecutor.java:112)
	at com.kms.katalon.core.main.TestSuiteExecutor.execute(TestSuiteExecutor.java:81)
	at com.kms.katalon.core.main.TestCaseMain.startTestSuite(TestCaseMain.java:149)
	at com.kms.katalon.core.main.TestCaseMain$startTestSuite$0.call(Unknown Source)
	at TempTestSuite1551429852652.run(TempTestSuite1551429852652.groovy:36)


2019-03-01 15:46:46 - [MESSAGE][FAILED] - Unable to click on object 'Object Repository/ITSupporter/ITSupporter-04/Page_ODTS System/a_H Thng Ti Khon' (Root cause: org.openqa.selenium.WebDriverException: unknown error: Element <a href="/Account">...</a> is not clickable at point (115, 416). Other element would receive the click: <div class="swal2-container swal2-center swal2-fade swal2-shown" style="overflow-y: auto;">...</div>
  (Session info: chrome=72.0.3626.119)
  (Driver info: chromedriver=2.43.600210 (68dcf5eebde37173d4027fa8635e332711d2874a),platform=Windows NT 10.0.17134 x86_64) (WARNING: The server did not provide any stacktrace information)
Command duration or timeout: 0 milliseconds
Build info: version: '3.7.1', revision: '8a0099a', time: '2017-11-06T21:07:36.161Z'
System info: host: 'ANHNVSE63446', ip: '192.168.175.1', os.name: 'Windows 10', os.arch: 'amd64', os.version: '10.0', java.version: '1.8.0_181'
Driver info: com.kms.katalon.selenium.driver.CChromeDriver
Capabilities {acceptInsecureCerts: false, acceptSslCerts: false, applicationCacheEnabled: false, browserConnectionEnabled: false, browserName: chrome, chrome: {chromedriverVersion: 2.43.600210 (68dcf5eebde371..., userDataDir: C:\Users\pc\AppData\Local\T...}, cssSelectorsEnabled: true, databaseEnabled: false, goog:chromeOptions: {debuggerAddress: localhost:55957}, handlesAlerts: true, hasTouchScreen: false, javascriptEnabled: true, locationContextEnabled: true, mobileEmulationEnabled: false, nativeEvents: true, networkConnectionEnabled: false, pageLoadStrategy: normal, platform: XP, platformName: XP, rotatable: false, setWindowRect: true, takesHeapSnapshot: true, takesScreenshot: true, unexpectedAlertBehaviour: , unhandledPromptBehavior: , version: 72.0.3626.119, webStorageEnabled: true}
Session ID: 08c7f330d000f9f176a0733757d894d0)
[[ATTACHMENT|C:\\Users\\pc\\HelpdeskAutomation\\Reports\\ITSupporter01-02-03-04\\20190301_154412\\1551430006627.png]]

2019-03-01 15:46:46 - [MESSAGE][FAILED] - click(findTestObject("Object Repository/ITSupporter/ITSupporter-04/Page_ODTS System/a_H Thng Ti Khon")) FAILED.
Reason:
com.kms.katalon.core.exception.StepFailedException: Unable to click on object 'Object Repository/ITSupporter/ITSupporter-04/Page_ODTS System/a_H Thng Ti Khon' (Root cause: org.openqa.selenium.WebDriverException: unknown error: Element <a href="/Account">...</a> is not clickable at point (115, 416). Other element would receive the click: <div class="swal2-container swal2-center swal2-fade swal2-shown" style="overflow-y: auto;">...</div>
  (Session info: chrome=72.0.3626.119)
  (Driver info: chromedriver=2.43.600210 (68dcf5eebde37173d4027fa8635e332711d2874a),platform=Windows NT 10.0.17134 x86_64) (WARNING: The server did not provide any stacktrace information)
Command duration or timeout: 0 milliseconds
Build info: version: '3.7.1', revision: '8a0099a', time: '2017-11-06T21:07:36.161Z'
System info: host: 'ANHNVSE63446', ip: '192.168.175.1', os.name: 'Windows 10', os.arch: 'amd64', os.version: '10.0', java.version: '1.8.0_181'
Driver info: com.kms.katalon.selenium.driver.CChromeDriver
Capabilities {acceptInsecureCerts: false, acceptSslCerts: false, applicationCacheEnabled: false, browserConnectionEnabled: false, browserName: chrome, chrome: {chromedriverVersion: 2.43.600210 (68dcf5eebde371..., userDataDir: C:\Users\pc\AppData\Local\T...}, cssSelectorsEnabled: true, databaseEnabled: false, goog:chromeOptions: {debuggerAddress: localhost:55957}, handlesAlerts: true, hasTouchScreen: false, javascriptEnabled: true, locationContextEnabled: true, mobileEmulationEnabled: false, nativeEvents: true, networkConnectionEnabled: false, pageLoadStrategy: normal, platform: XP, platformName: XP, rotatable: false, setWindowRect: true, takesHeapSnapshot: true, takesScreenshot: true, unexpectedAlertBehaviour: , unhandledPromptBehavior: , version: 72.0.3626.119, webStorageEnabled: true}
Session ID: 08c7f330d000f9f176a0733757d894d0)
	at com.kms.katalon.core.keyword.internal.KeywordMain.stepFailed(KeywordMain.groovy:36)
	at com.kms.katalon.core.webui.keyword.internal.WebUIKeywordMain.stepFailed(WebUIKeywordMain.groovy:65)
	at com.kms.katalon.core.webui.keyword.internal.WebUIKeywordMain.runKeyword(WebUIKeywordMain.groovy:27)
	at com.kms.katalon.core.webui.keyword.builtin.ClickKeyword.click(ClickKeyword.groovy:86)
	at com.kms.katalon.core.webui.keyword.builtin.ClickKeyword.execute(ClickKeyword.groovy:67)
	at com.kms.katalon.core.keyword.internal.KeywordExecutor.executeKeywordForPlatform(KeywordExecutor.groovy:53)
	at com.kms.katalon.core.webui.keyword.WebUiBuiltInKeywords.click(WebUiBuiltInKeywords.groovy:616)
	at com.kms.katalon.core.webui.keyword.WebUiBuiltInKeywords$click$3.call(Unknown Source)
	at ITSupporter-04.run(ITSupporter-04:56)
	at com.kms.katalon.core.main.ScriptEngine.run(ScriptEngine.java:194)
	at com.kms.katalon.core.main.ScriptEngine.runScriptAsRawText(ScriptEngine.java:119)
	at com.kms.katalon.core.main.TestCaseExecutor.runScript(TestCaseExecutor.java:328)
	at com.kms.katalon.core.main.TestCaseExecutor.doExecute(TestCaseExecutor.java:319)
	at com.kms.katalon.core.main.TestCaseExecutor.processExecutionPhase(TestCaseExecutor.java:298)
	at com.kms.katalon.core.main.TestCaseExecutor.accessMainPhase(TestCaseExecutor.java:290)
	at com.kms.katalon.core.main.TestCaseExecutor.execute(TestCaseExecutor.java:224)
	at com.kms.katalon.core.main.TestSuiteExecutor.accessTestCaseMainPhase(TestSuiteExecutor.java:129)
	at com.kms.katalon.core.main.TestSuiteExecutor.accessTestSuiteMainPhase(TestSuiteExecutor.java:112)
	at com.kms.katalon.core.main.TestSuiteExecutor.execute(TestSuiteExecutor.java:81)
	at com.kms.katalon.core.main.TestCaseMain.startTestSuite(TestCaseMain.java:149)
	at com.kms.katalon.core.main.TestCaseMain$startTestSuite$0.call(Unknown Source)
	at TempTestSuite1551429852652.run(TempTestSuite1551429852652.groovy:36)]]></system-out>
         <system-err><![CDATA[2019-03-01 15:46:10 - [TEST_CASE][FAILED] - Test Cases/ITSupporter/ITSupporter-04: Test Cases/ITSupporter/ITSupporter-04 FAILED.
Reason:
com.kms.katalon.core.exception.StepFailedException: Unable to click on object 'Object Repository/ITSupporter/ITSupporter-04/Page_ODTS System/a_H Thng Ti Khon' (Root cause: org.openqa.selenium.WebDriverException: unknown error: Element <a href="/Account">...</a> is not clickable at point (115, 416). Other element would receive the click: <div class="swal2-container swal2-center swal2-fade swal2-shown" style="overflow-y: auto;">...</div>
  (Session info: chrome=72.0.3626.119)
  (Driver info: chromedriver=2.43.600210 (68dcf5eebde37173d4027fa8635e332711d2874a),platform=Windows NT 10.0.17134 x86_64) (WARNING: The server did not provide any stacktrace information)
Command duration or timeout: 0 milliseconds
Build info: version: '3.7.1', revision: '8a0099a', time: '2017-11-06T21:07:36.161Z'
System info: host: 'ANHNVSE63446', ip: '192.168.175.1', os.name: 'Windows 10', os.arch: 'amd64', os.version: '10.0', java.version: '1.8.0_181'
Driver info: com.kms.katalon.selenium.driver.CChromeDriver
Capabilities {acceptInsecureCerts: false, acceptSslCerts: false, applicationCacheEnabled: false, browserConnectionEnabled: false, browserName: chrome, chrome: {chromedriverVersion: 2.43.600210 (68dcf5eebde371..., userDataDir: C:\Users\pc\AppData\Local\T...}, cssSelectorsEnabled: true, databaseEnabled: false, goog:chromeOptions: {debuggerAddress: localhost:55957}, handlesAlerts: true, hasTouchScreen: false, javascriptEnabled: true, locationContextEnabled: true, mobileEmulationEnabled: false, nativeEvents: true, networkConnectionEnabled: false, pageLoadStrategy: normal, platform: XP, platformName: XP, rotatable: false, setWindowRect: true, takesHeapSnapshot: true, takesScreenshot: true, unexpectedAlertBehaviour: , unhandledPromptBehavior: , version: 72.0.3626.119, webStorageEnabled: true}
Session ID: 08c7f330d000f9f176a0733757d894d0)
	at com.kms.katalon.core.keyword.internal.KeywordMain.stepFailed(KeywordMain.groovy:36)
	at com.kms.katalon.core.webui.keyword.internal.WebUIKeywordMain.stepFailed(WebUIKeywordMain.groovy:65)
	at com.kms.katalon.core.webui.keyword.internal.WebUIKeywordMain.runKeyword(WebUIKeywordMain.groovy:27)
	at com.kms.katalon.core.webui.keyword.builtin.ClickKeyword.click(ClickKeyword.groovy:86)
	at com.kms.katalon.core.webui.keyword.builtin.ClickKeyword.execute(ClickKeyword.groovy:67)
	at com.kms.katalon.core.keyword.internal.KeywordExecutor.executeKeywordForPlatform(KeywordExecutor.groovy:53)
	at com.kms.katalon.core.webui.keyword.WebUiBuiltInKeywords.click(WebUiBuiltInKeywords.groovy:616)
	at com.kms.katalon.core.webui.keyword.WebUiBuiltInKeywords$click$3.call(Unknown Source)
	at ITSupporter-04.run(ITSupporter-04:56)
	at com.kms.katalon.core.main.ScriptEngine.run(ScriptEngine.java:194)
	at com.kms.katalon.core.main.ScriptEngine.runScriptAsRawText(ScriptEngine.java:119)
	at com.kms.katalon.core.main.TestCaseExecutor.runScript(TestCaseExecutor.java:328)
	at com.kms.katalon.core.main.TestCaseExecutor.doExecute(TestCaseExecutor.java:319)
	at com.kms.katalon.core.main.TestCaseExecutor.processExecutionPhase(TestCaseExecutor.java:298)
	at com.kms.katalon.core.main.TestCaseExecutor.accessMainPhase(TestCaseExecutor.java:290)
	at com.kms.katalon.core.main.TestCaseExecutor.execute(TestCaseExecutor.java:224)
	at com.kms.katalon.core.main.TestSuiteExecutor.accessTestCaseMainPhase(TestSuiteExecutor.java:129)
	at com.kms.katalon.core.main.TestSuiteExecutor.accessTestSuiteMainPhase(TestSuiteExecutor.java:112)
	at com.kms.katalon.core.main.TestSuiteExecutor.execute(TestSuiteExecutor.java:81)
	at com.kms.katalon.core.main.TestCaseMain.startTestSuite(TestCaseMain.java:149)
	at com.kms.katalon.core.main.TestCaseMain$startTestSuite$0.call(Unknown Source)
	at TempTestSuite1551429852652.run(TempTestSuite1551429852652.groovy:36)]]></system-err>
      </testcase>
      <system-out><![CDATA[2019-03-01 15:44:19 - [TEST_SUITE][FAILED] - ITSupporter01-02-03-04: Test Cases/ITSupporter/ITSupporter-03 FAILED.
Reason:
com.kms.katalon.core.exception.StepFailedException: Unable to click on object 'Object Repository/ITSupporter/ITSupporter-03/Page_ODTS System/button_Cp Nht' (Root cause: org.openqa.selenium.WebDriverException: unknown error: Element <button type="submit" class="btn btn-primary">...</button> is not clickable at point (682, 559). Other element would receive the click: <div class="swal2-container swal2-center swal2-fade swal2-shown" style="overflow-y: auto;">...</div>
  (Session info: chrome=72.0.3626.119)
  (Driver info: chromedriver=2.43.600210 (68dcf5eebde37173d4027fa8635e332711d2874a),platform=Windows NT 10.0.17134 x86_64) (WARNING: The server did not provide any stacktrace information)
Command duration or timeout: 0 milliseconds
Build info: version: '3.7.1', revision: '8a0099a', time: '2017-11-06T21:07:36.161Z'
System info: host: 'ANHNVSE63446', ip: '192.168.175.1', os.name: 'Windows 10', os.arch: 'amd64', os.version: '10.0', java.version: '1.8.0_181'
Driver info: com.kms.katalon.selenium.driver.CChromeDriver
Capabilities {acceptInsecureCerts: false, acceptSslCerts: false, applicationCacheEnabled: false, browserConnectionEnabled: false, browserName: chrome, chrome: {chromedriverVersion: 2.43.600210 (68dcf5eebde371..., userDataDir: C:\Users\pc\AppData\Local\T...}, cssSelectorsEnabled: true, databaseEnabled: false, goog:chromeOptions: {debuggerAddress: localhost:55920}, handlesAlerts: true, hasTouchScreen: false, javascriptEnabled: true, locationContextEnabled: true, mobileEmulationEnabled: false, nativeEvents: true, networkConnectionEnabled: false, pageLoadStrategy: normal, platform: XP, platformName: XP, rotatable: false, setWindowRect: true, takesHeapSnapshot: true, takesScreenshot: true, unexpectedAlertBehaviour: , unhandledPromptBehavior: , version: 72.0.3626.119, webStorageEnabled: true}
Session ID: fc8ac981bd068e44e7e2511261dac93e)
	at com.kms.katalon.core.keyword.internal.KeywordMain.stepFailed(KeywordMain.groovy:36)
	at com.kms.katalon.core.webui.keyword.internal.WebUIKeywordMain.stepFailed(WebUIKeywordMain.groovy:65)
	at com.kms.katalon.core.webui.keyword.internal.WebUIKeywordMain.runKeyword(WebUIKeywordMain.groovy:27)
	at com.kms.katalon.core.webui.keyword.builtin.ClickKeyword.click(ClickKeyword.groovy:86)
	at com.kms.katalon.core.webui.keyword.builtin.ClickKeyword.execute(ClickKeyword.groovy:67)
	at com.kms.katalon.core.keyword.internal.KeywordExecutor.executeKeywordForPlatform(KeywordExecutor.groovy:53)
	at com.kms.katalon.core.webui.keyword.WebUiBuiltInKeywords.click(WebUiBuiltInKeywords.groovy:616)
	at com.kms.katalon.core.webui.keyword.WebUiBuiltInKeywords$click$3.call(Unknown Source)
	at ITSupporter-03.run(ITSupporter-03:117)
	at com.kms.katalon.core.main.ScriptEngine.run(ScriptEngine.java:194)
	at com.kms.katalon.core.main.ScriptEngine.runScriptAsRawText(ScriptEngine.java:119)
	at com.kms.katalon.core.main.TestCaseExecutor.runScript(TestCaseExecutor.java:328)
	at com.kms.katalon.core.main.TestCaseExecutor.doExecute(TestCaseExecutor.java:319)
	at com.kms.katalon.core.main.TestCaseExecutor.processExecutionPhase(TestCaseExecutor.java:298)
	at com.kms.katalon.core.main.TestCaseExecutor.accessMainPhase(TestCaseExecutor.java:290)
	at com.kms.katalon.core.main.TestCaseExecutor.execute(TestCaseExecutor.java:224)
	at com.kms.katalon.core.main.TestSuiteExecutor.accessTestCaseMainPhase(TestSuiteExecutor.java:129)
	at com.kms.katalon.core.main.TestSuiteExecutor.accessTestSuiteMainPhase(TestSuiteExecutor.java:112)
	at com.kms.katalon.core.main.TestSuiteExecutor.execute(TestSuiteExecutor.java:81)
	at com.kms.katalon.core.main.TestCaseMain.startTestSuite(TestCaseMain.java:149)
	at com.kms.katalon.core.main.TestCaseMain$startTestSuite$0.call(Unknown Source)
	at TempTestSuite1551429852652.run(TempTestSuite1551429852652.groovy:36)]]></system-out>
      <system-err><![CDATA[2019-03-01 15:44:19 - [TEST_SUITE][FAILED] - ITSupporter01-02-03-04: Test Cases/ITSupporter/ITSupporter-03 FAILED.
Reason:
com.kms.katalon.core.exception.StepFailedException: Unable to click on object 'Object Repository/ITSupporter/ITSupporter-03/Page_ODTS System/button_Cp Nht' (Root cause: org.openqa.selenium.WebDriverException: unknown error: Element <button type="submit" class="btn btn-primary">...</button> is not clickable at point (682, 559). Other element would receive the click: <div class="swal2-container swal2-center swal2-fade swal2-shown" style="overflow-y: auto;">...</div>
  (Session info: chrome=72.0.3626.119)
  (Driver info: chromedriver=2.43.600210 (68dcf5eebde37173d4027fa8635e332711d2874a),platform=Windows NT 10.0.17134 x86_64) (WARNING: The server did not provide any stacktrace information)
Command duration or timeout: 0 milliseconds
Build info: version: '3.7.1', revision: '8a0099a', time: '2017-11-06T21:07:36.161Z'
System info: host: 'ANHNVSE63446', ip: '192.168.175.1', os.name: 'Windows 10', os.arch: 'amd64', os.version: '10.0', java.version: '1.8.0_181'
Driver info: com.kms.katalon.selenium.driver.CChromeDriver
Capabilities {acceptInsecureCerts: false, acceptSslCerts: false, applicationCacheEnabled: false, browserConnectionEnabled: false, browserName: chrome, chrome: {chromedriverVersion: 2.43.600210 (68dcf5eebde371..., userDataDir: C:\Users\pc\AppData\Local\T...}, cssSelectorsEnabled: true, databaseEnabled: false, goog:chromeOptions: {debuggerAddress: localhost:55920}, handlesAlerts: true, hasTouchScreen: false, javascriptEnabled: true, locationContextEnabled: true, mobileEmulationEnabled: false, nativeEvents: true, networkConnectionEnabled: false, pageLoadStrategy: normal, platform: XP, platformName: XP, rotatable: false, setWindowRect: true, takesHeapSnapshot: true, takesScreenshot: true, unexpectedAlertBehaviour: , unhandledPromptBehavior: , version: 72.0.3626.119, webStorageEnabled: true}
Session ID: fc8ac981bd068e44e7e2511261dac93e)
	at com.kms.katalon.core.keyword.internal.KeywordMain.stepFailed(KeywordMain.groovy:36)
	at com.kms.katalon.core.webui.keyword.internal.WebUIKeywordMain.stepFailed(WebUIKeywordMain.groovy:65)
	at com.kms.katalon.core.webui.keyword.internal.WebUIKeywordMain.runKeyword(WebUIKeywordMain.groovy:27)
	at com.kms.katalon.core.webui.keyword.builtin.ClickKeyword.click(ClickKeyword.groovy:86)
	at com.kms.katalon.core.webui.keyword.builtin.ClickKeyword.execute(ClickKeyword.groovy:67)
	at com.kms.katalon.core.keyword.internal.KeywordExecutor.executeKeywordForPlatform(KeywordExecutor.groovy:53)
	at com.kms.katalon.core.webui.keyword.WebUiBuiltInKeywords.click(WebUiBuiltInKeywords.groovy:616)
	at com.kms.katalon.core.webui.keyword.WebUiBuiltInKeywords$click$3.call(Unknown Source)
	at ITSupporter-03.run(ITSupporter-03:117)
	at com.kms.katalon.core.main.ScriptEngine.run(ScriptEngine.java:194)
	at com.kms.katalon.core.main.ScriptEngine.runScriptAsRawText(ScriptEngine.java:119)
	at com.kms.katalon.core.main.TestCaseExecutor.runScript(TestCaseExecutor.java:328)
	at com.kms.katalon.core.main.TestCaseExecutor.doExecute(TestCaseExecutor.java:319)
	at com.kms.katalon.core.main.TestCaseExecutor.processExecutionPhase(TestCaseExecutor.java:298)
	at com.kms.katalon.core.main.TestCaseExecutor.accessMainPhase(TestCaseExecutor.java:290)
	at com.kms.katalon.core.main.TestCaseExecutor.execute(TestCaseExecutor.java:224)
	at com.kms.katalon.core.main.TestSuiteExecutor.accessTestCaseMainPhase(TestSuiteExecutor.java:129)
	at com.kms.katalon.core.main.TestSuiteExecutor.accessTestSuiteMainPhase(TestSuiteExecutor.java:112)
	at com.kms.katalon.core.main.TestSuiteExecutor.execute(TestSuiteExecutor.java:81)
	at com.kms.katalon.core.main.TestCaseMain.startTestSuite(TestCaseMain.java:149)
	at com.kms.katalon.core.main.TestCaseMain$startTestSuite$0.call(Unknown Source)
	at TempTestSuite1551429852652.run(TempTestSuite1551429852652.groovy:36)]]></system-err>
   </testsuite>
</testsuites>
