<?xml version="1.0" encoding="UTF-8"?>
<testsuites name="Company06-07-08-09" time="245" tests="1" failures="3" errors="0">
   <testsuite name="Company06-07-08-09" tests="1" failures="3" errors="0" time="245" timestamp="2019-03-01 13:51:49" hostname="Ninja - AnhNVSE63446" id="Test Suites/Company06-07-08-09">
      <properties>
         <property name="deviceName" value=""/>
         <property name="devicePlatform" value=""/>
         <property name="logFolder" value="C:\\Users\\pc\\HelpdeskAutomation\\Reports\\Company06-07-08-09\\20190301_135141"/>
         <property name="logFiles" value="C:\\Users\\pc\\HelpdeskAutomation\\Reports\\Company06-07-08-09\\20190301_135141\\execution0.log"/>
         <property name="attachments" value="C:\\Users\\pc\\HelpdeskAutomation\\Reports\\Company06-07-08-09\\20190301_135141\\1551423252641.png, C:\\Users\\pc\\HelpdeskAutomation\\Reports\\Company06-07-08-09\\20190301_135141\\1551423307520.png, C:\\Users\\pc\\HelpdeskAutomation\\Reports\\Company06-07-08-09\\20190301_135141\\1551423352746.png"/>
         <property name="hostName" value="Ninja - AnhNVSE63446"/>
         <property name="os" value="Windows 10 64bit"/>
         <property name="katalonVersion" value="5.10.0.1"/>
         <property name="browser" value="Chrome 72.0.3626.119"/>
         <property name="hostAddress" value="192.168.175.1"/>
         <property name="sessionId" value="13640990a877bc17a5404127a70f2c49"/>
         <property name="seleniumVersion" value="3.7.1"/>
         <property name="proxyInformation" value="ProxyInformation{proxyOption=NO_PROXY, proxyServerType=HTTP, password=, proxyServerAddress=, proxyServerPort=0}"/>
         <property name="platform" value="Windows 10"/>
      </properties>
      <testcase name="Test Cases/Company/Company-06" classname="Test Cases/Company/Company-06" status="FAILED">
         <failure type="FAILED" message="Test Cases/Company/Company-06 FAILED.
Reason:
com.kms.katalon.core.exception.StepFailedException: Unable to click on object 'Object Repository/Company/Company-06/Page_ODTS System/button_OK' (Root cause: com.kms.katalon.core.webui.exception.WebElementNotFoundException: Web element with id: 'Object Repository/Company/Company-06/Page_ODTS System/button_OK' located by 'By.xpath: (//button[@type='button'])[36]' not found)
	at com.kms.katalon.core.keyword.internal.KeywordMain.stepFailed(KeywordMain.groovy:36)
	at com.kms.katalon.core.webui.keyword.internal.WebUIKeywordMain.stepFailed(WebUIKeywordMain.groovy:65)
	at com.kms.katalon.core.webui.keyword.internal.WebUIKeywordMain.runKeyword(WebUIKeywordMain.groovy:27)
	at com.kms.katalon.core.webui.keyword.builtin.ClickKeyword.click(ClickKeyword.groovy:86)
	at com.kms.katalon.core.webui.keyword.builtin.ClickKeyword.execute(ClickKeyword.groovy:67)
	at com.kms.katalon.core.keyword.internal.KeywordExecutor.executeKeywordForPlatform(KeywordExecutor.groovy:53)
	at com.kms.katalon.core.webui.keyword.WebUiBuiltInKeywords.click(WebUiBuiltInKeywords.groovy:616)
	at com.kms.katalon.core.webui.keyword.WebUiBuiltInKeywords$click$3.call(Unknown Source)
	at Company-06.run(Company-06:64)
	at com.kms.katalon.core.main.ScriptEngine.run(ScriptEngine.java:194)
	at com.kms.katalon.core.main.ScriptEngine.runScriptAsRawText(ScriptEngine.java:119)
	at com.kms.katalon.core.main.TestCaseExecutor.runScript(TestCaseExecutor.java:328)
	at com.kms.katalon.core.main.TestCaseExecutor.doExecute(TestCaseExecutor.java:319)
	at com.kms.katalon.core.main.TestCaseExecutor.processExecutionPhase(TestCaseExecutor.java:298)
	at com.kms.katalon.core.main.TestCaseExecutor.accessMainPhase(TestCaseExecutor.java:290)
	at com.kms.katalon.core.main.TestCaseExecutor.execute(TestCaseExecutor.java:224)
	at com.kms.katalon.core.main.TestSuiteExecutor.accessTestCaseMainPhase(TestSuiteExecutor.java:129)
	at com.kms.katalon.core.main.TestSuiteExecutor.accessTestSuiteMainPhase(TestSuiteExecutor.java:112)
	at com.kms.katalon.core.main.TestSuiteExecutor.execute(TestSuiteExecutor.java:81)
	at com.kms.katalon.core.main.TestCaseMain.startTestSuite(TestCaseMain.java:149)
	at com.kms.katalon.core.main.TestCaseMain$startTestSuite$0.call(Unknown Source)
	at TempTestSuite1551423105918.run(TempTestSuite1551423105918.groovy:36)
"/>
         <system-out><![CDATA[2019-03-01 13:51:50 - [TEST_CASE][FAILED] - Test Cases/Company/Company-06: Test Cases/Company/Company-06 FAILED.
Reason:
com.kms.katalon.core.exception.StepFailedException: Unable to click on object 'Object Repository/Company/Company-06/Page_ODTS System/button_OK' (Root cause: com.kms.katalon.core.webui.exception.WebElementNotFoundException: Web element with id: 'Object Repository/Company/Company-06/Page_ODTS System/button_OK' located by 'By.xpath: (//button[@type='button'])[36]' not found)
	at com.kms.katalon.core.keyword.internal.KeywordMain.stepFailed(KeywordMain.groovy:36)
	at com.kms.katalon.core.webui.keyword.internal.WebUIKeywordMain.stepFailed(WebUIKeywordMain.groovy:65)
	at com.kms.katalon.core.webui.keyword.internal.WebUIKeywordMain.runKeyword(WebUIKeywordMain.groovy:27)
	at com.kms.katalon.core.webui.keyword.builtin.ClickKeyword.click(ClickKeyword.groovy:86)
	at com.kms.katalon.core.webui.keyword.builtin.ClickKeyword.execute(ClickKeyword.groovy:67)
	at com.kms.katalon.core.keyword.internal.KeywordExecutor.executeKeywordForPlatform(KeywordExecutor.groovy:53)
	at com.kms.katalon.core.webui.keyword.WebUiBuiltInKeywords.click(WebUiBuiltInKeywords.groovy:616)
	at com.kms.katalon.core.webui.keyword.WebUiBuiltInKeywords$click$3.call(Unknown Source)
	at Company-06.run(Company-06:64)
	at com.kms.katalon.core.main.ScriptEngine.run(ScriptEngine.java:194)
	at com.kms.katalon.core.main.ScriptEngine.runScriptAsRawText(ScriptEngine.java:119)
	at com.kms.katalon.core.main.TestCaseExecutor.runScript(TestCaseExecutor.java:328)
	at com.kms.katalon.core.main.TestCaseExecutor.doExecute(TestCaseExecutor.java:319)
	at com.kms.katalon.core.main.TestCaseExecutor.processExecutionPhase(TestCaseExecutor.java:298)
	at com.kms.katalon.core.main.TestCaseExecutor.accessMainPhase(TestCaseExecutor.java:290)
	at com.kms.katalon.core.main.TestCaseExecutor.execute(TestCaseExecutor.java:224)
	at com.kms.katalon.core.main.TestSuiteExecutor.accessTestCaseMainPhase(TestSuiteExecutor.java:129)
	at com.kms.katalon.core.main.TestSuiteExecutor.accessTestSuiteMainPhase(TestSuiteExecutor.java:112)
	at com.kms.katalon.core.main.TestSuiteExecutor.execute(TestSuiteExecutor.java:81)
	at com.kms.katalon.core.main.TestCaseMain.startTestSuite(TestCaseMain.java:149)
	at com.kms.katalon.core.main.TestCaseMain$startTestSuite$0.call(Unknown Source)
	at TempTestSuite1551423105918.run(TempTestSuite1551423105918.groovy:36)


2019-03-01 13:51:51 - [TEST_STEP][PASSED] - openBrowser(""): Browser is opened with url: ''

2019-03-01 13:51:52 - [MESSAGE][INFO] - Starting 'Chrome' driver

2019-03-01 13:51:52 - [MESSAGE][INFO] - Action delay is set to 0 seconds

2019-03-01 13:51:57 - [MESSAGE][PASSED] - Browser is opened with url: ''

2019-03-01 13:51:57 - [TEST_STEP][PASSED] - navigateToUrl("http://helpdesk.wisky.vn/"): Navigate to 'http://helpdesk.wisky.vn/' successfully

2019-03-01 13:51:58 - [MESSAGE][PASSED] - Navigate to 'http://helpdesk.wisky.vn/' successfully

2019-03-01 13:51:58 - [TEST_STEP][PASSED] - setText(findTestObject("Company/Company-06/Page_ODTS System/input_ODTS_username"), "admin01"): Text 'admin01' is set on object 'Object Repository/Company/Company-06/Page_ODTS System/input_ODTS_username'

2019-03-01 13:51:58 - [MESSAGE][PASSED] - Text 'admin01' is set on object 'Object Repository/Company/Company-06/Page_ODTS System/input_ODTS_username'

2019-03-01 13:51:58 - [TEST_STEP][PASSED] - setEncryptedText(findTestObject("Company/Company-06/Page_ODTS System/input_ODTS_password"), "aeHFOx8jV/A="): Text ****** has been set on object 'Object Repository/Company/Company-06/Page_ODTS System/input_ODTS_password'

2019-03-01 13:51:59 - [MESSAGE][PASSED] - Text ****** has been set on object 'Object Repository/Company/Company-06/Page_ODTS System/input_ODTS_password'

2019-03-01 13:51:59 - [TEST_STEP][PASSED] - click(findTestObject("Company/Company-06/Page_ODTS System/button_ng Nhp")): Object: 'Object Repository/Company/Company-06/Page_ODTS System/button_ng Nhp' is clicked on

2019-03-01 13:51:59 - [MESSAGE][PASSED] - Object: 'Object Repository/Company/Company-06/Page_ODTS System/button_ng Nhp' is clicked on

2019-03-01 13:51:59 - [TEST_STEP][PASSED] - click(findTestObject("Company/Company-06/Page_ODTS System/a_Cng Ty")): Object: 'Object Repository/Company/Company-06/Page_ODTS System/a_Cng Ty' is clicked on

2019-03-01 13:53:21 - [MESSAGE][PASSED] - Object: 'Object Repository/Company/Company-06/Page_ODTS System/a_Cng Ty' is clicked on

2019-03-01 13:53:21 - [TEST_STEP][PASSED] - click(findTestObject("Company/Company-06/Page_ODTS System/a_Xem Chi Nhnh")): Object: 'Object Repository/Company/Company-06/Page_ODTS System/a_Xem Chi Nhnh' is clicked on

2019-03-01 13:53:23 - [MESSAGE][PASSED] - Object: 'Object Repository/Company/Company-06/Page_ODTS System/a_Xem Chi Nhnh' is clicked on

2019-03-01 13:53:23 - [TEST_STEP][PASSED] - click(findTestObject("Company/Company-06/Page_ODTS System/font_To Chi Nhnh")): Object: 'Object Repository/Company/Company-06/Page_ODTS System/font_To Chi Nhnh' is clicked on

2019-03-01 13:53:25 - [MESSAGE][PASSED] - Object: 'Object Repository/Company/Company-06/Page_ODTS System/font_To Chi Nhnh' is clicked on

2019-03-01 13:53:25 - [TEST_STEP][PASSED] - waitForAlert(1): No alert found after 1 second(s).

2019-03-01 13:53:26 - [MESSAGE][WARNING] - No alert found after 1 second(s).

2019-03-01 13:53:26 - [TEST_STEP][PASSED] - click(findTestObject("Company/Company-06/Page_ODTS System/span_--Chn ti khon--")): Object: 'Object Repository/Company/Company-06/Page_ODTS System/span_--Chn ti khon--' is clicked on

2019-03-01 13:53:31 - [MESSAGE][PASSED] - Object: 'Object Repository/Company/Company-06/Page_ODTS System/span_--Chn ti khon--' is clicked on

2019-03-01 13:53:31 - [TEST_STEP][PASSED] - setText(findTestObject("Company/Company-06/Page_ODTS System/input_ng_select2-search__field"), "14021"): Text '14021' is set on object 'Object Repository/Company/Company-06/Page_ODTS System/input_ng_select2-search__field'

2019-03-01 13:53:32 - [MESSAGE][PASSED] - Text '14021' is set on object 'Object Repository/Company/Company-06/Page_ODTS System/input_ng_select2-search__field'

2019-03-01 13:53:32 - [TEST_STEP][PASSED] - waitForAlert(1): No alert found after 1 second(s).

2019-03-01 13:53:33 - [MESSAGE][WARNING] - No alert found after 1 second(s).

2019-03-01 13:53:33 - [TEST_STEP][PASSED] - sendKeys(findTestObject("Company/Company-06/Page_ODTS System/input_ng_select2-search__field"), Keys.chord(ENTER)): Keys 'ENTER + ' sent to object: 'Object Repository/Company/Company-06/Page_ODTS System/input_ng_select2-search__field'

2019-03-01 13:53:33 - [MESSAGE][PASSED] - Keys 'ENTER + ' sent to object: 'Object Repository/Company/Company-06/Page_ODTS System/input_ng_select2-search__field'

2019-03-01 13:53:33 - [TEST_STEP][PASSED] - waitForAlert(1): No alert found after 1 second(s).

2019-03-01 13:53:34 - [MESSAGE][WARNING] - No alert found after 1 second(s).

2019-03-01 13:53:34 - [TEST_STEP][PASSED] - setText(findTestObject("Company/Company-06/Page_ODTS System/input_Tn Chi Nhnh_ee"), "anhtest"): Text 'anhtest' is set on object 'Object Repository/Company/Company-06/Page_ODTS System/input_Tn Chi Nhnh_ee'

2019-03-01 13:53:35 - [MESSAGE][PASSED] - Text 'anhtest' is set on object 'Object Repository/Company/Company-06/Page_ODTS System/input_Tn Chi Nhnh_ee'

2019-03-01 13:53:35 - [TEST_STEP][PASSED] - waitForAlert(1): No alert found after 1 second(s).

2019-03-01 13:53:36 - [MESSAGE][WARNING] - No alert found after 1 second(s).

2019-03-01 13:53:36 - [TEST_STEP][PASSED] - setText(findTestObject("Company/Company-06/Page_ODTS System/input_Tn Qun L Chi Nhnh_yy"), "anh"): Text 'anh' is set on object 'Object Repository/Company/Company-06/Page_ODTS System/input_Tn Qun L Chi Nhnh_yy'

2019-03-01 13:53:37 - [MESSAGE][PASSED] - Text 'anh' is set on object 'Object Repository/Company/Company-06/Page_ODTS System/input_Tn Qun L Chi Nhnh_yy'

2019-03-01 13:53:37 - [TEST_STEP][PASSED] - waitForAlert(1): No alert found after 1 second(s).

2019-03-01 13:53:38 - [MESSAGE][WARNING] - No alert found after 1 second(s).

2019-03-01 13:53:38 - [TEST_STEP][PASSED] - setText(findTestObject("Company/Company-06/Page_ODTS System/input_a Ch_rr"), "hihi"): Text 'hihi' is set on object 'Object Repository/Company/Company-06/Page_ODTS System/input_a Ch_rr'

2019-03-01 13:53:38 - [MESSAGE][PASSED] - Text 'hihi' is set on object 'Object Repository/Company/Company-06/Page_ODTS System/input_a Ch_rr'

2019-03-01 13:53:38 - [TEST_STEP][PASSED] - waitForAlert(1): No alert found after 1 second(s).

2019-03-01 13:53:39 - [MESSAGE][WARNING] - No alert found after 1 second(s).

2019-03-01 13:53:39 - [TEST_STEP][PASSED] - setText(findTestObject("Company/Company-06/Page_ODTS System/input_S in Thoi_tt"), "0123456789"): Text '0123456789' is set on object 'Object Repository/Company/Company-06/Page_ODTS System/input_S in Thoi_tt'

2019-03-01 13:53:40 - [MESSAGE][PASSED] - Text '0123456789' is set on object 'Object Repository/Company/Company-06/Page_ODTS System/input_S in Thoi_tt'

2019-03-01 13:53:40 - [TEST_STEP][PASSED] - waitForAlert(1): No alert found after 1 second(s).

2019-03-01 13:53:41 - [MESSAGE][WARNING] - No alert found after 1 second(s).

2019-03-01 13:53:41 - [TEST_STEP][PASSED] - click(findTestObject("Company/Company-06/Page_ODTS System/button_To Mi")): Object: 'Object Repository/Company/Company-06/Page_ODTS System/button_To Mi' is clicked on

2019-03-01 13:53:41 - [MESSAGE][PASSED] - Object: 'Object Repository/Company/Company-06/Page_ODTS System/button_To Mi' is clicked on

2019-03-01 13:53:41 - [TEST_STEP][FAILED] - click(findTestObject("Company/Company-06/Page_ODTS System/button_OK")): click(findTestObject("Company/Company-06/Page_ODTS System/button_OK")) FAILED.
Reason:
com.kms.katalon.core.exception.StepFailedException: Unable to click on object 'Object Repository/Company/Company-06/Page_ODTS System/button_OK' (Root cause: com.kms.katalon.core.webui.exception.WebElementNotFoundException: Web element with id: 'Object Repository/Company/Company-06/Page_ODTS System/button_OK' located by 'By.xpath: (//button[@type='button'])[36]' not found)
	at com.kms.katalon.core.keyword.internal.KeywordMain.stepFailed(KeywordMain.groovy:36)
	at com.kms.katalon.core.webui.keyword.internal.WebUIKeywordMain.stepFailed(WebUIKeywordMain.groovy:65)
	at com.kms.katalon.core.webui.keyword.internal.WebUIKeywordMain.runKeyword(WebUIKeywordMain.groovy:27)
	at com.kms.katalon.core.webui.keyword.builtin.ClickKeyword.click(ClickKeyword.groovy:86)
	at com.kms.katalon.core.webui.keyword.builtin.ClickKeyword.execute(ClickKeyword.groovy:67)
	at com.kms.katalon.core.keyword.internal.KeywordExecutor.executeKeywordForPlatform(KeywordExecutor.groovy:53)
	at com.kms.katalon.core.webui.keyword.WebUiBuiltInKeywords.click(WebUiBuiltInKeywords.groovy:616)
	at com.kms.katalon.core.webui.keyword.WebUiBuiltInKeywords$click$3.call(Unknown Source)
	at Company-06.run(Company-06:64)
	at com.kms.katalon.core.main.ScriptEngine.run(ScriptEngine.java:194)
	at com.kms.katalon.core.main.ScriptEngine.runScriptAsRawText(ScriptEngine.java:119)
	at com.kms.katalon.core.main.TestCaseExecutor.runScript(TestCaseExecutor.java:328)
	at com.kms.katalon.core.main.TestCaseExecutor.doExecute(TestCaseExecutor.java:319)
	at com.kms.katalon.core.main.TestCaseExecutor.processExecutionPhase(TestCaseExecutor.java:298)
	at com.kms.katalon.core.main.TestCaseExecutor.accessMainPhase(TestCaseExecutor.java:290)
	at com.kms.katalon.core.main.TestCaseExecutor.execute(TestCaseExecutor.java:224)
	at com.kms.katalon.core.main.TestSuiteExecutor.accessTestCaseMainPhase(TestSuiteExecutor.java:129)
	at com.kms.katalon.core.main.TestSuiteExecutor.accessTestSuiteMainPhase(TestSuiteExecutor.java:112)
	at com.kms.katalon.core.main.TestSuiteExecutor.execute(TestSuiteExecutor.java:81)
	at com.kms.katalon.core.main.TestCaseMain.startTestSuite(TestCaseMain.java:149)
	at com.kms.katalon.core.main.TestCaseMain$startTestSuite$0.call(Unknown Source)
	at TempTestSuite1551423105918.run(TempTestSuite1551423105918.groovy:36)


2019-03-01 13:54:12 - [MESSAGE][INFO] - Unable to find the element located by 'By.xpath: (//button[@type='button'])[36]'. Please recheck the objects properties to make sure the desired element is located. 

2019-03-01 13:54:13 - [MESSAGE][FAILED] - Unable to click on object 'Object Repository/Company/Company-06/Page_ODTS System/button_OK' (Root cause: com.kms.katalon.core.webui.exception.WebElementNotFoundException: Web element with id: 'Object Repository/Company/Company-06/Page_ODTS System/button_OK' located by 'By.xpath: (//button[@type='button'])[36]' not found)
[[ATTACHMENT|C:\\Users\\pc\\HelpdeskAutomation\\Reports\\Company06-07-08-09\\20190301_135141\\1551423252641.png]]

2019-03-01 13:54:13 - [MESSAGE][FAILED] - click(findTestObject("Company/Company-06/Page_ODTS System/button_OK")) FAILED.
Reason:
com.kms.katalon.core.exception.StepFailedException: Unable to click on object 'Object Repository/Company/Company-06/Page_ODTS System/button_OK' (Root cause: com.kms.katalon.core.webui.exception.WebElementNotFoundException: Web element with id: 'Object Repository/Company/Company-06/Page_ODTS System/button_OK' located by 'By.xpath: (//button[@type='button'])[36]' not found)
	at com.kms.katalon.core.keyword.internal.KeywordMain.stepFailed(KeywordMain.groovy:36)
	at com.kms.katalon.core.webui.keyword.internal.WebUIKeywordMain.stepFailed(WebUIKeywordMain.groovy:65)
	at com.kms.katalon.core.webui.keyword.internal.WebUIKeywordMain.runKeyword(WebUIKeywordMain.groovy:27)
	at com.kms.katalon.core.webui.keyword.builtin.ClickKeyword.click(ClickKeyword.groovy:86)
	at com.kms.katalon.core.webui.keyword.builtin.ClickKeyword.execute(ClickKeyword.groovy:67)
	at com.kms.katalon.core.keyword.internal.KeywordExecutor.executeKeywordForPlatform(KeywordExecutor.groovy:53)
	at com.kms.katalon.core.webui.keyword.WebUiBuiltInKeywords.click(WebUiBuiltInKeywords.groovy:616)
	at com.kms.katalon.core.webui.keyword.WebUiBuiltInKeywords$click$3.call(Unknown Source)
	at Company-06.run(Company-06:64)
	at com.kms.katalon.core.main.ScriptEngine.run(ScriptEngine.java:194)
	at com.kms.katalon.core.main.ScriptEngine.runScriptAsRawText(ScriptEngine.java:119)
	at com.kms.katalon.core.main.TestCaseExecutor.runScript(TestCaseExecutor.java:328)
	at com.kms.katalon.core.main.TestCaseExecutor.doExecute(TestCaseExecutor.java:319)
	at com.kms.katalon.core.main.TestCaseExecutor.processExecutionPhase(TestCaseExecutor.java:298)
	at com.kms.katalon.core.main.TestCaseExecutor.accessMainPhase(TestCaseExecutor.java:290)
	at com.kms.katalon.core.main.TestCaseExecutor.execute(TestCaseExecutor.java:224)
	at com.kms.katalon.core.main.TestSuiteExecutor.accessTestCaseMainPhase(TestSuiteExecutor.java:129)
	at com.kms.katalon.core.main.TestSuiteExecutor.accessTestSuiteMainPhase(TestSuiteExecutor.java:112)
	at com.kms.katalon.core.main.TestSuiteExecutor.execute(TestSuiteExecutor.java:81)
	at com.kms.katalon.core.main.TestCaseMain.startTestSuite(TestCaseMain.java:149)
	at com.kms.katalon.core.main.TestCaseMain$startTestSuite$0.call(Unknown Source)
	at TempTestSuite1551423105918.run(TempTestSuite1551423105918.groovy:36)]]></system-out>
         <system-err><![CDATA[2019-03-01 13:51:50 - [TEST_CASE][FAILED] - Test Cases/Company/Company-06: Test Cases/Company/Company-06 FAILED.
Reason:
com.kms.katalon.core.exception.StepFailedException: Unable to click on object 'Object Repository/Company/Company-06/Page_ODTS System/button_OK' (Root cause: com.kms.katalon.core.webui.exception.WebElementNotFoundException: Web element with id: 'Object Repository/Company/Company-06/Page_ODTS System/button_OK' located by 'By.xpath: (//button[@type='button'])[36]' not found)
	at com.kms.katalon.core.keyword.internal.KeywordMain.stepFailed(KeywordMain.groovy:36)
	at com.kms.katalon.core.webui.keyword.internal.WebUIKeywordMain.stepFailed(WebUIKeywordMain.groovy:65)
	at com.kms.katalon.core.webui.keyword.internal.WebUIKeywordMain.runKeyword(WebUIKeywordMain.groovy:27)
	at com.kms.katalon.core.webui.keyword.builtin.ClickKeyword.click(ClickKeyword.groovy:86)
	at com.kms.katalon.core.webui.keyword.builtin.ClickKeyword.execute(ClickKeyword.groovy:67)
	at com.kms.katalon.core.keyword.internal.KeywordExecutor.executeKeywordForPlatform(KeywordExecutor.groovy:53)
	at com.kms.katalon.core.webui.keyword.WebUiBuiltInKeywords.click(WebUiBuiltInKeywords.groovy:616)
	at com.kms.katalon.core.webui.keyword.WebUiBuiltInKeywords$click$3.call(Unknown Source)
	at Company-06.run(Company-06:64)
	at com.kms.katalon.core.main.ScriptEngine.run(ScriptEngine.java:194)
	at com.kms.katalon.core.main.ScriptEngine.runScriptAsRawText(ScriptEngine.java:119)
	at com.kms.katalon.core.main.TestCaseExecutor.runScript(TestCaseExecutor.java:328)
	at com.kms.katalon.core.main.TestCaseExecutor.doExecute(TestCaseExecutor.java:319)
	at com.kms.katalon.core.main.TestCaseExecutor.processExecutionPhase(TestCaseExecutor.java:298)
	at com.kms.katalon.core.main.TestCaseExecutor.accessMainPhase(TestCaseExecutor.java:290)
	at com.kms.katalon.core.main.TestCaseExecutor.execute(TestCaseExecutor.java:224)
	at com.kms.katalon.core.main.TestSuiteExecutor.accessTestCaseMainPhase(TestSuiteExecutor.java:129)
	at com.kms.katalon.core.main.TestSuiteExecutor.accessTestSuiteMainPhase(TestSuiteExecutor.java:112)
	at com.kms.katalon.core.main.TestSuiteExecutor.execute(TestSuiteExecutor.java:81)
	at com.kms.katalon.core.main.TestCaseMain.startTestSuite(TestCaseMain.java:149)
	at com.kms.katalon.core.main.TestCaseMain$startTestSuite$0.call(Unknown Source)
	at TempTestSuite1551423105918.run(TempTestSuite1551423105918.groovy:36)]]></system-err>
      </testcase>
      <testcase name="Test Cases/Company/Company-07" classname="Test Cases/Company/Company-07" status="PASSED">
         <system-out><![CDATA[2019-03-01 13:54:13 - [TEST_CASE][PASSED] - Test Cases/Company/Company-07: Test Cases/Company/Company-07

2019-03-01 13:54:13 - [TEST_STEP][PASSED] - openBrowser(""): Browser is opened with url: ''

2019-03-01 13:54:13 - [MESSAGE][WARNING] - A browser is already opened. Closing browser and opening a new one

2019-03-01 13:54:14 - [MESSAGE][INFO] - Starting 'Chrome' driver

2019-03-01 13:54:17 - [MESSAGE][PASSED] - Browser is opened with url: ''

2019-03-01 13:54:17 - [TEST_STEP][PASSED] - navigateToUrl("http://helpdesk.wisky.vn/"): Navigate to 'http://helpdesk.wisky.vn/' successfully

2019-03-01 13:54:19 - [MESSAGE][PASSED] - Navigate to 'http://helpdesk.wisky.vn/' successfully

2019-03-01 13:54:19 - [TEST_STEP][PASSED] - setText(findTestObject("Company/Company-07/Page_ODTS System/input_ODTS_username"), "admin01"): Text 'admin01' is set on object 'Object Repository/Company/Company-07/Page_ODTS System/input_ODTS_username'

2019-03-01 13:54:20 - [MESSAGE][PASSED] - Text 'admin01' is set on object 'Object Repository/Company/Company-07/Page_ODTS System/input_ODTS_username'

2019-03-01 13:54:20 - [TEST_STEP][PASSED] - setEncryptedText(findTestObject("Company/Company-07/Page_ODTS System/input_ODTS_password"), "aeHFOx8jV/A="): Text ****** has been set on object 'Object Repository/Company/Company-07/Page_ODTS System/input_ODTS_password'

2019-03-01 13:54:20 - [MESSAGE][PASSED] - Text ****** has been set on object 'Object Repository/Company/Company-07/Page_ODTS System/input_ODTS_password'

2019-03-01 13:54:20 - [TEST_STEP][PASSED] - click(findTestObject("Company/Company-07/Page_ODTS System/button_ng Nhp")): Object: 'Object Repository/Company/Company-07/Page_ODTS System/button_ng Nhp' is clicked on

2019-03-01 13:54:23 - [MESSAGE][PASSED] - Object: 'Object Repository/Company/Company-07/Page_ODTS System/button_ng Nhp' is clicked on

2019-03-01 13:54:23 - [TEST_STEP][PASSED] - click(findTestObject("Company/Company-07/Page_ODTS System/span_Cng Ty")): Object: 'Object Repository/Company/Company-07/Page_ODTS System/span_Cng Ty' is clicked on

2019-03-01 13:54:24 - [MESSAGE][PASSED] - Object: 'Object Repository/Company/Company-07/Page_ODTS System/span_Cng Ty' is clicked on

2019-03-01 13:54:24 - [TEST_STEP][PASSED] - click(findTestObject("Company/Company-07/Page_ODTS System/a_Xem Chi Nhnh")): Object: 'Object Repository/Company/Company-07/Page_ODTS System/a_Xem Chi Nhnh' is clicked on

2019-03-01 13:54:25 - [MESSAGE][PASSED] - Object: 'Object Repository/Company/Company-07/Page_ODTS System/a_Xem Chi Nhnh' is clicked on

2019-03-01 13:54:25 - [TEST_STEP][PASSED] - waitForAlert(1): No alert found after 1 second(s).

2019-03-01 13:54:26 - [MESSAGE][WARNING] - No alert found after 1 second(s).

2019-03-01 13:54:26 - [TEST_STEP][PASSED] - click(findTestObject("Company/Company-07/Page_ODTS System/fieldSearch")): Object: 'Object Repository/Company/Company-07/Page_ODTS System/fieldSearch' is clicked on

2019-03-01 13:54:26 - [MESSAGE][PASSED] - Object: 'Object Repository/Company/Company-07/Page_ODTS System/fieldSearch' is clicked on

2019-03-01 13:54:26 - [TEST_STEP][PASSED] - setText(findTestObject("Company/Company-07/Page_ODTS System/input"), "anhtest"): Text 'anhtest' is set on object 'Object Repository/Company/Company-07/Page_ODTS System/input'

2019-03-01 13:54:26 - [MESSAGE][PASSED] - Text 'anhtest' is set on object 'Object Repository/Company/Company-07/Page_ODTS System/input'

2019-03-01 13:54:27 - [TEST_STEP][PASSED] - click(findTestObject("Company/Company-07/Page_ODTS System/button_Xem Thit b_btn btn-info")): Object: 'Object Repository/Company/Company-07/Page_ODTS System/button_Xem Thit b_btn btn-info' is clicked on

2019-03-01 13:54:27 - [MESSAGE][PASSED] - Object: 'Object Repository/Company/Company-07/Page_ODTS System/button_Xem Thit b_btn btn-info' is clicked on

2019-03-01 13:54:27 - [TEST_STEP][PASSED] - waitForAlert(1): No alert found after 1 second(s).

2019-03-01 13:54:28 - [MESSAGE][WARNING] - No alert found after 1 second(s).

2019-03-01 13:54:28 - [TEST_STEP][PASSED] - verifyElementText(findTestObject("Company/Company-07/Page_ODTS System/p_Passio"), "Passio"): Actual text and expected text of test object 'Object Repository/Company/Company-07/Page_ODTS System/p_Passio' are matched.

2019-03-01 13:54:28 - [MESSAGE][PASSED] - Actual text and expected text of test object 'Object Repository/Company/Company-07/Page_ODTS System/p_Passio' are matched.

2019-03-01 13:54:28 - [TEST_STEP][PASSED] - verifyElementText(findTestObject("Company/Company-07/Page_ODTS System/p_anhtest"), "anhtest"): Actual text and expected text of test object 'Object Repository/Company/Company-07/Page_ODTS System/p_anhtest' are matched.

2019-03-01 13:54:28 - [MESSAGE][PASSED] - Actual text and expected text of test object 'Object Repository/Company/Company-07/Page_ODTS System/p_anhtest' are matched.

2019-03-01 13:54:28 - [TEST_STEP][PASSED] - verifyElementText(findTestObject("Company/Company-07/Page_ODTS System/p_anh"), "anh"): Actual text and expected text of test object 'Object Repository/Company/Company-07/Page_ODTS System/p_anh' are matched.

2019-03-01 13:54:28 - [MESSAGE][PASSED] - Actual text and expected text of test object 'Object Repository/Company/Company-07/Page_ODTS System/p_anh' are matched.

2019-03-01 13:54:28 - [TEST_STEP][PASSED] - verifyElementText(findTestObject("Company/Company-07/Page_ODTS System/p_14021"), "14021"): Actual text and expected text of test object 'Object Repository/Company/Company-07/Page_ODTS System/p_14021' are matched.

2019-03-01 13:54:28 - [MESSAGE][PASSED] - Actual text and expected text of test object 'Object Repository/Company/Company-07/Page_ODTS System/p_14021' are matched.

2019-03-01 13:54:28 - [TEST_STEP][PASSED] - verifyElementText(findTestObject("Company/Company-07/Page_ODTS System/p_hihi"), "hihi"): Actual text and expected text of test object 'Object Repository/Company/Company-07/Page_ODTS System/p_hihi' are matched.

2019-03-01 13:54:28 - [MESSAGE][PASSED] - Actual text and expected text of test object 'Object Repository/Company/Company-07/Page_ODTS System/p_hihi' are matched.

2019-03-01 13:54:28 - [TEST_STEP][PASSED] - verifyElementText(findTestObject("Company/Company-07/Page_ODTS System/p_0123456789"), "0123456789"): Actual text and expected text of test object 'Object Repository/Company/Company-07/Page_ODTS System/p_0123456789' are matched.

2019-03-01 13:54:29 - [MESSAGE][PASSED] - Actual text and expected text of test object 'Object Repository/Company/Company-07/Page_ODTS System/p_0123456789' are matched.

2019-03-01 13:54:29 - [TEST_STEP][PASSED] - click(findTestObject("Company/Company-07/Page_ODTS System/button_ng")): Object: 'Object Repository/Company/Company-07/Page_ODTS System/button_ng' is clicked on

2019-03-01 13:54:29 - [MESSAGE][PASSED] - Object: 'Object Repository/Company/Company-07/Page_ODTS System/button_ng' is clicked on

2019-03-01 13:54:29 - [TEST_STEP][PASSED] - closeBrowser(): Browser is closed

2019-03-01 13:54:30 - [MESSAGE][PASSED] - Browser is closed]]></system-out>
         <system-err><![CDATA[]]></system-err>
      </testcase>
      <testcase name="Test Cases/Company/Company-08" classname="Test Cases/Company/Company-08" status="FAILED">
         <failure type="FAILED" message="Test Cases/Company/Company-08 FAILED.
Reason:
com.kms.katalon.core.exception.StepFailedException: Unable to click on object 'Object Repository/Company/Company-08/Page_ODTS System/a_Xem Chi Nhnh' (Root cause: com.kms.katalon.core.webui.exception.WebElementNotFoundException: Web element with id: 'Object Repository/Company/Company-08/Page_ODTS System/a_Xem Chi Nhnh' located by 'By.xpath: //table[@id='detail-table']/tbody/tr/td[5]/a' not found)
	at com.kms.katalon.core.keyword.internal.KeywordMain.stepFailed(KeywordMain.groovy:36)
	at com.kms.katalon.core.webui.keyword.internal.WebUIKeywordMain.stepFailed(WebUIKeywordMain.groovy:65)
	at com.kms.katalon.core.webui.keyword.internal.WebUIKeywordMain.runKeyword(WebUIKeywordMain.groovy:27)
	at com.kms.katalon.core.webui.keyword.builtin.ClickKeyword.click(ClickKeyword.groovy:86)
	at com.kms.katalon.core.webui.keyword.builtin.ClickKeyword.execute(ClickKeyword.groovy:67)
	at com.kms.katalon.core.keyword.internal.KeywordExecutor.executeKeywordForPlatform(KeywordExecutor.groovy:53)
	at com.kms.katalon.core.webui.keyword.WebUiBuiltInKeywords.click(WebUiBuiltInKeywords.groovy:616)
	at com.kms.katalon.core.webui.keyword.WebUiBuiltInKeywords$click$3.call(Unknown Source)
	at Company-08.run(Company-08:27)
	at com.kms.katalon.core.main.ScriptEngine.run(ScriptEngine.java:194)
	at com.kms.katalon.core.main.ScriptEngine.runScriptAsRawText(ScriptEngine.java:119)
	at com.kms.katalon.core.main.TestCaseExecutor.runScript(TestCaseExecutor.java:328)
	at com.kms.katalon.core.main.TestCaseExecutor.doExecute(TestCaseExecutor.java:319)
	at com.kms.katalon.core.main.TestCaseExecutor.processExecutionPhase(TestCaseExecutor.java:298)
	at com.kms.katalon.core.main.TestCaseExecutor.accessMainPhase(TestCaseExecutor.java:290)
	at com.kms.katalon.core.main.TestCaseExecutor.execute(TestCaseExecutor.java:224)
	at com.kms.katalon.core.main.TestSuiteExecutor.accessTestCaseMainPhase(TestSuiteExecutor.java:129)
	at com.kms.katalon.core.main.TestSuiteExecutor.accessTestSuiteMainPhase(TestSuiteExecutor.java:112)
	at com.kms.katalon.core.main.TestSuiteExecutor.execute(TestSuiteExecutor.java:81)
	at com.kms.katalon.core.main.TestCaseMain.startTestSuite(TestCaseMain.java:149)
	at com.kms.katalon.core.main.TestCaseMain$startTestSuite$0.call(Unknown Source)
	at TempTestSuite1551423105918.run(TempTestSuite1551423105918.groovy:36)
"/>
         <system-out><![CDATA[2019-03-01 13:54:30 - [TEST_CASE][FAILED] - Test Cases/Company/Company-08: Test Cases/Company/Company-08 FAILED.
Reason:
com.kms.katalon.core.exception.StepFailedException: Unable to click on object 'Object Repository/Company/Company-08/Page_ODTS System/a_Xem Chi Nhnh' (Root cause: com.kms.katalon.core.webui.exception.WebElementNotFoundException: Web element with id: 'Object Repository/Company/Company-08/Page_ODTS System/a_Xem Chi Nhnh' located by 'By.xpath: //table[@id='detail-table']/tbody/tr/td[5]/a' not found)
	at com.kms.katalon.core.keyword.internal.KeywordMain.stepFailed(KeywordMain.groovy:36)
	at com.kms.katalon.core.webui.keyword.internal.WebUIKeywordMain.stepFailed(WebUIKeywordMain.groovy:65)
	at com.kms.katalon.core.webui.keyword.internal.WebUIKeywordMain.runKeyword(WebUIKeywordMain.groovy:27)
	at com.kms.katalon.core.webui.keyword.builtin.ClickKeyword.click(ClickKeyword.groovy:86)
	at com.kms.katalon.core.webui.keyword.builtin.ClickKeyword.execute(ClickKeyword.groovy:67)
	at com.kms.katalon.core.keyword.internal.KeywordExecutor.executeKeywordForPlatform(KeywordExecutor.groovy:53)
	at com.kms.katalon.core.webui.keyword.WebUiBuiltInKeywords.click(WebUiBuiltInKeywords.groovy:616)
	at com.kms.katalon.core.webui.keyword.WebUiBuiltInKeywords$click$3.call(Unknown Source)
	at Company-08.run(Company-08:27)
	at com.kms.katalon.core.main.ScriptEngine.run(ScriptEngine.java:194)
	at com.kms.katalon.core.main.ScriptEngine.runScriptAsRawText(ScriptEngine.java:119)
	at com.kms.katalon.core.main.TestCaseExecutor.runScript(TestCaseExecutor.java:328)
	at com.kms.katalon.core.main.TestCaseExecutor.doExecute(TestCaseExecutor.java:319)
	at com.kms.katalon.core.main.TestCaseExecutor.processExecutionPhase(TestCaseExecutor.java:298)
	at com.kms.katalon.core.main.TestCaseExecutor.accessMainPhase(TestCaseExecutor.java:290)
	at com.kms.katalon.core.main.TestCaseExecutor.execute(TestCaseExecutor.java:224)
	at com.kms.katalon.core.main.TestSuiteExecutor.accessTestCaseMainPhase(TestSuiteExecutor.java:129)
	at com.kms.katalon.core.main.TestSuiteExecutor.accessTestSuiteMainPhase(TestSuiteExecutor.java:112)
	at com.kms.katalon.core.main.TestSuiteExecutor.execute(TestSuiteExecutor.java:81)
	at com.kms.katalon.core.main.TestCaseMain.startTestSuite(TestCaseMain.java:149)
	at com.kms.katalon.core.main.TestCaseMain$startTestSuite$0.call(Unknown Source)
	at TempTestSuite1551423105918.run(TempTestSuite1551423105918.groovy:36)


2019-03-01 13:54:30 - [TEST_STEP][PASSED] - openBrowser(""): Browser is opened with url: ''

2019-03-01 13:54:30 - [MESSAGE][INFO] - Starting 'Chrome' driver

2019-03-01 13:54:33 - [MESSAGE][PASSED] - Browser is opened with url: ''

2019-03-01 13:54:33 - [TEST_STEP][PASSED] - navigateToUrl("http://helpdesk.wisky.vn/"): Navigate to 'http://helpdesk.wisky.vn/' successfully

2019-03-01 13:54:35 - [MESSAGE][PASSED] - Navigate to 'http://helpdesk.wisky.vn/' successfully

2019-03-01 13:54:35 - [TEST_STEP][PASSED] - setText(findTestObject("Company/Company-08/Page_ODTS System/input_ODTS_username"), "admin01"): Text 'admin01' is set on object 'Object Repository/Company/Company-08/Page_ODTS System/input_ODTS_username'

2019-03-01 13:54:35 - [MESSAGE][PASSED] - Text 'admin01' is set on object 'Object Repository/Company/Company-08/Page_ODTS System/input_ODTS_username'

2019-03-01 13:54:35 - [TEST_STEP][PASSED] - setEncryptedText(findTestObject("Company/Company-08/Page_ODTS System/input_ODTS_password"), "aeHFOx8jV/A="): Text ****** has been set on object 'Object Repository/Company/Company-08/Page_ODTS System/input_ODTS_password'

2019-03-01 13:54:35 - [MESSAGE][PASSED] - Text ****** has been set on object 'Object Repository/Company/Company-08/Page_ODTS System/input_ODTS_password'

2019-03-01 13:54:35 - [TEST_STEP][PASSED] - click(findTestObject("Company/Company-08/Page_ODTS System/button_ng Nhp")): Object: 'Object Repository/Company/Company-08/Page_ODTS System/button_ng Nhp' is clicked on

2019-03-01 13:54:35 - [MESSAGE][PASSED] - Object: 'Object Repository/Company/Company-08/Page_ODTS System/button_ng Nhp' is clicked on

2019-03-01 13:54:35 - [TEST_STEP][FAILED] - click(findTestObject("Company/Company-08/Page_ODTS System/a_Xem Chi Nhnh")): click(findTestObject("Company/Company-08/Page_ODTS System/a_Xem Chi Nhnh")) FAILED.
Reason:
com.kms.katalon.core.exception.StepFailedException: Unable to click on object 'Object Repository/Company/Company-08/Page_ODTS System/a_Xem Chi Nhnh' (Root cause: com.kms.katalon.core.webui.exception.WebElementNotFoundException: Web element with id: 'Object Repository/Company/Company-08/Page_ODTS System/a_Xem Chi Nhnh' located by 'By.xpath: //table[@id='detail-table']/tbody/tr/td[5]/a' not found)
	at com.kms.katalon.core.keyword.internal.KeywordMain.stepFailed(KeywordMain.groovy:36)
	at com.kms.katalon.core.webui.keyword.internal.WebUIKeywordMain.stepFailed(WebUIKeywordMain.groovy:65)
	at com.kms.katalon.core.webui.keyword.internal.WebUIKeywordMain.runKeyword(WebUIKeywordMain.groovy:27)
	at com.kms.katalon.core.webui.keyword.builtin.ClickKeyword.click(ClickKeyword.groovy:86)
	at com.kms.katalon.core.webui.keyword.builtin.ClickKeyword.execute(ClickKeyword.groovy:67)
	at com.kms.katalon.core.keyword.internal.KeywordExecutor.executeKeywordForPlatform(KeywordExecutor.groovy:53)
	at com.kms.katalon.core.webui.keyword.WebUiBuiltInKeywords.click(WebUiBuiltInKeywords.groovy:616)
	at com.kms.katalon.core.webui.keyword.WebUiBuiltInKeywords$click$3.call(Unknown Source)
	at Company-08.run(Company-08:27)
	at com.kms.katalon.core.main.ScriptEngine.run(ScriptEngine.java:194)
	at com.kms.katalon.core.main.ScriptEngine.runScriptAsRawText(ScriptEngine.java:119)
	at com.kms.katalon.core.main.TestCaseExecutor.runScript(TestCaseExecutor.java:328)
	at com.kms.katalon.core.main.TestCaseExecutor.doExecute(TestCaseExecutor.java:319)
	at com.kms.katalon.core.main.TestCaseExecutor.processExecutionPhase(TestCaseExecutor.java:298)
	at com.kms.katalon.core.main.TestCaseExecutor.accessMainPhase(TestCaseExecutor.java:290)
	at com.kms.katalon.core.main.TestCaseExecutor.execute(TestCaseExecutor.java:224)
	at com.kms.katalon.core.main.TestSuiteExecutor.accessTestCaseMainPhase(TestSuiteExecutor.java:129)
	at com.kms.katalon.core.main.TestSuiteExecutor.accessTestSuiteMainPhase(TestSuiteExecutor.java:112)
	at com.kms.katalon.core.main.TestSuiteExecutor.execute(TestSuiteExecutor.java:81)
	at com.kms.katalon.core.main.TestCaseMain.startTestSuite(TestCaseMain.java:149)
	at com.kms.katalon.core.main.TestCaseMain$startTestSuite$0.call(Unknown Source)
	at TempTestSuite1551423105918.run(TempTestSuite1551423105918.groovy:36)


2019-03-01 13:55:07 - [MESSAGE][INFO] - Unable to find the element located by 'By.xpath: //table[@id='detail-table']/tbody/tr/td[5]/a'. Please recheck the objects properties to make sure the desired element is located. 

2019-03-01 13:55:08 - [MESSAGE][FAILED] - Unable to click on object 'Object Repository/Company/Company-08/Page_ODTS System/a_Xem Chi Nhnh' (Root cause: com.kms.katalon.core.webui.exception.WebElementNotFoundException: Web element with id: 'Object Repository/Company/Company-08/Page_ODTS System/a_Xem Chi Nhnh' located by 'By.xpath: //table[@id='detail-table']/tbody/tr/td[5]/a' not found)
[[ATTACHMENT|C:\\Users\\pc\\HelpdeskAutomation\\Reports\\Company06-07-08-09\\20190301_135141\\1551423307520.png]]

2019-03-01 13:55:08 - [MESSAGE][FAILED] - click(findTestObject("Company/Company-08/Page_ODTS System/a_Xem Chi Nhnh")) FAILED.
Reason:
com.kms.katalon.core.exception.StepFailedException: Unable to click on object 'Object Repository/Company/Company-08/Page_ODTS System/a_Xem Chi Nhnh' (Root cause: com.kms.katalon.core.webui.exception.WebElementNotFoundException: Web element with id: 'Object Repository/Company/Company-08/Page_ODTS System/a_Xem Chi Nhnh' located by 'By.xpath: //table[@id='detail-table']/tbody/tr/td[5]/a' not found)
	at com.kms.katalon.core.keyword.internal.KeywordMain.stepFailed(KeywordMain.groovy:36)
	at com.kms.katalon.core.webui.keyword.internal.WebUIKeywordMain.stepFailed(WebUIKeywordMain.groovy:65)
	at com.kms.katalon.core.webui.keyword.internal.WebUIKeywordMain.runKeyword(WebUIKeywordMain.groovy:27)
	at com.kms.katalon.core.webui.keyword.builtin.ClickKeyword.click(ClickKeyword.groovy:86)
	at com.kms.katalon.core.webui.keyword.builtin.ClickKeyword.execute(ClickKeyword.groovy:67)
	at com.kms.katalon.core.keyword.internal.KeywordExecutor.executeKeywordForPlatform(KeywordExecutor.groovy:53)
	at com.kms.katalon.core.webui.keyword.WebUiBuiltInKeywords.click(WebUiBuiltInKeywords.groovy:616)
	at com.kms.katalon.core.webui.keyword.WebUiBuiltInKeywords$click$3.call(Unknown Source)
	at Company-08.run(Company-08:27)
	at com.kms.katalon.core.main.ScriptEngine.run(ScriptEngine.java:194)
	at com.kms.katalon.core.main.ScriptEngine.runScriptAsRawText(ScriptEngine.java:119)
	at com.kms.katalon.core.main.TestCaseExecutor.runScript(TestCaseExecutor.java:328)
	at com.kms.katalon.core.main.TestCaseExecutor.doExecute(TestCaseExecutor.java:319)
	at com.kms.katalon.core.main.TestCaseExecutor.processExecutionPhase(TestCaseExecutor.java:298)
	at com.kms.katalon.core.main.TestCaseExecutor.accessMainPhase(TestCaseExecutor.java:290)
	at com.kms.katalon.core.main.TestCaseExecutor.execute(TestCaseExecutor.java:224)
	at com.kms.katalon.core.main.TestSuiteExecutor.accessTestCaseMainPhase(TestSuiteExecutor.java:129)
	at com.kms.katalon.core.main.TestSuiteExecutor.accessTestSuiteMainPhase(TestSuiteExecutor.java:112)
	at com.kms.katalon.core.main.TestSuiteExecutor.execute(TestSuiteExecutor.java:81)
	at com.kms.katalon.core.main.TestCaseMain.startTestSuite(TestCaseMain.java:149)
	at com.kms.katalon.core.main.TestCaseMain$startTestSuite$0.call(Unknown Source)
	at TempTestSuite1551423105918.run(TempTestSuite1551423105918.groovy:36)]]></system-out>
         <system-err><![CDATA[2019-03-01 13:54:30 - [TEST_CASE][FAILED] - Test Cases/Company/Company-08: Test Cases/Company/Company-08 FAILED.
Reason:
com.kms.katalon.core.exception.StepFailedException: Unable to click on object 'Object Repository/Company/Company-08/Page_ODTS System/a_Xem Chi Nhnh' (Root cause: com.kms.katalon.core.webui.exception.WebElementNotFoundException: Web element with id: 'Object Repository/Company/Company-08/Page_ODTS System/a_Xem Chi Nhnh' located by 'By.xpath: //table[@id='detail-table']/tbody/tr/td[5]/a' not found)
	at com.kms.katalon.core.keyword.internal.KeywordMain.stepFailed(KeywordMain.groovy:36)
	at com.kms.katalon.core.webui.keyword.internal.WebUIKeywordMain.stepFailed(WebUIKeywordMain.groovy:65)
	at com.kms.katalon.core.webui.keyword.internal.WebUIKeywordMain.runKeyword(WebUIKeywordMain.groovy:27)
	at com.kms.katalon.core.webui.keyword.builtin.ClickKeyword.click(ClickKeyword.groovy:86)
	at com.kms.katalon.core.webui.keyword.builtin.ClickKeyword.execute(ClickKeyword.groovy:67)
	at com.kms.katalon.core.keyword.internal.KeywordExecutor.executeKeywordForPlatform(KeywordExecutor.groovy:53)
	at com.kms.katalon.core.webui.keyword.WebUiBuiltInKeywords.click(WebUiBuiltInKeywords.groovy:616)
	at com.kms.katalon.core.webui.keyword.WebUiBuiltInKeywords$click$3.call(Unknown Source)
	at Company-08.run(Company-08:27)
	at com.kms.katalon.core.main.ScriptEngine.run(ScriptEngine.java:194)
	at com.kms.katalon.core.main.ScriptEngine.runScriptAsRawText(ScriptEngine.java:119)
	at com.kms.katalon.core.main.TestCaseExecutor.runScript(TestCaseExecutor.java:328)
	at com.kms.katalon.core.main.TestCaseExecutor.doExecute(TestCaseExecutor.java:319)
	at com.kms.katalon.core.main.TestCaseExecutor.processExecutionPhase(TestCaseExecutor.java:298)
	at com.kms.katalon.core.main.TestCaseExecutor.accessMainPhase(TestCaseExecutor.java:290)
	at com.kms.katalon.core.main.TestCaseExecutor.execute(TestCaseExecutor.java:224)
	at com.kms.katalon.core.main.TestSuiteExecutor.accessTestCaseMainPhase(TestSuiteExecutor.java:129)
	at com.kms.katalon.core.main.TestSuiteExecutor.accessTestSuiteMainPhase(TestSuiteExecutor.java:112)
	at com.kms.katalon.core.main.TestSuiteExecutor.execute(TestSuiteExecutor.java:81)
	at com.kms.katalon.core.main.TestCaseMain.startTestSuite(TestCaseMain.java:149)
	at com.kms.katalon.core.main.TestCaseMain$startTestSuite$0.call(Unknown Source)
	at TempTestSuite1551423105918.run(TempTestSuite1551423105918.groovy:36)]]></system-err>
      </testcase>
      <testcase name="Test Cases/Company/Company-09" classname="Test Cases/Company/Company-09" status="FAILED">
         <failure type="FAILED" message="Test Cases/Company/Company-09 FAILED.
Reason:
com.kms.katalon.core.exception.StepFailedException: Unable to click on object 'Object Repository/Company/Company-09/Page_ODTS System/button_OK' (Root cause: org.openqa.selenium.StaleElementReferenceException: stale element reference: element is not attached to the page document
  (Session info: chrome=72.0.3626.119)
  (Driver info: chromedriver=2.43.600210 (68dcf5eebde37173d4027fa8635e332711d2874a),platform=Windows NT 10.0.17134 x86_64) (WARNING: The server did not provide any stacktrace information)
Command duration or timeout: 0 milliseconds
For documentation on this error, please visit: http://seleniumhq.org/exceptions/stale_element_reference.html
Build info: version: '3.7.1', revision: '8a0099a', time: '2017-11-06T21:07:36.161Z'
System info: host: 'ANHNVSE63446', ip: '192.168.175.1', os.name: 'Windows 10', os.arch: 'amd64', os.version: '10.0', java.version: '1.8.0_181'
Driver info: com.kms.katalon.selenium.driver.CChromeDriver
Capabilities {acceptInsecureCerts: false, acceptSslCerts: false, applicationCacheEnabled: false, browserConnectionEnabled: false, browserName: chrome, chrome: {chromedriverVersion: 2.43.600210 (68dcf5eebde371..., userDataDir: C:\Users\pc\AppData\Local\T...}, cssSelectorsEnabled: true, databaseEnabled: false, goog:chromeOptions: {debuggerAddress: localhost:51892}, handlesAlerts: true, hasTouchScreen: false, javascriptEnabled: true, locationContextEnabled: true, mobileEmulationEnabled: false, nativeEvents: true, networkConnectionEnabled: false, pageLoadStrategy: normal, platform: XP, platformName: XP, rotatable: false, setWindowRect: true, takesHeapSnapshot: true, takesScreenshot: true, unexpectedAlertBehaviour: , unhandledPromptBehavior: , version: 72.0.3626.119, webStorageEnabled: true}
Session ID: 13640990a877bc17a5404127a70f2c49)
	at com.kms.katalon.core.keyword.internal.KeywordMain.stepFailed(KeywordMain.groovy:36)
	at com.kms.katalon.core.webui.keyword.internal.WebUIKeywordMain.stepFailed(WebUIKeywordMain.groovy:65)
	at com.kms.katalon.core.webui.keyword.internal.WebUIKeywordMain.runKeyword(WebUIKeywordMain.groovy:27)
	at com.kms.katalon.core.webui.keyword.builtin.ClickKeyword.click(ClickKeyword.groovy:86)
	at com.kms.katalon.core.webui.keyword.builtin.ClickKeyword.execute(ClickKeyword.groovy:67)
	at com.kms.katalon.core.keyword.internal.KeywordExecutor.executeKeywordForPlatform(KeywordExecutor.groovy:53)
	at com.kms.katalon.core.webui.keyword.WebUiBuiltInKeywords.click(WebUiBuiltInKeywords.groovy:616)
	at com.kms.katalon.core.webui.keyword.WebUiBuiltInKeywords$click$3.call(Unknown Source)
	at Company-09.run(Company-09:39)
	at com.kms.katalon.core.main.ScriptEngine.run(ScriptEngine.java:194)
	at com.kms.katalon.core.main.ScriptEngine.runScriptAsRawText(ScriptEngine.java:119)
	at com.kms.katalon.core.main.TestCaseExecutor.runScript(TestCaseExecutor.java:328)
	at com.kms.katalon.core.main.TestCaseExecutor.doExecute(TestCaseExecutor.java:319)
	at com.kms.katalon.core.main.TestCaseExecutor.processExecutionPhase(TestCaseExecutor.java:298)
	at com.kms.katalon.core.main.TestCaseExecutor.accessMainPhase(TestCaseExecutor.java:290)
	at com.kms.katalon.core.main.TestCaseExecutor.execute(TestCaseExecutor.java:224)
	at com.kms.katalon.core.main.TestSuiteExecutor.accessTestCaseMainPhase(TestSuiteExecutor.java:129)
	at com.kms.katalon.core.main.TestSuiteExecutor.accessTestSuiteMainPhase(TestSuiteExecutor.java:112)
	at com.kms.katalon.core.main.TestSuiteExecutor.execute(TestSuiteExecutor.java:81)
	at com.kms.katalon.core.main.TestCaseMain.startTestSuite(TestCaseMain.java:149)
	at com.kms.katalon.core.main.TestCaseMain$startTestSuite$0.call(Unknown Source)
	at TempTestSuite1551423105918.run(TempTestSuite1551423105918.groovy:36)
"/>
         <system-out><![CDATA[2019-03-01 13:55:08 - [TEST_CASE][FAILED] - Test Cases/Company/Company-09: Test Cases/Company/Company-09 FAILED.
Reason:
com.kms.katalon.core.exception.StepFailedException: Unable to click on object 'Object Repository/Company/Company-09/Page_ODTS System/button_OK' (Root cause: org.openqa.selenium.StaleElementReferenceException: stale element reference: element is not attached to the page document
  (Session info: chrome=72.0.3626.119)
  (Driver info: chromedriver=2.43.600210 (68dcf5eebde37173d4027fa8635e332711d2874a),platform=Windows NT 10.0.17134 x86_64) (WARNING: The server did not provide any stacktrace information)
Command duration or timeout: 0 milliseconds
For documentation on this error, please visit: http://seleniumhq.org/exceptions/stale_element_reference.html
Build info: version: '3.7.1', revision: '8a0099a', time: '2017-11-06T21:07:36.161Z'
System info: host: 'ANHNVSE63446', ip: '192.168.175.1', os.name: 'Windows 10', os.arch: 'amd64', os.version: '10.0', java.version: '1.8.0_181'
Driver info: com.kms.katalon.selenium.driver.CChromeDriver
Capabilities {acceptInsecureCerts: false, acceptSslCerts: false, applicationCacheEnabled: false, browserConnectionEnabled: false, browserName: chrome, chrome: {chromedriverVersion: 2.43.600210 (68dcf5eebde371..., userDataDir: C:\Users\pc\AppData\Local\T...}, cssSelectorsEnabled: true, databaseEnabled: false, goog:chromeOptions: {debuggerAddress: localhost:51892}, handlesAlerts: true, hasTouchScreen: false, javascriptEnabled: true, locationContextEnabled: true, mobileEmulationEnabled: false, nativeEvents: true, networkConnectionEnabled: false, pageLoadStrategy: normal, platform: XP, platformName: XP, rotatable: false, setWindowRect: true, takesHeapSnapshot: true, takesScreenshot: true, unexpectedAlertBehaviour: , unhandledPromptBehavior: , version: 72.0.3626.119, webStorageEnabled: true}
Session ID: 13640990a877bc17a5404127a70f2c49)
	at com.kms.katalon.core.keyword.internal.KeywordMain.stepFailed(KeywordMain.groovy:36)
	at com.kms.katalon.core.webui.keyword.internal.WebUIKeywordMain.stepFailed(WebUIKeywordMain.groovy:65)
	at com.kms.katalon.core.webui.keyword.internal.WebUIKeywordMain.runKeyword(WebUIKeywordMain.groovy:27)
	at com.kms.katalon.core.webui.keyword.builtin.ClickKeyword.click(ClickKeyword.groovy:86)
	at com.kms.katalon.core.webui.keyword.builtin.ClickKeyword.execute(ClickKeyword.groovy:67)
	at com.kms.katalon.core.keyword.internal.KeywordExecutor.executeKeywordForPlatform(KeywordExecutor.groovy:53)
	at com.kms.katalon.core.webui.keyword.WebUiBuiltInKeywords.click(WebUiBuiltInKeywords.groovy:616)
	at com.kms.katalon.core.webui.keyword.WebUiBuiltInKeywords$click$3.call(Unknown Source)
	at Company-09.run(Company-09:39)
	at com.kms.katalon.core.main.ScriptEngine.run(ScriptEngine.java:194)
	at com.kms.katalon.core.main.ScriptEngine.runScriptAsRawText(ScriptEngine.java:119)
	at com.kms.katalon.core.main.TestCaseExecutor.runScript(TestCaseExecutor.java:328)
	at com.kms.katalon.core.main.TestCaseExecutor.doExecute(TestCaseExecutor.java:319)
	at com.kms.katalon.core.main.TestCaseExecutor.processExecutionPhase(TestCaseExecutor.java:298)
	at com.kms.katalon.core.main.TestCaseExecutor.accessMainPhase(TestCaseExecutor.java:290)
	at com.kms.katalon.core.main.TestCaseExecutor.execute(TestCaseExecutor.java:224)
	at com.kms.katalon.core.main.TestSuiteExecutor.accessTestCaseMainPhase(TestSuiteExecutor.java:129)
	at com.kms.katalon.core.main.TestSuiteExecutor.accessTestSuiteMainPhase(TestSuiteExecutor.java:112)
	at com.kms.katalon.core.main.TestSuiteExecutor.execute(TestSuiteExecutor.java:81)
	at com.kms.katalon.core.main.TestCaseMain.startTestSuite(TestCaseMain.java:149)
	at com.kms.katalon.core.main.TestCaseMain$startTestSuite$0.call(Unknown Source)
	at TempTestSuite1551423105918.run(TempTestSuite1551423105918.groovy:36)


2019-03-01 13:55:08 - [TEST_STEP][PASSED] - openBrowser(""): Browser is opened with url: ''

2019-03-01 13:55:08 - [MESSAGE][WARNING] - A browser is already opened. Closing browser and opening a new one

2019-03-01 13:55:09 - [MESSAGE][INFO] - Starting 'Chrome' driver

2019-03-01 13:55:12 - [MESSAGE][PASSED] - Browser is opened with url: ''

2019-03-01 13:55:12 - [TEST_STEP][PASSED] - navigateToUrl("http://helpdesk.wisky.vn/"): Navigate to 'http://helpdesk.wisky.vn/' successfully

2019-03-01 13:55:13 - [MESSAGE][PASSED] - Navigate to 'http://helpdesk.wisky.vn/' successfully

2019-03-01 13:55:13 - [TEST_STEP][PASSED] - setText(findTestObject("Company/Company-09/Page_ODTS System/input_ODTS_username"), "admin01"): Text 'admin01' is set on object 'Object Repository/Company/Company-09/Page_ODTS System/input_ODTS_username'

2019-03-01 13:55:13 - [MESSAGE][PASSED] - Text 'admin01' is set on object 'Object Repository/Company/Company-09/Page_ODTS System/input_ODTS_username'

2019-03-01 13:55:13 - [TEST_STEP][PASSED] - setEncryptedText(findTestObject("Company/Company-09/Page_ODTS System/input_ODTS_password"), "aeHFOx8jV/A="): Text ****** has been set on object 'Object Repository/Company/Company-09/Page_ODTS System/input_ODTS_password'

2019-03-01 13:55:14 - [MESSAGE][PASSED] - Text ****** has been set on object 'Object Repository/Company/Company-09/Page_ODTS System/input_ODTS_password'

2019-03-01 13:55:14 - [TEST_STEP][PASSED] - click(findTestObject("Company/Company-09/Page_ODTS System/button_ng Nhp")): Object: 'Object Repository/Company/Company-09/Page_ODTS System/button_ng Nhp' is clicked on

2019-03-01 13:55:19 - [MESSAGE][PASSED] - Object: 'Object Repository/Company/Company-09/Page_ODTS System/button_ng Nhp' is clicked on

2019-03-01 13:55:19 - [TEST_STEP][PASSED] - click(findTestObject("Company/Company-09/Page_ODTS System/a_Cng Ty")): Object: 'Object Repository/Company/Company-09/Page_ODTS System/a_Cng Ty' is clicked on

2019-03-01 13:55:28 - [MESSAGE][PASSED] - Object: 'Object Repository/Company/Company-09/Page_ODTS System/a_Cng Ty' is clicked on

2019-03-01 13:55:28 - [TEST_STEP][PASSED] - click(findTestObject("Company/Company-09/Page_ODTS System/a_Xem Chi Nhnh")): Object: 'Object Repository/Company/Company-09/Page_ODTS System/a_Xem Chi Nhnh' is clicked on

2019-03-01 13:55:34 - [MESSAGE][PASSED] - Object: 'Object Repository/Company/Company-09/Page_ODTS System/a_Xem Chi Nhnh' is clicked on

2019-03-01 13:55:34 - [TEST_STEP][PASSED] - click(findTestObject("Company/Company-08/Page_ODTS System/fieldSearch")): Object: 'Object Repository/Company/Company-08/Page_ODTS System/fieldSearch' is clicked on

2019-03-01 13:55:41 - [MESSAGE][PASSED] - Object: 'Object Repository/Company/Company-08/Page_ODTS System/fieldSearch' is clicked on

2019-03-01 13:55:41 - [TEST_STEP][PASSED] - setText(findTestObject("Company/Company-09/Page_ODTS System/input"), "anhtest"): Text 'anhtest' is set on object 'Object Repository/Company/Company-09/Page_ODTS System/input'

2019-03-01 13:55:41 - [MESSAGE][PASSED] - Text 'anhtest' is set on object 'Object Repository/Company/Company-09/Page_ODTS System/input'

2019-03-01 13:55:41 - [TEST_STEP][PASSED] - click(findTestObject("Company/Company-09/Page_ODTS System/button_Xem Thit b_btn btn-dang")): Object: 'Object Repository/Company/Company-09/Page_ODTS System/button_Xem Thit b_btn btn-dang' is clicked on

2019-03-01 13:55:46 - [MESSAGE][PASSED] - Object: 'Object Repository/Company/Company-09/Page_ODTS System/button_Xem Thit b_btn btn-dang' is clicked on

2019-03-01 13:55:46 - [TEST_STEP][PASSED] - click(findTestObject("Company/Company-09/Page_ODTS System/button_Chp Nhn Xa")): Object: 'Object Repository/Company/Company-09/Page_ODTS System/button_Chp Nhn Xa' is clicked on

2019-03-01 13:55:51 - [MESSAGE][PASSED] - Object: 'Object Repository/Company/Company-09/Page_ODTS System/button_Chp Nhn Xa' is clicked on

2019-03-01 13:55:51 - [TEST_STEP][FAILED] - click(findTestObject("Company/Company-09/Page_ODTS System/button_OK")): click(findTestObject("Company/Company-09/Page_ODTS System/button_OK")) FAILED.
Reason:
com.kms.katalon.core.exception.StepFailedException: Unable to click on object 'Object Repository/Company/Company-09/Page_ODTS System/button_OK' (Root cause: org.openqa.selenium.StaleElementReferenceException: stale element reference: element is not attached to the page document
  (Session info: chrome=72.0.3626.119)
  (Driver info: chromedriver=2.43.600210 (68dcf5eebde37173d4027fa8635e332711d2874a),platform=Windows NT 10.0.17134 x86_64) (WARNING: The server did not provide any stacktrace information)
Command duration or timeout: 0 milliseconds
For documentation on this error, please visit: http://seleniumhq.org/exceptions/stale_element_reference.html
Build info: version: '3.7.1', revision: '8a0099a', time: '2017-11-06T21:07:36.161Z'
System info: host: 'ANHNVSE63446', ip: '192.168.175.1', os.name: 'Windows 10', os.arch: 'amd64', os.version: '10.0', java.version: '1.8.0_181'
Driver info: com.kms.katalon.selenium.driver.CChromeDriver
Capabilities {acceptInsecureCerts: false, acceptSslCerts: false, applicationCacheEnabled: false, browserConnectionEnabled: false, browserName: chrome, chrome: {chromedriverVersion: 2.43.600210 (68dcf5eebde371..., userDataDir: C:\Users\pc\AppData\Local\T...}, cssSelectorsEnabled: true, databaseEnabled: false, goog:chromeOptions: {debuggerAddress: localhost:51892}, handlesAlerts: true, hasTouchScreen: false, javascriptEnabled: true, locationContextEnabled: true, mobileEmulationEnabled: false, nativeEvents: true, networkConnectionEnabled: false, pageLoadStrategy: normal, platform: XP, platformName: XP, rotatable: false, setWindowRect: true, takesHeapSnapshot: true, takesScreenshot: true, unexpectedAlertBehaviour: , unhandledPromptBehavior: , version: 72.0.3626.119, webStorageEnabled: true}
Session ID: 13640990a877bc17a5404127a70f2c49)
	at com.kms.katalon.core.keyword.internal.KeywordMain.stepFailed(KeywordMain.groovy:36)
	at com.kms.katalon.core.webui.keyword.internal.WebUIKeywordMain.stepFailed(WebUIKeywordMain.groovy:65)
	at com.kms.katalon.core.webui.keyword.internal.WebUIKeywordMain.runKeyword(WebUIKeywordMain.groovy:27)
	at com.kms.katalon.core.webui.keyword.builtin.ClickKeyword.click(ClickKeyword.groovy:86)
	at com.kms.katalon.core.webui.keyword.builtin.ClickKeyword.execute(ClickKeyword.groovy:67)
	at com.kms.katalon.core.keyword.internal.KeywordExecutor.executeKeywordForPlatform(KeywordExecutor.groovy:53)
	at com.kms.katalon.core.webui.keyword.WebUiBuiltInKeywords.click(WebUiBuiltInKeywords.groovy:616)
	at com.kms.katalon.core.webui.keyword.WebUiBuiltInKeywords$click$3.call(Unknown Source)
	at Company-09.run(Company-09:39)
	at com.kms.katalon.core.main.ScriptEngine.run(ScriptEngine.java:194)
	at com.kms.katalon.core.main.ScriptEngine.runScriptAsRawText(ScriptEngine.java:119)
	at com.kms.katalon.core.main.TestCaseExecutor.runScript(TestCaseExecutor.java:328)
	at com.kms.katalon.core.main.TestCaseExecutor.doExecute(TestCaseExecutor.java:319)
	at com.kms.katalon.core.main.TestCaseExecutor.processExecutionPhase(TestCaseExecutor.java:298)
	at com.kms.katalon.core.main.TestCaseExecutor.accessMainPhase(TestCaseExecutor.java:290)
	at com.kms.katalon.core.main.TestCaseExecutor.execute(TestCaseExecutor.java:224)
	at com.kms.katalon.core.main.TestSuiteExecutor.accessTestCaseMainPhase(TestSuiteExecutor.java:129)
	at com.kms.katalon.core.main.TestSuiteExecutor.accessTestSuiteMainPhase(TestSuiteExecutor.java:112)
	at com.kms.katalon.core.main.TestSuiteExecutor.execute(TestSuiteExecutor.java:81)
	at com.kms.katalon.core.main.TestCaseMain.startTestSuite(TestCaseMain.java:149)
	at com.kms.katalon.core.main.TestCaseMain$startTestSuite$0.call(Unknown Source)
	at TempTestSuite1551423105918.run(TempTestSuite1551423105918.groovy:36)


2019-03-01 13:55:53 - [MESSAGE][FAILED] - Unable to click on object 'Object Repository/Company/Company-09/Page_ODTS System/button_OK' (Root cause: org.openqa.selenium.StaleElementReferenceException: stale element reference: element is not attached to the page document
  (Session info: chrome=72.0.3626.119)
  (Driver info: chromedriver=2.43.600210 (68dcf5eebde37173d4027fa8635e332711d2874a),platform=Windows NT 10.0.17134 x86_64) (WARNING: The server did not provide any stacktrace information)
Command duration or timeout: 0 milliseconds
For documentation on this error, please visit: http://seleniumhq.org/exceptions/stale_element_reference.html
Build info: version: '3.7.1', revision: '8a0099a', time: '2017-11-06T21:07:36.161Z'
System info: host: 'ANHNVSE63446', ip: '192.168.175.1', os.name: 'Windows 10', os.arch: 'amd64', os.version: '10.0', java.version: '1.8.0_181'
Driver info: com.kms.katalon.selenium.driver.CChromeDriver
Capabilities {acceptInsecureCerts: false, acceptSslCerts: false, applicationCacheEnabled: false, browserConnectionEnabled: false, browserName: chrome, chrome: {chromedriverVersion: 2.43.600210 (68dcf5eebde371..., userDataDir: C:\Users\pc\AppData\Local\T...}, cssSelectorsEnabled: true, databaseEnabled: false, goog:chromeOptions: {debuggerAddress: localhost:51892}, handlesAlerts: true, hasTouchScreen: false, javascriptEnabled: true, locationContextEnabled: true, mobileEmulationEnabled: false, nativeEvents: true, networkConnectionEnabled: false, pageLoadStrategy: normal, platform: XP, platformName: XP, rotatable: false, setWindowRect: true, takesHeapSnapshot: true, takesScreenshot: true, unexpectedAlertBehaviour: , unhandledPromptBehavior: , version: 72.0.3626.119, webStorageEnabled: true}
Session ID: 13640990a877bc17a5404127a70f2c49)
[[ATTACHMENT|C:\\Users\\pc\\HelpdeskAutomation\\Reports\\Company06-07-08-09\\20190301_135141\\1551423352746.png]]

2019-03-01 13:55:53 - [MESSAGE][FAILED] - click(findTestObject("Company/Company-09/Page_ODTS System/button_OK")) FAILED.
Reason:
com.kms.katalon.core.exception.StepFailedException: Unable to click on object 'Object Repository/Company/Company-09/Page_ODTS System/button_OK' (Root cause: org.openqa.selenium.StaleElementReferenceException: stale element reference: element is not attached to the page document
  (Session info: chrome=72.0.3626.119)
  (Driver info: chromedriver=2.43.600210 (68dcf5eebde37173d4027fa8635e332711d2874a),platform=Windows NT 10.0.17134 x86_64) (WARNING: The server did not provide any stacktrace information)
Command duration or timeout: 0 milliseconds
For documentation on this error, please visit: http://seleniumhq.org/exceptions/stale_element_reference.html
Build info: version: '3.7.1', revision: '8a0099a', time: '2017-11-06T21:07:36.161Z'
System info: host: 'ANHNVSE63446', ip: '192.168.175.1', os.name: 'Windows 10', os.arch: 'amd64', os.version: '10.0', java.version: '1.8.0_181'
Driver info: com.kms.katalon.selenium.driver.CChromeDriver
Capabilities {acceptInsecureCerts: false, acceptSslCerts: false, applicationCacheEnabled: false, browserConnectionEnabled: false, browserName: chrome, chrome: {chromedriverVersion: 2.43.600210 (68dcf5eebde371..., userDataDir: C:\Users\pc\AppData\Local\T...}, cssSelectorsEnabled: true, databaseEnabled: false, goog:chromeOptions: {debuggerAddress: localhost:51892}, handlesAlerts: true, hasTouchScreen: false, javascriptEnabled: true, locationContextEnabled: true, mobileEmulationEnabled: false, nativeEvents: true, networkConnectionEnabled: false, pageLoadStrategy: normal, platform: XP, platformName: XP, rotatable: false, setWindowRect: true, takesHeapSnapshot: true, takesScreenshot: true, unexpectedAlertBehaviour: , unhandledPromptBehavior: , version: 72.0.3626.119, webStorageEnabled: true}
Session ID: 13640990a877bc17a5404127a70f2c49)
	at com.kms.katalon.core.keyword.internal.KeywordMain.stepFailed(KeywordMain.groovy:36)
	at com.kms.katalon.core.webui.keyword.internal.WebUIKeywordMain.stepFailed(WebUIKeywordMain.groovy:65)
	at com.kms.katalon.core.webui.keyword.internal.WebUIKeywordMain.runKeyword(WebUIKeywordMain.groovy:27)
	at com.kms.katalon.core.webui.keyword.builtin.ClickKeyword.click(ClickKeyword.groovy:86)
	at com.kms.katalon.core.webui.keyword.builtin.ClickKeyword.execute(ClickKeyword.groovy:67)
	at com.kms.katalon.core.keyword.internal.KeywordExecutor.executeKeywordForPlatform(KeywordExecutor.groovy:53)
	at com.kms.katalon.core.webui.keyword.WebUiBuiltInKeywords.click(WebUiBuiltInKeywords.groovy:616)
	at com.kms.katalon.core.webui.keyword.WebUiBuiltInKeywords$click$3.call(Unknown Source)
	at Company-09.run(Company-09:39)
	at com.kms.katalon.core.main.ScriptEngine.run(ScriptEngine.java:194)
	at com.kms.katalon.core.main.ScriptEngine.runScriptAsRawText(ScriptEngine.java:119)
	at com.kms.katalon.core.main.TestCaseExecutor.runScript(TestCaseExecutor.java:328)
	at com.kms.katalon.core.main.TestCaseExecutor.doExecute(TestCaseExecutor.java:319)
	at com.kms.katalon.core.main.TestCaseExecutor.processExecutionPhase(TestCaseExecutor.java:298)
	at com.kms.katalon.core.main.TestCaseExecutor.accessMainPhase(TestCaseExecutor.java:290)
	at com.kms.katalon.core.main.TestCaseExecutor.execute(TestCaseExecutor.java:224)
	at com.kms.katalon.core.main.TestSuiteExecutor.accessTestCaseMainPhase(TestSuiteExecutor.java:129)
	at com.kms.katalon.core.main.TestSuiteExecutor.accessTestSuiteMainPhase(TestSuiteExecutor.java:112)
	at com.kms.katalon.core.main.TestSuiteExecutor.execute(TestSuiteExecutor.java:81)
	at com.kms.katalon.core.main.TestCaseMain.startTestSuite(TestCaseMain.java:149)
	at com.kms.katalon.core.main.TestCaseMain$startTestSuite$0.call(Unknown Source)
	at TempTestSuite1551423105918.run(TempTestSuite1551423105918.groovy:36)]]></system-out>
         <system-err><![CDATA[2019-03-01 13:55:08 - [TEST_CASE][FAILED] - Test Cases/Company/Company-09: Test Cases/Company/Company-09 FAILED.
Reason:
com.kms.katalon.core.exception.StepFailedException: Unable to click on object 'Object Repository/Company/Company-09/Page_ODTS System/button_OK' (Root cause: org.openqa.selenium.StaleElementReferenceException: stale element reference: element is not attached to the page document
  (Session info: chrome=72.0.3626.119)
  (Driver info: chromedriver=2.43.600210 (68dcf5eebde37173d4027fa8635e332711d2874a),platform=Windows NT 10.0.17134 x86_64) (WARNING: The server did not provide any stacktrace information)
Command duration or timeout: 0 milliseconds
For documentation on this error, please visit: http://seleniumhq.org/exceptions/stale_element_reference.html
Build info: version: '3.7.1', revision: '8a0099a', time: '2017-11-06T21:07:36.161Z'
System info: host: 'ANHNVSE63446', ip: '192.168.175.1', os.name: 'Windows 10', os.arch: 'amd64', os.version: '10.0', java.version: '1.8.0_181'
Driver info: com.kms.katalon.selenium.driver.CChromeDriver
Capabilities {acceptInsecureCerts: false, acceptSslCerts: false, applicationCacheEnabled: false, browserConnectionEnabled: false, browserName: chrome, chrome: {chromedriverVersion: 2.43.600210 (68dcf5eebde371..., userDataDir: C:\Users\pc\AppData\Local\T...}, cssSelectorsEnabled: true, databaseEnabled: false, goog:chromeOptions: {debuggerAddress: localhost:51892}, handlesAlerts: true, hasTouchScreen: false, javascriptEnabled: true, locationContextEnabled: true, mobileEmulationEnabled: false, nativeEvents: true, networkConnectionEnabled: false, pageLoadStrategy: normal, platform: XP, platformName: XP, rotatable: false, setWindowRect: true, takesHeapSnapshot: true, takesScreenshot: true, unexpectedAlertBehaviour: , unhandledPromptBehavior: , version: 72.0.3626.119, webStorageEnabled: true}
Session ID: 13640990a877bc17a5404127a70f2c49)
	at com.kms.katalon.core.keyword.internal.KeywordMain.stepFailed(KeywordMain.groovy:36)
	at com.kms.katalon.core.webui.keyword.internal.WebUIKeywordMain.stepFailed(WebUIKeywordMain.groovy:65)
	at com.kms.katalon.core.webui.keyword.internal.WebUIKeywordMain.runKeyword(WebUIKeywordMain.groovy:27)
	at com.kms.katalon.core.webui.keyword.builtin.ClickKeyword.click(ClickKeyword.groovy:86)
	at com.kms.katalon.core.webui.keyword.builtin.ClickKeyword.execute(ClickKeyword.groovy:67)
	at com.kms.katalon.core.keyword.internal.KeywordExecutor.executeKeywordForPlatform(KeywordExecutor.groovy:53)
	at com.kms.katalon.core.webui.keyword.WebUiBuiltInKeywords.click(WebUiBuiltInKeywords.groovy:616)
	at com.kms.katalon.core.webui.keyword.WebUiBuiltInKeywords$click$3.call(Unknown Source)
	at Company-09.run(Company-09:39)
	at com.kms.katalon.core.main.ScriptEngine.run(ScriptEngine.java:194)
	at com.kms.katalon.core.main.ScriptEngine.runScriptAsRawText(ScriptEngine.java:119)
	at com.kms.katalon.core.main.TestCaseExecutor.runScript(TestCaseExecutor.java:328)
	at com.kms.katalon.core.main.TestCaseExecutor.doExecute(TestCaseExecutor.java:319)
	at com.kms.katalon.core.main.TestCaseExecutor.processExecutionPhase(TestCaseExecutor.java:298)
	at com.kms.katalon.core.main.TestCaseExecutor.accessMainPhase(TestCaseExecutor.java:290)
	at com.kms.katalon.core.main.TestCaseExecutor.execute(TestCaseExecutor.java:224)
	at com.kms.katalon.core.main.TestSuiteExecutor.accessTestCaseMainPhase(TestSuiteExecutor.java:129)
	at com.kms.katalon.core.main.TestSuiteExecutor.accessTestSuiteMainPhase(TestSuiteExecutor.java:112)
	at com.kms.katalon.core.main.TestSuiteExecutor.execute(TestSuiteExecutor.java:81)
	at com.kms.katalon.core.main.TestCaseMain.startTestSuite(TestCaseMain.java:149)
	at com.kms.katalon.core.main.TestCaseMain$startTestSuite$0.call(Unknown Source)
	at TempTestSuite1551423105918.run(TempTestSuite1551423105918.groovy:36)]]></system-err>
      </testcase>
      <system-out><![CDATA[2019-03-01 13:51:49 - [TEST_SUITE][FAILED] - Company06-07-08-09: Test Cases/Company/Company-06 FAILED.
Reason:
com.kms.katalon.core.exception.StepFailedException: Unable to click on object 'Object Repository/Company/Company-06/Page_ODTS System/button_OK' (Root cause: com.kms.katalon.core.webui.exception.WebElementNotFoundException: Web element with id: 'Object Repository/Company/Company-06/Page_ODTS System/button_OK' located by 'By.xpath: (//button[@type='button'])[36]' not found)
	at com.kms.katalon.core.keyword.internal.KeywordMain.stepFailed(KeywordMain.groovy:36)
	at com.kms.katalon.core.webui.keyword.internal.WebUIKeywordMain.stepFailed(WebUIKeywordMain.groovy:65)
	at com.kms.katalon.core.webui.keyword.internal.WebUIKeywordMain.runKeyword(WebUIKeywordMain.groovy:27)
	at com.kms.katalon.core.webui.keyword.builtin.ClickKeyword.click(ClickKeyword.groovy:86)
	at com.kms.katalon.core.webui.keyword.builtin.ClickKeyword.execute(ClickKeyword.groovy:67)
	at com.kms.katalon.core.keyword.internal.KeywordExecutor.executeKeywordForPlatform(KeywordExecutor.groovy:53)
	at com.kms.katalon.core.webui.keyword.WebUiBuiltInKeywords.click(WebUiBuiltInKeywords.groovy:616)
	at com.kms.katalon.core.webui.keyword.WebUiBuiltInKeywords$click$3.call(Unknown Source)
	at Company-06.run(Company-06:64)
	at com.kms.katalon.core.main.ScriptEngine.run(ScriptEngine.java:194)
	at com.kms.katalon.core.main.ScriptEngine.runScriptAsRawText(ScriptEngine.java:119)
	at com.kms.katalon.core.main.TestCaseExecutor.runScript(TestCaseExecutor.java:328)
	at com.kms.katalon.core.main.TestCaseExecutor.doExecute(TestCaseExecutor.java:319)
	at com.kms.katalon.core.main.TestCaseExecutor.processExecutionPhase(TestCaseExecutor.java:298)
	at com.kms.katalon.core.main.TestCaseExecutor.accessMainPhase(TestCaseExecutor.java:290)
	at com.kms.katalon.core.main.TestCaseExecutor.execute(TestCaseExecutor.java:224)
	at com.kms.katalon.core.main.TestSuiteExecutor.accessTestCaseMainPhase(TestSuiteExecutor.java:129)
	at com.kms.katalon.core.main.TestSuiteExecutor.accessTestSuiteMainPhase(TestSuiteExecutor.java:112)
	at com.kms.katalon.core.main.TestSuiteExecutor.execute(TestSuiteExecutor.java:81)
	at com.kms.katalon.core.main.TestCaseMain.startTestSuite(TestCaseMain.java:149)
	at com.kms.katalon.core.main.TestCaseMain$startTestSuite$0.call(Unknown Source)
	at TempTestSuite1551423105918.run(TempTestSuite1551423105918.groovy:36)]]></system-out>
      <system-err><![CDATA[2019-03-01 13:51:49 - [TEST_SUITE][FAILED] - Company06-07-08-09: Test Cases/Company/Company-06 FAILED.
Reason:
com.kms.katalon.core.exception.StepFailedException: Unable to click on object 'Object Repository/Company/Company-06/Page_ODTS System/button_OK' (Root cause: com.kms.katalon.core.webui.exception.WebElementNotFoundException: Web element with id: 'Object Repository/Company/Company-06/Page_ODTS System/button_OK' located by 'By.xpath: (//button[@type='button'])[36]' not found)
	at com.kms.katalon.core.keyword.internal.KeywordMain.stepFailed(KeywordMain.groovy:36)
	at com.kms.katalon.core.webui.keyword.internal.WebUIKeywordMain.stepFailed(WebUIKeywordMain.groovy:65)
	at com.kms.katalon.core.webui.keyword.internal.WebUIKeywordMain.runKeyword(WebUIKeywordMain.groovy:27)
	at com.kms.katalon.core.webui.keyword.builtin.ClickKeyword.click(ClickKeyword.groovy:86)
	at com.kms.katalon.core.webui.keyword.builtin.ClickKeyword.execute(ClickKeyword.groovy:67)
	at com.kms.katalon.core.keyword.internal.KeywordExecutor.executeKeywordForPlatform(KeywordExecutor.groovy:53)
	at com.kms.katalon.core.webui.keyword.WebUiBuiltInKeywords.click(WebUiBuiltInKeywords.groovy:616)
	at com.kms.katalon.core.webui.keyword.WebUiBuiltInKeywords$click$3.call(Unknown Source)
	at Company-06.run(Company-06:64)
	at com.kms.katalon.core.main.ScriptEngine.run(ScriptEngine.java:194)
	at com.kms.katalon.core.main.ScriptEngine.runScriptAsRawText(ScriptEngine.java:119)
	at com.kms.katalon.core.main.TestCaseExecutor.runScript(TestCaseExecutor.java:328)
	at com.kms.katalon.core.main.TestCaseExecutor.doExecute(TestCaseExecutor.java:319)
	at com.kms.katalon.core.main.TestCaseExecutor.processExecutionPhase(TestCaseExecutor.java:298)
	at com.kms.katalon.core.main.TestCaseExecutor.accessMainPhase(TestCaseExecutor.java:290)
	at com.kms.katalon.core.main.TestCaseExecutor.execute(TestCaseExecutor.java:224)
	at com.kms.katalon.core.main.TestSuiteExecutor.accessTestCaseMainPhase(TestSuiteExecutor.java:129)
	at com.kms.katalon.core.main.TestSuiteExecutor.accessTestSuiteMainPhase(TestSuiteExecutor.java:112)
	at com.kms.katalon.core.main.TestSuiteExecutor.execute(TestSuiteExecutor.java:81)
	at com.kms.katalon.core.main.TestCaseMain.startTestSuite(TestCaseMain.java:149)
	at com.kms.katalon.core.main.TestCaseMain$startTestSuite$0.call(Unknown Source)
	at TempTestSuite1551423105918.run(TempTestSuite1551423105918.groovy:36)]]></system-err>
   </testsuite>
</testsuites>
