<?xml version="1.0" encoding="UTF-8"?>
<testsuites name="Company01-03-04-05" time="6" tests="0" failures="4" errors="0">
   <testsuite name="Company01-03-04-05" tests="0" failures="4" errors="0" time="6" timestamp="2019-03-30 11:52:41" hostname="Ninja - AnhNVSE63446" id="Test Suites/Company01-03-04-05">
      <properties>
         <property name="deviceName" value=""/>
         <property name="devicePlatform" value=""/>
         <property name="logFolder" value="C:\\Users\\pc\\HelpdeskAutomation\\Reports\\Company01-03-04-05\\20190330_115233"/>
         <property name="logFiles" value="C:\\Users\\pc\\HelpdeskAutomation\\Reports\\Company01-03-04-05\\20190330_115233\\execution0.log"/>
         <property name="attachments" value=""/>
         <property name="hostName" value="Ninja - AnhNVSE63446"/>
         <property name="hostAddress" value="192.168.175.1"/>
         <property name="os" value="Windows 10 64bit"/>
         <property name="katalonVersion" value="6.0.5.4"/>
      </properties>
      <testcase name="Test Cases/Company/Company-01" classname="Test Cases/Company/Company-01" status="FAILED">
         <failure type="FAILED" message="Test Cases/Company/Company-01 FAILED.
Reason:
com.kms.katalon.core.exception.StepFailedException: Unable to open browser with url: ''
	at com.kms.katalon.core.keyword.internal.KeywordMain.stepFailed(KeywordMain.groovy:37)
	at com.kms.katalon.core.webui.keyword.internal.WebUIKeywordMain.stepFailed(WebUIKeywordMain.groovy:65)
	at com.kms.katalon.core.webui.keyword.internal.WebUIKeywordMain.runKeyword(WebUIKeywordMain.groovy:27)
	at com.kms.katalon.core.webui.keyword.builtin.OpenBrowserKeyword.openBrowser(OpenBrowserKeyword.groovy:81)
	at com.kms.katalon.core.webui.keyword.builtin.OpenBrowserKeyword.execute(OpenBrowserKeyword.groovy:67)
	at com.kms.katalon.core.keyword.internal.KeywordExecutor.executeKeywordForPlatform(KeywordExecutor.groovy:56)
	at com.kms.katalon.core.webui.keyword.WebUiBuiltInKeywords.openBrowser(WebUiBuiltInKeywords.groovy:60)
	at com.kms.katalon.core.webui.keyword.WebUiBuiltInKeywords$openBrowser.call(Unknown Source)
	at Company-01.run(Company-01:7)
	at com.kms.katalon.core.main.ScriptEngine.run(ScriptEngine.java:194)
	at com.kms.katalon.core.main.ScriptEngine.runScriptAsRawText(ScriptEngine.java:119)
	at com.kms.katalon.core.main.TestCaseExecutor.runScript(TestCaseExecutor.java:331)
	at com.kms.katalon.core.main.TestCaseExecutor.doExecute(TestCaseExecutor.java:322)
	at com.kms.katalon.core.main.TestCaseExecutor.processExecutionPhase(TestCaseExecutor.java:301)
	at com.kms.katalon.core.main.TestCaseExecutor.accessMainPhase(TestCaseExecutor.java:293)
	at com.kms.katalon.core.main.TestCaseExecutor.execute(TestCaseExecutor.java:227)
	at com.kms.katalon.core.main.TestSuiteExecutor.accessTestCaseMainPhase(TestSuiteExecutor.java:129)
	at com.kms.katalon.core.main.TestSuiteExecutor.accessTestSuiteMainPhase(TestSuiteExecutor.java:112)
	at com.kms.katalon.core.main.TestSuiteExecutor.execute(TestSuiteExecutor.java:81)
	at com.kms.katalon.core.main.TestCaseMain.startTestSuite(TestCaseMain.java:157)
	at com.kms.katalon.core.main.TestCaseMain$startTestSuite$0.call(Unknown Source)
	at TempTestSuite1553921558438.run(TempTestSuite1553921558438.groovy:35)
"/>
         <system-out><![CDATA[2019-03-30 11:52:41 - [TEST_CASE][FAILED] - Test Cases/Company/Company-01: Test Cases/Company/Company-01 FAILED.
Reason:
com.kms.katalon.core.exception.StepFailedException: Unable to open browser with url: ''
	at com.kms.katalon.core.keyword.internal.KeywordMain.stepFailed(KeywordMain.groovy:37)
	at com.kms.katalon.core.webui.keyword.internal.WebUIKeywordMain.stepFailed(WebUIKeywordMain.groovy:65)
	at com.kms.katalon.core.webui.keyword.internal.WebUIKeywordMain.runKeyword(WebUIKeywordMain.groovy:27)
	at com.kms.katalon.core.webui.keyword.builtin.OpenBrowserKeyword.openBrowser(OpenBrowserKeyword.groovy:81)
	at com.kms.katalon.core.webui.keyword.builtin.OpenBrowserKeyword.execute(OpenBrowserKeyword.groovy:67)
	at com.kms.katalon.core.keyword.internal.KeywordExecutor.executeKeywordForPlatform(KeywordExecutor.groovy:56)
	at com.kms.katalon.core.webui.keyword.WebUiBuiltInKeywords.openBrowser(WebUiBuiltInKeywords.groovy:60)
	at com.kms.katalon.core.webui.keyword.WebUiBuiltInKeywords$openBrowser.call(Unknown Source)
	at Company-01.run(Company-01:7)
	at com.kms.katalon.core.main.ScriptEngine.run(ScriptEngine.java:194)
	at com.kms.katalon.core.main.ScriptEngine.runScriptAsRawText(ScriptEngine.java:119)
	at com.kms.katalon.core.main.TestCaseExecutor.runScript(TestCaseExecutor.java:331)
	at com.kms.katalon.core.main.TestCaseExecutor.doExecute(TestCaseExecutor.java:322)
	at com.kms.katalon.core.main.TestCaseExecutor.processExecutionPhase(TestCaseExecutor.java:301)
	at com.kms.katalon.core.main.TestCaseExecutor.accessMainPhase(TestCaseExecutor.java:293)
	at com.kms.katalon.core.main.TestCaseExecutor.execute(TestCaseExecutor.java:227)
	at com.kms.katalon.core.main.TestSuiteExecutor.accessTestCaseMainPhase(TestSuiteExecutor.java:129)
	at com.kms.katalon.core.main.TestSuiteExecutor.accessTestSuiteMainPhase(TestSuiteExecutor.java:112)
	at com.kms.katalon.core.main.TestSuiteExecutor.execute(TestSuiteExecutor.java:81)
	at com.kms.katalon.core.main.TestCaseMain.startTestSuite(TestCaseMain.java:157)
	at com.kms.katalon.core.main.TestCaseMain$startTestSuite$0.call(Unknown Source)
	at TempTestSuite1553921558438.run(TempTestSuite1553921558438.groovy:35)


2019-03-30 11:52:41 - [TEST_STEP][FAILED] - openBrowser(""): Unable to open browser with url: ''

2019-03-30 11:52:42 - [MESSAGE][INFO] - Starting 'Firefox' driver

2019-03-30 11:52:42 - [MESSAGE][INFO] - Action delay is set to 0 seconds

2019-03-30 11:52:42 - [MESSAGE][FAILED] - Unable to open browser with url: ''

2019-03-30 11:52:42 - [TEST_STEP][FAILED] - navigateToUrl("http://helpdesk.wisky.vn/"): Unable to navigate to 'http://helpdesk.wisky.vn/'

2019-03-30 11:52:42 - [MESSAGE][WARNING] - Cannot take screenshot

2019-03-30 11:52:42 - [MESSAGE][FAILED] - Unable to navigate to 'http://helpdesk.wisky.vn/'

2019-03-30 11:52:42 - [TEST_STEP][FAILED] - setText(findTestObject("Company/Company-01/Page_ODTS System/input_ODTS_username"), "admin01"): Unable to set text 'admin01' of object 'Object Repository/Company/Company-01/Page_ODTS System/input_ODTS_username'

2019-03-30 11:52:42 - [MESSAGE][WARNING] - Cannot take screenshot

2019-03-30 11:52:42 - [MESSAGE][FAILED] - Unable to set text 'admin01' of object 'Object Repository/Company/Company-01/Page_ODTS System/input_ODTS_username'

2019-03-30 11:52:42 - [TEST_STEP][FAILED] - waitForAlert(2): Unable to wait for alert

2019-03-30 11:52:43 - [MESSAGE][WARNING] - Cannot take screenshot

2019-03-30 11:52:43 - [MESSAGE][FAILED] - Unable to wait for alert

2019-03-30 11:52:43 - [TEST_STEP][FAILED] - setEncryptedText(findTestObject("Company/Company-01/Page_ODTS System/input_ODTS_password"), "aeHFOx8jV/A="): Unable to set encrypted text for object 'Object Repository/Company/Company-01/Page_ODTS System/input_ODTS_password'

2019-03-30 11:52:43 - [MESSAGE][WARNING] - Cannot take screenshot

2019-03-30 11:52:43 - [MESSAGE][FAILED] - Unable to set encrypted text for object 'Object Repository/Company/Company-01/Page_ODTS System/input_ODTS_password'

2019-03-30 11:52:43 - [TEST_STEP][FAILED] - waitForAlert(2): Unable to wait for alert

2019-03-30 11:52:43 - [MESSAGE][WARNING] - Cannot take screenshot

2019-03-30 11:52:43 - [MESSAGE][FAILED] - Unable to wait for alert

2019-03-30 11:52:43 - [TEST_STEP][FAILED] - click(findTestObject("Company/Company-01/Page_ODTS System/button_ng Nhp")): Unable to click on object 'Object Repository/Company/Company-01/Page_ODTS System/button_ng Nhp'

2019-03-30 11:52:43 - [MESSAGE][WARNING] - Cannot take screenshot

2019-03-30 11:52:43 - [MESSAGE][FAILED] - Unable to click on object 'Object Repository/Company/Company-01/Page_ODTS System/button_ng Nhp'

2019-03-30 11:52:43 - [TEST_STEP][FAILED] - waitForAlert(2): Unable to wait for alert

2019-03-30 11:52:43 - [MESSAGE][WARNING] - Cannot take screenshot

2019-03-30 11:52:43 - [MESSAGE][FAILED] - Unable to wait for alert

2019-03-30 11:52:43 - [TEST_STEP][FAILED] - click(findTestObject("Company/Company-01/Page_ODTS System/span_Cng Ty")): Unable to click on object 'Object Repository/Company/Company-01/Page_ODTS System/span_Cng Ty'

2019-03-30 11:52:43 - [MESSAGE][WARNING] - Cannot take screenshot

2019-03-30 11:52:43 - [MESSAGE][FAILED] - Unable to click on object 'Object Repository/Company/Company-01/Page_ODTS System/span_Cng Ty'

2019-03-30 11:52:43 - [TEST_STEP][FAILED] - waitForAlert(2): Unable to wait for alert

2019-03-30 11:52:43 - [MESSAGE][WARNING] - Cannot take screenshot

2019-03-30 11:52:43 - [MESSAGE][FAILED] - Unable to wait for alert

2019-03-30 11:52:43 - [TEST_STEP][FAILED] - click(findTestObject("Company/Company-01/Page_ODTS System/button_To Cng Ty")): Unable to click on object 'Object Repository/Company/Company-01/Page_ODTS System/button_To Cng Ty'

2019-03-30 11:52:43 - [MESSAGE][WARNING] - Cannot take screenshot

2019-03-30 11:52:43 - [MESSAGE][FAILED] - Unable to click on object 'Object Repository/Company/Company-01/Page_ODTS System/button_To Cng Ty'

2019-03-30 11:52:43 - [TEST_STEP][FAILED] - waitForAlert(2): Unable to wait for alert

2019-03-30 11:52:43 - [MESSAGE][WARNING] - Cannot take screenshot

2019-03-30 11:52:43 - [MESSAGE][FAILED] - Unable to wait for alert

2019-03-30 11:52:43 - [TEST_STEP][FAILED] - setText(findTestObject("Company/Company-01/Page_ODTS System/input_Tn Cng Ty_comNameCreate"), "anhtest"): Unable to set text 'anhtest' of object 'Object Repository/Company/Company-01/Page_ODTS System/input_Tn Cng Ty_comNameCreate'

2019-03-30 11:52:44 - [MESSAGE][WARNING] - Cannot take screenshot

2019-03-30 11:52:44 - [MESSAGE][FAILED] - Unable to set text 'anhtest' of object 'Object Repository/Company/Company-01/Page_ODTS System/input_Tn Cng Ty_comNameCreate'

2019-03-30 11:52:44 - [TEST_STEP][FAILED] - waitForAlert(2): Unable to wait for alert

2019-03-30 11:52:44 - [MESSAGE][WARNING] - Cannot take screenshot

2019-03-30 11:52:44 - [MESSAGE][FAILED] - Unable to wait for alert

2019-03-30 11:52:44 - [TEST_STEP][FAILED] - setText(findTestObject("Company/Company-01/Page_ODTS System/input_M T_comDescriptionCreate"), "hihi"): Unable to set text 'hihi' of object 'Object Repository/Company/Company-01/Page_ODTS System/input_M T_comDescriptionCreate'

2019-03-30 11:52:44 - [MESSAGE][WARNING] - Cannot take screenshot

2019-03-30 11:52:44 - [MESSAGE][FAILED] - Unable to set text 'hihi' of object 'Object Repository/Company/Company-01/Page_ODTS System/input_M T_comDescriptionCreate'

2019-03-30 11:52:44 - [TEST_STEP][FAILED] - waitForAlert(2): Unable to wait for alert

2019-03-30 11:52:44 - [MESSAGE][WARNING] - Cannot take screenshot

2019-03-30 11:52:44 - [MESSAGE][FAILED] - Unable to wait for alert

2019-03-30 11:52:44 - [TEST_STEP][FAILED] - setText(findTestObject("Company/Company-01/Page_ODTS System/input_im Bnh Chn()_comPercentF"), "50"): Unable to set text '50' of object 'Object Repository/Company/Company-01/Page_ODTS System/input_im Bnh Chn()_comPercentF'

2019-03-30 11:52:44 - [MESSAGE][WARNING] - Cannot take screenshot

2019-03-30 11:52:44 - [MESSAGE][FAILED] - Unable to set text '50' of object 'Object Repository/Company/Company-01/Page_ODTS System/input_im Bnh Chn()_comPercentF'

2019-03-30 11:52:44 - [TEST_STEP][FAILED] - waitForAlert(2): Unable to wait for alert

2019-03-30 11:52:44 - [MESSAGE][WARNING] - Cannot take screenshot

2019-03-30 11:52:44 - [MESSAGE][FAILED] - Unable to wait for alert

2019-03-30 11:52:44 - [TEST_STEP][FAILED] - setText(findTestObject("Company/Company-01/Page_ODTS System/input_Kinh Nghim()_comPercentF"), "12"): Unable to set text '12' of object 'Object Repository/Company/Company-01/Page_ODTS System/input_Kinh Nghim()_comPercentF'

2019-03-30 11:52:44 - [MESSAGE][WARNING] - Cannot take screenshot

2019-03-30 11:52:44 - [MESSAGE][FAILED] - Unable to set text '12' of object 'Object Repository/Company/Company-01/Page_ODTS System/input_Kinh Nghim()_comPercentF'

2019-03-30 11:52:44 - [TEST_STEP][FAILED] - waitForAlert(2): Unable to wait for alert

2019-03-30 11:52:44 - [MESSAGE][WARNING] - Cannot take screenshot

2019-03-30 11:52:44 - [MESSAGE][FAILED] - Unable to wait for alert

2019-03-30 11:52:44 - [TEST_STEP][FAILED] - setText(findTestObject("Company/Company-01/Page_ODTS System/input_ Thn Thuc()_comPercentFo"), "65"): Unable to set text '65' of object 'Object Repository/Company/Company-01/Page_ODTS System/input_ Thn Thuc()_comPercentFo'

2019-03-30 11:52:44 - [MESSAGE][WARNING] - Cannot take screenshot

2019-03-30 11:52:44 - [MESSAGE][FAILED] - Unable to set text '65' of object 'Object Repository/Company/Company-01/Page_ODTS System/input_ Thn Thuc()_comPercentFo'

2019-03-30 11:52:44 - [TEST_STEP][FAILED] - waitForAlert(2): Unable to wait for alert

2019-03-30 11:52:44 - [MESSAGE][WARNING] - Cannot take screenshot

2019-03-30 11:52:44 - [MESSAGE][FAILED] - Unable to wait for alert

2019-03-30 11:52:44 - [TEST_STEP][FAILED] - setText(findTestObject("Company/Company-01/Page_ODTS System/input_Kinh Nghim()_comPercentF"), "15"): Unable to set text '15' of object 'Object Repository/Company/Company-01/Page_ODTS System/input_Kinh Nghim()_comPercentF'

2019-03-30 11:52:44 - [MESSAGE][WARNING] - Cannot take screenshot

2019-03-30 11:52:44 - [MESSAGE][FAILED] - Unable to set text '15' of object 'Object Repository/Company/Company-01/Page_ODTS System/input_Kinh Nghim()_comPercentF'

2019-03-30 11:52:44 - [TEST_STEP][FAILED] - waitForAlert(2): Unable to wait for alert

2019-03-30 11:52:44 - [MESSAGE][WARNING] - Cannot take screenshot

2019-03-30 11:52:44 - [MESSAGE][FAILED] - Unable to wait for alert

2019-03-30 11:52:44 - [TEST_STEP][FAILED] - click(findTestObject("Company/Company-01/Page_ODTS System/button_To Mi")): Unable to click on object 'Object Repository/Company/Company-01/Page_ODTS System/button_To Mi'

2019-03-30 11:52:44 - [MESSAGE][WARNING] - Cannot take screenshot

2019-03-30 11:52:44 - [MESSAGE][FAILED] - Unable to click on object 'Object Repository/Company/Company-01/Page_ODTS System/button_To Mi'

2019-03-30 11:52:44 - [TEST_STEP][FAILED] - waitForAlert(2): Unable to wait for alert

2019-03-30 11:52:44 - [MESSAGE][WARNING] - Cannot take screenshot

2019-03-30 11:52:44 - [MESSAGE][FAILED] - Unable to wait for alert

2019-03-30 11:52:44 - [TEST_STEP][PASSED] - CDATE = SimpleDateFormat(dd/MM/yyyy).format(getInstance().getTime()): null

2019-03-30 11:52:44 - [TEST_STEP][PASSED] - DATE = SimpleDateFormat(HH:mm dd/MM/yyyy).format(getInstance().getTime()): null

2019-03-30 11:52:44 - [TEST_STEP][PASSED] - writer = null: null

2019-03-30 11:52:44 - [TEST_STEP][PASSED] - writer2 = null: null

2019-03-30 11:52:44 - [TEST_STEP][PASSED] - try: null

2019-03-30 11:52:44 - [TEST_STEP][PASSED] - writer = new java.io.BufferedWriter(new java.io.OutputStreamWriter(new java.io.FileOutputStream(C:\Users\pc\HelpdeskAutomation\creDateCompany.txt), utf-8)): null

2019-03-30 11:52:44 - [TEST_STEP][PASSED] - writer.write(DATE): null

2019-03-30 11:52:44 - [TEST_STEP][PASSED] - writer2 = new java.io.BufferedWriter(new java.io.OutputStreamWriter(new java.io.FileOutputStream(C:\Users\pc\HelpdeskAutomation\upDateCompany.txt), utf-8)): null

2019-03-30 11:52:44 - [TEST_STEP][PASSED] - writer2.write(DATE): null

2019-03-30 11:52:44 - [TEST_STEP][PASSED] - Finally: null

2019-03-30 11:52:44 - [TEST_STEP][PASSED] - try: null

2019-03-30 11:52:44 - [TEST_STEP][PASSED] - writer.close(): null

2019-03-30 11:52:44 - [TEST_STEP][PASSED] - writer2.close(): null

2019-03-30 11:52:44 - [TEST_STEP][FAILED] - click(findTestObject("Company/Company-01/Page_ODTS System/button_OK")): Unable to click on object 'Object Repository/Company/Company-01/Page_ODTS System/button_OK'

2019-03-30 11:52:44 - [MESSAGE][WARNING] - Cannot take screenshot

2019-03-30 11:52:44 - [MESSAGE][FAILED] - Unable to click on object 'Object Repository/Company/Company-01/Page_ODTS System/button_OK'

2019-03-30 11:52:44 - [TEST_STEP][FAILED] - waitForAlert(2): Unable to wait for alert

2019-03-30 11:52:44 - [MESSAGE][WARNING] - Cannot take screenshot

2019-03-30 11:52:44 - [MESSAGE][FAILED] - Unable to wait for alert

2019-03-30 11:52:44 - [TEST_STEP][FAILED] - click(findTestObject("Company/Company-01/Page_ODTS System/fieldSearch")): Unable to click on object 'Object Repository/Company/Company-01/Page_ODTS System/fieldSearch'

2019-03-30 11:52:44 - [MESSAGE][WARNING] - Cannot take screenshot

2019-03-30 11:52:44 - [MESSAGE][FAILED] - Unable to click on object 'Object Repository/Company/Company-01/Page_ODTS System/fieldSearch'

2019-03-30 11:52:44 - [TEST_STEP][FAILED] - setText(findTestObject("Company/Company-01/Page_ODTS System/input"), "anhtest"): Unable to set text 'anhtest' of object 'Object Repository/Company/Company-01/Page_ODTS System/input'

2019-03-30 11:52:44 - [MESSAGE][WARNING] - Cannot take screenshot

2019-03-30 11:52:44 - [MESSAGE][FAILED] - Unable to set text 'anhtest' of object 'Object Repository/Company/Company-01/Page_ODTS System/input'

2019-03-30 11:52:44 - [TEST_STEP][FAILED] - verifyElementText(findTestObject("Company/Company-01/Page_ODTS System/td_anhtest"), "anhtest"): Verify element text of test object 'Object Repository/Company/Company-01/Page_ODTS System/td_anhtest' FAILED.

2019-03-30 11:52:44 - [MESSAGE][WARNING] - Cannot take screenshot

2019-03-30 11:52:44 - [MESSAGE][FAILED] - Verify element text of test object 'Object Repository/Company/Company-01/Page_ODTS System/td_anhtest' FAILED.

2019-03-30 11:52:44 - [TEST_STEP][FAILED] - verifyElementText(findTestObject("Company/Company-01/Page_ODTS System/td_hihi"), "hihi"): Verify element text of test object 'Object Repository/Company/Company-01/Page_ODTS System/td_hihi' FAILED.

2019-03-30 11:52:44 - [MESSAGE][WARNING] - Cannot take screenshot

2019-03-30 11:52:44 - [MESSAGE][FAILED] - Verify element text of test object 'Object Repository/Company/Company-01/Page_ODTS System/td_hihi' FAILED.

2019-03-30 11:52:44 - [TEST_STEP][FAILED] - verifyElementText(findTestObject("Company/Company-01/Page_ODTS System/td_21022019"), CDATE): Verify element text of test object 'Object Repository/Company/Company-01/Page_ODTS System/td_21022019' FAILED.

2019-03-30 11:52:44 - [MESSAGE][WARNING] - Cannot take screenshot

2019-03-30 11:52:44 - [MESSAGE][FAILED] - Verify element text of test object 'Object Repository/Company/Company-01/Page_ODTS System/td_21022019' FAILED.

2019-03-30 11:52:44 - [TEST_STEP][FAILED] - closeBrowser(): closeBrowser() FAILED.
Reason:
com.kms.katalon.core.exception.StepFailedException: Unable to open browser with url: ''
	at com.kms.katalon.core.keyword.internal.KeywordMain.stepFailed(KeywordMain.groovy:37)
	at com.kms.katalon.core.webui.keyword.internal.WebUIKeywordMain.stepFailed(WebUIKeywordMain.groovy:65)
	at com.kms.katalon.core.webui.keyword.internal.WebUIKeywordMain.runKeyword(WebUIKeywordMain.groovy:27)
	at com.kms.katalon.core.webui.keyword.builtin.OpenBrowserKeyword.openBrowser(OpenBrowserKeyword.groovy:81)
	at com.kms.katalon.core.webui.keyword.builtin.OpenBrowserKeyword.execute(OpenBrowserKeyword.groovy:67)
	at com.kms.katalon.core.keyword.internal.KeywordExecutor.executeKeywordForPlatform(KeywordExecutor.groovy:56)
	at com.kms.katalon.core.webui.keyword.WebUiBuiltInKeywords.openBrowser(WebUiBuiltInKeywords.groovy:60)
	at com.kms.katalon.core.webui.keyword.WebUiBuiltInKeywords$openBrowser.call(Unknown Source)
	at Company-01.run(Company-01:7)
	at com.kms.katalon.core.main.ScriptEngine.run(ScriptEngine.java:194)
	at com.kms.katalon.core.main.ScriptEngine.runScriptAsRawText(ScriptEngine.java:119)
	at com.kms.katalon.core.main.TestCaseExecutor.runScript(TestCaseExecutor.java:331)
	at com.kms.katalon.core.main.TestCaseExecutor.doExecute(TestCaseExecutor.java:322)
	at com.kms.katalon.core.main.TestCaseExecutor.processExecutionPhase(TestCaseExecutor.java:301)
	at com.kms.katalon.core.main.TestCaseExecutor.accessMainPhase(TestCaseExecutor.java:293)
	at com.kms.katalon.core.main.TestCaseExecutor.execute(TestCaseExecutor.java:227)
	at com.kms.katalon.core.main.TestSuiteExecutor.accessTestCaseMainPhase(TestSuiteExecutor.java:129)
	at com.kms.katalon.core.main.TestSuiteExecutor.accessTestSuiteMainPhase(TestSuiteExecutor.java:112)
	at com.kms.katalon.core.main.TestSuiteExecutor.execute(TestSuiteExecutor.java:81)
	at com.kms.katalon.core.main.TestCaseMain.startTestSuite(TestCaseMain.java:157)
	at com.kms.katalon.core.main.TestCaseMain$startTestSuite$0.call(Unknown Source)
	at TempTestSuite1553921558438.run(TempTestSuite1553921558438.groovy:35)


2019-03-30 11:52:44 - [MESSAGE][PASSED] - Browser is closed

2019-03-30 11:52:44 - [MESSAGE][FAILED] - closeBrowser() FAILED.
Reason:
com.kms.katalon.core.exception.StepFailedException: Unable to open browser with url: ''
	at com.kms.katalon.core.keyword.internal.KeywordMain.stepFailed(KeywordMain.groovy:37)
	at com.kms.katalon.core.webui.keyword.internal.WebUIKeywordMain.stepFailed(WebUIKeywordMain.groovy:65)
	at com.kms.katalon.core.webui.keyword.internal.WebUIKeywordMain.runKeyword(WebUIKeywordMain.groovy:27)
	at com.kms.katalon.core.webui.keyword.builtin.OpenBrowserKeyword.openBrowser(OpenBrowserKeyword.groovy:81)
	at com.kms.katalon.core.webui.keyword.builtin.OpenBrowserKeyword.execute(OpenBrowserKeyword.groovy:67)
	at com.kms.katalon.core.keyword.internal.KeywordExecutor.executeKeywordForPlatform(KeywordExecutor.groovy:56)
	at com.kms.katalon.core.webui.keyword.WebUiBuiltInKeywords.openBrowser(WebUiBuiltInKeywords.groovy:60)
	at com.kms.katalon.core.webui.keyword.WebUiBuiltInKeywords$openBrowser.call(Unknown Source)
	at Company-01.run(Company-01:7)
	at com.kms.katalon.core.main.ScriptEngine.run(ScriptEngine.java:194)
	at com.kms.katalon.core.main.ScriptEngine.runScriptAsRawText(ScriptEngine.java:119)
	at com.kms.katalon.core.main.TestCaseExecutor.runScript(TestCaseExecutor.java:331)
	at com.kms.katalon.core.main.TestCaseExecutor.doExecute(TestCaseExecutor.java:322)
	at com.kms.katalon.core.main.TestCaseExecutor.processExecutionPhase(TestCaseExecutor.java:301)
	at com.kms.katalon.core.main.TestCaseExecutor.accessMainPhase(TestCaseExecutor.java:293)
	at com.kms.katalon.core.main.TestCaseExecutor.execute(TestCaseExecutor.java:227)
	at com.kms.katalon.core.main.TestSuiteExecutor.accessTestCaseMainPhase(TestSuiteExecutor.java:129)
	at com.kms.katalon.core.main.TestSuiteExecutor.accessTestSuiteMainPhase(TestSuiteExecutor.java:112)
	at com.kms.katalon.core.main.TestSuiteExecutor.execute(TestSuiteExecutor.java:81)
	at com.kms.katalon.core.main.TestCaseMain.startTestSuite(TestCaseMain.java:157)
	at com.kms.katalon.core.main.TestCaseMain$startTestSuite$0.call(Unknown Source)
	at TempTestSuite1553921558438.run(TempTestSuite1553921558438.groovy:35)]]></system-out>
         <system-err><![CDATA[2019-03-30 11:52:41 - [TEST_CASE][FAILED] - Test Cases/Company/Company-01: Test Cases/Company/Company-01 FAILED.
Reason:
com.kms.katalon.core.exception.StepFailedException: Unable to open browser with url: ''
	at com.kms.katalon.core.keyword.internal.KeywordMain.stepFailed(KeywordMain.groovy:37)
	at com.kms.katalon.core.webui.keyword.internal.WebUIKeywordMain.stepFailed(WebUIKeywordMain.groovy:65)
	at com.kms.katalon.core.webui.keyword.internal.WebUIKeywordMain.runKeyword(WebUIKeywordMain.groovy:27)
	at com.kms.katalon.core.webui.keyword.builtin.OpenBrowserKeyword.openBrowser(OpenBrowserKeyword.groovy:81)
	at com.kms.katalon.core.webui.keyword.builtin.OpenBrowserKeyword.execute(OpenBrowserKeyword.groovy:67)
	at com.kms.katalon.core.keyword.internal.KeywordExecutor.executeKeywordForPlatform(KeywordExecutor.groovy:56)
	at com.kms.katalon.core.webui.keyword.WebUiBuiltInKeywords.openBrowser(WebUiBuiltInKeywords.groovy:60)
	at com.kms.katalon.core.webui.keyword.WebUiBuiltInKeywords$openBrowser.call(Unknown Source)
	at Company-01.run(Company-01:7)
	at com.kms.katalon.core.main.ScriptEngine.run(ScriptEngine.java:194)
	at com.kms.katalon.core.main.ScriptEngine.runScriptAsRawText(ScriptEngine.java:119)
	at com.kms.katalon.core.main.TestCaseExecutor.runScript(TestCaseExecutor.java:331)
	at com.kms.katalon.core.main.TestCaseExecutor.doExecute(TestCaseExecutor.java:322)
	at com.kms.katalon.core.main.TestCaseExecutor.processExecutionPhase(TestCaseExecutor.java:301)
	at com.kms.katalon.core.main.TestCaseExecutor.accessMainPhase(TestCaseExecutor.java:293)
	at com.kms.katalon.core.main.TestCaseExecutor.execute(TestCaseExecutor.java:227)
	at com.kms.katalon.core.main.TestSuiteExecutor.accessTestCaseMainPhase(TestSuiteExecutor.java:129)
	at com.kms.katalon.core.main.TestSuiteExecutor.accessTestSuiteMainPhase(TestSuiteExecutor.java:112)
	at com.kms.katalon.core.main.TestSuiteExecutor.execute(TestSuiteExecutor.java:81)
	at com.kms.katalon.core.main.TestCaseMain.startTestSuite(TestCaseMain.java:157)
	at com.kms.katalon.core.main.TestCaseMain$startTestSuite$0.call(Unknown Source)
	at TempTestSuite1553921558438.run(TempTestSuite1553921558438.groovy:35)]]></system-err>
      </testcase>
      <testcase name="Test Cases/Company/Company-03" classname="Test Cases/Company/Company-03" status="FAILED">
         <failure type="FAILED" message="Test Cases/Company/Company-03 FAILED.
Reason:
com.kms.katalon.core.exception.StepFailedException: Unable to open browser with url: ''
	at com.kms.katalon.core.keyword.internal.KeywordMain.stepFailed(KeywordMain.groovy:37)
	at com.kms.katalon.core.webui.keyword.internal.WebUIKeywordMain.stepFailed(WebUIKeywordMain.groovy:65)
	at com.kms.katalon.core.webui.keyword.internal.WebUIKeywordMain.runKeyword(WebUIKeywordMain.groovy:27)
	at com.kms.katalon.core.webui.keyword.builtin.OpenBrowserKeyword.openBrowser(OpenBrowserKeyword.groovy:81)
	at com.kms.katalon.core.webui.keyword.builtin.OpenBrowserKeyword.execute(OpenBrowserKeyword.groovy:67)
	at com.kms.katalon.core.keyword.internal.KeywordExecutor.executeKeywordForPlatform(KeywordExecutor.groovy:56)
	at com.kms.katalon.core.webui.keyword.WebUiBuiltInKeywords.openBrowser(WebUiBuiltInKeywords.groovy:60)
	at com.kms.katalon.core.webui.keyword.WebUiBuiltInKeywords$openBrowser.call(Unknown Source)
	at Company-03.run(Company-03:5)
	at com.kms.katalon.core.main.ScriptEngine.run(ScriptEngine.java:194)
	at com.kms.katalon.core.main.ScriptEngine.runScriptAsRawText(ScriptEngine.java:119)
	at com.kms.katalon.core.main.TestCaseExecutor.runScript(TestCaseExecutor.java:331)
	at com.kms.katalon.core.main.TestCaseExecutor.doExecute(TestCaseExecutor.java:322)
	at com.kms.katalon.core.main.TestCaseExecutor.processExecutionPhase(TestCaseExecutor.java:301)
	at com.kms.katalon.core.main.TestCaseExecutor.accessMainPhase(TestCaseExecutor.java:293)
	at com.kms.katalon.core.main.TestCaseExecutor.execute(TestCaseExecutor.java:227)
	at com.kms.katalon.core.main.TestSuiteExecutor.accessTestCaseMainPhase(TestSuiteExecutor.java:129)
	at com.kms.katalon.core.main.TestSuiteExecutor.accessTestSuiteMainPhase(TestSuiteExecutor.java:112)
	at com.kms.katalon.core.main.TestSuiteExecutor.execute(TestSuiteExecutor.java:81)
	at com.kms.katalon.core.main.TestCaseMain.startTestSuite(TestCaseMain.java:157)
	at com.kms.katalon.core.main.TestCaseMain$startTestSuite$0.call(Unknown Source)
	at TempTestSuite1553921558438.run(TempTestSuite1553921558438.groovy:35)
"/>
         <system-out><![CDATA[2019-03-30 11:52:44 - [TEST_CASE][FAILED] - Test Cases/Company/Company-03: Test Cases/Company/Company-03 FAILED.
Reason:
com.kms.katalon.core.exception.StepFailedException: Unable to open browser with url: ''
	at com.kms.katalon.core.keyword.internal.KeywordMain.stepFailed(KeywordMain.groovy:37)
	at com.kms.katalon.core.webui.keyword.internal.WebUIKeywordMain.stepFailed(WebUIKeywordMain.groovy:65)
	at com.kms.katalon.core.webui.keyword.internal.WebUIKeywordMain.runKeyword(WebUIKeywordMain.groovy:27)
	at com.kms.katalon.core.webui.keyword.builtin.OpenBrowserKeyword.openBrowser(OpenBrowserKeyword.groovy:81)
	at com.kms.katalon.core.webui.keyword.builtin.OpenBrowserKeyword.execute(OpenBrowserKeyword.groovy:67)
	at com.kms.katalon.core.keyword.internal.KeywordExecutor.executeKeywordForPlatform(KeywordExecutor.groovy:56)
	at com.kms.katalon.core.webui.keyword.WebUiBuiltInKeywords.openBrowser(WebUiBuiltInKeywords.groovy:60)
	at com.kms.katalon.core.webui.keyword.WebUiBuiltInKeywords$openBrowser.call(Unknown Source)
	at Company-03.run(Company-03:5)
	at com.kms.katalon.core.main.ScriptEngine.run(ScriptEngine.java:194)
	at com.kms.katalon.core.main.ScriptEngine.runScriptAsRawText(ScriptEngine.java:119)
	at com.kms.katalon.core.main.TestCaseExecutor.runScript(TestCaseExecutor.java:331)
	at com.kms.katalon.core.main.TestCaseExecutor.doExecute(TestCaseExecutor.java:322)
	at com.kms.katalon.core.main.TestCaseExecutor.processExecutionPhase(TestCaseExecutor.java:301)
	at com.kms.katalon.core.main.TestCaseExecutor.accessMainPhase(TestCaseExecutor.java:293)
	at com.kms.katalon.core.main.TestCaseExecutor.execute(TestCaseExecutor.java:227)
	at com.kms.katalon.core.main.TestSuiteExecutor.accessTestCaseMainPhase(TestSuiteExecutor.java:129)
	at com.kms.katalon.core.main.TestSuiteExecutor.accessTestSuiteMainPhase(TestSuiteExecutor.java:112)
	at com.kms.katalon.core.main.TestSuiteExecutor.execute(TestSuiteExecutor.java:81)
	at com.kms.katalon.core.main.TestCaseMain.startTestSuite(TestCaseMain.java:157)
	at com.kms.katalon.core.main.TestCaseMain$startTestSuite$0.call(Unknown Source)
	at TempTestSuite1553921558438.run(TempTestSuite1553921558438.groovy:35)


2019-03-30 11:52:45 - [TEST_STEP][FAILED] - openBrowser(""): Unable to open browser with url: ''

2019-03-30 11:52:45 - [MESSAGE][INFO] - Starting 'Firefox' driver

2019-03-30 11:52:45 - [MESSAGE][FAILED] - Unable to open browser with url: ''

2019-03-30 11:52:45 - [TEST_STEP][FAILED] - navigateToUrl("http://helpdesk.wisky.vn/"): Unable to navigate to 'http://helpdesk.wisky.vn/'

2019-03-30 11:52:45 - [MESSAGE][WARNING] - Cannot take screenshot

2019-03-30 11:52:45 - [MESSAGE][FAILED] - Unable to navigate to 'http://helpdesk.wisky.vn/'

2019-03-30 11:52:45 - [TEST_STEP][FAILED] - setText(findTestObject("Company/Company-03/Page_ODTS System/input_ODTS_username"), "admin01"): Unable to set text 'admin01' of object 'Object Repository/Company/Company-03/Page_ODTS System/input_ODTS_username'

2019-03-30 11:52:45 - [MESSAGE][WARNING] - Cannot take screenshot

2019-03-30 11:52:45 - [MESSAGE][FAILED] - Unable to set text 'admin01' of object 'Object Repository/Company/Company-03/Page_ODTS System/input_ODTS_username'

2019-03-30 11:52:45 - [TEST_STEP][FAILED] - setEncryptedText(findTestObject("Company/Company-03/Page_ODTS System/input_ODTS_password"), "aeHFOx8jV/A="): Unable to set encrypted text for object 'Object Repository/Company/Company-03/Page_ODTS System/input_ODTS_password'

2019-03-30 11:52:45 - [MESSAGE][WARNING] - Cannot take screenshot

2019-03-30 11:52:45 - [MESSAGE][FAILED] - Unable to set encrypted text for object 'Object Repository/Company/Company-03/Page_ODTS System/input_ODTS_password'

2019-03-30 11:52:45 - [TEST_STEP][FAILED] - click(findTestObject("Company/Company-03/Page_ODTS System/button_ng Nhp")): Unable to click on object 'Object Repository/Company/Company-03/Page_ODTS System/button_ng Nhp'

2019-03-30 11:52:46 - [MESSAGE][WARNING] - Cannot take screenshot

2019-03-30 11:52:46 - [MESSAGE][FAILED] - Unable to click on object 'Object Repository/Company/Company-03/Page_ODTS System/button_ng Nhp'

2019-03-30 11:52:46 - [TEST_STEP][FAILED] - click(findTestObject("Company/Company-03/Page_ODTS System/clickCompanyMenu")): Unable to click on object 'Object Repository/Company/Company-03/Page_ODTS System/clickCompanyMenu'

2019-03-30 11:52:46 - [MESSAGE][WARNING] - Cannot take screenshot

2019-03-30 11:52:46 - [MESSAGE][FAILED] - Unable to click on object 'Object Repository/Company/Company-03/Page_ODTS System/clickCompanyMenu'

2019-03-30 11:52:46 - [TEST_STEP][FAILED] - click(findTestObject("Company/Company-03/Page_ODTS System/fieldSearch")): Unable to click on object 'Object Repository/Company/Company-03/Page_ODTS System/fieldSearch'

2019-03-30 11:52:46 - [MESSAGE][WARNING] - Cannot take screenshot

2019-03-30 11:52:46 - [MESSAGE][FAILED] - Unable to click on object 'Object Repository/Company/Company-03/Page_ODTS System/fieldSearch'

2019-03-30 11:52:46 - [TEST_STEP][FAILED] - setText(findTestObject("Company/Company-03/Page_ODTS System/input"), "anhtest"): Unable to set text 'anhtest' of object 'Object Repository/Company/Company-03/Page_ODTS System/input'

2019-03-30 11:52:46 - [MESSAGE][WARNING] - Cannot take screenshot

2019-03-30 11:52:46 - [MESSAGE][FAILED] - Unable to set text 'anhtest' of object 'Object Repository/Company/Company-03/Page_ODTS System/input'

2019-03-30 11:52:46 - [TEST_STEP][FAILED] - waitForAlert(2): Unable to wait for alert

2019-03-30 11:52:46 - [MESSAGE][WARNING] - Cannot take screenshot

2019-03-30 11:52:46 - [MESSAGE][FAILED] - Unable to wait for alert

2019-03-30 11:52:46 - [TEST_STEP][FAILED] - click(findTestObject("Company/Company-03/Page_ODTS System/button_Xem Hp ng_btn btn-info")): Unable to click on object 'Object Repository/Company/Company-03/Page_ODTS System/button_Xem Hp ng_btn btn-info'

2019-03-30 11:52:46 - [MESSAGE][WARNING] - Cannot take screenshot

2019-03-30 11:52:46 - [MESSAGE][FAILED] - Unable to click on object 'Object Repository/Company/Company-03/Page_ODTS System/button_Xem Hp ng_btn btn-info'

2019-03-30 11:52:46 - [TEST_STEP][FAILED] - waitForAlert(2): Unable to wait for alert

2019-03-30 11:52:46 - [MESSAGE][WARNING] - Cannot take screenshot

2019-03-30 11:52:46 - [MESSAGE][FAILED] - Unable to wait for alert

2019-03-30 11:52:46 - [TEST_STEP][FAILED] - verifyElementText(findTestObject("Company/Company-03/Page_ODTS System/anhtest"), "anhtest"): Verify element text of test object 'Object Repository/Company/Company-03/Page_ODTS System/anhtest' FAILED.

2019-03-30 11:52:46 - [MESSAGE][WARNING] - Cannot take screenshot

2019-03-30 11:52:46 - [MESSAGE][FAILED] - Verify element text of test object 'Object Repository/Company/Company-03/Page_ODTS System/anhtest' FAILED.

2019-03-30 11:52:46 - [TEST_STEP][FAILED] - verifyElementText(findTestObject("Company/Company-03/Page_ODTS System/p_hihi"), "hihi"): Verify element text of test object 'Object Repository/Company/Company-03/Page_ODTS System/p_hihi' FAILED.

2019-03-30 11:52:46 - [MESSAGE][WARNING] - Cannot take screenshot

2019-03-30 11:52:46 - [MESSAGE][FAILED] - Verify element text of test object 'Object Repository/Company/Company-03/Page_ODTS System/p_hihi' FAILED.

2019-03-30 11:52:46 - [TEST_STEP][PASSED] - CDATE = null: null

2019-03-30 11:52:46 - [TEST_STEP][PASSED] - UDATE = null: null

2019-03-30 11:52:46 - [TEST_STEP][PASSED] - br = null: null

2019-03-30 11:52:46 - [TEST_STEP][PASSED] - try: null

2019-03-30 11:52:46 - [TEST_STEP][PASSED] - br = new java.io.BufferedReader(new java.io.FileReader(C:\Users\pc\HelpdeskAutomation\creDateCompany.txt)): null

2019-03-30 11:52:46 - [TEST_STEP][PASSED] - sCurrentLine = <not implemented yet for class: org.codehaus.groovy.ast.expr.EmptyExpression>: null

2019-03-30 11:52:46 - [TEST_STEP][PASSED] - while (sCurrentLine = br.readLine() != null): null

2019-03-30 11:52:46 - [TEST_STEP][PASSED] - CDATE = sCurrentLine: null

2019-03-30 11:52:46 - [TEST_STEP][PASSED] - br = new java.io.BufferedReader(new java.io.FileReader(C:\Users\pc\HelpdeskAutomation\upDateCompany.txt)): null

2019-03-30 11:52:46 - [TEST_STEP][PASSED] - sCurrentLine: null

2019-03-30 11:52:46 - [TEST_STEP][PASSED] - while (sCurrentLine = br.readLine() != null): null

2019-03-30 11:52:46 - [TEST_STEP][PASSED] - UDATE = sCurrentLine: null

2019-03-30 11:52:46 - [TEST_STEP][PASSED] - Finally: null

2019-03-30 11:52:46 - [TEST_STEP][PASSED] - br.close(): null

2019-03-30 11:52:46 - [TEST_STEP][FAILED] - verifyElementText(findTestObject("Company/Company-03/Page_ODTS System/p_1031 21022019"), CDATE): Verify element text of test object 'Object Repository/Company/Company-03/Page_ODTS System/p_1031 21022019' FAILED.

2019-03-30 11:52:46 - [MESSAGE][WARNING] - Cannot take screenshot

2019-03-30 11:52:46 - [MESSAGE][FAILED] - Verify element text of test object 'Object Repository/Company/Company-03/Page_ODTS System/p_1031 21022019' FAILED.

2019-03-30 11:52:46 - [TEST_STEP][FAILED] - verifyElementText(findTestObject("Company/Company-03/Page_ODTS System/p_1031 21022019_1"), UDATE): Verify element text of test object 'Object Repository/Company/Company-03/Page_ODTS System/p_1031 21022019_1' FAILED.

2019-03-30 11:52:46 - [MESSAGE][WARNING] - Cannot take screenshot

2019-03-30 11:52:46 - [MESSAGE][FAILED] - Verify element text of test object 'Object Repository/Company/Company-03/Page_ODTS System/p_1031 21022019_1' FAILED.

2019-03-30 11:52:46 - [TEST_STEP][FAILED] - verifyElementText(findTestObject("Company/Company-03/Page_ODTS System/span_50"), "50"): Verify element text of test object 'Object Repository/Company/Company-03/Page_ODTS System/span_50' FAILED.

2019-03-30 11:52:46 - [MESSAGE][WARNING] - Cannot take screenshot

2019-03-30 11:52:46 - [MESSAGE][FAILED] - Verify element text of test object 'Object Repository/Company/Company-03/Page_ODTS System/span_50' FAILED.

2019-03-30 11:52:46 - [TEST_STEP][FAILED] - verifyElementText(findTestObject("Company/Company-03/Page_ODTS System/span_15"), "15"): Verify element text of test object 'Object Repository/Company/Company-03/Page_ODTS System/span_15' FAILED.

2019-03-30 11:52:46 - [MESSAGE][WARNING] - Cannot take screenshot

2019-03-30 11:52:46 - [MESSAGE][FAILED] - Verify element text of test object 'Object Repository/Company/Company-03/Page_ODTS System/span_15' FAILED.

2019-03-30 11:52:46 - [TEST_STEP][FAILED] - verifyElementText(findTestObject("Company/Company-03/Page_ODTS System/span_65"), "65"): Verify element text of test object 'Object Repository/Company/Company-03/Page_ODTS System/span_65' FAILED.

2019-03-30 11:52:46 - [MESSAGE][WARNING] - Cannot take screenshot

2019-03-30 11:52:46 - [MESSAGE][FAILED] - Verify element text of test object 'Object Repository/Company/Company-03/Page_ODTS System/span_65' FAILED.

2019-03-30 11:52:46 - [TEST_STEP][FAILED] - click(findTestObject("Company/Company-03/Page_ODTS System/button_ng")): Unable to click on object 'Object Repository/Company/Company-03/Page_ODTS System/button_ng'

2019-03-30 11:52:46 - [MESSAGE][WARNING] - Cannot take screenshot

2019-03-30 11:52:46 - [MESSAGE][FAILED] - Unable to click on object 'Object Repository/Company/Company-03/Page_ODTS System/button_ng'

2019-03-30 11:52:46 - [TEST_STEP][FAILED] - closeBrowser(): closeBrowser() FAILED.
Reason:
com.kms.katalon.core.exception.StepFailedException: Unable to open browser with url: ''
	at com.kms.katalon.core.keyword.internal.KeywordMain.stepFailed(KeywordMain.groovy:37)
	at com.kms.katalon.core.webui.keyword.internal.WebUIKeywordMain.stepFailed(WebUIKeywordMain.groovy:65)
	at com.kms.katalon.core.webui.keyword.internal.WebUIKeywordMain.runKeyword(WebUIKeywordMain.groovy:27)
	at com.kms.katalon.core.webui.keyword.builtin.OpenBrowserKeyword.openBrowser(OpenBrowserKeyword.groovy:81)
	at com.kms.katalon.core.webui.keyword.builtin.OpenBrowserKeyword.execute(OpenBrowserKeyword.groovy:67)
	at com.kms.katalon.core.keyword.internal.KeywordExecutor.executeKeywordForPlatform(KeywordExecutor.groovy:56)
	at com.kms.katalon.core.webui.keyword.WebUiBuiltInKeywords.openBrowser(WebUiBuiltInKeywords.groovy:60)
	at com.kms.katalon.core.webui.keyword.WebUiBuiltInKeywords$openBrowser.call(Unknown Source)
	at Company-03.run(Company-03:5)
	at com.kms.katalon.core.main.ScriptEngine.run(ScriptEngine.java:194)
	at com.kms.katalon.core.main.ScriptEngine.runScriptAsRawText(ScriptEngine.java:119)
	at com.kms.katalon.core.main.TestCaseExecutor.runScript(TestCaseExecutor.java:331)
	at com.kms.katalon.core.main.TestCaseExecutor.doExecute(TestCaseExecutor.java:322)
	at com.kms.katalon.core.main.TestCaseExecutor.processExecutionPhase(TestCaseExecutor.java:301)
	at com.kms.katalon.core.main.TestCaseExecutor.accessMainPhase(TestCaseExecutor.java:293)
	at com.kms.katalon.core.main.TestCaseExecutor.execute(TestCaseExecutor.java:227)
	at com.kms.katalon.core.main.TestSuiteExecutor.accessTestCaseMainPhase(TestSuiteExecutor.java:129)
	at com.kms.katalon.core.main.TestSuiteExecutor.accessTestSuiteMainPhase(TestSuiteExecutor.java:112)
	at com.kms.katalon.core.main.TestSuiteExecutor.execute(TestSuiteExecutor.java:81)
	at com.kms.katalon.core.main.TestCaseMain.startTestSuite(TestCaseMain.java:157)
	at com.kms.katalon.core.main.TestCaseMain$startTestSuite$0.call(Unknown Source)
	at TempTestSuite1553921558438.run(TempTestSuite1553921558438.groovy:35)


2019-03-30 11:52:46 - [MESSAGE][PASSED] - Browser is closed

2019-03-30 11:52:46 - [MESSAGE][FAILED] - closeBrowser() FAILED.
Reason:
com.kms.katalon.core.exception.StepFailedException: Unable to open browser with url: ''
	at com.kms.katalon.core.keyword.internal.KeywordMain.stepFailed(KeywordMain.groovy:37)
	at com.kms.katalon.core.webui.keyword.internal.WebUIKeywordMain.stepFailed(WebUIKeywordMain.groovy:65)
	at com.kms.katalon.core.webui.keyword.internal.WebUIKeywordMain.runKeyword(WebUIKeywordMain.groovy:27)
	at com.kms.katalon.core.webui.keyword.builtin.OpenBrowserKeyword.openBrowser(OpenBrowserKeyword.groovy:81)
	at com.kms.katalon.core.webui.keyword.builtin.OpenBrowserKeyword.execute(OpenBrowserKeyword.groovy:67)
	at com.kms.katalon.core.keyword.internal.KeywordExecutor.executeKeywordForPlatform(KeywordExecutor.groovy:56)
	at com.kms.katalon.core.webui.keyword.WebUiBuiltInKeywords.openBrowser(WebUiBuiltInKeywords.groovy:60)
	at com.kms.katalon.core.webui.keyword.WebUiBuiltInKeywords$openBrowser.call(Unknown Source)
	at Company-03.run(Company-03:5)
	at com.kms.katalon.core.main.ScriptEngine.run(ScriptEngine.java:194)
	at com.kms.katalon.core.main.ScriptEngine.runScriptAsRawText(ScriptEngine.java:119)
	at com.kms.katalon.core.main.TestCaseExecutor.runScript(TestCaseExecutor.java:331)
	at com.kms.katalon.core.main.TestCaseExecutor.doExecute(TestCaseExecutor.java:322)
	at com.kms.katalon.core.main.TestCaseExecutor.processExecutionPhase(TestCaseExecutor.java:301)
	at com.kms.katalon.core.main.TestCaseExecutor.accessMainPhase(TestCaseExecutor.java:293)
	at com.kms.katalon.core.main.TestCaseExecutor.execute(TestCaseExecutor.java:227)
	at com.kms.katalon.core.main.TestSuiteExecutor.accessTestCaseMainPhase(TestSuiteExecutor.java:129)
	at com.kms.katalon.core.main.TestSuiteExecutor.accessTestSuiteMainPhase(TestSuiteExecutor.java:112)
	at com.kms.katalon.core.main.TestSuiteExecutor.execute(TestSuiteExecutor.java:81)
	at com.kms.katalon.core.main.TestCaseMain.startTestSuite(TestCaseMain.java:157)
	at com.kms.katalon.core.main.TestCaseMain$startTestSuite$0.call(Unknown Source)
	at TempTestSuite1553921558438.run(TempTestSuite1553921558438.groovy:35)]]></system-out>
         <system-err><![CDATA[2019-03-30 11:52:44 - [TEST_CASE][FAILED] - Test Cases/Company/Company-03: Test Cases/Company/Company-03 FAILED.
Reason:
com.kms.katalon.core.exception.StepFailedException: Unable to open browser with url: ''
	at com.kms.katalon.core.keyword.internal.KeywordMain.stepFailed(KeywordMain.groovy:37)
	at com.kms.katalon.core.webui.keyword.internal.WebUIKeywordMain.stepFailed(WebUIKeywordMain.groovy:65)
	at com.kms.katalon.core.webui.keyword.internal.WebUIKeywordMain.runKeyword(WebUIKeywordMain.groovy:27)
	at com.kms.katalon.core.webui.keyword.builtin.OpenBrowserKeyword.openBrowser(OpenBrowserKeyword.groovy:81)
	at com.kms.katalon.core.webui.keyword.builtin.OpenBrowserKeyword.execute(OpenBrowserKeyword.groovy:67)
	at com.kms.katalon.core.keyword.internal.KeywordExecutor.executeKeywordForPlatform(KeywordExecutor.groovy:56)
	at com.kms.katalon.core.webui.keyword.WebUiBuiltInKeywords.openBrowser(WebUiBuiltInKeywords.groovy:60)
	at com.kms.katalon.core.webui.keyword.WebUiBuiltInKeywords$openBrowser.call(Unknown Source)
	at Company-03.run(Company-03:5)
	at com.kms.katalon.core.main.ScriptEngine.run(ScriptEngine.java:194)
	at com.kms.katalon.core.main.ScriptEngine.runScriptAsRawText(ScriptEngine.java:119)
	at com.kms.katalon.core.main.TestCaseExecutor.runScript(TestCaseExecutor.java:331)
	at com.kms.katalon.core.main.TestCaseExecutor.doExecute(TestCaseExecutor.java:322)
	at com.kms.katalon.core.main.TestCaseExecutor.processExecutionPhase(TestCaseExecutor.java:301)
	at com.kms.katalon.core.main.TestCaseExecutor.accessMainPhase(TestCaseExecutor.java:293)
	at com.kms.katalon.core.main.TestCaseExecutor.execute(TestCaseExecutor.java:227)
	at com.kms.katalon.core.main.TestSuiteExecutor.accessTestCaseMainPhase(TestSuiteExecutor.java:129)
	at com.kms.katalon.core.main.TestSuiteExecutor.accessTestSuiteMainPhase(TestSuiteExecutor.java:112)
	at com.kms.katalon.core.main.TestSuiteExecutor.execute(TestSuiteExecutor.java:81)
	at com.kms.katalon.core.main.TestCaseMain.startTestSuite(TestCaseMain.java:157)
	at com.kms.katalon.core.main.TestCaseMain$startTestSuite$0.call(Unknown Source)
	at TempTestSuite1553921558438.run(TempTestSuite1553921558438.groovy:35)]]></system-err>
      </testcase>
      <testcase name="Test Cases/Company/Company-04" classname="Test Cases/Company/Company-04" status="FAILED">
         <failure type="FAILED" message="Test Cases/Company/Company-04 FAILED.
Reason:
com.kms.katalon.core.exception.StepFailedException: Unable to open browser with url: ''
	at com.kms.katalon.core.keyword.internal.KeywordMain.stepFailed(KeywordMain.groovy:37)
	at com.kms.katalon.core.webui.keyword.internal.WebUIKeywordMain.stepFailed(WebUIKeywordMain.groovy:65)
	at com.kms.katalon.core.webui.keyword.internal.WebUIKeywordMain.runKeyword(WebUIKeywordMain.groovy:27)
	at com.kms.katalon.core.webui.keyword.builtin.OpenBrowserKeyword.openBrowser(OpenBrowserKeyword.groovy:81)
	at com.kms.katalon.core.webui.keyword.builtin.OpenBrowserKeyword.execute(OpenBrowserKeyword.groovy:67)
	at com.kms.katalon.core.keyword.internal.KeywordExecutor.executeKeywordForPlatform(KeywordExecutor.groovy:56)
	at com.kms.katalon.core.webui.keyword.WebUiBuiltInKeywords.openBrowser(WebUiBuiltInKeywords.groovy:60)
	at com.kms.katalon.core.webui.keyword.WebUiBuiltInKeywords$openBrowser.call(Unknown Source)
	at Company-04.run(Company-04:7)
	at com.kms.katalon.core.main.ScriptEngine.run(ScriptEngine.java:194)
	at com.kms.katalon.core.main.ScriptEngine.runScriptAsRawText(ScriptEngine.java:119)
	at com.kms.katalon.core.main.TestCaseExecutor.runScript(TestCaseExecutor.java:331)
	at com.kms.katalon.core.main.TestCaseExecutor.doExecute(TestCaseExecutor.java:322)
	at com.kms.katalon.core.main.TestCaseExecutor.processExecutionPhase(TestCaseExecutor.java:301)
	at com.kms.katalon.core.main.TestCaseExecutor.accessMainPhase(TestCaseExecutor.java:293)
	at com.kms.katalon.core.main.TestCaseExecutor.execute(TestCaseExecutor.java:227)
	at com.kms.katalon.core.main.TestSuiteExecutor.accessTestCaseMainPhase(TestSuiteExecutor.java:129)
	at com.kms.katalon.core.main.TestSuiteExecutor.accessTestSuiteMainPhase(TestSuiteExecutor.java:112)
	at com.kms.katalon.core.main.TestSuiteExecutor.execute(TestSuiteExecutor.java:81)
	at com.kms.katalon.core.main.TestCaseMain.startTestSuite(TestCaseMain.java:157)
	at com.kms.katalon.core.main.TestCaseMain$startTestSuite$0.call(Unknown Source)
	at TempTestSuite1553921558438.run(TempTestSuite1553921558438.groovy:35)
"/>
         <system-out><![CDATA[2019-03-30 11:52:46 - [TEST_CASE][FAILED] - Test Cases/Company/Company-04: Test Cases/Company/Company-04 FAILED.
Reason:
com.kms.katalon.core.exception.StepFailedException: Unable to open browser with url: ''
	at com.kms.katalon.core.keyword.internal.KeywordMain.stepFailed(KeywordMain.groovy:37)
	at com.kms.katalon.core.webui.keyword.internal.WebUIKeywordMain.stepFailed(WebUIKeywordMain.groovy:65)
	at com.kms.katalon.core.webui.keyword.internal.WebUIKeywordMain.runKeyword(WebUIKeywordMain.groovy:27)
	at com.kms.katalon.core.webui.keyword.builtin.OpenBrowserKeyword.openBrowser(OpenBrowserKeyword.groovy:81)
	at com.kms.katalon.core.webui.keyword.builtin.OpenBrowserKeyword.execute(OpenBrowserKeyword.groovy:67)
	at com.kms.katalon.core.keyword.internal.KeywordExecutor.executeKeywordForPlatform(KeywordExecutor.groovy:56)
	at com.kms.katalon.core.webui.keyword.WebUiBuiltInKeywords.openBrowser(WebUiBuiltInKeywords.groovy:60)
	at com.kms.katalon.core.webui.keyword.WebUiBuiltInKeywords$openBrowser.call(Unknown Source)
	at Company-04.run(Company-04:7)
	at com.kms.katalon.core.main.ScriptEngine.run(ScriptEngine.java:194)
	at com.kms.katalon.core.main.ScriptEngine.runScriptAsRawText(ScriptEngine.java:119)
	at com.kms.katalon.core.main.TestCaseExecutor.runScript(TestCaseExecutor.java:331)
	at com.kms.katalon.core.main.TestCaseExecutor.doExecute(TestCaseExecutor.java:322)
	at com.kms.katalon.core.main.TestCaseExecutor.processExecutionPhase(TestCaseExecutor.java:301)
	at com.kms.katalon.core.main.TestCaseExecutor.accessMainPhase(TestCaseExecutor.java:293)
	at com.kms.katalon.core.main.TestCaseExecutor.execute(TestCaseExecutor.java:227)
	at com.kms.katalon.core.main.TestSuiteExecutor.accessTestCaseMainPhase(TestSuiteExecutor.java:129)
	at com.kms.katalon.core.main.TestSuiteExecutor.accessTestSuiteMainPhase(TestSuiteExecutor.java:112)
	at com.kms.katalon.core.main.TestSuiteExecutor.execute(TestSuiteExecutor.java:81)
	at com.kms.katalon.core.main.TestCaseMain.startTestSuite(TestCaseMain.java:157)
	at com.kms.katalon.core.main.TestCaseMain$startTestSuite$0.call(Unknown Source)
	at TempTestSuite1553921558438.run(TempTestSuite1553921558438.groovy:35)


2019-03-30 11:52:46 - [TEST_STEP][FAILED] - openBrowser(""): Unable to open browser with url: ''

2019-03-30 11:52:46 - [MESSAGE][INFO] - Starting 'Firefox' driver

2019-03-30 11:52:46 - [MESSAGE][FAILED] - Unable to open browser with url: ''

2019-03-30 11:52:46 - [TEST_STEP][FAILED] - navigateToUrl("http://helpdesk.wisky.vn/"): Unable to navigate to 'http://helpdesk.wisky.vn/'

2019-03-30 11:52:46 - [MESSAGE][WARNING] - Cannot take screenshot

2019-03-30 11:52:46 - [MESSAGE][FAILED] - Unable to navigate to 'http://helpdesk.wisky.vn/'

2019-03-30 11:52:46 - [TEST_STEP][FAILED] - setText(findTestObject("Company/Company-04/Page_ODTS System/input_ODTS_username"), "admin01"): Unable to set text 'admin01' of object 'Object Repository/Company/Company-04/Page_ODTS System/input_ODTS_username'

2019-03-30 11:52:46 - [MESSAGE][WARNING] - Cannot take screenshot

2019-03-30 11:52:46 - [MESSAGE][FAILED] - Unable to set text 'admin01' of object 'Object Repository/Company/Company-04/Page_ODTS System/input_ODTS_username'

2019-03-30 11:52:46 - [TEST_STEP][FAILED] - setEncryptedText(findTestObject("Company/Company-04/Page_ODTS System/input_ODTS_password"), "aeHFOx8jV/A="): Unable to set encrypted text for object 'Object Repository/Company/Company-04/Page_ODTS System/input_ODTS_password'

2019-03-30 11:52:46 - [MESSAGE][WARNING] - Cannot take screenshot

2019-03-30 11:52:46 - [MESSAGE][FAILED] - Unable to set encrypted text for object 'Object Repository/Company/Company-04/Page_ODTS System/input_ODTS_password'

2019-03-30 11:52:46 - [TEST_STEP][FAILED] - click(findTestObject("Company/Company-04/Page_ODTS System/button_ng Nhp")): Unable to click on object 'Object Repository/Company/Company-04/Page_ODTS System/button_ng Nhp'

2019-03-30 11:52:46 - [MESSAGE][WARNING] - Cannot take screenshot

2019-03-30 11:52:46 - [MESSAGE][FAILED] - Unable to click on object 'Object Repository/Company/Company-04/Page_ODTS System/button_ng Nhp'

2019-03-30 11:52:46 - [TEST_STEP][FAILED] - click(findTestObject("Company/Company-05/Page_ODTS System/a_Cng Ty")): Unable to click on object 'Object Repository/Company/Company-05/Page_ODTS System/a_Cng Ty'

2019-03-30 11:52:46 - [MESSAGE][WARNING] - Cannot take screenshot

2019-03-30 11:52:46 - [MESSAGE][FAILED] - Unable to click on object 'Object Repository/Company/Company-05/Page_ODTS System/a_Cng Ty'

2019-03-30 11:52:46 - [TEST_STEP][FAILED] - click(findTestObject("Company/Company-04/Page_ODTS System/fieldSearch")): Unable to click on object 'Object Repository/Company/Company-04/Page_ODTS System/fieldSearch'

2019-03-30 11:52:46 - [MESSAGE][WARNING] - Cannot take screenshot

2019-03-30 11:52:46 - [MESSAGE][FAILED] - Unable to click on object 'Object Repository/Company/Company-04/Page_ODTS System/fieldSearch'

2019-03-30 11:52:46 - [TEST_STEP][FAILED] - setText(findTestObject("Company/Company-04/Page_ODTS System/input"), "anhtest"): Unable to set text 'anhtest' of object 'Object Repository/Company/Company-04/Page_ODTS System/input'

2019-03-30 11:52:46 - [MESSAGE][WARNING] - Cannot take screenshot

2019-03-30 11:52:46 - [MESSAGE][FAILED] - Unable to set text 'anhtest' of object 'Object Repository/Company/Company-04/Page_ODTS System/input'

2019-03-30 11:52:46 - [TEST_STEP][FAILED] - click(findTestObject("Company/Company-04/Page_ODTS System/button_Xem Hp ng_btn btn-warni")): Unable to click on object 'Object Repository/Company/Company-04/Page_ODTS System/button_Xem Hp ng_btn btn-warni'

2019-03-30 11:52:46 - [MESSAGE][WARNING] - Cannot take screenshot

2019-03-30 11:52:46 - [MESSAGE][FAILED] - Unable to click on object 'Object Repository/Company/Company-04/Page_ODTS System/button_Xem Hp ng_btn btn-warni'

2019-03-30 11:52:46 - [TEST_STEP][FAILED] - waitForAlert(2): Unable to wait for alert

2019-03-30 11:52:46 - [MESSAGE][WARNING] - Cannot take screenshot

2019-03-30 11:52:46 - [MESSAGE][FAILED] - Unable to wait for alert

2019-03-30 11:52:46 - [TEST_STEP][FAILED] - setText(findTestObject("Company/Company-04/Page_ODTS System/input_Tn Cng Ty_comNameEdit"), "anhtest22"): Unable to set text 'anhtest22' of object 'Object Repository/Company/Company-04/Page_ODTS System/input_Tn Cng Ty_comNameEdit'

2019-03-30 11:52:46 - [MESSAGE][WARNING] - Cannot take screenshot

2019-03-30 11:52:46 - [MESSAGE][FAILED] - Unable to set text 'anhtest22' of object 'Object Repository/Company/Company-04/Page_ODTS System/input_Tn Cng Ty_comNameEdit'

2019-03-30 11:52:46 - [TEST_STEP][FAILED] - waitForAlert(2): Unable to wait for alert

2019-03-30 11:52:46 - [MESSAGE][WARNING] - Cannot take screenshot

2019-03-30 11:52:46 - [MESSAGE][FAILED] - Unable to wait for alert

2019-03-30 11:52:46 - [TEST_STEP][FAILED] - setText(findTestObject("Company/Company-04/Page_ODTS System/input_M T_comDescriptionEdit"), "hihi22"): Unable to set text 'hihi22' of object 'Object Repository/Company/Company-04/Page_ODTS System/input_M T_comDescriptionEdit'

2019-03-30 11:52:46 - [MESSAGE][WARNING] - Cannot take screenshot

2019-03-30 11:52:46 - [MESSAGE][FAILED] - Unable to set text 'hihi22' of object 'Object Repository/Company/Company-04/Page_ODTS System/input_M T_comDescriptionEdit'

2019-03-30 11:52:46 - [TEST_STEP][FAILED] - waitForAlert(2): Unable to wait for alert

2019-03-30 11:52:46 - [MESSAGE][WARNING] - Cannot take screenshot

2019-03-30 11:52:46 - [MESSAGE][FAILED] - Unable to wait for alert

2019-03-30 11:52:46 - [TEST_STEP][FAILED] - setText(findTestObject("Company/Company-04/Page_ODTS System/input_im Bnh Chn()_editPercent"), "70"): Unable to set text '70' of object 'Object Repository/Company/Company-04/Page_ODTS System/input_im Bnh Chn()_editPercent'

2019-03-30 11:52:46 - [MESSAGE][WARNING] - Cannot take screenshot

2019-03-30 11:52:46 - [MESSAGE][FAILED] - Unable to set text '70' of object 'Object Repository/Company/Company-04/Page_ODTS System/input_im Bnh Chn()_editPercent'

2019-03-30 11:52:46 - [TEST_STEP][FAILED] - waitForAlert(2): Unable to wait for alert

2019-03-30 11:52:46 - [MESSAGE][WARNING] - Cannot take screenshot

2019-03-30 11:52:46 - [MESSAGE][FAILED] - Unable to wait for alert

2019-03-30 11:52:46 - [TEST_STEP][FAILED] - setText(findTestObject("Company/Company-04/Page_ODTS System/input_Kinh Nghim()_editPercent"), "70"): Unable to set text '70' of object 'Object Repository/Company/Company-04/Page_ODTS System/input_Kinh Nghim()_editPercent'

2019-03-30 11:52:46 - [MESSAGE][WARNING] - Cannot take screenshot

2019-03-30 11:52:46 - [MESSAGE][FAILED] - Unable to set text '70' of object 'Object Repository/Company/Company-04/Page_ODTS System/input_Kinh Nghim()_editPercent'

2019-03-30 11:52:46 - [TEST_STEP][FAILED] - waitForAlert(2): Unable to wait for alert

2019-03-30 11:52:46 - [MESSAGE][WARNING] - Cannot take screenshot

2019-03-30 11:52:46 - [MESSAGE][FAILED] - Unable to wait for alert

2019-03-30 11:52:46 - [TEST_STEP][FAILED] - setText(findTestObject("Company/Company-04/Page_ODTS System/input_ Thn Thuc()_editPercentF"), "70"): Unable to set text '70' of object 'Object Repository/Company/Company-04/Page_ODTS System/input_ Thn Thuc()_editPercentF'

2019-03-30 11:52:46 - [MESSAGE][WARNING] - Cannot take screenshot

2019-03-30 11:52:46 - [MESSAGE][FAILED] - Unable to set text '70' of object 'Object Repository/Company/Company-04/Page_ODTS System/input_ Thn Thuc()_editPercentF'

2019-03-30 11:52:46 - [TEST_STEP][FAILED] - waitForAlert(2): Unable to wait for alert

2019-03-30 11:52:46 - [MESSAGE][WARNING] - Cannot take screenshot

2019-03-30 11:52:46 - [MESSAGE][FAILED] - Unable to wait for alert

2019-03-30 11:52:46 - [TEST_STEP][PASSED] - UDATE = SimpleDateFormat(HH:mm dd/MM/yyyy).format(getInstance().getTime()): null

2019-03-30 11:52:46 - [TEST_STEP][PASSED] - writer = null: null

2019-03-30 11:52:46 - [TEST_STEP][PASSED] - try: null

2019-03-30 11:52:46 - [TEST_STEP][PASSED] - writer = new java.io.BufferedWriter(new java.io.OutputStreamWriter(new java.io.FileOutputStream(C:\Users\pc\HelpdeskAutomation\upDateCompany.txt), utf-8)): null

2019-03-30 11:52:46 - [TEST_STEP][PASSED] - writer.write(UDATE): null

2019-03-30 11:52:46 - [TEST_STEP][PASSED] - Finally: null

2019-03-30 11:52:46 - [TEST_STEP][PASSED] - try: null

2019-03-30 11:52:46 - [TEST_STEP][PASSED] - writer.close(): null

2019-03-30 11:52:46 - [TEST_STEP][FAILED] - click(findTestObject("Company/Company-04/Page_ODTS System/button_Cp Nht")): Unable to click on object 'Object Repository/Company/Company-04/Page_ODTS System/button_Cp Nht'

2019-03-30 11:52:46 - [MESSAGE][WARNING] - Cannot take screenshot

2019-03-30 11:52:46 - [MESSAGE][FAILED] - Unable to click on object 'Object Repository/Company/Company-04/Page_ODTS System/button_Cp Nht'

2019-03-30 11:52:46 - [TEST_STEP][FAILED] - click(findTestObject("Company/Company-04/Page_ODTS System/button_OK")): Unable to click on object 'Object Repository/Company/Company-04/Page_ODTS System/button_OK'

2019-03-30 11:52:46 - [MESSAGE][WARNING] - Cannot take screenshot

2019-03-30 11:52:46 - [MESSAGE][FAILED] - Unable to click on object 'Object Repository/Company/Company-04/Page_ODTS System/button_OK'

2019-03-30 11:52:46 - [TEST_STEP][FAILED] - waitForAlert(1): Unable to wait for alert

2019-03-30 11:52:46 - [MESSAGE][WARNING] - Cannot take screenshot

2019-03-30 11:52:46 - [MESSAGE][FAILED] - Unable to wait for alert

2019-03-30 11:52:46 - [TEST_STEP][FAILED] - click(findTestObject("Company/Company-04/Page_ODTS System/button_Xem Hp ng_btn btn-info")): Unable to click on object 'Object Repository/Company/Company-04/Page_ODTS System/button_Xem Hp ng_btn btn-info'

2019-03-30 11:52:46 - [MESSAGE][WARNING] - Cannot take screenshot

2019-03-30 11:52:46 - [MESSAGE][FAILED] - Unable to click on object 'Object Repository/Company/Company-04/Page_ODTS System/button_Xem Hp ng_btn btn-info'

2019-03-30 11:52:47 - [TEST_STEP][FAILED] - waitForAlert(2): Unable to wait for alert

2019-03-30 11:52:47 - [MESSAGE][WARNING] - Cannot take screenshot

2019-03-30 11:52:47 - [MESSAGE][FAILED] - Unable to wait for alert

2019-03-30 11:52:47 - [TEST_STEP][FAILED] - verifyElementText(findTestObject("Company/Company-04/Page_ODTS System/p_anhtest22"), "anhtest22"): Verify element text of test object 'Object Repository/Company/Company-04/Page_ODTS System/p_anhtest22' FAILED.

2019-03-30 11:52:47 - [MESSAGE][WARNING] - Cannot take screenshot

2019-03-30 11:52:47 - [MESSAGE][FAILED] - Verify element text of test object 'Object Repository/Company/Company-04/Page_ODTS System/p_anhtest22' FAILED.

2019-03-30 11:52:47 - [TEST_STEP][FAILED] - verifyElementText(findTestObject("Company/Company-04/Page_ODTS System/p_hihi22"), "hihi22"): Verify element text of test object 'Object Repository/Company/Company-04/Page_ODTS System/p_hihi22' FAILED.

2019-03-30 11:52:47 - [MESSAGE][WARNING] - Cannot take screenshot

2019-03-30 11:52:47 - [MESSAGE][FAILED] - Verify element text of test object 'Object Repository/Company/Company-04/Page_ODTS System/p_hihi22' FAILED.

2019-03-30 11:52:47 - [TEST_STEP][PASSED] - CDATE = null: null

2019-03-30 11:52:47 - [TEST_STEP][PASSED] - br = null: null

2019-03-30 11:52:47 - [TEST_STEP][PASSED] - try: null

2019-03-30 11:52:47 - [TEST_STEP][PASSED] - br = new java.io.BufferedReader(new java.io.FileReader(C:\Users\pc\HelpdeskAutomation\creDateCompany.txt)): null

2019-03-30 11:52:47 - [TEST_STEP][PASSED] - sCurrentLine = <not implemented yet for class: org.codehaus.groovy.ast.expr.EmptyExpression>: null

2019-03-30 11:52:47 - [TEST_STEP][PASSED] - while (sCurrentLine = br.readLine() != null): null

2019-03-30 11:52:47 - [TEST_STEP][PASSED] - CDATE = sCurrentLine: null

2019-03-30 11:52:47 - [TEST_STEP][PASSED] - Finally: null

2019-03-30 11:52:47 - [TEST_STEP][PASSED] - br.close(): null

2019-03-30 11:52:47 - [TEST_STEP][FAILED] - verifyElementText(findTestObject("Company/Company-04/Page_ODTS System/p_1458 21022019"), CDATE): Verify element text of test object 'Object Repository/Company/Company-04/Page_ODTS System/p_1458 21022019' FAILED.

2019-03-30 11:52:47 - [MESSAGE][WARNING] - Cannot take screenshot

2019-03-30 11:52:47 - [MESSAGE][FAILED] - Verify element text of test object 'Object Repository/Company/Company-04/Page_ODTS System/p_1458 21022019' FAILED.

2019-03-30 11:52:47 - [TEST_STEP][FAILED] - verifyElementText(findTestObject("Company/Company-04/Page_ODTS System/p_1503 21022019"), UDATE): Verify element text of test object 'Object Repository/Company/Company-04/Page_ODTS System/p_1503 21022019' FAILED.

2019-03-30 11:52:47 - [MESSAGE][WARNING] - Cannot take screenshot

2019-03-30 11:52:47 - [MESSAGE][FAILED] - Verify element text of test object 'Object Repository/Company/Company-04/Page_ODTS System/p_1503 21022019' FAILED.

2019-03-30 11:52:47 - [TEST_STEP][FAILED] - verifyElementText(findTestObject("Company/Company-04/Page_ODTS System/span_70"), "70"): Verify element text of test object 'Object Repository/Company/Company-04/Page_ODTS System/span_70' FAILED.

2019-03-30 11:52:47 - [MESSAGE][WARNING] - Cannot take screenshot

2019-03-30 11:52:47 - [MESSAGE][FAILED] - Verify element text of test object 'Object Repository/Company/Company-04/Page_ODTS System/span_70' FAILED.

2019-03-30 11:52:47 - [TEST_STEP][FAILED] - verifyElementText(findTestObject("Company/Company-04/Page_ODTS System/span_70_1"), "70"): Verify element text of test object 'Object Repository/Company/Company-04/Page_ODTS System/span_70_1' FAILED.

2019-03-30 11:52:47 - [MESSAGE][WARNING] - Cannot take screenshot

2019-03-30 11:52:47 - [MESSAGE][FAILED] - Verify element text of test object 'Object Repository/Company/Company-04/Page_ODTS System/span_70_1' FAILED.

2019-03-30 11:52:47 - [TEST_STEP][FAILED] - verifyElementText(findTestObject("Company/Company-04/Page_ODTS System/span_70_2"), "70"): Verify element text of test object 'Object Repository/Company/Company-04/Page_ODTS System/span_70_2' FAILED.

2019-03-30 11:52:47 - [MESSAGE][WARNING] - Cannot take screenshot

2019-03-30 11:52:47 - [MESSAGE][FAILED] - Verify element text of test object 'Object Repository/Company/Company-04/Page_ODTS System/span_70_2' FAILED.

2019-03-30 11:52:47 - [TEST_STEP][FAILED] - click(findTestObject("Company/Company-04/Page_ODTS System/button_ng")): Unable to click on object 'Object Repository/Company/Company-04/Page_ODTS System/button_ng'

2019-03-30 11:52:47 - [MESSAGE][WARNING] - Cannot take screenshot

2019-03-30 11:52:47 - [MESSAGE][FAILED] - Unable to click on object 'Object Repository/Company/Company-04/Page_ODTS System/button_ng'

2019-03-30 11:52:47 - [TEST_STEP][FAILED] - closeBrowser(): closeBrowser() FAILED.
Reason:
com.kms.katalon.core.exception.StepFailedException: Unable to open browser with url: ''
	at com.kms.katalon.core.keyword.internal.KeywordMain.stepFailed(KeywordMain.groovy:37)
	at com.kms.katalon.core.webui.keyword.internal.WebUIKeywordMain.stepFailed(WebUIKeywordMain.groovy:65)
	at com.kms.katalon.core.webui.keyword.internal.WebUIKeywordMain.runKeyword(WebUIKeywordMain.groovy:27)
	at com.kms.katalon.core.webui.keyword.builtin.OpenBrowserKeyword.openBrowser(OpenBrowserKeyword.groovy:81)
	at com.kms.katalon.core.webui.keyword.builtin.OpenBrowserKeyword.execute(OpenBrowserKeyword.groovy:67)
	at com.kms.katalon.core.keyword.internal.KeywordExecutor.executeKeywordForPlatform(KeywordExecutor.groovy:56)
	at com.kms.katalon.core.webui.keyword.WebUiBuiltInKeywords.openBrowser(WebUiBuiltInKeywords.groovy:60)
	at com.kms.katalon.core.webui.keyword.WebUiBuiltInKeywords$openBrowser.call(Unknown Source)
	at Company-04.run(Company-04:7)
	at com.kms.katalon.core.main.ScriptEngine.run(ScriptEngine.java:194)
	at com.kms.katalon.core.main.ScriptEngine.runScriptAsRawText(ScriptEngine.java:119)
	at com.kms.katalon.core.main.TestCaseExecutor.runScript(TestCaseExecutor.java:331)
	at com.kms.katalon.core.main.TestCaseExecutor.doExecute(TestCaseExecutor.java:322)
	at com.kms.katalon.core.main.TestCaseExecutor.processExecutionPhase(TestCaseExecutor.java:301)
	at com.kms.katalon.core.main.TestCaseExecutor.accessMainPhase(TestCaseExecutor.java:293)
	at com.kms.katalon.core.main.TestCaseExecutor.execute(TestCaseExecutor.java:227)
	at com.kms.katalon.core.main.TestSuiteExecutor.accessTestCaseMainPhase(TestSuiteExecutor.java:129)
	at com.kms.katalon.core.main.TestSuiteExecutor.accessTestSuiteMainPhase(TestSuiteExecutor.java:112)
	at com.kms.katalon.core.main.TestSuiteExecutor.execute(TestSuiteExecutor.java:81)
	at com.kms.katalon.core.main.TestCaseMain.startTestSuite(TestCaseMain.java:157)
	at com.kms.katalon.core.main.TestCaseMain$startTestSuite$0.call(Unknown Source)
	at TempTestSuite1553921558438.run(TempTestSuite1553921558438.groovy:35)


2019-03-30 11:52:47 - [MESSAGE][PASSED] - Browser is closed

2019-03-30 11:52:47 - [MESSAGE][FAILED] - closeBrowser() FAILED.
Reason:
com.kms.katalon.core.exception.StepFailedException: Unable to open browser with url: ''
	at com.kms.katalon.core.keyword.internal.KeywordMain.stepFailed(KeywordMain.groovy:37)
	at com.kms.katalon.core.webui.keyword.internal.WebUIKeywordMain.stepFailed(WebUIKeywordMain.groovy:65)
	at com.kms.katalon.core.webui.keyword.internal.WebUIKeywordMain.runKeyword(WebUIKeywordMain.groovy:27)
	at com.kms.katalon.core.webui.keyword.builtin.OpenBrowserKeyword.openBrowser(OpenBrowserKeyword.groovy:81)
	at com.kms.katalon.core.webui.keyword.builtin.OpenBrowserKeyword.execute(OpenBrowserKeyword.groovy:67)
	at com.kms.katalon.core.keyword.internal.KeywordExecutor.executeKeywordForPlatform(KeywordExecutor.groovy:56)
	at com.kms.katalon.core.webui.keyword.WebUiBuiltInKeywords.openBrowser(WebUiBuiltInKeywords.groovy:60)
	at com.kms.katalon.core.webui.keyword.WebUiBuiltInKeywords$openBrowser.call(Unknown Source)
	at Company-04.run(Company-04:7)
	at com.kms.katalon.core.main.ScriptEngine.run(ScriptEngine.java:194)
	at com.kms.katalon.core.main.ScriptEngine.runScriptAsRawText(ScriptEngine.java:119)
	at com.kms.katalon.core.main.TestCaseExecutor.runScript(TestCaseExecutor.java:331)
	at com.kms.katalon.core.main.TestCaseExecutor.doExecute(TestCaseExecutor.java:322)
	at com.kms.katalon.core.main.TestCaseExecutor.processExecutionPhase(TestCaseExecutor.java:301)
	at com.kms.katalon.core.main.TestCaseExecutor.accessMainPhase(TestCaseExecutor.java:293)
	at com.kms.katalon.core.main.TestCaseExecutor.execute(TestCaseExecutor.java:227)
	at com.kms.katalon.core.main.TestSuiteExecutor.accessTestCaseMainPhase(TestSuiteExecutor.java:129)
	at com.kms.katalon.core.main.TestSuiteExecutor.accessTestSuiteMainPhase(TestSuiteExecutor.java:112)
	at com.kms.katalon.core.main.TestSuiteExecutor.execute(TestSuiteExecutor.java:81)
	at com.kms.katalon.core.main.TestCaseMain.startTestSuite(TestCaseMain.java:157)
	at com.kms.katalon.core.main.TestCaseMain$startTestSuite$0.call(Unknown Source)
	at TempTestSuite1553921558438.run(TempTestSuite1553921558438.groovy:35)]]></system-out>
         <system-err><![CDATA[2019-03-30 11:52:46 - [TEST_CASE][FAILED] - Test Cases/Company/Company-04: Test Cases/Company/Company-04 FAILED.
Reason:
com.kms.katalon.core.exception.StepFailedException: Unable to open browser with url: ''
	at com.kms.katalon.core.keyword.internal.KeywordMain.stepFailed(KeywordMain.groovy:37)
	at com.kms.katalon.core.webui.keyword.internal.WebUIKeywordMain.stepFailed(WebUIKeywordMain.groovy:65)
	at com.kms.katalon.core.webui.keyword.internal.WebUIKeywordMain.runKeyword(WebUIKeywordMain.groovy:27)
	at com.kms.katalon.core.webui.keyword.builtin.OpenBrowserKeyword.openBrowser(OpenBrowserKeyword.groovy:81)
	at com.kms.katalon.core.webui.keyword.builtin.OpenBrowserKeyword.execute(OpenBrowserKeyword.groovy:67)
	at com.kms.katalon.core.keyword.internal.KeywordExecutor.executeKeywordForPlatform(KeywordExecutor.groovy:56)
	at com.kms.katalon.core.webui.keyword.WebUiBuiltInKeywords.openBrowser(WebUiBuiltInKeywords.groovy:60)
	at com.kms.katalon.core.webui.keyword.WebUiBuiltInKeywords$openBrowser.call(Unknown Source)
	at Company-04.run(Company-04:7)
	at com.kms.katalon.core.main.ScriptEngine.run(ScriptEngine.java:194)
	at com.kms.katalon.core.main.ScriptEngine.runScriptAsRawText(ScriptEngine.java:119)
	at com.kms.katalon.core.main.TestCaseExecutor.runScript(TestCaseExecutor.java:331)
	at com.kms.katalon.core.main.TestCaseExecutor.doExecute(TestCaseExecutor.java:322)
	at com.kms.katalon.core.main.TestCaseExecutor.processExecutionPhase(TestCaseExecutor.java:301)
	at com.kms.katalon.core.main.TestCaseExecutor.accessMainPhase(TestCaseExecutor.java:293)
	at com.kms.katalon.core.main.TestCaseExecutor.execute(TestCaseExecutor.java:227)
	at com.kms.katalon.core.main.TestSuiteExecutor.accessTestCaseMainPhase(TestSuiteExecutor.java:129)
	at com.kms.katalon.core.main.TestSuiteExecutor.accessTestSuiteMainPhase(TestSuiteExecutor.java:112)
	at com.kms.katalon.core.main.TestSuiteExecutor.execute(TestSuiteExecutor.java:81)
	at com.kms.katalon.core.main.TestCaseMain.startTestSuite(TestCaseMain.java:157)
	at com.kms.katalon.core.main.TestCaseMain$startTestSuite$0.call(Unknown Source)
	at TempTestSuite1553921558438.run(TempTestSuite1553921558438.groovy:35)]]></system-err>
      </testcase>
      <testcase name="Test Cases/Company/Company-05" classname="Test Cases/Company/Company-05" status="FAILED">
         <failure type="FAILED" message="Test Cases/Company/Company-05 FAILED.
Reason:
com.kms.katalon.core.exception.StepFailedException: Unable to open browser with url: ''
	at com.kms.katalon.core.keyword.internal.KeywordMain.stepFailed(KeywordMain.groovy:37)
	at com.kms.katalon.core.webui.keyword.internal.WebUIKeywordMain.stepFailed(WebUIKeywordMain.groovy:65)
	at com.kms.katalon.core.webui.keyword.internal.WebUIKeywordMain.runKeyword(WebUIKeywordMain.groovy:27)
	at com.kms.katalon.core.webui.keyword.builtin.OpenBrowserKeyword.openBrowser(OpenBrowserKeyword.groovy:81)
	at com.kms.katalon.core.webui.keyword.builtin.OpenBrowserKeyword.execute(OpenBrowserKeyword.groovy:67)
	at com.kms.katalon.core.keyword.internal.KeywordExecutor.executeKeywordForPlatform(KeywordExecutor.groovy:56)
	at com.kms.katalon.core.webui.keyword.WebUiBuiltInKeywords.openBrowser(WebUiBuiltInKeywords.groovy:60)
	at com.kms.katalon.core.webui.keyword.WebUiBuiltInKeywords$openBrowser.call(Unknown Source)
	at Company-05.run(Company-05:17)
	at com.kms.katalon.core.main.ScriptEngine.run(ScriptEngine.java:194)
	at com.kms.katalon.core.main.ScriptEngine.runScriptAsRawText(ScriptEngine.java:119)
	at com.kms.katalon.core.main.TestCaseExecutor.runScript(TestCaseExecutor.java:331)
	at com.kms.katalon.core.main.TestCaseExecutor.doExecute(TestCaseExecutor.java:322)
	at com.kms.katalon.core.main.TestCaseExecutor.processExecutionPhase(TestCaseExecutor.java:301)
	at com.kms.katalon.core.main.TestCaseExecutor.accessMainPhase(TestCaseExecutor.java:293)
	at com.kms.katalon.core.main.TestCaseExecutor.execute(TestCaseExecutor.java:227)
	at com.kms.katalon.core.main.TestSuiteExecutor.accessTestCaseMainPhase(TestSuiteExecutor.java:129)
	at com.kms.katalon.core.main.TestSuiteExecutor.accessTestSuiteMainPhase(TestSuiteExecutor.java:112)
	at com.kms.katalon.core.main.TestSuiteExecutor.execute(TestSuiteExecutor.java:81)
	at com.kms.katalon.core.main.TestCaseMain.startTestSuite(TestCaseMain.java:157)
	at com.kms.katalon.core.main.TestCaseMain$startTestSuite$0.call(Unknown Source)
	at TempTestSuite1553921558438.run(TempTestSuite1553921558438.groovy:35)
"/>
         <system-out><![CDATA[2019-03-30 11:52:47 - [TEST_CASE][FAILED] - Test Cases/Company/Company-05: Test Cases/Company/Company-05 FAILED.
Reason:
com.kms.katalon.core.exception.StepFailedException: Unable to open browser with url: ''
	at com.kms.katalon.core.keyword.internal.KeywordMain.stepFailed(KeywordMain.groovy:37)
	at com.kms.katalon.core.webui.keyword.internal.WebUIKeywordMain.stepFailed(WebUIKeywordMain.groovy:65)
	at com.kms.katalon.core.webui.keyword.internal.WebUIKeywordMain.runKeyword(WebUIKeywordMain.groovy:27)
	at com.kms.katalon.core.webui.keyword.builtin.OpenBrowserKeyword.openBrowser(OpenBrowserKeyword.groovy:81)
	at com.kms.katalon.core.webui.keyword.builtin.OpenBrowserKeyword.execute(OpenBrowserKeyword.groovy:67)
	at com.kms.katalon.core.keyword.internal.KeywordExecutor.executeKeywordForPlatform(KeywordExecutor.groovy:56)
	at com.kms.katalon.core.webui.keyword.WebUiBuiltInKeywords.openBrowser(WebUiBuiltInKeywords.groovy:60)
	at com.kms.katalon.core.webui.keyword.WebUiBuiltInKeywords$openBrowser.call(Unknown Source)
	at Company-05.run(Company-05:17)
	at com.kms.katalon.core.main.ScriptEngine.run(ScriptEngine.java:194)
	at com.kms.katalon.core.main.ScriptEngine.runScriptAsRawText(ScriptEngine.java:119)
	at com.kms.katalon.core.main.TestCaseExecutor.runScript(TestCaseExecutor.java:331)
	at com.kms.katalon.core.main.TestCaseExecutor.doExecute(TestCaseExecutor.java:322)
	at com.kms.katalon.core.main.TestCaseExecutor.processExecutionPhase(TestCaseExecutor.java:301)
	at com.kms.katalon.core.main.TestCaseExecutor.accessMainPhase(TestCaseExecutor.java:293)
	at com.kms.katalon.core.main.TestCaseExecutor.execute(TestCaseExecutor.java:227)
	at com.kms.katalon.core.main.TestSuiteExecutor.accessTestCaseMainPhase(TestSuiteExecutor.java:129)
	at com.kms.katalon.core.main.TestSuiteExecutor.accessTestSuiteMainPhase(TestSuiteExecutor.java:112)
	at com.kms.katalon.core.main.TestSuiteExecutor.execute(TestSuiteExecutor.java:81)
	at com.kms.katalon.core.main.TestCaseMain.startTestSuite(TestCaseMain.java:157)
	at com.kms.katalon.core.main.TestCaseMain$startTestSuite$0.call(Unknown Source)
	at TempTestSuite1553921558438.run(TempTestSuite1553921558438.groovy:35)


2019-03-30 11:52:47 - [TEST_STEP][FAILED] - openBrowser(""): Unable to open browser with url: ''

2019-03-30 11:52:47 - [MESSAGE][INFO] - Starting 'Firefox' driver

2019-03-30 11:52:47 - [MESSAGE][FAILED] - Unable to open browser with url: ''

2019-03-30 11:52:47 - [TEST_STEP][FAILED] - navigateToUrl("http://helpdesk.wisky.vn/"): Unable to navigate to 'http://helpdesk.wisky.vn/'

2019-03-30 11:52:47 - [MESSAGE][WARNING] - Cannot take screenshot

2019-03-30 11:52:47 - [MESSAGE][FAILED] - Unable to navigate to 'http://helpdesk.wisky.vn/'

2019-03-30 11:52:47 - [TEST_STEP][FAILED] - setText(findTestObject("Company/Company-05/Page_ODTS System/input_ODTS_username"), "admin01"): Unable to set text 'admin01' of object 'Object Repository/Company/Company-05/Page_ODTS System/input_ODTS_username'

2019-03-30 11:52:47 - [MESSAGE][WARNING] - Cannot take screenshot

2019-03-30 11:52:47 - [MESSAGE][FAILED] - Unable to set text 'admin01' of object 'Object Repository/Company/Company-05/Page_ODTS System/input_ODTS_username'

2019-03-30 11:52:47 - [TEST_STEP][FAILED] - setEncryptedText(findTestObject("Company/Company-05/Page_ODTS System/input_ODTS_password"), "aeHFOx8jV/A="): Unable to set encrypted text for object 'Object Repository/Company/Company-05/Page_ODTS System/input_ODTS_password'

2019-03-30 11:52:47 - [MESSAGE][WARNING] - Cannot take screenshot

2019-03-30 11:52:47 - [MESSAGE][FAILED] - Unable to set encrypted text for object 'Object Repository/Company/Company-05/Page_ODTS System/input_ODTS_password'

2019-03-30 11:52:47 - [TEST_STEP][FAILED] - click(findTestObject("Company/Company-05/Page_ODTS System/button_ng Nhp")): Unable to click on object 'Object Repository/Company/Company-05/Page_ODTS System/button_ng Nhp'

2019-03-30 11:52:47 - [MESSAGE][WARNING] - Cannot take screenshot

2019-03-30 11:52:47 - [MESSAGE][FAILED] - Unable to click on object 'Object Repository/Company/Company-05/Page_ODTS System/button_ng Nhp'

2019-03-30 11:52:47 - [TEST_STEP][FAILED] - click(findTestObject("Company/Company-05/Page_ODTS System/a_Cng Ty")): Unable to click on object 'Object Repository/Company/Company-05/Page_ODTS System/a_Cng Ty'

2019-03-30 11:52:47 - [MESSAGE][WARNING] - Cannot take screenshot

2019-03-30 11:52:47 - [MESSAGE][FAILED] - Unable to click on object 'Object Repository/Company/Company-05/Page_ODTS System/a_Cng Ty'

2019-03-30 11:52:47 - [TEST_STEP][FAILED] - click(findTestObject("Company/Company-05/Page_ODTS System/fieldSearch")): Unable to click on object 'Object Repository/Company/Company-05/Page_ODTS System/fieldSearch'

2019-03-30 11:52:47 - [MESSAGE][WARNING] - Cannot take screenshot

2019-03-30 11:52:47 - [MESSAGE][FAILED] - Unable to click on object 'Object Repository/Company/Company-05/Page_ODTS System/fieldSearch'

2019-03-30 11:52:47 - [TEST_STEP][FAILED] - setText(findTestObject("Company/Company-05/Page_ODTS System/input"), "anhtest"): Unable to set text 'anhtest' of object 'Object Repository/Company/Company-05/Page_ODTS System/input'

2019-03-30 11:52:47 - [MESSAGE][WARNING] - Cannot take screenshot

2019-03-30 11:52:47 - [MESSAGE][FAILED] - Unable to set text 'anhtest' of object 'Object Repository/Company/Company-05/Page_ODTS System/input'

2019-03-30 11:52:47 - [TEST_STEP][FAILED] - click(findTestObject("Company/Company-05/Page_ODTS System/button_Xem Hp ng_btn btn-dange")): Unable to click on object 'Object Repository/Company/Company-05/Page_ODTS System/button_Xem Hp ng_btn btn-dange'

2019-03-30 11:52:47 - [MESSAGE][WARNING] - Cannot take screenshot

2019-03-30 11:52:47 - [MESSAGE][FAILED] - Unable to click on object 'Object Repository/Company/Company-05/Page_ODTS System/button_Xem Hp ng_btn btn-dange'

2019-03-30 11:52:47 - [TEST_STEP][FAILED] - click(findTestObject("Company/Company-05/Page_ODTS System/button_Chp Nhn Xa")): Unable to click on object 'Object Repository/Company/Company-05/Page_ODTS System/button_Chp Nhn Xa'

2019-03-30 11:52:47 - [MESSAGE][WARNING] - Cannot take screenshot

2019-03-30 11:52:47 - [MESSAGE][FAILED] - Unable to click on object 'Object Repository/Company/Company-05/Page_ODTS System/button_Chp Nhn Xa'

2019-03-30 11:52:47 - [TEST_STEP][FAILED] - click(findTestObject("Company/Company-05/Page_ODTS System/button_OK")): Unable to click on object 'Object Repository/Company/Company-05/Page_ODTS System/button_OK'

2019-03-30 11:52:47 - [MESSAGE][WARNING] - Cannot take screenshot

2019-03-30 11:52:47 - [MESSAGE][FAILED] - Unable to click on object 'Object Repository/Company/Company-05/Page_ODTS System/button_OK'

2019-03-30 11:52:47 - [TEST_STEP][PASSED] - writer2 = new java.io.PrintWriter(C:\Users\pc\HelpdeskAutomation\creDateCompany.txt): null

2019-03-30 11:52:47 - [TEST_STEP][PASSED] - writer2.print(""): null

2019-03-30 11:52:47 - [TEST_STEP][PASSED] - writer2.close(): null

2019-03-30 11:52:47 - [TEST_STEP][PASSED] - writer = new java.io.PrintWriter(C:\Users\pc\HelpdeskAutomation\upDateCompany.txt): null

2019-03-30 11:52:47 - [TEST_STEP][PASSED] - writer.print(""): null

2019-03-30 11:52:47 - [TEST_STEP][PASSED] - writer.close(): null

2019-03-30 11:52:47 - [TEST_STEP][FAILED] - verifyElementVisible(findTestObject("Company/Company-05/Page_ODTS System/td_Khng c d liu ph hp")): Unable to verify object 'Object Repository/Company/Company-05/Page_ODTS System/td_Khng c d liu ph hp' is visible

2019-03-30 11:52:47 - [MESSAGE][WARNING] - Cannot take screenshot

2019-03-30 11:52:47 - [MESSAGE][FAILED] - Unable to verify object 'Object Repository/Company/Company-05/Page_ODTS System/td_Khng c d liu ph hp' is visible

2019-03-30 11:52:47 - [TEST_STEP][FAILED] - closeBrowser(): closeBrowser() FAILED.
Reason:
com.kms.katalon.core.exception.StepFailedException: Unable to open browser with url: ''
	at com.kms.katalon.core.keyword.internal.KeywordMain.stepFailed(KeywordMain.groovy:37)
	at com.kms.katalon.core.webui.keyword.internal.WebUIKeywordMain.stepFailed(WebUIKeywordMain.groovy:65)
	at com.kms.katalon.core.webui.keyword.internal.WebUIKeywordMain.runKeyword(WebUIKeywordMain.groovy:27)
	at com.kms.katalon.core.webui.keyword.builtin.OpenBrowserKeyword.openBrowser(OpenBrowserKeyword.groovy:81)
	at com.kms.katalon.core.webui.keyword.builtin.OpenBrowserKeyword.execute(OpenBrowserKeyword.groovy:67)
	at com.kms.katalon.core.keyword.internal.KeywordExecutor.executeKeywordForPlatform(KeywordExecutor.groovy:56)
	at com.kms.katalon.core.webui.keyword.WebUiBuiltInKeywords.openBrowser(WebUiBuiltInKeywords.groovy:60)
	at com.kms.katalon.core.webui.keyword.WebUiBuiltInKeywords$openBrowser.call(Unknown Source)
	at Company-05.run(Company-05:17)
	at com.kms.katalon.core.main.ScriptEngine.run(ScriptEngine.java:194)
	at com.kms.katalon.core.main.ScriptEngine.runScriptAsRawText(ScriptEngine.java:119)
	at com.kms.katalon.core.main.TestCaseExecutor.runScript(TestCaseExecutor.java:331)
	at com.kms.katalon.core.main.TestCaseExecutor.doExecute(TestCaseExecutor.java:322)
	at com.kms.katalon.core.main.TestCaseExecutor.processExecutionPhase(TestCaseExecutor.java:301)
	at com.kms.katalon.core.main.TestCaseExecutor.accessMainPhase(TestCaseExecutor.java:293)
	at com.kms.katalon.core.main.TestCaseExecutor.execute(TestCaseExecutor.java:227)
	at com.kms.katalon.core.main.TestSuiteExecutor.accessTestCaseMainPhase(TestSuiteExecutor.java:129)
	at com.kms.katalon.core.main.TestSuiteExecutor.accessTestSuiteMainPhase(TestSuiteExecutor.java:112)
	at com.kms.katalon.core.main.TestSuiteExecutor.execute(TestSuiteExecutor.java:81)
	at com.kms.katalon.core.main.TestCaseMain.startTestSuite(TestCaseMain.java:157)
	at com.kms.katalon.core.main.TestCaseMain$startTestSuite$0.call(Unknown Source)
	at TempTestSuite1553921558438.run(TempTestSuite1553921558438.groovy:35)


2019-03-30 11:52:47 - [MESSAGE][PASSED] - Browser is closed

2019-03-30 11:52:47 - [MESSAGE][FAILED] - closeBrowser() FAILED.
Reason:
com.kms.katalon.core.exception.StepFailedException: Unable to open browser with url: ''
	at com.kms.katalon.core.keyword.internal.KeywordMain.stepFailed(KeywordMain.groovy:37)
	at com.kms.katalon.core.webui.keyword.internal.WebUIKeywordMain.stepFailed(WebUIKeywordMain.groovy:65)
	at com.kms.katalon.core.webui.keyword.internal.WebUIKeywordMain.runKeyword(WebUIKeywordMain.groovy:27)
	at com.kms.katalon.core.webui.keyword.builtin.OpenBrowserKeyword.openBrowser(OpenBrowserKeyword.groovy:81)
	at com.kms.katalon.core.webui.keyword.builtin.OpenBrowserKeyword.execute(OpenBrowserKeyword.groovy:67)
	at com.kms.katalon.core.keyword.internal.KeywordExecutor.executeKeywordForPlatform(KeywordExecutor.groovy:56)
	at com.kms.katalon.core.webui.keyword.WebUiBuiltInKeywords.openBrowser(WebUiBuiltInKeywords.groovy:60)
	at com.kms.katalon.core.webui.keyword.WebUiBuiltInKeywords$openBrowser.call(Unknown Source)
	at Company-05.run(Company-05:17)
	at com.kms.katalon.core.main.ScriptEngine.run(ScriptEngine.java:194)
	at com.kms.katalon.core.main.ScriptEngine.runScriptAsRawText(ScriptEngine.java:119)
	at com.kms.katalon.core.main.TestCaseExecutor.runScript(TestCaseExecutor.java:331)
	at com.kms.katalon.core.main.TestCaseExecutor.doExecute(TestCaseExecutor.java:322)
	at com.kms.katalon.core.main.TestCaseExecutor.processExecutionPhase(TestCaseExecutor.java:301)
	at com.kms.katalon.core.main.TestCaseExecutor.accessMainPhase(TestCaseExecutor.java:293)
	at com.kms.katalon.core.main.TestCaseExecutor.execute(TestCaseExecutor.java:227)
	at com.kms.katalon.core.main.TestSuiteExecutor.accessTestCaseMainPhase(TestSuiteExecutor.java:129)
	at com.kms.katalon.core.main.TestSuiteExecutor.accessTestSuiteMainPhase(TestSuiteExecutor.java:112)
	at com.kms.katalon.core.main.TestSuiteExecutor.execute(TestSuiteExecutor.java:81)
	at com.kms.katalon.core.main.TestCaseMain.startTestSuite(TestCaseMain.java:157)
	at com.kms.katalon.core.main.TestCaseMain$startTestSuite$0.call(Unknown Source)
	at TempTestSuite1553921558438.run(TempTestSuite1553921558438.groovy:35)]]></system-out>
         <system-err><![CDATA[2019-03-30 11:52:47 - [TEST_CASE][FAILED] - Test Cases/Company/Company-05: Test Cases/Company/Company-05 FAILED.
Reason:
com.kms.katalon.core.exception.StepFailedException: Unable to open browser with url: ''
	at com.kms.katalon.core.keyword.internal.KeywordMain.stepFailed(KeywordMain.groovy:37)
	at com.kms.katalon.core.webui.keyword.internal.WebUIKeywordMain.stepFailed(WebUIKeywordMain.groovy:65)
	at com.kms.katalon.core.webui.keyword.internal.WebUIKeywordMain.runKeyword(WebUIKeywordMain.groovy:27)
	at com.kms.katalon.core.webui.keyword.builtin.OpenBrowserKeyword.openBrowser(OpenBrowserKeyword.groovy:81)
	at com.kms.katalon.core.webui.keyword.builtin.OpenBrowserKeyword.execute(OpenBrowserKeyword.groovy:67)
	at com.kms.katalon.core.keyword.internal.KeywordExecutor.executeKeywordForPlatform(KeywordExecutor.groovy:56)
	at com.kms.katalon.core.webui.keyword.WebUiBuiltInKeywords.openBrowser(WebUiBuiltInKeywords.groovy:60)
	at com.kms.katalon.core.webui.keyword.WebUiBuiltInKeywords$openBrowser.call(Unknown Source)
	at Company-05.run(Company-05:17)
	at com.kms.katalon.core.main.ScriptEngine.run(ScriptEngine.java:194)
	at com.kms.katalon.core.main.ScriptEngine.runScriptAsRawText(ScriptEngine.java:119)
	at com.kms.katalon.core.main.TestCaseExecutor.runScript(TestCaseExecutor.java:331)
	at com.kms.katalon.core.main.TestCaseExecutor.doExecute(TestCaseExecutor.java:322)
	at com.kms.katalon.core.main.TestCaseExecutor.processExecutionPhase(TestCaseExecutor.java:301)
	at com.kms.katalon.core.main.TestCaseExecutor.accessMainPhase(TestCaseExecutor.java:293)
	at com.kms.katalon.core.main.TestCaseExecutor.execute(TestCaseExecutor.java:227)
	at com.kms.katalon.core.main.TestSuiteExecutor.accessTestCaseMainPhase(TestSuiteExecutor.java:129)
	at com.kms.katalon.core.main.TestSuiteExecutor.accessTestSuiteMainPhase(TestSuiteExecutor.java:112)
	at com.kms.katalon.core.main.TestSuiteExecutor.execute(TestSuiteExecutor.java:81)
	at com.kms.katalon.core.main.TestCaseMain.startTestSuite(TestCaseMain.java:157)
	at com.kms.katalon.core.main.TestCaseMain$startTestSuite$0.call(Unknown Source)
	at TempTestSuite1553921558438.run(TempTestSuite1553921558438.groovy:35)]]></system-err>
      </testcase>
      <system-out><![CDATA[2019-03-30 11:52:41 - [TEST_SUITE][FAILED] - Company01-03-04-05: Test Cases/Company/Company-01 FAILED.
Reason:
com.kms.katalon.core.exception.StepFailedException: Unable to open browser with url: ''
	at com.kms.katalon.core.keyword.internal.KeywordMain.stepFailed(KeywordMain.groovy:37)
	at com.kms.katalon.core.webui.keyword.internal.WebUIKeywordMain.stepFailed(WebUIKeywordMain.groovy:65)
	at com.kms.katalon.core.webui.keyword.internal.WebUIKeywordMain.runKeyword(WebUIKeywordMain.groovy:27)
	at com.kms.katalon.core.webui.keyword.builtin.OpenBrowserKeyword.openBrowser(OpenBrowserKeyword.groovy:81)
	at com.kms.katalon.core.webui.keyword.builtin.OpenBrowserKeyword.execute(OpenBrowserKeyword.groovy:67)
	at com.kms.katalon.core.keyword.internal.KeywordExecutor.executeKeywordForPlatform(KeywordExecutor.groovy:56)
	at com.kms.katalon.core.webui.keyword.WebUiBuiltInKeywords.openBrowser(WebUiBuiltInKeywords.groovy:60)
	at com.kms.katalon.core.webui.keyword.WebUiBuiltInKeywords$openBrowser.call(Unknown Source)
	at Company-01.run(Company-01:7)
	at com.kms.katalon.core.main.ScriptEngine.run(ScriptEngine.java:194)
	at com.kms.katalon.core.main.ScriptEngine.runScriptAsRawText(ScriptEngine.java:119)
	at com.kms.katalon.core.main.TestCaseExecutor.runScript(TestCaseExecutor.java:331)
	at com.kms.katalon.core.main.TestCaseExecutor.doExecute(TestCaseExecutor.java:322)
	at com.kms.katalon.core.main.TestCaseExecutor.processExecutionPhase(TestCaseExecutor.java:301)
	at com.kms.katalon.core.main.TestCaseExecutor.accessMainPhase(TestCaseExecutor.java:293)
	at com.kms.katalon.core.main.TestCaseExecutor.execute(TestCaseExecutor.java:227)
	at com.kms.katalon.core.main.TestSuiteExecutor.accessTestCaseMainPhase(TestSuiteExecutor.java:129)
	at com.kms.katalon.core.main.TestSuiteExecutor.accessTestSuiteMainPhase(TestSuiteExecutor.java:112)
	at com.kms.katalon.core.main.TestSuiteExecutor.execute(TestSuiteExecutor.java:81)
	at com.kms.katalon.core.main.TestCaseMain.startTestSuite(TestCaseMain.java:157)
	at com.kms.katalon.core.main.TestCaseMain$startTestSuite$0.call(Unknown Source)
	at TempTestSuite1553921558438.run(TempTestSuite1553921558438.groovy:35)]]></system-out>
      <system-err><![CDATA[2019-03-30 11:52:41 - [TEST_SUITE][FAILED] - Company01-03-04-05: Test Cases/Company/Company-01 FAILED.
Reason:
com.kms.katalon.core.exception.StepFailedException: Unable to open browser with url: ''
	at com.kms.katalon.core.keyword.internal.KeywordMain.stepFailed(KeywordMain.groovy:37)
	at com.kms.katalon.core.webui.keyword.internal.WebUIKeywordMain.stepFailed(WebUIKeywordMain.groovy:65)
	at com.kms.katalon.core.webui.keyword.internal.WebUIKeywordMain.runKeyword(WebUIKeywordMain.groovy:27)
	at com.kms.katalon.core.webui.keyword.builtin.OpenBrowserKeyword.openBrowser(OpenBrowserKeyword.groovy:81)
	at com.kms.katalon.core.webui.keyword.builtin.OpenBrowserKeyword.execute(OpenBrowserKeyword.groovy:67)
	at com.kms.katalon.core.keyword.internal.KeywordExecutor.executeKeywordForPlatform(KeywordExecutor.groovy:56)
	at com.kms.katalon.core.webui.keyword.WebUiBuiltInKeywords.openBrowser(WebUiBuiltInKeywords.groovy:60)
	at com.kms.katalon.core.webui.keyword.WebUiBuiltInKeywords$openBrowser.call(Unknown Source)
	at Company-01.run(Company-01:7)
	at com.kms.katalon.core.main.ScriptEngine.run(ScriptEngine.java:194)
	at com.kms.katalon.core.main.ScriptEngine.runScriptAsRawText(ScriptEngine.java:119)
	at com.kms.katalon.core.main.TestCaseExecutor.runScript(TestCaseExecutor.java:331)
	at com.kms.katalon.core.main.TestCaseExecutor.doExecute(TestCaseExecutor.java:322)
	at com.kms.katalon.core.main.TestCaseExecutor.processExecutionPhase(TestCaseExecutor.java:301)
	at com.kms.katalon.core.main.TestCaseExecutor.accessMainPhase(TestCaseExecutor.java:293)
	at com.kms.katalon.core.main.TestCaseExecutor.execute(TestCaseExecutor.java:227)
	at com.kms.katalon.core.main.TestSuiteExecutor.accessTestCaseMainPhase(TestSuiteExecutor.java:129)
	at com.kms.katalon.core.main.TestSuiteExecutor.accessTestSuiteMainPhase(TestSuiteExecutor.java:112)
	at com.kms.katalon.core.main.TestSuiteExecutor.execute(TestSuiteExecutor.java:81)
	at com.kms.katalon.core.main.TestCaseMain.startTestSuite(TestCaseMain.java:157)
	at com.kms.katalon.core.main.TestCaseMain$startTestSuite$0.call(Unknown Source)
	at TempTestSuite1553921558438.run(TempTestSuite1553921558438.groovy:35)]]></system-err>
   </testsuite>
</testsuites>
