<?xml version="1.0" encoding="UTF-8"?>
<testsuites name="Company1-3" time="58" tests="1" failures="0" errors="1">
   <testsuite name="Company1-3" tests="1" failures="0" errors="1" time="58" timestamp="2019-02-21 16:07:41" hostname="Ninja - AnhNVSE63446" id="Test Suites/Company1-3">
      <properties>
         <property name="deviceName" value=""/>
         <property name="devicePlatform" value=""/>
         <property name="logFolder" value="C:\\Users\\pc\\Katalon Studio\\Helpdesk\\Reports\\Company1-3\\20190221_160733"/>
         <property name="logFiles" value="C:\\Users\\pc\\Katalon Studio\\Helpdesk\\Reports\\Company1-3\\20190221_160733\\execution0.log"/>
         <property name="attachments" value=""/>
         <property name="hostName" value="Ninja - AnhNVSE63446"/>
         <property name="os" value="Windows 10 64bit"/>
         <property name="katalonVersion" value="5.10.0.1"/>
         <property name="browser" value="Chrome 72.0.3626.109"/>
         <property name="hostAddress" value="192.168.175.1"/>
         <property name="sessionId" value="651e4c4bf3f058874d5c307060e736b1"/>
         <property name="seleniumVersion" value="3.7.1"/>
         <property name="proxyInformation" value="ProxyInformation{proxyOption=NO_PROXY, proxyServerType=HTTP, password=, proxyServerAddress=, proxyServerPort=0}"/>
         <property name="platform" value="Windows 10"/>
      </properties>
      <testcase name="Test Cases/Company/company1" classname="Test Cases/Company/company1" status="PASSED">
         <system-out><![CDATA[2019-02-21 16:07:41 - [TEST_CASE][PASSED] - Test Cases/Company/company1: Test Cases/Company/company1

2019-02-21 16:07:42 - [TEST_STEP][PASSED] - openBrowser(""): Browser is opened with url: ''

2019-02-21 16:07:43 - [MESSAGE][INFO] - Starting 'Chrome' driver

2019-02-21 16:07:43 - [MESSAGE][INFO] - Action delay is set to 0 seconds

2019-02-21 16:07:47 - [MESSAGE][PASSED] - Browser is opened with url: ''

2019-02-21 16:07:47 - [TEST_STEP][PASSED] - navigateToUrl("http://helpdesk.wisky.vn/"): Navigate to 'http://helpdesk.wisky.vn/' successfully

2019-02-21 16:07:49 - [MESSAGE][PASSED] - Navigate to 'http://helpdesk.wisky.vn/' successfully

2019-02-21 16:07:49 - [TEST_STEP][PASSED] - setText(findTestObject("Object Repository/Company/company1/Page_ODTS System/input_ODTS_username"), "admin01"): Text 'admin01' is set on object 'Object Repository/Company/company1/Page_ODTS System/input_ODTS_username'

2019-02-21 16:07:50 - [MESSAGE][PASSED] - Text 'admin01' is set on object 'Object Repository/Company/company1/Page_ODTS System/input_ODTS_username'

2019-02-21 16:07:50 - [TEST_STEP][PASSED] - waitForAlert(2): No alert found after 2 second(s).

2019-02-21 16:07:52 - [MESSAGE][WARNING] - No alert found after 2 second(s).

2019-02-21 16:07:52 - [TEST_STEP][PASSED] - setEncryptedText(findTestObject("Object Repository/Company/company1/Page_ODTS System/input_ODTS_password"), "aeHFOx8jV/A="): Text ****** has been set on object 'Object Repository/Company/company1/Page_ODTS System/input_ODTS_password'

2019-02-21 16:07:52 - [MESSAGE][PASSED] - Text ****** has been set on object 'Object Repository/Company/company1/Page_ODTS System/input_ODTS_password'

2019-02-21 16:07:52 - [TEST_STEP][PASSED] - waitForAlert(2): No alert found after 2 second(s).

2019-02-21 16:07:54 - [MESSAGE][WARNING] - No alert found after 2 second(s).

2019-02-21 16:07:54 - [TEST_STEP][PASSED] - click(findTestObject("Object Repository/Company/company1/Page_ODTS System/button_ng Nhp")): Object: 'Object Repository/Company/company1/Page_ODTS System/button_ng Nhp' is clicked on

2019-02-21 16:07:54 - [MESSAGE][PASSED] - Object: 'Object Repository/Company/company1/Page_ODTS System/button_ng Nhp' is clicked on

2019-02-21 16:07:54 - [TEST_STEP][PASSED] - waitForAlert(2): No alert found after 2 second(s).

2019-02-21 16:07:59 - [MESSAGE][WARNING] - No alert found after 2 second(s).

2019-02-21 16:07:59 - [TEST_STEP][PASSED] - click(findTestObject("Object Repository/Company/company1/Page_ODTS System/span_Cng Ty")): Object: 'Object Repository/Company/company1/Page_ODTS System/span_Cng Ty' is clicked on

2019-02-21 16:08:00 - [MESSAGE][PASSED] - Object: 'Object Repository/Company/company1/Page_ODTS System/span_Cng Ty' is clicked on

2019-02-21 16:08:00 - [TEST_STEP][PASSED] - waitForAlert(2): No alert found after 2 second(s).

2019-02-21 16:08:02 - [MESSAGE][WARNING] - No alert found after 2 second(s).

2019-02-21 16:08:02 - [TEST_STEP][PASSED] - click(findTestObject("Object Repository/Company/company1/Page_ODTS System/button_To Cng Ty")): Object: 'Object Repository/Company/company1/Page_ODTS System/button_To Cng Ty' is clicked on

2019-02-21 16:08:02 - [MESSAGE][PASSED] - Object: 'Object Repository/Company/company1/Page_ODTS System/button_To Cng Ty' is clicked on

2019-02-21 16:08:02 - [TEST_STEP][PASSED] - waitForAlert(2): No alert found after 2 second(s).

2019-02-21 16:08:04 - [MESSAGE][WARNING] - No alert found after 2 second(s).

2019-02-21 16:08:04 - [TEST_STEP][PASSED] - setText(findTestObject("Object Repository/Company/company1/Page_ODTS System/input_Tn Cng Ty_comNameCreate"), "anhtest"): Text 'anhtest' is set on object 'Object Repository/Company/company1/Page_ODTS System/input_Tn Cng Ty_comNameCreate'

2019-02-21 16:08:05 - [MESSAGE][PASSED] - Text 'anhtest' is set on object 'Object Repository/Company/company1/Page_ODTS System/input_Tn Cng Ty_comNameCreate'

2019-02-21 16:08:05 - [TEST_STEP][PASSED] - waitForAlert(2): No alert found after 2 second(s).

2019-02-21 16:08:07 - [MESSAGE][WARNING] - No alert found after 2 second(s).

2019-02-21 16:08:07 - [TEST_STEP][PASSED] - setText(findTestObject("Object Repository/Company/company1/Page_ODTS System/input_M T_comDescriptionCreate"), "hihi"): Text 'hihi' is set on object 'Object Repository/Company/company1/Page_ODTS System/input_M T_comDescriptionCreate'

2019-02-21 16:08:07 - [MESSAGE][PASSED] - Text 'hihi' is set on object 'Object Repository/Company/company1/Page_ODTS System/input_M T_comDescriptionCreate'

2019-02-21 16:08:07 - [TEST_STEP][PASSED] - waitForAlert(2): No alert found after 2 second(s).

2019-02-21 16:08:09 - [MESSAGE][WARNING] - No alert found after 2 second(s).

2019-02-21 16:08:09 - [TEST_STEP][PASSED] - setText(findTestObject("Object Repository/Company/company1/Page_ODTS System/input_im Bnh Chn()_comPercentF"), "50"): Text '50' is set on object 'Object Repository/Company/company1/Page_ODTS System/input_im Bnh Chn()_comPercentF'

2019-02-21 16:08:09 - [MESSAGE][PASSED] - Text '50' is set on object 'Object Repository/Company/company1/Page_ODTS System/input_im Bnh Chn()_comPercentF'

2019-02-21 16:08:09 - [TEST_STEP][PASSED] - waitForAlert(2): No alert found after 2 second(s).

2019-02-21 16:08:11 - [MESSAGE][WARNING] - No alert found after 2 second(s).

2019-02-21 16:08:11 - [TEST_STEP][PASSED] - setText(findTestObject("Object Repository/Company/company1/Page_ODTS System/input_Kinh Nghim()_comPercentF"), "12"): Text '12' is set on object 'Object Repository/Company/company1/Page_ODTS System/input_Kinh Nghim()_comPercentF'

2019-02-21 16:08:11 - [MESSAGE][PASSED] - Text '12' is set on object 'Object Repository/Company/company1/Page_ODTS System/input_Kinh Nghim()_comPercentF'

2019-02-21 16:08:11 - [TEST_STEP][PASSED] - waitForAlert(2): No alert found after 2 second(s).

2019-02-21 16:08:13 - [MESSAGE][WARNING] - No alert found after 2 second(s).

2019-02-21 16:08:13 - [TEST_STEP][PASSED] - setText(findTestObject("Object Repository/Company/company1/Page_ODTS System/input_ Thn Thuc()_comPercentFo"), "65"): Text '65' is set on object 'Object Repository/Company/company1/Page_ODTS System/input_ Thn Thuc()_comPercentFo'

2019-02-21 16:08:13 - [MESSAGE][PASSED] - Text '65' is set on object 'Object Repository/Company/company1/Page_ODTS System/input_ Thn Thuc()_comPercentFo'

2019-02-21 16:08:13 - [TEST_STEP][PASSED] - waitForAlert(2): No alert found after 2 second(s).

2019-02-21 16:08:15 - [MESSAGE][WARNING] - No alert found after 2 second(s).

2019-02-21 16:08:15 - [TEST_STEP][PASSED] - setText(findTestObject("Object Repository/Company/company1/Page_ODTS System/input_Kinh Nghim()_comPercentF"), "15"): Text '15' is set on object 'Object Repository/Company/company1/Page_ODTS System/input_Kinh Nghim()_comPercentF'

2019-02-21 16:08:16 - [MESSAGE][PASSED] - Text '15' is set on object 'Object Repository/Company/company1/Page_ODTS System/input_Kinh Nghim()_comPercentF'

2019-02-21 16:08:16 - [TEST_STEP][PASSED] - waitForAlert(2): No alert found after 2 second(s).

2019-02-21 16:08:18 - [MESSAGE][WARNING] - No alert found after 2 second(s).

2019-02-21 16:08:18 - [TEST_STEP][PASSED] - click(findTestObject("Object Repository/Company/company1/Page_ODTS System/button_To Mi")): Object: 'Object Repository/Company/company1/Page_ODTS System/button_To Mi' is clicked on

2019-02-21 16:08:18 - [MESSAGE][PASSED] - Object: 'Object Repository/Company/company1/Page_ODTS System/button_To Mi' is clicked on

2019-02-21 16:08:18 - [TEST_STEP][PASSED] - waitForAlert(2): No alert found after 2 second(s).

2019-02-21 16:08:20 - [MESSAGE][WARNING] - No alert found after 2 second(s).

2019-02-21 16:08:20 - [TEST_STEP][PASSED] - CDATE = SimpleDateFormat(dd/MM/yyyy).format(getInstance().getTime()): null

2019-02-21 16:08:20 - [TEST_STEP][PASSED] - DATE = SimpleDateFormat(HH:mm dd/MM/yyyy).format(getInstance().getTime()): null

2019-02-21 16:08:20 - [TEST_STEP][PASSED] - writer = null: null

2019-02-21 16:08:20 - [TEST_STEP][PASSED] - try: null

2019-02-21 16:08:20 - [TEST_STEP][PASSED] - writer = new java.io.BufferedWriter(new java.io.OutputStreamWriter(new java.io.FileOutputStream(C:\Users\pc\Katalon Studio\Helpdesk\creDateCompany.txt), utf-8)): null

2019-02-21 16:08:20 - [TEST_STEP][PASSED] - writer.write(DATE): null

2019-02-21 16:08:20 - [TEST_STEP][PASSED] - Finally: null

2019-02-21 16:08:20 - [TEST_STEP][PASSED] - try: null

2019-02-21 16:08:20 - [TEST_STEP][PASSED] - writer.close(): null

2019-02-21 16:08:20 - [TEST_STEP][PASSED] - click(findTestObject("Object Repository/Company/company1/Page_ODTS System/button_OK")): Object: 'Object Repository/Company/company1/Page_ODTS System/button_OK' is clicked on

2019-02-21 16:08:20 - [MESSAGE][PASSED] - Object: 'Object Repository/Company/company1/Page_ODTS System/button_OK' is clicked on

2019-02-21 16:08:20 - [TEST_STEP][PASSED] - waitForAlert(2): No alert found after 2 second(s).

2019-02-21 16:08:22 - [MESSAGE][WARNING] - No alert found after 2 second(s).

2019-02-21 16:08:22 - [TEST_STEP][PASSED] - click(findTestObject("Object Repository/Company/company1/Page_ODTS System/fieldSearch")): Object: 'Object Repository/Company/company1/Page_ODTS System/fieldSearch' is clicked on

2019-02-21 16:08:23 - [MESSAGE][PASSED] - Object: 'Object Repository/Company/company1/Page_ODTS System/fieldSearch' is clicked on

2019-02-21 16:08:23 - [TEST_STEP][PASSED] - setText(findTestObject("Object Repository/Company/company1/Page_ODTS System/input"), "anhtest"): Text 'anhtest' is set on object 'Object Repository/Company/company1/Page_ODTS System/input'

2019-02-21 16:08:23 - [MESSAGE][PASSED] - Text 'anhtest' is set on object 'Object Repository/Company/company1/Page_ODTS System/input'

2019-02-21 16:08:23 - [TEST_STEP][PASSED] - verifyElementText(findTestObject("Object Repository/Company/company1/Page_ODTS System/td_anhtest"), "anhtest"): Actual text and expected text of test object 'Object Repository/Company/company1/Page_ODTS System/td_anhtest' are matched.

2019-02-21 16:08:23 - [MESSAGE][PASSED] - Actual text and expected text of test object 'Object Repository/Company/company1/Page_ODTS System/td_anhtest' are matched.

2019-02-21 16:08:23 - [TEST_STEP][PASSED] - verifyElementText(findTestObject("Object Repository/Company/company1/Page_ODTS System/td_hihi"), "hihi"): Actual text and expected text of test object 'Object Repository/Company/company1/Page_ODTS System/td_hihi' are matched.

2019-02-21 16:08:23 - [MESSAGE][PASSED] - Actual text and expected text of test object 'Object Repository/Company/company1/Page_ODTS System/td_hihi' are matched.

2019-02-21 16:08:23 - [TEST_STEP][PASSED] - verifyElementText(findTestObject("Object Repository/Company/company1/Page_ODTS System/td_21022019"), CDATE): Actual text and expected text of test object 'Object Repository/Company/company1/Page_ODTS System/td_21022019' are matched.

2019-02-21 16:08:23 - [MESSAGE][PASSED] - Actual text and expected text of test object 'Object Repository/Company/company1/Page_ODTS System/td_21022019' are matched.

2019-02-21 16:08:23 - [TEST_STEP][PASSED] - closeBrowser(): Browser is closed

2019-02-21 16:08:24 - [MESSAGE][PASSED] - Browser is closed]]></system-out>
         <system-err><![CDATA[]]></system-err>
      </testcase>
      <testcase name="Test Cases/Company/company3" classname="Test Cases/Company/company3" status="ERROR">
         <error type="ERROR" message="Test Cases/Company/company3 FAILED.
Reason:
groovy.lang.MissingMethodException: No signature of method: static com.kms.katalon.core.webui.keyword.WebUiBuiltInKeywords.verifyElementText() is applicable for argument types: (com.kms.katalon.core.testobject.TestObject, java.lang.Integer) values: [TestObject - 'Object Repository/Company/company3/Page_ODTS System/span_50', ...]
Possible solutions: verifyElementText(com.kms.katalon.core.testobject.TestObject, java.lang.String), verifyElementText(com.kms.katalon.core.testobject.TestObject, java.lang.String, com.kms.katalon.core.model.FailureHandling), verifyElementPresent(com.kms.katalon.core.testobject.TestObject, int)
	at company3.run(company3:53)
	at com.kms.katalon.core.main.ScriptEngine.run(ScriptEngine.java:194)
	at com.kms.katalon.core.main.ScriptEngine.runScriptAsRawText(ScriptEngine.java:119)
	at com.kms.katalon.core.main.TestCaseExecutor.runScript(TestCaseExecutor.java:328)
	at com.kms.katalon.core.main.TestCaseExecutor.doExecute(TestCaseExecutor.java:319)
	at com.kms.katalon.core.main.TestCaseExecutor.processExecutionPhase(TestCaseExecutor.java:298)
	at com.kms.katalon.core.main.TestCaseExecutor.accessMainPhase(TestCaseExecutor.java:290)
	at com.kms.katalon.core.main.TestCaseExecutor.execute(TestCaseExecutor.java:224)
	at com.kms.katalon.core.main.TestSuiteExecutor.accessTestCaseMainPhase(TestSuiteExecutor.java:129)
	at com.kms.katalon.core.main.TestSuiteExecutor.accessTestSuiteMainPhase(TestSuiteExecutor.java:112)
	at com.kms.katalon.core.main.TestSuiteExecutor.execute(TestSuiteExecutor.java:81)
	at com.kms.katalon.core.main.TestCaseMain.startTestSuite(TestCaseMain.java:149)
	at com.kms.katalon.core.main.TestCaseMain$startTestSuite$0.call(Unknown Source)
	at TempTestSuite1550740057992.run(TempTestSuite1550740057992.groovy:36)
"/>
         <system-out><![CDATA[2019-02-21 16:08:24 - [TEST_CASE][ERROR] - Test Cases/Company/company3: Test Cases/Company/company3 FAILED.
Reason:
groovy.lang.MissingMethodException: No signature of method: static com.kms.katalon.core.webui.keyword.WebUiBuiltInKeywords.verifyElementText() is applicable for argument types: (com.kms.katalon.core.testobject.TestObject, java.lang.Integer) values: [TestObject - 'Object Repository/Company/company3/Page_ODTS System/span_50', ...]
Possible solutions: verifyElementText(com.kms.katalon.core.testobject.TestObject, java.lang.String), verifyElementText(com.kms.katalon.core.testobject.TestObject, java.lang.String, com.kms.katalon.core.model.FailureHandling), verifyElementPresent(com.kms.katalon.core.testobject.TestObject, int)
	at company3.run(company3:53)
	at com.kms.katalon.core.main.ScriptEngine.run(ScriptEngine.java:194)
	at com.kms.katalon.core.main.ScriptEngine.runScriptAsRawText(ScriptEngine.java:119)
	at com.kms.katalon.core.main.TestCaseExecutor.runScript(TestCaseExecutor.java:328)
	at com.kms.katalon.core.main.TestCaseExecutor.doExecute(TestCaseExecutor.java:319)
	at com.kms.katalon.core.main.TestCaseExecutor.processExecutionPhase(TestCaseExecutor.java:298)
	at com.kms.katalon.core.main.TestCaseExecutor.accessMainPhase(TestCaseExecutor.java:290)
	at com.kms.katalon.core.main.TestCaseExecutor.execute(TestCaseExecutor.java:224)
	at com.kms.katalon.core.main.TestSuiteExecutor.accessTestCaseMainPhase(TestSuiteExecutor.java:129)
	at com.kms.katalon.core.main.TestSuiteExecutor.accessTestSuiteMainPhase(TestSuiteExecutor.java:112)
	at com.kms.katalon.core.main.TestSuiteExecutor.execute(TestSuiteExecutor.java:81)
	at com.kms.katalon.core.main.TestCaseMain.startTestSuite(TestCaseMain.java:149)
	at com.kms.katalon.core.main.TestCaseMain$startTestSuite$0.call(Unknown Source)
	at TempTestSuite1550740057992.run(TempTestSuite1550740057992.groovy:36)


2019-02-21 16:08:24 - [TEST_STEP][PASSED] - openBrowser(""): Browser is opened with url: ''

2019-02-21 16:08:24 - [MESSAGE][INFO] - Starting 'Chrome' driver

2019-02-21 16:08:26 - [MESSAGE][PASSED] - Browser is opened with url: ''

2019-02-21 16:08:26 - [TEST_STEP][PASSED] - navigateToUrl("http://helpdesk.wisky.vn/"): Navigate to 'http://helpdesk.wisky.vn/' successfully

2019-02-21 16:08:28 - [MESSAGE][PASSED] - Navigate to 'http://helpdesk.wisky.vn/' successfully

2019-02-21 16:08:28 - [TEST_STEP][PASSED] - setText(findTestObject("Object Repository/Company/company3/Page_ODTS System/input_ODTS_username"), "admin01"): Text 'admin01' is set on object 'Object Repository/Company/company3/Page_ODTS System/input_ODTS_username'

2019-02-21 16:08:28 - [MESSAGE][PASSED] - Text 'admin01' is set on object 'Object Repository/Company/company3/Page_ODTS System/input_ODTS_username'

2019-02-21 16:08:28 - [TEST_STEP][PASSED] - setEncryptedText(findTestObject("Object Repository/Company/company3/Page_ODTS System/input_ODTS_password"), "aeHFOx8jV/A="): Text ****** has been set on object 'Object Repository/Company/company3/Page_ODTS System/input_ODTS_password'

2019-02-21 16:08:28 - [MESSAGE][PASSED] - Text ****** has been set on object 'Object Repository/Company/company3/Page_ODTS System/input_ODTS_password'

2019-02-21 16:08:28 - [TEST_STEP][PASSED] - click(findTestObject("Object Repository/Company/company3/Page_ODTS System/button_ng Nhp")): Object: 'Object Repository/Company/company3/Page_ODTS System/button_ng Nhp' is clicked on

2019-02-21 16:08:29 - [MESSAGE][PASSED] - Object: 'Object Repository/Company/company3/Page_ODTS System/button_ng Nhp' is clicked on

2019-02-21 16:08:29 - [TEST_STEP][PASSED] - click(findTestObject("Object Repository/Company/company3/Page_ODTS System/clickCompanyMenu")): Object: 'Object Repository/Company/company3/Page_ODTS System/clickCompanyMenu' is clicked on

2019-02-21 16:08:33 - [MESSAGE][PASSED] - Object: 'Object Repository/Company/company3/Page_ODTS System/clickCompanyMenu' is clicked on

2019-02-21 16:08:33 - [TEST_STEP][PASSED] - click(findTestObject("Object Repository/Company/company3/Page_ODTS System/fieldSearch")): Object: 'Object Repository/Company/company3/Page_ODTS System/fieldSearch' is clicked on

2019-02-21 16:08:34 - [MESSAGE][PASSED] - Object: 'Object Repository/Company/company3/Page_ODTS System/fieldSearch' is clicked on

2019-02-21 16:08:34 - [TEST_STEP][PASSED] - setText(findTestObject("Object Repository/Company/company3/Page_ODTS System/input"), "anhtest"): Text 'anhtest' is set on object 'Object Repository/Company/company3/Page_ODTS System/input'

2019-02-21 16:08:34 - [MESSAGE][PASSED] - Text 'anhtest' is set on object 'Object Repository/Company/company3/Page_ODTS System/input'

2019-02-21 16:08:34 - [TEST_STEP][PASSED] - waitForAlert(2): No alert found after 2 second(s).

2019-02-21 16:08:36 - [MESSAGE][WARNING] - No alert found after 2 second(s).

2019-02-21 16:08:36 - [TEST_STEP][PASSED] - click(findTestObject("Object Repository/Company/company3/Page_ODTS System/button_Xem Hp ng_btn btn-info")): Object: 'Object Repository/Company/company3/Page_ODTS System/button_Xem Hp ng_btn btn-info' is clicked on

2019-02-21 16:08:36 - [MESSAGE][PASSED] - Object: 'Object Repository/Company/company3/Page_ODTS System/button_Xem Hp ng_btn btn-info' is clicked on

2019-02-21 16:08:36 - [TEST_STEP][PASSED] - waitForAlert(2): No alert found after 2 second(s).

2019-02-21 16:08:38 - [MESSAGE][WARNING] - No alert found after 2 second(s).

2019-02-21 16:08:38 - [TEST_STEP][PASSED] - verifyElementText(findTestObject("Company/company3/Page_ODTS System/anhtest"), "anhtest"): Actual text and expected text of test object 'Object Repository/Company/company3/Page_ODTS System/anhtest' are matched.

2019-02-21 16:08:38 - [MESSAGE][PASSED] - Actual text and expected text of test object 'Object Repository/Company/company3/Page_ODTS System/anhtest' are matched.

2019-02-21 16:08:38 - [TEST_STEP][PASSED] - verifyElementText(findTestObject("Object Repository/Company/company3/Page_ODTS System/p_hihi"), "hihi"): Actual text and expected text of test object 'Object Repository/Company/company3/Page_ODTS System/p_hihi' are matched.

2019-02-21 16:08:38 - [MESSAGE][PASSED] - Actual text and expected text of test object 'Object Repository/Company/company3/Page_ODTS System/p_hihi' are matched.

2019-02-21 16:08:38 - [TEST_STEP][PASSED] - DATE = null: null

2019-02-21 16:08:38 - [TEST_STEP][PASSED] - br = null: null

2019-02-21 16:08:38 - [TEST_STEP][PASSED] - try: null

2019-02-21 16:08:38 - [TEST_STEP][PASSED] - br = new java.io.BufferedReader(new java.io.FileReader(C:\Users\pc\Katalon Studio\Helpdesk\creDateCompany.txt)): null

2019-02-21 16:08:38 - [TEST_STEP][PASSED] - sCurrentLine = <not implemented yet for class: org.codehaus.groovy.ast.expr.EmptyExpression>: null

2019-02-21 16:08:38 - [TEST_STEP][PASSED] - while (sCurrentLine = br.readLine() != null): null

2019-02-21 16:08:38 - [TEST_STEP][PASSED] - DATE = sCurrentLine: null

2019-02-21 16:08:38 - [TEST_STEP][PASSED] - Finally: null

2019-02-21 16:08:38 - [TEST_STEP][PASSED] - br.close(): null

2019-02-21 16:08:38 - [TEST_STEP][PASSED] - verifyElementText(findTestObject("Object Repository/Company/company3/Page_ODTS System/p_1031 21022019"), DATE): Actual text and expected text of test object 'Object Repository/Company/company3/Page_ODTS System/p_1031 21022019' are matched.

2019-02-21 16:08:38 - [MESSAGE][PASSED] - Actual text and expected text of test object 'Object Repository/Company/company3/Page_ODTS System/p_1031 21022019' are matched.

2019-02-21 16:08:38 - [TEST_STEP][PASSED] - verifyElementText(findTestObject("Object Repository/Company/company3/Page_ODTS System/p_1031 21022019_1"), DATE): Actual text and expected text of test object 'Object Repository/Company/company3/Page_ODTS System/p_1031 21022019_1' are matched.

2019-02-21 16:08:39 - [MESSAGE][PASSED] - Actual text and expected text of test object 'Object Repository/Company/company3/Page_ODTS System/p_1031 21022019_1' are matched.

2019-02-21 16:08:39 - [TEST_STEP][PASSED] - writer = new java.io.PrintWriter(C:\Users\pc\Katalon Studio\Helpdesk\creDateCompany.txt): null

2019-02-21 16:08:39 - [TEST_STEP][PASSED] - writer.print(""): null

2019-02-21 16:08:39 - [TEST_STEP][PASSED] - writer.close(): null

2019-02-21 16:08:39 - [TEST_STEP][ERROR] - verifyElementText(findTestObject("Object Repository/Company/company3/Page_ODTS System/span_50"), 50): verifyElementText(findTestObject("Object Repository/Company/company3/Page_ODTS System/span_50"), 50) FAILED.
Reason:
groovy.lang.MissingMethodException: No signature of method: static com.kms.katalon.core.webui.keyword.WebUiBuiltInKeywords.verifyElementText() is applicable for argument types: (com.kms.katalon.core.testobject.TestObject, java.lang.Integer) values: [TestObject - 'Object Repository/Company/company3/Page_ODTS System/span_50', ...]
Possible solutions: verifyElementText(com.kms.katalon.core.testobject.TestObject, java.lang.String), verifyElementText(com.kms.katalon.core.testobject.TestObject, java.lang.String, com.kms.katalon.core.model.FailureHandling), verifyElementPresent(com.kms.katalon.core.testobject.TestObject, int)
	at company3.run(company3:53)
	at com.kms.katalon.core.main.ScriptEngine.run(ScriptEngine.java:194)
	at com.kms.katalon.core.main.ScriptEngine.runScriptAsRawText(ScriptEngine.java:119)
	at com.kms.katalon.core.main.TestCaseExecutor.runScript(TestCaseExecutor.java:328)
	at com.kms.katalon.core.main.TestCaseExecutor.doExecute(TestCaseExecutor.java:319)
	at com.kms.katalon.core.main.TestCaseExecutor.processExecutionPhase(TestCaseExecutor.java:298)
	at com.kms.katalon.core.main.TestCaseExecutor.accessMainPhase(TestCaseExecutor.java:290)
	at com.kms.katalon.core.main.TestCaseExecutor.execute(TestCaseExecutor.java:224)
	at com.kms.katalon.core.main.TestSuiteExecutor.accessTestCaseMainPhase(TestSuiteExecutor.java:129)
	at com.kms.katalon.core.main.TestSuiteExecutor.accessTestSuiteMainPhase(TestSuiteExecutor.java:112)
	at com.kms.katalon.core.main.TestSuiteExecutor.execute(TestSuiteExecutor.java:81)
	at com.kms.katalon.core.main.TestCaseMain.startTestSuite(TestCaseMain.java:149)
	at com.kms.katalon.core.main.TestCaseMain$startTestSuite$0.call(Unknown Source)
	at TempTestSuite1550740057992.run(TempTestSuite1550740057992.groovy:36)


2019-02-21 16:08:39 - [MESSAGE][ERROR] - verifyElementText(findTestObject("Object Repository/Company/company3/Page_ODTS System/span_50"), 50) FAILED.
Reason:
groovy.lang.MissingMethodException: No signature of method: static com.kms.katalon.core.webui.keyword.WebUiBuiltInKeywords.verifyElementText() is applicable for argument types: (com.kms.katalon.core.testobject.TestObject, java.lang.Integer) values: [TestObject - 'Object Repository/Company/company3/Page_ODTS System/span_50', ...]
Possible solutions: verifyElementText(com.kms.katalon.core.testobject.TestObject, java.lang.String), verifyElementText(com.kms.katalon.core.testobject.TestObject, java.lang.String, com.kms.katalon.core.model.FailureHandling), verifyElementPresent(com.kms.katalon.core.testobject.TestObject, int)
	at company3.run(company3:53)
	at com.kms.katalon.core.main.ScriptEngine.run(ScriptEngine.java:194)
	at com.kms.katalon.core.main.ScriptEngine.runScriptAsRawText(ScriptEngine.java:119)
	at com.kms.katalon.core.main.TestCaseExecutor.runScript(TestCaseExecutor.java:328)
	at com.kms.katalon.core.main.TestCaseExecutor.doExecute(TestCaseExecutor.java:319)
	at com.kms.katalon.core.main.TestCaseExecutor.processExecutionPhase(TestCaseExecutor.java:298)
	at com.kms.katalon.core.main.TestCaseExecutor.accessMainPhase(TestCaseExecutor.java:290)
	at com.kms.katalon.core.main.TestCaseExecutor.execute(TestCaseExecutor.java:224)
	at com.kms.katalon.core.main.TestSuiteExecutor.accessTestCaseMainPhase(TestSuiteExecutor.java:129)
	at com.kms.katalon.core.main.TestSuiteExecutor.accessTestSuiteMainPhase(TestSuiteExecutor.java:112)
	at com.kms.katalon.core.main.TestSuiteExecutor.execute(TestSuiteExecutor.java:81)
	at com.kms.katalon.core.main.TestCaseMain.startTestSuite(TestCaseMain.java:149)
	at com.kms.katalon.core.main.TestCaseMain$startTestSuite$0.call(Unknown Source)
	at TempTestSuite1550740057992.run(TempTestSuite1550740057992.groovy:36)]]></system-out>
         <system-err><![CDATA[2019-02-21 16:08:24 - [TEST_CASE][ERROR] - Test Cases/Company/company3: Test Cases/Company/company3 FAILED.
Reason:
groovy.lang.MissingMethodException: No signature of method: static com.kms.katalon.core.webui.keyword.WebUiBuiltInKeywords.verifyElementText() is applicable for argument types: (com.kms.katalon.core.testobject.TestObject, java.lang.Integer) values: [TestObject - 'Object Repository/Company/company3/Page_ODTS System/span_50', ...]
Possible solutions: verifyElementText(com.kms.katalon.core.testobject.TestObject, java.lang.String), verifyElementText(com.kms.katalon.core.testobject.TestObject, java.lang.String, com.kms.katalon.core.model.FailureHandling), verifyElementPresent(com.kms.katalon.core.testobject.TestObject, int)
	at company3.run(company3:53)
	at com.kms.katalon.core.main.ScriptEngine.run(ScriptEngine.java:194)
	at com.kms.katalon.core.main.ScriptEngine.runScriptAsRawText(ScriptEngine.java:119)
	at com.kms.katalon.core.main.TestCaseExecutor.runScript(TestCaseExecutor.java:328)
	at com.kms.katalon.core.main.TestCaseExecutor.doExecute(TestCaseExecutor.java:319)
	at com.kms.katalon.core.main.TestCaseExecutor.processExecutionPhase(TestCaseExecutor.java:298)
	at com.kms.katalon.core.main.TestCaseExecutor.accessMainPhase(TestCaseExecutor.java:290)
	at com.kms.katalon.core.main.TestCaseExecutor.execute(TestCaseExecutor.java:224)
	at com.kms.katalon.core.main.TestSuiteExecutor.accessTestCaseMainPhase(TestSuiteExecutor.java:129)
	at com.kms.katalon.core.main.TestSuiteExecutor.accessTestSuiteMainPhase(TestSuiteExecutor.java:112)
	at com.kms.katalon.core.main.TestSuiteExecutor.execute(TestSuiteExecutor.java:81)
	at com.kms.katalon.core.main.TestCaseMain.startTestSuite(TestCaseMain.java:149)
	at com.kms.katalon.core.main.TestCaseMain$startTestSuite$0.call(Unknown Source)
	at TempTestSuite1550740057992.run(TempTestSuite1550740057992.groovy:36)]]></system-err>
      </testcase>
      <system-out><![CDATA[2019-02-21 16:07:41 - [TEST_SUITE][ERROR] - Company1-3: Test Cases/Company/company3 FAILED.
Reason:
groovy.lang.MissingMethodException: No signature of method: static com.kms.katalon.core.webui.keyword.WebUiBuiltInKeywords.verifyElementText() is applicable for argument types: (com.kms.katalon.core.testobject.TestObject, java.lang.Integer) values: [TestObject - 'Object Repository/Company/company3/Page_ODTS System/span_50', ...]
Possible solutions: verifyElementText(com.kms.katalon.core.testobject.TestObject, java.lang.String), verifyElementText(com.kms.katalon.core.testobject.TestObject, java.lang.String, com.kms.katalon.core.model.FailureHandling), verifyElementPresent(com.kms.katalon.core.testobject.TestObject, int)
	at company3.run(company3:53)
	at com.kms.katalon.core.main.ScriptEngine.run(ScriptEngine.java:194)
	at com.kms.katalon.core.main.ScriptEngine.runScriptAsRawText(ScriptEngine.java:119)
	at com.kms.katalon.core.main.TestCaseExecutor.runScript(TestCaseExecutor.java:328)
	at com.kms.katalon.core.main.TestCaseExecutor.doExecute(TestCaseExecutor.java:319)
	at com.kms.katalon.core.main.TestCaseExecutor.processExecutionPhase(TestCaseExecutor.java:298)
	at com.kms.katalon.core.main.TestCaseExecutor.accessMainPhase(TestCaseExecutor.java:290)
	at com.kms.katalon.core.main.TestCaseExecutor.execute(TestCaseExecutor.java:224)
	at com.kms.katalon.core.main.TestSuiteExecutor.accessTestCaseMainPhase(TestSuiteExecutor.java:129)
	at com.kms.katalon.core.main.TestSuiteExecutor.accessTestSuiteMainPhase(TestSuiteExecutor.java:112)
	at com.kms.katalon.core.main.TestSuiteExecutor.execute(TestSuiteExecutor.java:81)
	at com.kms.katalon.core.main.TestCaseMain.startTestSuite(TestCaseMain.java:149)
	at com.kms.katalon.core.main.TestCaseMain$startTestSuite$0.call(Unknown Source)
	at TempTestSuite1550740057992.run(TempTestSuite1550740057992.groovy:36)]]></system-out>
      <system-err><![CDATA[2019-02-21 16:07:41 - [TEST_SUITE][ERROR] - Company1-3: Test Cases/Company/company3 FAILED.
Reason:
groovy.lang.MissingMethodException: No signature of method: static com.kms.katalon.core.webui.keyword.WebUiBuiltInKeywords.verifyElementText() is applicable for argument types: (com.kms.katalon.core.testobject.TestObject, java.lang.Integer) values: [TestObject - 'Object Repository/Company/company3/Page_ODTS System/span_50', ...]
Possible solutions: verifyElementText(com.kms.katalon.core.testobject.TestObject, java.lang.String), verifyElementText(com.kms.katalon.core.testobject.TestObject, java.lang.String, com.kms.katalon.core.model.FailureHandling), verifyElementPresent(com.kms.katalon.core.testobject.TestObject, int)
	at company3.run(company3:53)
	at com.kms.katalon.core.main.ScriptEngine.run(ScriptEngine.java:194)
	at com.kms.katalon.core.main.ScriptEngine.runScriptAsRawText(ScriptEngine.java:119)
	at com.kms.katalon.core.main.TestCaseExecutor.runScript(TestCaseExecutor.java:328)
	at com.kms.katalon.core.main.TestCaseExecutor.doExecute(TestCaseExecutor.java:319)
	at com.kms.katalon.core.main.TestCaseExecutor.processExecutionPhase(TestCaseExecutor.java:298)
	at com.kms.katalon.core.main.TestCaseExecutor.accessMainPhase(TestCaseExecutor.java:290)
	at com.kms.katalon.core.main.TestCaseExecutor.execute(TestCaseExecutor.java:224)
	at com.kms.katalon.core.main.TestSuiteExecutor.accessTestCaseMainPhase(TestSuiteExecutor.java:129)
	at com.kms.katalon.core.main.TestSuiteExecutor.accessTestSuiteMainPhase(TestSuiteExecutor.java:112)
	at com.kms.katalon.core.main.TestSuiteExecutor.execute(TestSuiteExecutor.java:81)
	at com.kms.katalon.core.main.TestCaseMain.startTestSuite(TestCaseMain.java:149)
	at com.kms.katalon.core.main.TestCaseMain$startTestSuite$0.call(Unknown Source)
	at TempTestSuite1550740057992.run(TempTestSuite1550740057992.groovy:36)]]></system-err>
   </testsuite>
</testsuites>
