<?xml version="1.0" encoding="UTF-8"?>
<testsuites name="ITSupporter01-02-03-04" time="121" tests="2" failures="2" errors="0">
   <testsuite name="ITSupporter01-02-03-04" tests="2" failures="2" errors="0" time="121" timestamp="2019-04-03 16:20:18" hostname="Ninja - AnhNVSE63446" id="Test Suites/ITSupporter01-02-03-04">
      <properties>
         <property name="deviceName" value=""/>
         <property name="devicePlatform" value=""/>
         <property name="logFolder" value="C:\\Users\\pc\\HelpdeskAutomation\\Reports\\ITSupporter01-02-03-04\\20190403_162010"/>
         <property name="logFiles" value="C:\\Users\\pc\\HelpdeskAutomation\\Reports\\ITSupporter01-02-03-04\\20190403_162010\\execution0.log"/>
         <property name="attachments" value="C:\\Users\\pc\\HelpdeskAutomation\\Reports\\ITSupporter01-02-03-04\\20190403_162010\\1554283270729.png, C:\\Users\\pc\\HelpdeskAutomation\\Reports\\ITSupporter01-02-03-04\\20190403_162010\\1554283321559.png"/>
         <property name="hostName" value="Ninja - AnhNVSE63446"/>
         <property name="os" value="Windows 10 64bit"/>
         <property name="katalonVersion" value="6.0.5.4"/>
         <property name="browser" value="Chrome 73.0.3683.86"/>
         <property name="hostAddress" value="192.168.175.1"/>
         <property name="sessionId" value="2e2fd5cadf096c28ba0f8bc46bf3919e"/>
         <property name="seleniumVersion" value="3.7.1"/>
         <property name="proxyInformation" value="ProxyInformation{proxyOption=NO_PROXY, proxyServerType=HTTP, password=, proxyServerAddress=, proxyServerPort=0}"/>
         <property name="platform" value="Windows 10"/>
      </properties>
      <testcase name="Test Cases/ITSupporter/ITSupporter-01" classname="Test Cases/ITSupporter/ITSupporter-01" status="FAILED">
         <failure type="FAILED" message="Test Cases/ITSupporter/ITSupporter-01 FAILED.
Reason:
com.kms.katalon.core.exception.StepFailedException: Unable to click on object 'Object Repository/ITSupporter/ITSupporter-01/Page_ODTS System/button_OK'
	at com.kms.katalon.core.keyword.internal.KeywordMain.stepFailed(KeywordMain.groovy:37)
	at com.kms.katalon.core.webui.keyword.internal.WebUIKeywordMain.stepFailed(WebUIKeywordMain.groovy:65)
	at com.kms.katalon.core.webui.keyword.internal.WebUIKeywordMain.runKeyword(WebUIKeywordMain.groovy:27)
	at com.kms.katalon.core.webui.keyword.builtin.ClickKeyword.click(ClickKeyword.groovy:86)
	at com.kms.katalon.core.webui.keyword.builtin.ClickKeyword.execute(ClickKeyword.groovy:67)
	at com.kms.katalon.core.keyword.internal.KeywordExecutor.executeKeywordForPlatform(KeywordExecutor.groovy:56)
	at com.kms.katalon.core.webui.keyword.WebUiBuiltInKeywords.click(WebUiBuiltInKeywords.groovy:616)
	at com.kms.katalon.core.webui.keyword.WebUiBuiltInKeywords$click$3.call(Unknown Source)
	at ITSupporter-01.run(ITSupporter-01:99)
	at com.kms.katalon.core.main.ScriptEngine.run(ScriptEngine.java:194)
	at com.kms.katalon.core.main.ScriptEngine.runScriptAsRawText(ScriptEngine.java:119)
	at com.kms.katalon.core.main.TestCaseExecutor.runScript(TestCaseExecutor.java:331)
	at com.kms.katalon.core.main.TestCaseExecutor.doExecute(TestCaseExecutor.java:322)
	at com.kms.katalon.core.main.TestCaseExecutor.processExecutionPhase(TestCaseExecutor.java:301)
	at com.kms.katalon.core.main.TestCaseExecutor.accessMainPhase(TestCaseExecutor.java:293)
	at com.kms.katalon.core.main.TestCaseExecutor.execute(TestCaseExecutor.java:227)
	at com.kms.katalon.core.main.TestSuiteExecutor.accessTestCaseMainPhase(TestSuiteExecutor.java:129)
	at com.kms.katalon.core.main.TestSuiteExecutor.accessTestSuiteMainPhase(TestSuiteExecutor.java:112)
	at com.kms.katalon.core.main.TestSuiteExecutor.execute(TestSuiteExecutor.java:81)
	at com.kms.katalon.core.main.TestCaseMain.startTestSuite(TestCaseMain.java:157)
	at com.kms.katalon.core.main.TestCaseMain$startTestSuite$0.call(Unknown Source)
	at TempTestSuite1554283215482.run(TempTestSuite1554283215482.groovy:35)
"/>
         <system-out><![CDATA[2019-04-03 16:20:18 - [TEST_CASE][FAILED] - Test Cases/ITSupporter/ITSupporter-01: Test Cases/ITSupporter/ITSupporter-01 FAILED.
Reason:
com.kms.katalon.core.exception.StepFailedException: Unable to click on object 'Object Repository/ITSupporter/ITSupporter-01/Page_ODTS System/button_OK'
	at com.kms.katalon.core.keyword.internal.KeywordMain.stepFailed(KeywordMain.groovy:37)
	at com.kms.katalon.core.webui.keyword.internal.WebUIKeywordMain.stepFailed(WebUIKeywordMain.groovy:65)
	at com.kms.katalon.core.webui.keyword.internal.WebUIKeywordMain.runKeyword(WebUIKeywordMain.groovy:27)
	at com.kms.katalon.core.webui.keyword.builtin.ClickKeyword.click(ClickKeyword.groovy:86)
	at com.kms.katalon.core.webui.keyword.builtin.ClickKeyword.execute(ClickKeyword.groovy:67)
	at com.kms.katalon.core.keyword.internal.KeywordExecutor.executeKeywordForPlatform(KeywordExecutor.groovy:56)
	at com.kms.katalon.core.webui.keyword.WebUiBuiltInKeywords.click(WebUiBuiltInKeywords.groovy:616)
	at com.kms.katalon.core.webui.keyword.WebUiBuiltInKeywords$click$3.call(Unknown Source)
	at ITSupporter-01.run(ITSupporter-01:99)
	at com.kms.katalon.core.main.ScriptEngine.run(ScriptEngine.java:194)
	at com.kms.katalon.core.main.ScriptEngine.runScriptAsRawText(ScriptEngine.java:119)
	at com.kms.katalon.core.main.TestCaseExecutor.runScript(TestCaseExecutor.java:331)
	at com.kms.katalon.core.main.TestCaseExecutor.doExecute(TestCaseExecutor.java:322)
	at com.kms.katalon.core.main.TestCaseExecutor.processExecutionPhase(TestCaseExecutor.java:301)
	at com.kms.katalon.core.main.TestCaseExecutor.accessMainPhase(TestCaseExecutor.java:293)
	at com.kms.katalon.core.main.TestCaseExecutor.execute(TestCaseExecutor.java:227)
	at com.kms.katalon.core.main.TestSuiteExecutor.accessTestCaseMainPhase(TestSuiteExecutor.java:129)
	at com.kms.katalon.core.main.TestSuiteExecutor.accessTestSuiteMainPhase(TestSuiteExecutor.java:112)
	at com.kms.katalon.core.main.TestSuiteExecutor.execute(TestSuiteExecutor.java:81)
	at com.kms.katalon.core.main.TestCaseMain.startTestSuite(TestCaseMain.java:157)
	at com.kms.katalon.core.main.TestCaseMain$startTestSuite$0.call(Unknown Source)
	at TempTestSuite1554283215482.run(TempTestSuite1554283215482.groovy:35)


2019-04-03 16:20:18 - [TEST_STEP][PASSED] - openBrowser(""): Browser is opened with url: ''

2019-04-03 16:20:19 - [MESSAGE][INFO] - Starting 'Chrome' driver

2019-04-03 16:20:19 - [MESSAGE][INFO] - Action delay is set to 0 seconds

2019-04-03 16:20:23 - [MESSAGE][PASSED] - Browser is opened with url: ''

2019-04-03 16:20:23 - [TEST_STEP][PASSED] - navigateToUrl(url): Navigate to 'http://helpdesk.wisky.vn' successfully

2019-04-03 16:20:25 - [MESSAGE][PASSED] - Navigate to 'http://helpdesk.wisky.vn' successfully

2019-04-03 16:20:25 - [TEST_STEP][PASSED] - setText(findTestObject("Object Repository/ITSupporter/ITSupporter-01/Page_ODTS System/input_ODTS_username"), "admin01"): Text 'admin01' is set on object 'Object Repository/ITSupporter/ITSupporter-01/Page_ODTS System/input_ODTS_username'

2019-04-03 16:20:25 - [MESSAGE][PASSED] - Text 'admin01' is set on object 'Object Repository/ITSupporter/ITSupporter-01/Page_ODTS System/input_ODTS_username'

2019-04-03 16:20:25 - [TEST_STEP][PASSED] - setEncryptedText(findTestObject("Object Repository/ITSupporter/ITSupporter-01/Page_ODTS System/input_ODTS_password"), "aeHFOx8jV/A="): Text ****** has been set on object 'Object Repository/ITSupporter/ITSupporter-01/Page_ODTS System/input_ODTS_password'

2019-04-03 16:20:25 - [MESSAGE][PASSED] - Text ****** has been set on object 'Object Repository/ITSupporter/ITSupporter-01/Page_ODTS System/input_ODTS_password'

2019-04-03 16:20:25 - [TEST_STEP][PASSED] - click(findTestObject("Object Repository/ITSupporter/ITSupporter-01/Page_ODTS System/button_ng Nhp")): Object: 'Object Repository/ITSupporter/ITSupporter-01/Page_ODTS System/button_ng Nhp' is clicked on

2019-04-03 16:20:25 - [MESSAGE][PASSED] - Object: 'Object Repository/ITSupporter/ITSupporter-01/Page_ODTS System/button_ng Nhp' is clicked on

2019-04-03 16:20:25 - [TEST_STEP][PASSED] - click(findTestObject("Object Repository/ITSupporter/ITSupporter-01/Page_ODTS System/a_Nhn Vin K Thut")): Object: 'Object Repository/ITSupporter/ITSupporter-01/Page_ODTS System/a_Nhn Vin K Thut' is clicked on

2019-04-03 16:20:27 - [MESSAGE][PASSED] - Object: 'Object Repository/ITSupporter/ITSupporter-01/Page_ODTS System/a_Nhn Vin K Thut' is clicked on

2019-04-03 16:20:27 - [TEST_STEP][PASSED] - waitForAlert(1): No alert found after 1 second(s).

2019-04-03 16:20:28 - [MESSAGE][WARNING] - No alert found after 1 second(s).

2019-04-03 16:20:28 - [TEST_STEP][PASSED] - click(findTestObject("Object Repository/ITSupporter/ITSupporter-01/Page_ODTS System/button_To Nhn Vin")): Object: 'Object Repository/ITSupporter/ITSupporter-01/Page_ODTS System/button_To Nhn Vin' is clicked on

2019-04-03 16:20:28 - [MESSAGE][PASSED] - Object: 'Object Repository/ITSupporter/ITSupporter-01/Page_ODTS System/button_To Nhn Vin' is clicked on

2019-04-03 16:20:28 - [TEST_STEP][PASSED] - waitForAlert(1): No alert found after 1 second(s).

2019-04-03 16:20:30 - [MESSAGE][WARNING] - No alert found after 1 second(s).

2019-04-03 16:20:30 - [TEST_STEP][PASSED] - setText(findTestObject("Object Repository/ITSupporter/ITSupporter-01/Page_ODTS System/input_Tn ng Nhp_userNameC"), "anhtest"): Text 'anhtest' is set on object 'Object Repository/ITSupporter/ITSupporter-01/Page_ODTS System/input_Tn ng Nhp_userNameC'

2019-04-03 16:20:30 - [MESSAGE][PASSED] - Text 'anhtest' is set on object 'Object Repository/ITSupporter/ITSupporter-01/Page_ODTS System/input_Tn ng Nhp_userNameC'

2019-04-03 16:20:30 - [TEST_STEP][PASSED] - waitForAlert(1): No alert found after 1 second(s).

2019-04-03 16:20:31 - [MESSAGE][WARNING] - No alert found after 1 second(s).

2019-04-03 16:20:31 - [TEST_STEP][PASSED] - setEncryptedText(findTestObject("Object Repository/ITSupporter/ITSupporter-01/Page_ODTS System/input_Mt Khu_passC"), "aeHFOx8jV/A="): Text ****** has been set on object 'Object Repository/ITSupporter/ITSupporter-01/Page_ODTS System/input_Mt Khu_passC'

2019-04-03 16:20:31 - [MESSAGE][PASSED] - Text ****** has been set on object 'Object Repository/ITSupporter/ITSupporter-01/Page_ODTS System/input_Mt Khu_passC'

2019-04-03 16:20:31 - [TEST_STEP][PASSED] - waitForAlert(1): No alert found after 1 second(s).

2019-04-03 16:20:32 - [MESSAGE][WARNING] - No alert found after 1 second(s).

2019-04-03 16:20:32 - [TEST_STEP][PASSED] - setText(findTestObject("Object Repository/ITSupporter/ITSupporter-01/Page_ODTS System/input_H V Tn_nameC"), "nva"): Text 'nva' is set on object 'Object Repository/ITSupporter/ITSupporter-01/Page_ODTS System/input_H V Tn_nameC'

2019-04-03 16:20:33 - [MESSAGE][PASSED] - Text 'nva' is set on object 'Object Repository/ITSupporter/ITSupporter-01/Page_ODTS System/input_H V Tn_nameC'

2019-04-03 16:20:33 - [TEST_STEP][PASSED] - waitForAlert(1): No alert found after 1 second(s).

2019-04-03 16:20:34 - [MESSAGE][WARNING] - No alert found after 1 second(s).

2019-04-03 16:20:34 - [TEST_STEP][PASSED] - setText(findTestObject("Object Repository/ITSupporter/ITSupporter-01/Page_ODTS System/input_S in Thoi_phoneC"), "1234567890"): Text '1234567890' is set on object 'Object Repository/ITSupporter/ITSupporter-01/Page_ODTS System/input_S in Thoi_phoneC'

2019-04-03 16:20:34 - [MESSAGE][PASSED] - Text '1234567890' is set on object 'Object Repository/ITSupporter/ITSupporter-01/Page_ODTS System/input_S in Thoi_phoneC'

2019-04-03 16:20:34 - [TEST_STEP][PASSED] - waitForAlert(1): No alert found after 1 second(s).

2019-04-03 16:20:35 - [MESSAGE][WARNING] - No alert found after 1 second(s).

2019-04-03 16:20:35 - [TEST_STEP][PASSED] - setText(findTestObject("Object Repository/ITSupporter/ITSupporter-01/Page_ODTS System/input_Email_emailC"), "anh.nguyen@wisky.vn"): Text 'anh.nguyen@wisky.vn' is set on object 'Object Repository/ITSupporter/ITSupporter-01/Page_ODTS System/input_Email_emailC'

2019-04-03 16:20:35 - [MESSAGE][PASSED] - Text 'anh.nguyen@wisky.vn' is set on object 'Object Repository/ITSupporter/ITSupporter-01/Page_ODTS System/input_Email_emailC'

2019-04-03 16:20:35 - [TEST_STEP][PASSED] - waitForAlert(1): No alert found after 1 second(s).

2019-04-03 16:20:36 - [MESSAGE][WARNING] - No alert found after 1 second(s).

2019-04-03 16:20:36 - [TEST_STEP][PASSED] - setText(findTestObject("Object Repository/ITSupporter/ITSupporter-01/Page_ODTS System/input_a Ch Thng Tr_addressC"), "Q12"): Text 'Q12' is set on object 'Object Repository/ITSupporter/ITSupporter-01/Page_ODTS System/input_a Ch Thng Tr_addressC'

2019-04-03 16:20:36 - [MESSAGE][PASSED] - Text 'Q12' is set on object 'Object Repository/ITSupporter/ITSupporter-01/Page_ODTS System/input_a Ch Thng Tr_addressC'

2019-04-03 16:20:36 - [TEST_STEP][PASSED] - waitForAlert(1): No alert found after 1 second(s).

2019-04-03 16:20:37 - [MESSAGE][WARNING] - No alert found after 1 second(s).

2019-04-03 16:20:37 - [TEST_STEP][PASSED] - CDATE = SimpleDateFormat(HH:mm dd/MM/yyyy).format(getInstance().getTime()): null

2019-04-03 16:20:37 - [TEST_STEP][PASSED] - writer = null: null

2019-04-03 16:20:37 - [TEST_STEP][PASSED] - writer2 = null: null

2019-04-03 16:20:37 - [TEST_STEP][PASSED] - fileNameCre = "creDateITSupporter.txt": null

2019-04-03 16:20:37 - [TEST_STEP][PASSED] - fileNameUp = "upDateITSupporter.txt": null

2019-04-03 16:20:37 - [TEST_STEP][PASSED] - workingDirectory = System.getProperty("user.dir"): null

2019-04-03 16:20:37 - [TEST_STEP][PASSED] - absoluteFilePathCre = workingDirectory + separator + fileNameCre: null

2019-04-03 16:20:37 - [TEST_STEP][PASSED] - absoluteFilePathUp = workingDirectory + separator + fileNameUp: null

2019-04-03 16:20:37 - [TEST_STEP][PASSED] - try: null

2019-04-03 16:20:37 - [TEST_STEP][PASSED] - writer = new java.io.BufferedWriter(new java.io.OutputStreamWriter(new java.io.FileOutputStream(absoluteFilePathCre), utf-8)): null

2019-04-03 16:20:37 - [TEST_STEP][PASSED] - writer.write(CDATE): null

2019-04-03 16:20:37 - [TEST_STEP][PASSED] - writer2 = new java.io.BufferedWriter(new java.io.OutputStreamWriter(new java.io.FileOutputStream(absoluteFilePathUp), utf-8)): null

2019-04-03 16:20:37 - [TEST_STEP][PASSED] - writer2.write(CDATE): null

2019-04-03 16:20:37 - [TEST_STEP][PASSED] - Finally: null

2019-04-03 16:20:37 - [TEST_STEP][PASSED] - try: null

2019-04-03 16:20:37 - [TEST_STEP][PASSED] - writer.close(): null

2019-04-03 16:20:38 - [TEST_STEP][PASSED] - writer2.close(): null

2019-04-03 16:20:38 - [TEST_STEP][PASSED] - click(findTestObject("Object Repository/ITSupporter/ITSupporter-01/Page_ODTS System/button_To Mi")): Object: 'Object Repository/ITSupporter/ITSupporter-01/Page_ODTS System/button_To Mi' is clicked on

2019-04-03 16:20:38 - [MESSAGE][PASSED] - Object: 'Object Repository/ITSupporter/ITSupporter-01/Page_ODTS System/button_To Mi' is clicked on

2019-04-03 16:20:38 - [TEST_STEP][PASSED] - waitForAlert(1): No alert found after 1 second(s).

2019-04-03 16:20:39 - [MESSAGE][WARNING] - No alert found after 1 second(s).

2019-04-03 16:20:39 - [TEST_STEP][FAILED] - click(findTestObject("Object Repository/ITSupporter/ITSupporter-01/Page_ODTS System/button_OK")): Unable to click on object 'Object Repository/ITSupporter/ITSupporter-01/Page_ODTS System/button_OK'

2019-04-03 16:21:10 - [MESSAGE][INFO] - Unable to find the element located by 'By.xpath: /html[@class='swal2-shown']/body[@class='skin-blue sidebar-mini swal2-shown']/div[@class='swal2-container swal2-center swal2-fade swal2-shown']/div[@class='swal2-modal swal2-show']/div[@class='swal2-buttonswrapper']/button[@class='swal2-confirm swal2-styled']'. Please recheck the objects properties to make sure the desired element is located. 

2019-04-03 16:21:11 - [MESSAGE][FAILED] - Unable to click on object 'Object Repository/ITSupporter/ITSupporter-01/Page_ODTS System/button_OK'
[[ATTACHMENT|C:\\Users\\pc\\HelpdeskAutomation\\Reports\\ITSupporter01-02-03-04\\20190403_162010\\1554283270729.png]]

2019-04-03 16:21:11 - [TEST_STEP][PASSED] - waitForAlert(1): No alert found after 1 second(s).

2019-04-03 16:21:12 - [MESSAGE][WARNING] - No alert found after 1 second(s).

2019-04-03 16:21:12 - [TEST_STEP][PASSED] - click(findTestObject("Object Repository/ITSupporter/ITSupporter-01/Page_ODTS System/fieldSearch")): Object: 'Object Repository/ITSupporter/ITSupporter-01/Page_ODTS System/fieldSearch' is clicked on

2019-04-03 16:21:12 - [MESSAGE][PASSED] - Object: 'Object Repository/ITSupporter/ITSupporter-01/Page_ODTS System/fieldSearch' is clicked on

2019-04-03 16:21:12 - [TEST_STEP][PASSED] - setText(findTestObject("Object Repository/ITSupporter/ITSupporter-01/Page_ODTS System/input"), "nva anhtest"): Text 'nva anhtest' is set on object 'Object Repository/ITSupporter/ITSupporter-01/Page_ODTS System/input'

2019-04-03 16:21:12 - [MESSAGE][PASSED] - Text 'nva anhtest' is set on object 'Object Repository/ITSupporter/ITSupporter-01/Page_ODTS System/input'

2019-04-03 16:21:12 - [TEST_STEP][PASSED] - verifyElementText(findTestObject("Object Repository/ITSupporter/ITSupporter-01/Page_ODTS System/td_nva"), "nva"): Actual text and expected text of test object 'Object Repository/ITSupporter/ITSupporter-01/Page_ODTS System/td_nva' are matched.

2019-04-03 16:21:12 - [MESSAGE][PASSED] - Actual text and expected text of test object 'Object Repository/ITSupporter/ITSupporter-01/Page_ODTS System/td_nva' are matched.

2019-04-03 16:21:12 - [TEST_STEP][PASSED] - verifyElementText(findTestObject("Object Repository/ITSupporter/ITSupporter-01/Page_ODTS System/td_anhtest"), "anhtest"): Actual text and expected text of test object 'Object Repository/ITSupporter/ITSupporter-01/Page_ODTS System/td_anhtest' are matched.

2019-04-03 16:21:12 - [MESSAGE][PASSED] - Actual text and expected text of test object 'Object Repository/ITSupporter/ITSupporter-01/Page_ODTS System/td_anhtest' are matched.

2019-04-03 16:21:12 - [TEST_STEP][PASSED] - verifyElementText(findTestObject("Object Repository/ITSupporter/ITSupporter-01/Page_ODTS System/td_1234567890"), "1234567890"): Actual text and expected text of test object 'Object Repository/ITSupporter/ITSupporter-01/Page_ODTS System/td_1234567890' are matched.

2019-04-03 16:21:12 - [MESSAGE][PASSED] - Actual text and expected text of test object 'Object Repository/ITSupporter/ITSupporter-01/Page_ODTS System/td_1234567890' are matched.

2019-04-03 16:21:12 - [TEST_STEP][PASSED] - verifyElementText(findTestObject("Object Repository/ITSupporter/ITSupporter-01/Page_ODTS System/td_Online"), "Online"): Actual text and expected text of test object 'Object Repository/ITSupporter/ITSupporter-01/Page_ODTS System/td_Online' are matched.

2019-04-03 16:21:12 - [MESSAGE][PASSED] - Actual text and expected text of test object 'Object Repository/ITSupporter/ITSupporter-01/Page_ODTS System/td_Online' are matched.

2019-04-03 16:21:12 - [TEST_STEP][PASSED] - waitForAlert(1): No alert found after 1 second(s).

2019-04-03 16:21:13 - [MESSAGE][WARNING] - No alert found after 1 second(s).

2019-04-03 16:21:13 - [TEST_STEP][PASSED] - click(findTestObject("Object Repository/ITSupporter/ITSupporter-01/Page_ODTS System/a_H Thng Ti Khon")): Object: 'Object Repository/ITSupporter/ITSupporter-01/Page_ODTS System/a_H Thng Ti Khon' is clicked on

2019-04-03 16:21:14 - [MESSAGE][PASSED] - Object: 'Object Repository/ITSupporter/ITSupporter-01/Page_ODTS System/a_H Thng Ti Khon' is clicked on

2019-04-03 16:21:14 - [TEST_STEP][PASSED] - click(findTestObject("Object Repository/ITSupporter/ITSupporter-01/Page_ODTS System/fieldSearch2")): Object: 'Object Repository/ITSupporter/ITSupporter-01/Page_ODTS System/fieldSearch2' is clicked on

2019-04-03 16:21:15 - [MESSAGE][PASSED] - Object: 'Object Repository/ITSupporter/ITSupporter-01/Page_ODTS System/fieldSearch2' is clicked on

2019-04-03 16:21:15 - [TEST_STEP][PASSED] - setText(findTestObject("Object Repository/ITSupporter/ITSupporter-01/Page_ODTS System/input2"), "itsupporter anhtest"): Text 'itsupporter anhtest' is set on object 'Object Repository/ITSupporter/ITSupporter-01/Page_ODTS System/input2'

2019-04-03 16:21:16 - [MESSAGE][PASSED] - Text 'itsupporter anhtest' is set on object 'Object Repository/ITSupporter/ITSupporter-01/Page_ODTS System/input2'

2019-04-03 16:21:16 - [TEST_STEP][PASSED] - verifyElementText(findTestObject("Object Repository/ITSupporter/ITSupporter-01/Page_ODTS System/role"), "ITSupporter"): Actual text and expected text of test object 'Object Repository/ITSupporter/ITSupporter-01/Page_ODTS System/role' are matched.

2019-04-03 16:21:16 - [MESSAGE][PASSED] - Actual text and expected text of test object 'Object Repository/ITSupporter/ITSupporter-01/Page_ODTS System/role' are matched.

2019-04-03 16:21:16 - [TEST_STEP][PASSED] - verifyElementText(findTestObject("Object Repository/ITSupporter/ITSupporter-01/Page_ODTS System/name"), "anhtest"): Actual text and expected text of test object 'Object Repository/ITSupporter/ITSupporter-01/Page_ODTS System/name' are matched.

2019-04-03 16:21:16 - [MESSAGE][PASSED] - Actual text and expected text of test object 'Object Repository/ITSupporter/ITSupporter-01/Page_ODTS System/name' are matched.

2019-04-03 16:21:16 - [TEST_STEP][PASSED] - verifyElementText(findTestObject("Object Repository/ITSupporter/ITSupporter-01/Page_ODTS System/creDate"), CDATE): Actual text and expected text of test object 'Object Repository/ITSupporter/ITSupporter-01/Page_ODTS System/creDate' are matched.

2019-04-03 16:21:16 - [MESSAGE][PASSED] - Actual text and expected text of test object 'Object Repository/ITSupporter/ITSupporter-01/Page_ODTS System/creDate' are matched.

2019-04-03 16:21:16 - [TEST_STEP][FAILED] - closeBrowser(): closeBrowser() FAILED.
Reason:
com.kms.katalon.core.exception.StepFailedException: Unable to click on object 'Object Repository/ITSupporter/ITSupporter-01/Page_ODTS System/button_OK'
	at com.kms.katalon.core.keyword.internal.KeywordMain.stepFailed(KeywordMain.groovy:37)
	at com.kms.katalon.core.webui.keyword.internal.WebUIKeywordMain.stepFailed(WebUIKeywordMain.groovy:65)
	at com.kms.katalon.core.webui.keyword.internal.WebUIKeywordMain.runKeyword(WebUIKeywordMain.groovy:27)
	at com.kms.katalon.core.webui.keyword.builtin.ClickKeyword.click(ClickKeyword.groovy:86)
	at com.kms.katalon.core.webui.keyword.builtin.ClickKeyword.execute(ClickKeyword.groovy:67)
	at com.kms.katalon.core.keyword.internal.KeywordExecutor.executeKeywordForPlatform(KeywordExecutor.groovy:56)
	at com.kms.katalon.core.webui.keyword.WebUiBuiltInKeywords.click(WebUiBuiltInKeywords.groovy:616)
	at com.kms.katalon.core.webui.keyword.WebUiBuiltInKeywords$click$3.call(Unknown Source)
	at ITSupporter-01.run(ITSupporter-01:99)
	at com.kms.katalon.core.main.ScriptEngine.run(ScriptEngine.java:194)
	at com.kms.katalon.core.main.ScriptEngine.runScriptAsRawText(ScriptEngine.java:119)
	at com.kms.katalon.core.main.TestCaseExecutor.runScript(TestCaseExecutor.java:331)
	at com.kms.katalon.core.main.TestCaseExecutor.doExecute(TestCaseExecutor.java:322)
	at com.kms.katalon.core.main.TestCaseExecutor.processExecutionPhase(TestCaseExecutor.java:301)
	at com.kms.katalon.core.main.TestCaseExecutor.accessMainPhase(TestCaseExecutor.java:293)
	at com.kms.katalon.core.main.TestCaseExecutor.execute(TestCaseExecutor.java:227)
	at com.kms.katalon.core.main.TestSuiteExecutor.accessTestCaseMainPhase(TestSuiteExecutor.java:129)
	at com.kms.katalon.core.main.TestSuiteExecutor.accessTestSuiteMainPhase(TestSuiteExecutor.java:112)
	at com.kms.katalon.core.main.TestSuiteExecutor.execute(TestSuiteExecutor.java:81)
	at com.kms.katalon.core.main.TestCaseMain.startTestSuite(TestCaseMain.java:157)
	at com.kms.katalon.core.main.TestCaseMain$startTestSuite$0.call(Unknown Source)
	at TempTestSuite1554283215482.run(TempTestSuite1554283215482.groovy:35)


2019-04-03 16:21:17 - [MESSAGE][PASSED] - Browser is closed

2019-04-03 16:21:17 - [MESSAGE][FAILED] - closeBrowser() FAILED.
Reason:
com.kms.katalon.core.exception.StepFailedException: Unable to click on object 'Object Repository/ITSupporter/ITSupporter-01/Page_ODTS System/button_OK'
	at com.kms.katalon.core.keyword.internal.KeywordMain.stepFailed(KeywordMain.groovy:37)
	at com.kms.katalon.core.webui.keyword.internal.WebUIKeywordMain.stepFailed(WebUIKeywordMain.groovy:65)
	at com.kms.katalon.core.webui.keyword.internal.WebUIKeywordMain.runKeyword(WebUIKeywordMain.groovy:27)
	at com.kms.katalon.core.webui.keyword.builtin.ClickKeyword.click(ClickKeyword.groovy:86)
	at com.kms.katalon.core.webui.keyword.builtin.ClickKeyword.execute(ClickKeyword.groovy:67)
	at com.kms.katalon.core.keyword.internal.KeywordExecutor.executeKeywordForPlatform(KeywordExecutor.groovy:56)
	at com.kms.katalon.core.webui.keyword.WebUiBuiltInKeywords.click(WebUiBuiltInKeywords.groovy:616)
	at com.kms.katalon.core.webui.keyword.WebUiBuiltInKeywords$click$3.call(Unknown Source)
	at ITSupporter-01.run(ITSupporter-01:99)
	at com.kms.katalon.core.main.ScriptEngine.run(ScriptEngine.java:194)
	at com.kms.katalon.core.main.ScriptEngine.runScriptAsRawText(ScriptEngine.java:119)
	at com.kms.katalon.core.main.TestCaseExecutor.runScript(TestCaseExecutor.java:331)
	at com.kms.katalon.core.main.TestCaseExecutor.doExecute(TestCaseExecutor.java:322)
	at com.kms.katalon.core.main.TestCaseExecutor.processExecutionPhase(TestCaseExecutor.java:301)
	at com.kms.katalon.core.main.TestCaseExecutor.accessMainPhase(TestCaseExecutor.java:293)
	at com.kms.katalon.core.main.TestCaseExecutor.execute(TestCaseExecutor.java:227)
	at com.kms.katalon.core.main.TestSuiteExecutor.accessTestCaseMainPhase(TestSuiteExecutor.java:129)
	at com.kms.katalon.core.main.TestSuiteExecutor.accessTestSuiteMainPhase(TestSuiteExecutor.java:112)
	at com.kms.katalon.core.main.TestSuiteExecutor.execute(TestSuiteExecutor.java:81)
	at com.kms.katalon.core.main.TestCaseMain.startTestSuite(TestCaseMain.java:157)
	at com.kms.katalon.core.main.TestCaseMain$startTestSuite$0.call(Unknown Source)
	at TempTestSuite1554283215482.run(TempTestSuite1554283215482.groovy:35)]]></system-out>
         <system-err><![CDATA[2019-04-03 16:20:18 - [TEST_CASE][FAILED] - Test Cases/ITSupporter/ITSupporter-01: Test Cases/ITSupporter/ITSupporter-01 FAILED.
Reason:
com.kms.katalon.core.exception.StepFailedException: Unable to click on object 'Object Repository/ITSupporter/ITSupporter-01/Page_ODTS System/button_OK'
	at com.kms.katalon.core.keyword.internal.KeywordMain.stepFailed(KeywordMain.groovy:37)
	at com.kms.katalon.core.webui.keyword.internal.WebUIKeywordMain.stepFailed(WebUIKeywordMain.groovy:65)
	at com.kms.katalon.core.webui.keyword.internal.WebUIKeywordMain.runKeyword(WebUIKeywordMain.groovy:27)
	at com.kms.katalon.core.webui.keyword.builtin.ClickKeyword.click(ClickKeyword.groovy:86)
	at com.kms.katalon.core.webui.keyword.builtin.ClickKeyword.execute(ClickKeyword.groovy:67)
	at com.kms.katalon.core.keyword.internal.KeywordExecutor.executeKeywordForPlatform(KeywordExecutor.groovy:56)
	at com.kms.katalon.core.webui.keyword.WebUiBuiltInKeywords.click(WebUiBuiltInKeywords.groovy:616)
	at com.kms.katalon.core.webui.keyword.WebUiBuiltInKeywords$click$3.call(Unknown Source)
	at ITSupporter-01.run(ITSupporter-01:99)
	at com.kms.katalon.core.main.ScriptEngine.run(ScriptEngine.java:194)
	at com.kms.katalon.core.main.ScriptEngine.runScriptAsRawText(ScriptEngine.java:119)
	at com.kms.katalon.core.main.TestCaseExecutor.runScript(TestCaseExecutor.java:331)
	at com.kms.katalon.core.main.TestCaseExecutor.doExecute(TestCaseExecutor.java:322)
	at com.kms.katalon.core.main.TestCaseExecutor.processExecutionPhase(TestCaseExecutor.java:301)
	at com.kms.katalon.core.main.TestCaseExecutor.accessMainPhase(TestCaseExecutor.java:293)
	at com.kms.katalon.core.main.TestCaseExecutor.execute(TestCaseExecutor.java:227)
	at com.kms.katalon.core.main.TestSuiteExecutor.accessTestCaseMainPhase(TestSuiteExecutor.java:129)
	at com.kms.katalon.core.main.TestSuiteExecutor.accessTestSuiteMainPhase(TestSuiteExecutor.java:112)
	at com.kms.katalon.core.main.TestSuiteExecutor.execute(TestSuiteExecutor.java:81)
	at com.kms.katalon.core.main.TestCaseMain.startTestSuite(TestCaseMain.java:157)
	at com.kms.katalon.core.main.TestCaseMain$startTestSuite$0.call(Unknown Source)
	at TempTestSuite1554283215482.run(TempTestSuite1554283215482.groovy:35)]]></system-err>
      </testcase>
      <testcase name="Test Cases/ITSupporter/ITSupporter-02" classname="Test Cases/ITSupporter/ITSupporter-02" status="PASSED">
         <system-out><![CDATA[2019-04-03 16:21:17 - [TEST_CASE][PASSED] - Test Cases/ITSupporter/ITSupporter-02: Test Cases/ITSupporter/ITSupporter-02

2019-04-03 16:21:17 - [TEST_STEP][PASSED] - openBrowser(""): Browser is opened with url: ''

2019-04-03 16:21:17 - [MESSAGE][INFO] - Starting 'Chrome' driver

2019-04-03 16:21:20 - [MESSAGE][PASSED] - Browser is opened with url: ''

2019-04-03 16:21:20 - [TEST_STEP][PASSED] - navigateToUrl(url): Navigate to 'http://helpdesk.wisky.vn' successfully

2019-04-03 16:21:21 - [MESSAGE][PASSED] - Navigate to 'http://helpdesk.wisky.vn' successfully

2019-04-03 16:21:21 - [TEST_STEP][PASSED] - setText(findTestObject("Object Repository/ITSupporter/ITSupporter-02/Page_ODTS System/input_ODTS_username"), "admin01"): Text 'admin01' is set on object 'Object Repository/ITSupporter/ITSupporter-02/Page_ODTS System/input_ODTS_username'

2019-04-03 16:21:21 - [MESSAGE][PASSED] - Text 'admin01' is set on object 'Object Repository/ITSupporter/ITSupporter-02/Page_ODTS System/input_ODTS_username'

2019-04-03 16:21:21 - [TEST_STEP][PASSED] - setEncryptedText(findTestObject("Object Repository/ITSupporter/ITSupporter-02/Page_ODTS System/input_ODTS_password"), "aeHFOx8jV/A="): Text ****** has been set on object 'Object Repository/ITSupporter/ITSupporter-02/Page_ODTS System/input_ODTS_password'

2019-04-03 16:21:21 - [MESSAGE][PASSED] - Text ****** has been set on object 'Object Repository/ITSupporter/ITSupporter-02/Page_ODTS System/input_ODTS_password'

2019-04-03 16:21:21 - [TEST_STEP][PASSED] - click(findTestObject("Object Repository/ITSupporter/ITSupporter-02/Page_ODTS System/button_ng Nhp")): Object: 'Object Repository/ITSupporter/ITSupporter-02/Page_ODTS System/button_ng Nhp' is clicked on

2019-04-03 16:21:21 - [MESSAGE][PASSED] - Object: 'Object Repository/ITSupporter/ITSupporter-02/Page_ODTS System/button_ng Nhp' is clicked on

2019-04-03 16:21:21 - [TEST_STEP][PASSED] - click(findTestObject("Object Repository/ITSupporter/ITSupporter-02/Page_ODTS System/a_Nhn Vin K Thut")): Object: 'Object Repository/ITSupporter/ITSupporter-02/Page_ODTS System/a_Nhn Vin K Thut' is clicked on

2019-04-03 16:21:23 - [MESSAGE][PASSED] - Object: 'Object Repository/ITSupporter/ITSupporter-02/Page_ODTS System/a_Nhn Vin K Thut' is clicked on

2019-04-03 16:21:23 - [TEST_STEP][PASSED] - click(findTestObject("Object Repository/ITSupporter/ITSupporter-02/Page_ODTS System/fieldSearch")): Object: 'Object Repository/ITSupporter/ITSupporter-02/Page_ODTS System/fieldSearch' is clicked on

2019-04-03 16:21:25 - [MESSAGE][PASSED] - Object: 'Object Repository/ITSupporter/ITSupporter-02/Page_ODTS System/fieldSearch' is clicked on

2019-04-03 16:21:25 - [TEST_STEP][PASSED] - setText(findTestObject("Object Repository/ITSupporter/ITSupporter-02/Page_ODTS System/input"), "nva anhtest"): Text 'nva anhtest' is set on object 'Object Repository/ITSupporter/ITSupporter-02/Page_ODTS System/input'

2019-04-03 16:21:25 - [MESSAGE][PASSED] - Text 'nva anhtest' is set on object 'Object Repository/ITSupporter/ITSupporter-02/Page_ODTS System/input'

2019-04-03 16:21:25 - [TEST_STEP][PASSED] - click(findTestObject("Object Repository/ITSupporter/ITSupporter-02/Page_ODTS System/button_Online_btn btn-info fa")): Object: 'Object Repository/ITSupporter/ITSupporter-02/Page_ODTS System/button_Online_btn btn-info fa' is clicked on

2019-04-03 16:21:25 - [MESSAGE][PASSED] - Object: 'Object Repository/ITSupporter/ITSupporter-02/Page_ODTS System/button_Online_btn btn-info fa' is clicked on

2019-04-03 16:21:25 - [TEST_STEP][PASSED] - waitForAlert(1): No alert found after 1 second(s).

2019-04-03 16:21:26 - [MESSAGE][WARNING] - No alert found after 1 second(s).

2019-04-03 16:21:26 - [TEST_STEP][PASSED] - verifyElementText(findTestObject("Object Repository/ITSupporter/ITSupporter-02/Page_ODTS System/p_nva"), "nva"): Actual text and expected text of test object 'Object Repository/ITSupporter/ITSupporter-02/Page_ODTS System/p_nva' are matched.

2019-04-03 16:21:26 - [MESSAGE][PASSED] - Actual text and expected text of test object 'Object Repository/ITSupporter/ITSupporter-02/Page_ODTS System/p_nva' are matched.

2019-04-03 16:21:26 - [TEST_STEP][PASSED] - verifyElementText(findTestObject("Object Repository/ITSupporter/ITSupporter-02/Page_ODTS System/p_1234567890"), "1234567890"): Actual text and expected text of test object 'Object Repository/ITSupporter/ITSupporter-02/Page_ODTS System/p_1234567890' are matched.

2019-04-03 16:21:26 - [MESSAGE][PASSED] - Actual text and expected text of test object 'Object Repository/ITSupporter/ITSupporter-02/Page_ODTS System/p_1234567890' are matched.

2019-04-03 16:21:26 - [TEST_STEP][PASSED] - verifyElementText(findTestObject("Object Repository/ITSupporter/ITSupporter-02/Page_ODTS System/p_anhtest"), "anhtest"): Actual text and expected text of test object 'Object Repository/ITSupporter/ITSupporter-02/Page_ODTS System/p_anhtest' are matched.

2019-04-03 16:21:26 - [MESSAGE][PASSED] - Actual text and expected text of test object 'Object Repository/ITSupporter/ITSupporter-02/Page_ODTS System/p_anhtest' are matched.

2019-04-03 16:21:26 - [TEST_STEP][PASSED] - verifyElementText(findTestObject("Object Repository/ITSupporter/ITSupporter-02/Page_ODTS System/p_anh.nguyenwisky.vn"), "anh.nguyen@wisky.vn"): Actual text and expected text of test object 'Object Repository/ITSupporter/ITSupporter-02/Page_ODTS System/p_anh.nguyenwisky.vn' are matched.

2019-04-03 16:21:26 - [MESSAGE][PASSED] - Actual text and expected text of test object 'Object Repository/ITSupporter/ITSupporter-02/Page_ODTS System/p_anh.nguyenwisky.vn' are matched.

2019-04-03 16:21:26 - [TEST_STEP][PASSED] - verifyElementText(findTestObject("Object Repository/ITSupporter/ITSupporter-02/Page_ODTS System/p_Q12"), "Q12"): Actual text and expected text of test object 'Object Repository/ITSupporter/ITSupporter-02/Page_ODTS System/p_Q12' are matched.

2019-04-03 16:21:26 - [MESSAGE][PASSED] - Actual text and expected text of test object 'Object Repository/ITSupporter/ITSupporter-02/Page_ODTS System/p_Q12' are matched.

2019-04-03 16:21:26 - [TEST_STEP][PASSED] - verifyElementText(findTestObject("Object Repository/ITSupporter/ITSupporter-02/Page_ODTS System/kinhnghiem"), ""): Actual text and expected text of test object 'Object Repository/ITSupporter/ITSupporter-02/Page_ODTS System/kinhnghiem' are matched.

2019-04-03 16:21:26 - [MESSAGE][PASSED] - Actual text and expected text of test object 'Object Repository/ITSupporter/ITSupporter-02/Page_ODTS System/kinhnghiem' are matched.

2019-04-03 16:21:26 - [TEST_STEP][PASSED] - click(findTestObject("Object Repository/ITSupporter/ITSupporter-02/Page_ODTS System/button_ng")): Object: 'Object Repository/ITSupporter/ITSupporter-02/Page_ODTS System/button_ng' is clicked on

2019-04-03 16:21:27 - [MESSAGE][PASSED] - Object: 'Object Repository/ITSupporter/ITSupporter-02/Page_ODTS System/button_ng' is clicked on

2019-04-03 16:21:27 - [TEST_STEP][PASSED] - waitForAlert(1): No alert found after 1 second(s).

2019-04-03 16:21:28 - [MESSAGE][WARNING] - No alert found after 1 second(s).

2019-04-03 16:21:28 - [TEST_STEP][PASSED] - click(findTestObject("Object Repository/ITSupporter/ITSupporter-02/Page_ODTS System/a_H Thng Ti Khon")): Object: 'Object Repository/ITSupporter/ITSupporter-02/Page_ODTS System/a_H Thng Ti Khon' is clicked on

2019-04-03 16:21:28 - [MESSAGE][PASSED] - Object: 'Object Repository/ITSupporter/ITSupporter-02/Page_ODTS System/a_H Thng Ti Khon' is clicked on

2019-04-03 16:21:28 - [TEST_STEP][PASSED] - click(findTestObject("Object Repository/ITSupporter/ITSupporter-02/Page_ODTS System/fieldSearch2")): Object: 'Object Repository/ITSupporter/ITSupporter-02/Page_ODTS System/fieldSearch2' is clicked on

2019-04-03 16:21:29 - [MESSAGE][PASSED] - Object: 'Object Repository/ITSupporter/ITSupporter-02/Page_ODTS System/fieldSearch2' is clicked on

2019-04-03 16:21:29 - [TEST_STEP][PASSED] - setText(findTestObject("Object Repository/ITSupporter/ITSupporter-02/Page_ODTS System/input"), "itsupporter anhtest"): Text 'itsupporter anhtest' is set on object 'Object Repository/ITSupporter/ITSupporter-02/Page_ODTS System/input'

2019-04-03 16:21:29 - [MESSAGE][PASSED] - Text 'itsupporter anhtest' is set on object 'Object Repository/ITSupporter/ITSupporter-02/Page_ODTS System/input'

2019-04-03 16:21:29 - [TEST_STEP][PASSED] - click(findTestObject("Object Repository/ITSupporter/ITSupporter-02/Page_ODTS System/button_anhtest_btn btn-info fa")): Object: 'Object Repository/ITSupporter/ITSupporter-02/Page_ODTS System/button_anhtest_btn btn-info fa' is clicked on

2019-04-03 16:21:29 - [MESSAGE][PASSED] - Object: 'Object Repository/ITSupporter/ITSupporter-02/Page_ODTS System/button_anhtest_btn btn-info fa' is clicked on

2019-04-03 16:21:29 - [TEST_STEP][PASSED] - waitForAlert(1): No alert found after 1 second(s).

2019-04-03 16:21:30 - [MESSAGE][WARNING] - No alert found after 1 second(s).

2019-04-03 16:21:30 - [TEST_STEP][PASSED] - verifyElementText(findTestObject("Object Repository/ITSupporter/ITSupporter-02/Page_ODTS System/p_ITSupporter"), "ITSupporter"): Actual text and expected text of test object 'Object Repository/ITSupporter/ITSupporter-02/Page_ODTS System/p_ITSupporter' are matched.

2019-04-03 16:21:30 - [MESSAGE][PASSED] - Actual text and expected text of test object 'Object Repository/ITSupporter/ITSupporter-02/Page_ODTS System/p_ITSupporter' are matched.

2019-04-03 16:21:30 - [TEST_STEP][PASSED] - verifyElementText(findTestObject("Object Repository/ITSupporter/ITSupporter-02/Page_ODTS System/p_anhtest_1"), "anhtest"): Actual text and expected text of test object 'Object Repository/ITSupporter/ITSupporter-02/Page_ODTS System/p_anhtest_1' are matched.

2019-04-03 16:21:30 - [MESSAGE][PASSED] - Actual text and expected text of test object 'Object Repository/ITSupporter/ITSupporter-02/Page_ODTS System/p_anhtest_1' are matched.

2019-04-03 16:21:30 - [TEST_STEP][PASSED] - CDATE = null: null

2019-04-03 16:21:30 - [TEST_STEP][PASSED] - UDATE = null: null

2019-04-03 16:21:30 - [TEST_STEP][PASSED] - br = null: null

2019-04-03 16:21:30 - [TEST_STEP][PASSED] - fileNameCre = "creDateITSupporter.txt": null

2019-04-03 16:21:30 - [TEST_STEP][PASSED] - fileNameUp = "upDateITSupporter.txt": null

2019-04-03 16:21:30 - [TEST_STEP][PASSED] - workingDirectory = System.getProperty("user.dir"): null

2019-04-03 16:21:30 - [TEST_STEP][PASSED] - absoluteFilePathCre = workingDirectory + separator + fileNameCre: null

2019-04-03 16:21:30 - [TEST_STEP][PASSED] - absoluteFilePathUp = workingDirectory + separator + fileNameUp: null

2019-04-03 16:21:30 - [TEST_STEP][PASSED] - try: null

2019-04-03 16:21:30 - [TEST_STEP][PASSED] - br = new java.io.BufferedReader(new java.io.FileReader(absoluteFilePathCre)): null

2019-04-03 16:21:30 - [TEST_STEP][PASSED] - sCurrentLine = <not implemented yet for class: org.codehaus.groovy.ast.expr.EmptyExpression>: null

2019-04-03 16:21:30 - [TEST_STEP][PASSED] - while (sCurrentLine = br.readLine() != null): null

2019-04-03 16:21:30 - [TEST_STEP][PASSED] - CDATE = sCurrentLine: null

2019-04-03 16:21:30 - [TEST_STEP][PASSED] - br = new java.io.BufferedReader(new java.io.FileReader(absoluteFilePathUp)): null

2019-04-03 16:21:30 - [TEST_STEP][PASSED] - sCurrentLine: null

2019-04-03 16:21:30 - [TEST_STEP][PASSED] - while (sCurrentLine = br.readLine() != null): null

2019-04-03 16:21:30 - [TEST_STEP][PASSED] - UDATE = sCurrentLine: null

2019-04-03 16:21:30 - [TEST_STEP][PASSED] - Finally: null

2019-04-03 16:21:30 - [TEST_STEP][PASSED] - br.close(): null

2019-04-03 16:21:30 - [TEST_STEP][PASSED] - verifyElementText(findTestObject("Object Repository/ITSupporter/ITSupporter-02/Page_ODTS System/p_0923 01032019"), CDATE): Actual text and expected text of test object 'Object Repository/ITSupporter/ITSupporter-02/Page_ODTS System/p_0923 01032019' are matched.

2019-04-03 16:21:30 - [MESSAGE][PASSED] - Actual text and expected text of test object 'Object Repository/ITSupporter/ITSupporter-02/Page_ODTS System/p_0923 01032019' are matched.

2019-04-03 16:21:30 - [TEST_STEP][PASSED] - verifyElementText(findTestObject("Object Repository/ITSupporter/ITSupporter-02/Page_ODTS System/p_0923 01032019_1"), UDATE): Actual text and expected text of test object 'Object Repository/ITSupporter/ITSupporter-02/Page_ODTS System/p_0923 01032019_1' are matched.

2019-04-03 16:21:30 - [MESSAGE][PASSED] - Actual text and expected text of test object 'Object Repository/ITSupporter/ITSupporter-02/Page_ODTS System/p_0923 01032019_1' are matched.

2019-04-03 16:21:30 - [TEST_STEP][PASSED] - click(findTestObject("Object Repository/ITSupporter/ITSupporter-02/Page_ODTS System/button_ng")): Object: 'Object Repository/ITSupporter/ITSupporter-02/Page_ODTS System/button_ng' is clicked on

2019-04-03 16:21:31 - [MESSAGE][PASSED] - Object: 'Object Repository/ITSupporter/ITSupporter-02/Page_ODTS System/button_ng' is clicked on

2019-04-03 16:21:31 - [TEST_STEP][PASSED] - closeBrowser(): Browser is closed

2019-04-03 16:21:31 - [MESSAGE][PASSED] - Browser is closed]]></system-out>
         <system-err><![CDATA[]]></system-err>
      </testcase>
      <testcase name="Test Cases/ITSupporter/ITSupporter-03" classname="Test Cases/ITSupporter/ITSupporter-03" status="FAILED">
         <failure type="FAILED" message="Test Cases/ITSupporter/ITSupporter-03 FAILED.
Reason:
com.kms.katalon.core.exception.StepFailedException: No option matched.
	at com.kms.katalon.core.keyword.internal.KeywordMain.stepFailed(KeywordMain.groovy:37)
	at com.kms.katalon.core.keyword.internal.KeywordMain.stepFailed(KeywordMain.groovy)
	at com.kms.katalon.core.keyword.internal.KeywordMain.stepFailed(KeywordMain.groovy:21)
	at com.kms.katalon.core.webui.keyword.builtin.SelectOptionByValueKeyword$_selectOptionByValue_closure1.doCall(SelectOptionByValueKeyword.groovy:92)
	at com.kms.katalon.core.webui.keyword.builtin.SelectOptionByValueKeyword$_selectOptionByValue_closure1.call(SelectOptionByValueKeyword.groovy)
	at com.kms.katalon.core.webui.keyword.internal.WebUIKeywordMain.runKeyword(WebUIKeywordMain.groovy:21)
	at com.kms.katalon.core.webui.keyword.builtin.SelectOptionByValueKeyword.selectOptionByValue(SelectOptionByValueKeyword.groovy:99)
	at com.kms.katalon.core.webui.keyword.builtin.SelectOptionByValueKeyword.execute(SelectOptionByValueKeyword.groovy:71)
	at com.kms.katalon.core.keyword.internal.KeywordExecutor.executeKeywordForPlatform(KeywordExecutor.groovy:56)
	at com.kms.katalon.core.webui.keyword.WebUiBuiltInKeywords.selectOptionByValue(WebUiBuiltInKeywords.groovy:1138)
	at com.kms.katalon.core.webui.keyword.WebUiBuiltInKeywords$selectOptionByValue$7.call(Unknown Source)
	at ITSupporter-03.run(ITSupporter-03:71)
	at com.kms.katalon.core.main.ScriptEngine.run(ScriptEngine.java:194)
	at com.kms.katalon.core.main.ScriptEngine.runScriptAsRawText(ScriptEngine.java:119)
	at com.kms.katalon.core.main.TestCaseExecutor.runScript(TestCaseExecutor.java:331)
	at com.kms.katalon.core.main.TestCaseExecutor.doExecute(TestCaseExecutor.java:322)
	at com.kms.katalon.core.main.TestCaseExecutor.processExecutionPhase(TestCaseExecutor.java:301)
	at com.kms.katalon.core.main.TestCaseExecutor.accessMainPhase(TestCaseExecutor.java:293)
	at com.kms.katalon.core.main.TestCaseExecutor.execute(TestCaseExecutor.java:227)
	at com.kms.katalon.core.main.TestSuiteExecutor.accessTestCaseMainPhase(TestSuiteExecutor.java:129)
	at com.kms.katalon.core.main.TestSuiteExecutor.accessTestSuiteMainPhase(TestSuiteExecutor.java:112)
	at com.kms.katalon.core.main.TestSuiteExecutor.execute(TestSuiteExecutor.java:81)
	at com.kms.katalon.core.main.TestCaseMain.startTestSuite(TestCaseMain.java:157)
	at com.kms.katalon.core.main.TestCaseMain$startTestSuite$0.call(Unknown Source)
	at TempTestSuite1554283215482.run(TempTestSuite1554283215482.groovy:35)
"/>
         <system-out><![CDATA[2019-04-03 16:21:31 - [TEST_CASE][FAILED] - Test Cases/ITSupporter/ITSupporter-03: Test Cases/ITSupporter/ITSupporter-03 FAILED.
Reason:
com.kms.katalon.core.exception.StepFailedException: No option matched.
	at com.kms.katalon.core.keyword.internal.KeywordMain.stepFailed(KeywordMain.groovy:37)
	at com.kms.katalon.core.keyword.internal.KeywordMain.stepFailed(KeywordMain.groovy)
	at com.kms.katalon.core.keyword.internal.KeywordMain.stepFailed(KeywordMain.groovy:21)
	at com.kms.katalon.core.webui.keyword.builtin.SelectOptionByValueKeyword$_selectOptionByValue_closure1.doCall(SelectOptionByValueKeyword.groovy:92)
	at com.kms.katalon.core.webui.keyword.builtin.SelectOptionByValueKeyword$_selectOptionByValue_closure1.call(SelectOptionByValueKeyword.groovy)
	at com.kms.katalon.core.webui.keyword.internal.WebUIKeywordMain.runKeyword(WebUIKeywordMain.groovy:21)
	at com.kms.katalon.core.webui.keyword.builtin.SelectOptionByValueKeyword.selectOptionByValue(SelectOptionByValueKeyword.groovy:99)
	at com.kms.katalon.core.webui.keyword.builtin.SelectOptionByValueKeyword.execute(SelectOptionByValueKeyword.groovy:71)
	at com.kms.katalon.core.keyword.internal.KeywordExecutor.executeKeywordForPlatform(KeywordExecutor.groovy:56)
	at com.kms.katalon.core.webui.keyword.WebUiBuiltInKeywords.selectOptionByValue(WebUiBuiltInKeywords.groovy:1138)
	at com.kms.katalon.core.webui.keyword.WebUiBuiltInKeywords$selectOptionByValue$7.call(Unknown Source)
	at ITSupporter-03.run(ITSupporter-03:71)
	at com.kms.katalon.core.main.ScriptEngine.run(ScriptEngine.java:194)
	at com.kms.katalon.core.main.ScriptEngine.runScriptAsRawText(ScriptEngine.java:119)
	at com.kms.katalon.core.main.TestCaseExecutor.runScript(TestCaseExecutor.java:331)
	at com.kms.katalon.core.main.TestCaseExecutor.doExecute(TestCaseExecutor.java:322)
	at com.kms.katalon.core.main.TestCaseExecutor.processExecutionPhase(TestCaseExecutor.java:301)
	at com.kms.katalon.core.main.TestCaseExecutor.accessMainPhase(TestCaseExecutor.java:293)
	at com.kms.katalon.core.main.TestCaseExecutor.execute(TestCaseExecutor.java:227)
	at com.kms.katalon.core.main.TestSuiteExecutor.accessTestCaseMainPhase(TestSuiteExecutor.java:129)
	at com.kms.katalon.core.main.TestSuiteExecutor.accessTestSuiteMainPhase(TestSuiteExecutor.java:112)
	at com.kms.katalon.core.main.TestSuiteExecutor.execute(TestSuiteExecutor.java:81)
	at com.kms.katalon.core.main.TestCaseMain.startTestSuite(TestCaseMain.java:157)
	at com.kms.katalon.core.main.TestCaseMain$startTestSuite$0.call(Unknown Source)
	at TempTestSuite1554283215482.run(TempTestSuite1554283215482.groovy:35)


2019-04-03 16:21:32 - [TEST_STEP][PASSED] - openBrowser(""): Browser is opened with url: ''

2019-04-03 16:21:32 - [MESSAGE][INFO] - Starting 'Chrome' driver

2019-04-03 16:21:34 - [MESSAGE][PASSED] - Browser is opened with url: ''

2019-04-03 16:21:34 - [TEST_STEP][PASSED] - navigateToUrl(url): Navigate to 'http://helpdesk.wisky.vn' successfully

2019-04-03 16:21:35 - [MESSAGE][PASSED] - Navigate to 'http://helpdesk.wisky.vn' successfully

2019-04-03 16:21:35 - [TEST_STEP][PASSED] - setText(findTestObject("Object Repository/ITSupporter/ITSupporter-03/Page_ODTS System/input_ODTS_username"), "admin01"): Text 'admin01' is set on object 'Object Repository/ITSupporter/ITSupporter-03/Page_ODTS System/input_ODTS_username'

2019-04-03 16:21:36 - [MESSAGE][PASSED] - Text 'admin01' is set on object 'Object Repository/ITSupporter/ITSupporter-03/Page_ODTS System/input_ODTS_username'

2019-04-03 16:21:36 - [TEST_STEP][PASSED] - setEncryptedText(findTestObject("Object Repository/ITSupporter/ITSupporter-03/Page_ODTS System/input_ODTS_password"), "aeHFOx8jV/A="): Text ****** has been set on object 'Object Repository/ITSupporter/ITSupporter-03/Page_ODTS System/input_ODTS_password'

2019-04-03 16:21:36 - [MESSAGE][PASSED] - Text ****** has been set on object 'Object Repository/ITSupporter/ITSupporter-03/Page_ODTS System/input_ODTS_password'

2019-04-03 16:21:36 - [TEST_STEP][PASSED] - click(findTestObject("Object Repository/ITSupporter/ITSupporter-03/Page_ODTS System/button_ng Nhp")): Object: 'Object Repository/ITSupporter/ITSupporter-03/Page_ODTS System/button_ng Nhp' is clicked on

2019-04-03 16:21:36 - [MESSAGE][PASSED] - Object: 'Object Repository/ITSupporter/ITSupporter-03/Page_ODTS System/button_ng Nhp' is clicked on

2019-04-03 16:21:36 - [TEST_STEP][PASSED] - click(findTestObject("Object Repository/ITSupporter/ITSupporter-03/Page_ODTS System/a_Nhn Vin K Thut")): Object: 'Object Repository/ITSupporter/ITSupporter-03/Page_ODTS System/a_Nhn Vin K Thut' is clicked on

2019-04-03 16:21:38 - [MESSAGE][PASSED] - Object: 'Object Repository/ITSupporter/ITSupporter-03/Page_ODTS System/a_Nhn Vin K Thut' is clicked on

2019-04-03 16:21:38 - [TEST_STEP][PASSED] - click(findTestObject("Object Repository/ITSupporter/ITSupporter-03/Page_ODTS System/fieldSearch")): Object: 'Object Repository/ITSupporter/ITSupporter-03/Page_ODTS System/fieldSearch' is clicked on

2019-04-03 16:21:38 - [MESSAGE][PASSED] - Object: 'Object Repository/ITSupporter/ITSupporter-03/Page_ODTS System/fieldSearch' is clicked on

2019-04-03 16:21:38 - [TEST_STEP][PASSED] - setText(findTestObject("Object Repository/ITSupporter/ITSupporter-03/Page_ODTS System/input"), "nva anhtest"): Text 'nva anhtest' is set on object 'Object Repository/ITSupporter/ITSupporter-03/Page_ODTS System/input'

2019-04-03 16:21:39 - [MESSAGE][PASSED] - Text 'nva anhtest' is set on object 'Object Repository/ITSupporter/ITSupporter-03/Page_ODTS System/input'

2019-04-03 16:21:39 - [TEST_STEP][PASSED] - click(findTestObject("Object Repository/ITSupporter/ITSupporter-03/Page_ODTS System/button_Online_btn btn-warning")): Object: 'Object Repository/ITSupporter/ITSupporter-03/Page_ODTS System/button_Online_btn btn-warning' is clicked on

2019-04-03 16:21:39 - [MESSAGE][PASSED] - Object: 'Object Repository/ITSupporter/ITSupporter-03/Page_ODTS System/button_Online_btn btn-warning' is clicked on

2019-04-03 16:21:39 - [TEST_STEP][PASSED] - waitForAlert(1): No alert found after 1 second(s).

2019-04-03 16:21:40 - [MESSAGE][WARNING] - No alert found after 1 second(s).

2019-04-03 16:21:40 - [TEST_STEP][PASSED] - setText(findTestObject("Object Repository/ITSupporter/ITSupporter-03/Page_ODTS System/input_Tn ng Nhp_userNameE"), "anhtest22"): Text 'anhtest22' is set on object 'Object Repository/ITSupporter/ITSupporter-03/Page_ODTS System/input_Tn ng Nhp_userNameE'

2019-04-03 16:21:40 - [MESSAGE][PASSED] - Text 'anhtest22' is set on object 'Object Repository/ITSupporter/ITSupporter-03/Page_ODTS System/input_Tn ng Nhp_userNameE'

2019-04-03 16:21:40 - [TEST_STEP][PASSED] - waitForAlert(1): No alert found after 1 second(s).

2019-04-03 16:21:41 - [MESSAGE][WARNING] - No alert found after 1 second(s).

2019-04-03 16:21:41 - [TEST_STEP][PASSED] - setText(findTestObject("Object Repository/ITSupporter/ITSupporter-03/Page_ODTS System/input_H V Tn_nameE"), "nva22"): Text 'nva22' is set on object 'Object Repository/ITSupporter/ITSupporter-03/Page_ODTS System/input_H V Tn_nameE'

2019-04-03 16:21:41 - [MESSAGE][PASSED] - Text 'nva22' is set on object 'Object Repository/ITSupporter/ITSupporter-03/Page_ODTS System/input_H V Tn_nameE'

2019-04-03 16:21:41 - [TEST_STEP][PASSED] - waitForAlert(1): No alert found after 1 second(s).

2019-04-03 16:21:42 - [MESSAGE][WARNING] - No alert found after 1 second(s).

2019-04-03 16:21:42 - [TEST_STEP][PASSED] - setText(findTestObject("Object Repository/ITSupporter/ITSupporter-03/Page_ODTS System/input_S in Thoi_phoneE"), "1234567822"): Text '1234567822' is set on object 'Object Repository/ITSupporter/ITSupporter-03/Page_ODTS System/input_S in Thoi_phoneE'

2019-04-03 16:21:43 - [MESSAGE][PASSED] - Text '1234567822' is set on object 'Object Repository/ITSupporter/ITSupporter-03/Page_ODTS System/input_S in Thoi_phoneE'

2019-04-03 16:21:43 - [TEST_STEP][PASSED] - waitForAlert(1): No alert found after 1 second(s).

2019-04-03 16:21:44 - [MESSAGE][WARNING] - No alert found after 1 second(s).

2019-04-03 16:21:44 - [TEST_STEP][PASSED] - setText(findTestObject("Object Repository/ITSupporter/ITSupporter-03/Page_ODTS System/input_Email_emailE"), "anh.nguyen@wisky.vn22"): Text 'anh.nguyen@wisky.vn22' is set on object 'Object Repository/ITSupporter/ITSupporter-03/Page_ODTS System/input_Email_emailE'

2019-04-03 16:21:44 - [MESSAGE][PASSED] - Text 'anh.nguyen@wisky.vn22' is set on object 'Object Repository/ITSupporter/ITSupporter-03/Page_ODTS System/input_Email_emailE'

2019-04-03 16:21:44 - [TEST_STEP][PASSED] - waitForAlert(1): No alert found after 1 second(s).

2019-04-03 16:21:45 - [MESSAGE][WARNING] - No alert found after 1 second(s).

2019-04-03 16:21:45 - [TEST_STEP][PASSED] - setText(findTestObject("Object Repository/ITSupporter/ITSupporter-03/Page_ODTS System/input_a Ch Thng Tr_addressE"), "Q1222"): Text 'Q1222' is set on object 'Object Repository/ITSupporter/ITSupporter-03/Page_ODTS System/input_a Ch Thng Tr_addressE'

2019-04-03 16:21:45 - [MESSAGE][PASSED] - Text 'Q1222' is set on object 'Object Repository/ITSupporter/ITSupporter-03/Page_ODTS System/input_a Ch Thng Tr_addressE'

2019-04-03 16:21:45 - [TEST_STEP][PASSED] - waitForAlert(1): No alert found after 1 second(s).

2019-04-03 16:21:46 - [MESSAGE][WARNING] - No alert found after 1 second(s).

2019-04-03 16:21:46 - [TEST_STEP][PASSED] - click(findTestObject("Object Repository/ITSupporter/ITSupporter-03/Page_ODTS System/button_Ty Chnh Kinh Nghim")): Object: 'Object Repository/ITSupporter/ITSupporter-03/Page_ODTS System/button_Ty Chnh Kinh Nghim' is clicked on

2019-04-03 16:21:46 - [MESSAGE][PASSED] - Object: 'Object Repository/ITSupporter/ITSupporter-03/Page_ODTS System/button_Ty Chnh Kinh Nghim' is clicked on

2019-04-03 16:21:46 - [TEST_STEP][PASSED] - waitForAlert(1): No alert found after 1 second(s).

2019-04-03 16:21:47 - [MESSAGE][WARNING] - No alert found after 1 second(s).

2019-04-03 16:21:47 - [TEST_STEP][PASSED] - selectOptionByValue(findTestObject("Object Repository/ITSupporter/ITSupporter-03/Page_ODTS System/select_CAMERAPOSSOFTWAREEMAILI"), "2", true): All options with value '2' are selected in object 'Object Repository/ITSupporter/ITSupporter-03/Page_ODTS System/select_CAMERAPOSSOFTWAREEMAILI'  using regular expression

2019-04-03 16:21:48 - [MESSAGE][PASSED] - All options with value '2' are selected in object 'Object Repository/ITSupporter/ITSupporter-03/Page_ODTS System/select_CAMERAPOSSOFTWAREEMAILI'  using regular expression

2019-04-03 16:21:48 - [TEST_STEP][PASSED] - setText(findTestObject("Object Repository/ITSupporter/ITSupporter-03/Page_ODTS System/input_Thi Gian lm Vic_monthExp"), "22"): Text '22' is set on object 'Object Repository/ITSupporter/ITSupporter-03/Page_ODTS System/input_Thi Gian lm Vic_monthExp'

2019-04-03 16:21:48 - [MESSAGE][PASSED] - Text '22' is set on object 'Object Repository/ITSupporter/ITSupporter-03/Page_ODTS System/input_Thi Gian lm Vic_monthExp'

2019-04-03 16:21:48 - [TEST_STEP][PASSED] - click(findTestObject("Object Repository/ITSupporter/ITSupporter-03/Page_ODTS System/button_Lu")): Object: 'Object Repository/ITSupporter/ITSupporter-03/Page_ODTS System/button_Lu' is clicked on

2019-04-03 16:21:48 - [MESSAGE][PASSED] - Object: 'Object Repository/ITSupporter/ITSupporter-03/Page_ODTS System/button_Lu' is clicked on

2019-04-03 16:21:48 - [TEST_STEP][PASSED] - waitForAlert(1): No alert found after 1 second(s).

2019-04-03 16:21:49 - [MESSAGE][WARNING] - No alert found after 1 second(s).

2019-04-03 16:21:49 - [TEST_STEP][PASSED] - click(findTestObject("Object Repository/ITSupporter/ITSupporter-03/Page_ODTS System/button_OK")): Object: 'Object Repository/ITSupporter/ITSupporter-03/Page_ODTS System/button_OK' is clicked on

2019-04-03 16:21:49 - [MESSAGE][PASSED] - Object: 'Object Repository/ITSupporter/ITSupporter-03/Page_ODTS System/button_OK' is clicked on

2019-04-03 16:21:49 - [TEST_STEP][PASSED] - waitForAlert(1): No alert found after 1 second(s).

2019-04-03 16:21:50 - [MESSAGE][WARNING] - No alert found after 1 second(s).

2019-04-03 16:21:50 - [TEST_STEP][PASSED] - click(findTestObject("Object Repository/ITSupporter/ITSupporter-03/Page_ODTS System/button_Ty Chnh Kinh Nghim")): Object: 'Object Repository/ITSupporter/ITSupporter-03/Page_ODTS System/button_Ty Chnh Kinh Nghim' is clicked on

2019-04-03 16:21:50 - [MESSAGE][PASSED] - Object: 'Object Repository/ITSupporter/ITSupporter-03/Page_ODTS System/button_Ty Chnh Kinh Nghim' is clicked on

2019-04-03 16:21:50 - [TEST_STEP][PASSED] - waitForAlert(1): No alert found after 1 second(s).

2019-04-03 16:21:51 - [MESSAGE][WARNING] - No alert found after 1 second(s).

2019-04-03 16:21:51 - [TEST_STEP][FAILED] - selectOptionByValue(findTestObject("Object Repository/ITSupporter/ITSupporter-03/Page_ODTS System/select_CAMERAPOSSOFTWAREEMAILI"), "3", true): No option matched.

2019-04-03 16:21:51 - [MESSAGE][FAILED] - No option matched.

2019-04-03 16:21:51 - [TEST_STEP][PASSED] - setText(findTestObject("Object Repository/ITSupporter/ITSupporter-03/Page_ODTS System/input_Thi Gian lm Vic_monthExp"), "11"): Text '11' is set on object 'Object Repository/ITSupporter/ITSupporter-03/Page_ODTS System/input_Thi Gian lm Vic_monthExp'

2019-04-03 16:21:52 - [MESSAGE][PASSED] - Text '11' is set on object 'Object Repository/ITSupporter/ITSupporter-03/Page_ODTS System/input_Thi Gian lm Vic_monthExp'

2019-04-03 16:21:52 - [TEST_STEP][PASSED] - click(findTestObject("Object Repository/ITSupporter/ITSupporter-03/Page_ODTS System/button_Lu")): Object: 'Object Repository/ITSupporter/ITSupporter-03/Page_ODTS System/button_Lu' is clicked on

2019-04-03 16:21:52 - [MESSAGE][PASSED] - Object: 'Object Repository/ITSupporter/ITSupporter-03/Page_ODTS System/button_Lu' is clicked on

2019-04-03 16:21:52 - [TEST_STEP][PASSED] - waitForAlert(1): No alert found after 1 second(s).

2019-04-03 16:21:53 - [MESSAGE][WARNING] - No alert found after 1 second(s).

2019-04-03 16:21:53 - [TEST_STEP][PASSED] - click(findTestObject("Object Repository/ITSupporter/ITSupporter-03/Page_ODTS System/button_OK")): Object: 'Object Repository/ITSupporter/ITSupporter-03/Page_ODTS System/button_OK' is clicked on

2019-04-03 16:21:53 - [MESSAGE][PASSED] - Object: 'Object Repository/ITSupporter/ITSupporter-03/Page_ODTS System/button_OK' is clicked on

2019-04-03 16:21:53 - [TEST_STEP][PASSED] - waitForAlert(1): No alert found after 1 second(s).

2019-04-03 16:21:54 - [MESSAGE][WARNING] - No alert found after 1 second(s).

2019-04-03 16:21:54 - [TEST_STEP][PASSED] - click(findTestObject("Object Repository/ITSupporter/ITSupporter-03/Page_ODTS System/button_Ty Chnh Kinh Nghim")): Object: 'Object Repository/ITSupporter/ITSupporter-03/Page_ODTS System/button_Ty Chnh Kinh Nghim' is clicked on

2019-04-03 16:21:54 - [MESSAGE][PASSED] - Object: 'Object Repository/ITSupporter/ITSupporter-03/Page_ODTS System/button_Ty Chnh Kinh Nghim' is clicked on

2019-04-03 16:21:54 - [TEST_STEP][PASSED] - waitForAlert(1): No alert found after 1 second(s).

2019-04-03 16:21:55 - [MESSAGE][WARNING] - No alert found after 1 second(s).

2019-04-03 16:21:55 - [TEST_STEP][PASSED] - selectOptionByValue(findTestObject("Object Repository/ITSupporter/ITSupporter-03/Page_ODTS System/select_CAMERAPOSSOFTWAREEMAILI"), "15", true): All options with value '15' are selected in object 'Object Repository/ITSupporter/ITSupporter-03/Page_ODTS System/select_CAMERAPOSSOFTWAREEMAILI'  using regular expression

2019-04-03 16:21:55 - [MESSAGE][PASSED] - All options with value '15' are selected in object 'Object Repository/ITSupporter/ITSupporter-03/Page_ODTS System/select_CAMERAPOSSOFTWAREEMAILI'  using regular expression

2019-04-03 16:21:55 - [TEST_STEP][PASSED] - setText(findTestObject("Object Repository/ITSupporter/ITSupporter-03/Page_ODTS System/input_Thi Gian lm Vic_monthExp"), "33"): Text '33' is set on object 'Object Repository/ITSupporter/ITSupporter-03/Page_ODTS System/input_Thi Gian lm Vic_monthExp'

2019-04-03 16:21:55 - [MESSAGE][PASSED] - Text '33' is set on object 'Object Repository/ITSupporter/ITSupporter-03/Page_ODTS System/input_Thi Gian lm Vic_monthExp'

2019-04-03 16:21:55 - [TEST_STEP][PASSED] - click(findTestObject("Object Repository/ITSupporter/ITSupporter-03/Page_ODTS System/button_Lu")): Object: 'Object Repository/ITSupporter/ITSupporter-03/Page_ODTS System/button_Lu' is clicked on

2019-04-03 16:21:56 - [MESSAGE][PASSED] - Object: 'Object Repository/ITSupporter/ITSupporter-03/Page_ODTS System/button_Lu' is clicked on

2019-04-03 16:21:56 - [TEST_STEP][PASSED] - waitForAlert(1): No alert found after 1 second(s).

2019-04-03 16:21:57 - [MESSAGE][WARNING] - No alert found after 1 second(s).

2019-04-03 16:21:57 - [TEST_STEP][PASSED] - click(findTestObject("Object Repository/ITSupporter/ITSupporter-03/Page_ODTS System/button_OK")): Object: 'Object Repository/ITSupporter/ITSupporter-03/Page_ODTS System/button_OK' is clicked on

2019-04-03 16:21:57 - [MESSAGE][PASSED] - Object: 'Object Repository/ITSupporter/ITSupporter-03/Page_ODTS System/button_OK' is clicked on

2019-04-03 16:21:57 - [TEST_STEP][PASSED] - waitForAlert(1): No alert found after 1 second(s).

2019-04-03 16:21:58 - [MESSAGE][WARNING] - No alert found after 1 second(s).

2019-04-03 16:21:58 - [TEST_STEP][PASSED] - UDATE = SimpleDateFormat(HH:mm dd/MM/yyyy).format(getInstance().getTime()): null

2019-04-03 16:21:58 - [TEST_STEP][PASSED] - writer = null: null

2019-04-03 16:21:58 - [TEST_STEP][PASSED] - fileNameCre = "creDateITSupporter.txt": null

2019-04-03 16:21:58 - [TEST_STEP][PASSED] - fileNameUp = "upDateITSupporter.txt": null

2019-04-03 16:21:58 - [TEST_STEP][PASSED] - workingDirectory = System.getProperty("user.dir"): null

2019-04-03 16:21:58 - [TEST_STEP][PASSED] - absoluteFilePathCre = workingDirectory + separator + fileNameCre: null

2019-04-03 16:21:58 - [TEST_STEP][PASSED] - absoluteFilePathUp = workingDirectory + separator + fileNameUp: null

2019-04-03 16:21:58 - [TEST_STEP][PASSED] - try: null

2019-04-03 16:21:58 - [TEST_STEP][PASSED] - writer = new java.io.BufferedWriter(new java.io.OutputStreamWriter(new java.io.FileOutputStream(absoluteFilePathUp), utf-8)): null

2019-04-03 16:21:58 - [TEST_STEP][PASSED] - writer.write(UDATE): null

2019-04-03 16:21:58 - [TEST_STEP][PASSED] - Finally: null

2019-04-03 16:21:58 - [TEST_STEP][PASSED] - try: null

2019-04-03 16:21:58 - [TEST_STEP][PASSED] - writer.close(): null

2019-04-03 16:21:58 - [TEST_STEP][PASSED] - click(findTestObject("Object Repository/ITSupporter/ITSupporter-03/Page_ODTS System/button_Cp Nht")): Object: 'Object Repository/ITSupporter/ITSupporter-03/Page_ODTS System/button_Cp Nht' is clicked on

2019-04-03 16:21:58 - [MESSAGE][PASSED] - Object: 'Object Repository/ITSupporter/ITSupporter-03/Page_ODTS System/button_Cp Nht' is clicked on

2019-04-03 16:21:58 - [TEST_STEP][PASSED] - waitForAlert(1): No alert found after 1 second(s).

2019-04-03 16:21:59 - [MESSAGE][WARNING] - No alert found after 1 second(s).

2019-04-03 16:21:59 - [TEST_STEP][PASSED] - click(findTestObject("Object Repository/ITSupporter/ITSupporter-03/Page_ODTS System/button_OK")): Object: 'Object Repository/ITSupporter/ITSupporter-03/Page_ODTS System/button_OK' is clicked on

2019-04-03 16:21:59 - [MESSAGE][PASSED] - Object: 'Object Repository/ITSupporter/ITSupporter-03/Page_ODTS System/button_OK' is clicked on

2019-04-03 16:21:59 - [TEST_STEP][PASSED] - click(findTestObject("Object Repository/ITSupporter/ITSupporter-03/Page_ODTS System/button_Online_btn btn-info fa")): Object: 'Object Repository/ITSupporter/ITSupporter-03/Page_ODTS System/button_Online_btn btn-info fa' is clicked on

2019-04-03 16:22:00 - [MESSAGE][PASSED] - Object: 'Object Repository/ITSupporter/ITSupporter-03/Page_ODTS System/button_Online_btn btn-info fa' is clicked on

2019-04-03 16:22:00 - [TEST_STEP][PASSED] - waitForAlert(1): No alert found after 1 second(s).

2019-04-03 16:22:01 - [MESSAGE][WARNING] - No alert found after 1 second(s).

2019-04-03 16:22:01 - [TEST_STEP][PASSED] - verifyElementText(findTestObject("Object Repository/ITSupporter/ITSupporter-03/Page_ODTS System/p_nva22"), "nva22"): Actual text and expected text of test object 'Object Repository/ITSupporter/ITSupporter-03/Page_ODTS System/p_nva22' are matched.

2019-04-03 16:22:01 - [MESSAGE][PASSED] - Actual text and expected text of test object 'Object Repository/ITSupporter/ITSupporter-03/Page_ODTS System/p_nva22' are matched.

2019-04-03 16:22:01 - [TEST_STEP][PASSED] - verifyElementText(findTestObject("Object Repository/ITSupporter/ITSupporter-03/Page_ODTS System/p_1234567822"), "1234567822"): Actual text and expected text of test object 'Object Repository/ITSupporter/ITSupporter-03/Page_ODTS System/p_1234567822' are matched.

2019-04-03 16:22:01 - [MESSAGE][PASSED] - Actual text and expected text of test object 'Object Repository/ITSupporter/ITSupporter-03/Page_ODTS System/p_1234567822' are matched.

2019-04-03 16:22:01 - [TEST_STEP][PASSED] - verifyElementText(findTestObject("Object Repository/ITSupporter/ITSupporter-03/Page_ODTS System/p_anhtest22"), "anhtest22"): Actual text and expected text of test object 'Object Repository/ITSupporter/ITSupporter-03/Page_ODTS System/p_anhtest22' are matched.

2019-04-03 16:22:01 - [MESSAGE][PASSED] - Actual text and expected text of test object 'Object Repository/ITSupporter/ITSupporter-03/Page_ODTS System/p_anhtest22' are matched.

2019-04-03 16:22:01 - [TEST_STEP][PASSED] - verifyElementText(findTestObject("Object Repository/ITSupporter/ITSupporter-03/Page_ODTS System/p_anh.nguyenwisky.vn22"), "anh.nguyen@wisky.vn22"): Actual text and expected text of test object 'Object Repository/ITSupporter/ITSupporter-03/Page_ODTS System/p_anh.nguyenwisky.vn22' are matched.

2019-04-03 16:22:01 - [MESSAGE][PASSED] - Actual text and expected text of test object 'Object Repository/ITSupporter/ITSupporter-03/Page_ODTS System/p_anh.nguyenwisky.vn22' are matched.

2019-04-03 16:22:01 - [TEST_STEP][PASSED] - verifyElementText(findTestObject("Object Repository/ITSupporter/ITSupporter-03/Page_ODTS System/p_Q1222"), "Q1222"): Actual text and expected text of test object 'Object Repository/ITSupporter/ITSupporter-03/Page_ODTS System/p_Q1222' are matched.

2019-04-03 16:22:01 - [MESSAGE][PASSED] - Actual text and expected text of test object 'Object Repository/ITSupporter/ITSupporter-03/Page_ODTS System/p_Q1222' are matched.

2019-04-03 16:22:01 - [TEST_STEP][FAILED] - verifyElementText(findTestObject("Object Repository/ITSupporter/ITSupporter-03/Page_ODTS System/p_CAMERA 22 thng  POS 11 thng"), "Camera, 22 tháng | Pos, 11 tháng | Email, 33 tháng |"): Actual text 'Camera, 11 tháng | Email, 33 tháng |' and expected text 'Camera, 22 tháng | Pos, 11 tháng | Email, 33 tháng |' of test object 'Object Repository/ITSupporter/ITSupporter-03/Page_ODTS System/p_CAMERA 22 thng  POS 11 thng' are NOT matched.

2019-04-03 16:22:01 - [MESSAGE][FAILED] - Actual text 'Camera, 11 tháng | Email, 33 tháng |' and expected text 'Camera, 22 tháng | Pos, 11 tháng | Email, 33 tháng |' of test object 'Object Repository/ITSupporter/ITSupporter-03/Page_ODTS System/p_CAMERA 22 thng  POS 11 thng' are NOT matched.
[[ATTACHMENT|C:\\Users\\pc\\HelpdeskAutomation\\Reports\\ITSupporter01-02-03-04\\20190403_162010\\1554283321559.png]]

2019-04-03 16:22:01 - [TEST_STEP][PASSED] - click(findTestObject("Object Repository/ITSupporter/ITSupporter-03/Page_ODTS System/button_ng")): Object: 'Object Repository/ITSupporter/ITSupporter-03/Page_ODTS System/button_ng' is clicked on

2019-04-03 16:22:01 - [MESSAGE][PASSED] - Object: 'Object Repository/ITSupporter/ITSupporter-03/Page_ODTS System/button_ng' is clicked on

2019-04-03 16:22:01 - [TEST_STEP][PASSED] - waitForAlert(1): No alert found after 1 second(s).

2019-04-03 16:22:02 - [MESSAGE][WARNING] - No alert found after 1 second(s).

2019-04-03 16:22:02 - [TEST_STEP][PASSED] - click(findTestObject("Object Repository/ITSupporter/ITSupporter-03/Page_ODTS System/a_H Thng Ti Khon")): Object: 'Object Repository/ITSupporter/ITSupporter-03/Page_ODTS System/a_H Thng Ti Khon' is clicked on

2019-04-03 16:22:03 - [MESSAGE][PASSED] - Object: 'Object Repository/ITSupporter/ITSupporter-03/Page_ODTS System/a_H Thng Ti Khon' is clicked on

2019-04-03 16:22:03 - [TEST_STEP][PASSED] - click(findTestObject("Object Repository/ITSupporter/ITSupporter-03/Page_ODTS System/fieldSearch2")): Object: 'Object Repository/ITSupporter/ITSupporter-03/Page_ODTS System/fieldSearch2' is clicked on

2019-04-03 16:22:04 - [MESSAGE][PASSED] - Object: 'Object Repository/ITSupporter/ITSupporter-03/Page_ODTS System/fieldSearch2' is clicked on

2019-04-03 16:22:04 - [TEST_STEP][PASSED] - setText(findTestObject("Object Repository/ITSupporter/ITSupporter-03/Page_ODTS System/input"), "itsupporter anhtest22"): Text 'itsupporter anhtest22' is set on object 'Object Repository/ITSupporter/ITSupporter-03/Page_ODTS System/input'

2019-04-03 16:22:04 - [MESSAGE][PASSED] - Text 'itsupporter anhtest22' is set on object 'Object Repository/ITSupporter/ITSupporter-03/Page_ODTS System/input'

2019-04-03 16:22:04 - [TEST_STEP][PASSED] - click(findTestObject("Object Repository/ITSupporter/ITSupporter-03/Page_ODTS System/button_anhtest22_btn btn-info")): Object: 'Object Repository/ITSupporter/ITSupporter-03/Page_ODTS System/button_anhtest22_btn btn-info' is clicked on

2019-04-03 16:22:04 - [MESSAGE][PASSED] - Object: 'Object Repository/ITSupporter/ITSupporter-03/Page_ODTS System/button_anhtest22_btn btn-info' is clicked on

2019-04-03 16:22:04 - [TEST_STEP][PASSED] - waitForAlert(1): No alert found after 1 second(s).

2019-04-03 16:22:05 - [MESSAGE][WARNING] - No alert found after 1 second(s).

2019-04-03 16:22:05 - [TEST_STEP][PASSED] - verifyElementText(findTestObject("Object Repository/ITSupporter/ITSupporter-03/Page_ODTS System/p_ITSupporter"), "ITSupporter"): Actual text and expected text of test object 'Object Repository/ITSupporter/ITSupporter-03/Page_ODTS System/p_ITSupporter' are matched.

2019-04-03 16:22:05 - [MESSAGE][PASSED] - Actual text and expected text of test object 'Object Repository/ITSupporter/ITSupporter-03/Page_ODTS System/p_ITSupporter' are matched.

2019-04-03 16:22:05 - [TEST_STEP][PASSED] - verifyElementText(findTestObject("Object Repository/ITSupporter/ITSupporter-03/Page_ODTS System/p_anhtest22_1"), "anhtest22"): Actual text and expected text of test object 'Object Repository/ITSupporter/ITSupporter-03/Page_ODTS System/p_anhtest22_1' are matched.

2019-04-03 16:22:05 - [MESSAGE][PASSED] - Actual text and expected text of test object 'Object Repository/ITSupporter/ITSupporter-03/Page_ODTS System/p_anhtest22_1' are matched.

2019-04-03 16:22:05 - [TEST_STEP][PASSED] - CDATE = null: null

2019-04-03 16:22:05 - [TEST_STEP][PASSED] - br = null: null

2019-04-03 16:22:05 - [TEST_STEP][PASSED] - try: null

2019-04-03 16:22:05 - [TEST_STEP][PASSED] - br = new java.io.BufferedReader(new java.io.FileReader(absoluteFilePathCre)): null

2019-04-03 16:22:05 - [TEST_STEP][PASSED] - sCurrentLine = <not implemented yet for class: org.codehaus.groovy.ast.expr.EmptyExpression>: null

2019-04-03 16:22:05 - [TEST_STEP][PASSED] - while (sCurrentLine = br.readLine() != null): null

2019-04-03 16:22:05 - [TEST_STEP][PASSED] - CDATE = sCurrentLine: null

2019-04-03 16:22:05 - [TEST_STEP][PASSED] - Finally: null

2019-04-03 16:22:05 - [TEST_STEP][PASSED] - br.close(): null

2019-04-03 16:22:05 - [TEST_STEP][PASSED] - verifyElementText(findTestObject("Object Repository/ITSupporter/ITSupporter-03/Page_ODTS System/p_0923 01032019"), CDATE): Actual text and expected text of test object 'Object Repository/ITSupporter/ITSupporter-03/Page_ODTS System/p_0923 01032019' are matched.

2019-04-03 16:22:06 - [MESSAGE][PASSED] - Actual text and expected text of test object 'Object Repository/ITSupporter/ITSupporter-03/Page_ODTS System/p_0923 01032019' are matched.

2019-04-03 16:22:06 - [TEST_STEP][PASSED] - verifyElementText(findTestObject("Object Repository/ITSupporter/ITSupporter-03/Page_ODTS System/p_0943 01032019"), UDATE): Actual text and expected text of test object 'Object Repository/ITSupporter/ITSupporter-03/Page_ODTS System/p_0943 01032019' are matched.

2019-04-03 16:22:06 - [MESSAGE][PASSED] - Actual text and expected text of test object 'Object Repository/ITSupporter/ITSupporter-03/Page_ODTS System/p_0943 01032019' are matched.

2019-04-03 16:22:06 - [TEST_STEP][PASSED] - click(findTestObject("Object Repository/ITSupporter/ITSupporter-03/Page_ODTS System/button_ng")): Object: 'Object Repository/ITSupporter/ITSupporter-03/Page_ODTS System/button_ng' is clicked on

2019-04-03 16:22:06 - [MESSAGE][PASSED] - Object: 'Object Repository/ITSupporter/ITSupporter-03/Page_ODTS System/button_ng' is clicked on

2019-04-03 16:22:06 - [TEST_STEP][FAILED] - closeBrowser(): closeBrowser() FAILED.
Reason:
com.kms.katalon.core.exception.StepFailedException: No option matched.
	at com.kms.katalon.core.keyword.internal.KeywordMain.stepFailed(KeywordMain.groovy:37)
	at com.kms.katalon.core.keyword.internal.KeywordMain.stepFailed(KeywordMain.groovy)
	at com.kms.katalon.core.keyword.internal.KeywordMain.stepFailed(KeywordMain.groovy:21)
	at com.kms.katalon.core.webui.keyword.builtin.SelectOptionByValueKeyword$_selectOptionByValue_closure1.doCall(SelectOptionByValueKeyword.groovy:92)
	at com.kms.katalon.core.webui.keyword.builtin.SelectOptionByValueKeyword$_selectOptionByValue_closure1.call(SelectOptionByValueKeyword.groovy)
	at com.kms.katalon.core.webui.keyword.internal.WebUIKeywordMain.runKeyword(WebUIKeywordMain.groovy:21)
	at com.kms.katalon.core.webui.keyword.builtin.SelectOptionByValueKeyword.selectOptionByValue(SelectOptionByValueKeyword.groovy:99)
	at com.kms.katalon.core.webui.keyword.builtin.SelectOptionByValueKeyword.execute(SelectOptionByValueKeyword.groovy:71)
	at com.kms.katalon.core.keyword.internal.KeywordExecutor.executeKeywordForPlatform(KeywordExecutor.groovy:56)
	at com.kms.katalon.core.webui.keyword.WebUiBuiltInKeywords.selectOptionByValue(WebUiBuiltInKeywords.groovy:1138)
	at com.kms.katalon.core.webui.keyword.WebUiBuiltInKeywords$selectOptionByValue$7.call(Unknown Source)
	at ITSupporter-03.run(ITSupporter-03:71)
	at com.kms.katalon.core.main.ScriptEngine.run(ScriptEngine.java:194)
	at com.kms.katalon.core.main.ScriptEngine.runScriptAsRawText(ScriptEngine.java:119)
	at com.kms.katalon.core.main.TestCaseExecutor.runScript(TestCaseExecutor.java:331)
	at com.kms.katalon.core.main.TestCaseExecutor.doExecute(TestCaseExecutor.java:322)
	at com.kms.katalon.core.main.TestCaseExecutor.processExecutionPhase(TestCaseExecutor.java:301)
	at com.kms.katalon.core.main.TestCaseExecutor.accessMainPhase(TestCaseExecutor.java:293)
	at com.kms.katalon.core.main.TestCaseExecutor.execute(TestCaseExecutor.java:227)
	at com.kms.katalon.core.main.TestSuiteExecutor.accessTestCaseMainPhase(TestSuiteExecutor.java:129)
	at com.kms.katalon.core.main.TestSuiteExecutor.accessTestSuiteMainPhase(TestSuiteExecutor.java:112)
	at com.kms.katalon.core.main.TestSuiteExecutor.execute(TestSuiteExecutor.java:81)
	at com.kms.katalon.core.main.TestCaseMain.startTestSuite(TestCaseMain.java:157)
	at com.kms.katalon.core.main.TestCaseMain$startTestSuite$0.call(Unknown Source)
	at TempTestSuite1554283215482.run(TempTestSuite1554283215482.groovy:35)


2019-04-03 16:22:06 - [MESSAGE][PASSED] - Browser is closed

2019-04-03 16:22:06 - [MESSAGE][FAILED] - closeBrowser() FAILED.
Reason:
com.kms.katalon.core.exception.StepFailedException: No option matched.
	at com.kms.katalon.core.keyword.internal.KeywordMain.stepFailed(KeywordMain.groovy:37)
	at com.kms.katalon.core.keyword.internal.KeywordMain.stepFailed(KeywordMain.groovy)
	at com.kms.katalon.core.keyword.internal.KeywordMain.stepFailed(KeywordMain.groovy:21)
	at com.kms.katalon.core.webui.keyword.builtin.SelectOptionByValueKeyword$_selectOptionByValue_closure1.doCall(SelectOptionByValueKeyword.groovy:92)
	at com.kms.katalon.core.webui.keyword.builtin.SelectOptionByValueKeyword$_selectOptionByValue_closure1.call(SelectOptionByValueKeyword.groovy)
	at com.kms.katalon.core.webui.keyword.internal.WebUIKeywordMain.runKeyword(WebUIKeywordMain.groovy:21)
	at com.kms.katalon.core.webui.keyword.builtin.SelectOptionByValueKeyword.selectOptionByValue(SelectOptionByValueKeyword.groovy:99)
	at com.kms.katalon.core.webui.keyword.builtin.SelectOptionByValueKeyword.execute(SelectOptionByValueKeyword.groovy:71)
	at com.kms.katalon.core.keyword.internal.KeywordExecutor.executeKeywordForPlatform(KeywordExecutor.groovy:56)
	at com.kms.katalon.core.webui.keyword.WebUiBuiltInKeywords.selectOptionByValue(WebUiBuiltInKeywords.groovy:1138)
	at com.kms.katalon.core.webui.keyword.WebUiBuiltInKeywords$selectOptionByValue$7.call(Unknown Source)
	at ITSupporter-03.run(ITSupporter-03:71)
	at com.kms.katalon.core.main.ScriptEngine.run(ScriptEngine.java:194)
	at com.kms.katalon.core.main.ScriptEngine.runScriptAsRawText(ScriptEngine.java:119)
	at com.kms.katalon.core.main.TestCaseExecutor.runScript(TestCaseExecutor.java:331)
	at com.kms.katalon.core.main.TestCaseExecutor.doExecute(TestCaseExecutor.java:322)
	at com.kms.katalon.core.main.TestCaseExecutor.processExecutionPhase(TestCaseExecutor.java:301)
	at com.kms.katalon.core.main.TestCaseExecutor.accessMainPhase(TestCaseExecutor.java:293)
	at com.kms.katalon.core.main.TestCaseExecutor.execute(TestCaseExecutor.java:227)
	at com.kms.katalon.core.main.TestSuiteExecutor.accessTestCaseMainPhase(TestSuiteExecutor.java:129)
	at com.kms.katalon.core.main.TestSuiteExecutor.accessTestSuiteMainPhase(TestSuiteExecutor.java:112)
	at com.kms.katalon.core.main.TestSuiteExecutor.execute(TestSuiteExecutor.java:81)
	at com.kms.katalon.core.main.TestCaseMain.startTestSuite(TestCaseMain.java:157)
	at com.kms.katalon.core.main.TestCaseMain$startTestSuite$0.call(Unknown Source)
	at TempTestSuite1554283215482.run(TempTestSuite1554283215482.groovy:35)]]></system-out>
         <system-err><![CDATA[2019-04-03 16:21:31 - [TEST_CASE][FAILED] - Test Cases/ITSupporter/ITSupporter-03: Test Cases/ITSupporter/ITSupporter-03 FAILED.
Reason:
com.kms.katalon.core.exception.StepFailedException: No option matched.
	at com.kms.katalon.core.keyword.internal.KeywordMain.stepFailed(KeywordMain.groovy:37)
	at com.kms.katalon.core.keyword.internal.KeywordMain.stepFailed(KeywordMain.groovy)
	at com.kms.katalon.core.keyword.internal.KeywordMain.stepFailed(KeywordMain.groovy:21)
	at com.kms.katalon.core.webui.keyword.builtin.SelectOptionByValueKeyword$_selectOptionByValue_closure1.doCall(SelectOptionByValueKeyword.groovy:92)
	at com.kms.katalon.core.webui.keyword.builtin.SelectOptionByValueKeyword$_selectOptionByValue_closure1.call(SelectOptionByValueKeyword.groovy)
	at com.kms.katalon.core.webui.keyword.internal.WebUIKeywordMain.runKeyword(WebUIKeywordMain.groovy:21)
	at com.kms.katalon.core.webui.keyword.builtin.SelectOptionByValueKeyword.selectOptionByValue(SelectOptionByValueKeyword.groovy:99)
	at com.kms.katalon.core.webui.keyword.builtin.SelectOptionByValueKeyword.execute(SelectOptionByValueKeyword.groovy:71)
	at com.kms.katalon.core.keyword.internal.KeywordExecutor.executeKeywordForPlatform(KeywordExecutor.groovy:56)
	at com.kms.katalon.core.webui.keyword.WebUiBuiltInKeywords.selectOptionByValue(WebUiBuiltInKeywords.groovy:1138)
	at com.kms.katalon.core.webui.keyword.WebUiBuiltInKeywords$selectOptionByValue$7.call(Unknown Source)
	at ITSupporter-03.run(ITSupporter-03:71)
	at com.kms.katalon.core.main.ScriptEngine.run(ScriptEngine.java:194)
	at com.kms.katalon.core.main.ScriptEngine.runScriptAsRawText(ScriptEngine.java:119)
	at com.kms.katalon.core.main.TestCaseExecutor.runScript(TestCaseExecutor.java:331)
	at com.kms.katalon.core.main.TestCaseExecutor.doExecute(TestCaseExecutor.java:322)
	at com.kms.katalon.core.main.TestCaseExecutor.processExecutionPhase(TestCaseExecutor.java:301)
	at com.kms.katalon.core.main.TestCaseExecutor.accessMainPhase(TestCaseExecutor.java:293)
	at com.kms.katalon.core.main.TestCaseExecutor.execute(TestCaseExecutor.java:227)
	at com.kms.katalon.core.main.TestSuiteExecutor.accessTestCaseMainPhase(TestSuiteExecutor.java:129)
	at com.kms.katalon.core.main.TestSuiteExecutor.accessTestSuiteMainPhase(TestSuiteExecutor.java:112)
	at com.kms.katalon.core.main.TestSuiteExecutor.execute(TestSuiteExecutor.java:81)
	at com.kms.katalon.core.main.TestCaseMain.startTestSuite(TestCaseMain.java:157)
	at com.kms.katalon.core.main.TestCaseMain$startTestSuite$0.call(Unknown Source)
	at TempTestSuite1554283215482.run(TempTestSuite1554283215482.groovy:35)]]></system-err>
      </testcase>
      <testcase name="Test Cases/ITSupporter/ITSupporter-04" classname="Test Cases/ITSupporter/ITSupporter-04" status="PASSED">
         <system-out><![CDATA[2019-04-03 16:22:06 - [TEST_CASE][PASSED] - Test Cases/ITSupporter/ITSupporter-04: Test Cases/ITSupporter/ITSupporter-04

2019-04-03 16:22:07 - [TEST_STEP][PASSED] - openBrowser(""): Browser is opened with url: ''

2019-04-03 16:22:07 - [MESSAGE][INFO] - Starting 'Chrome' driver

2019-04-03 16:22:09 - [MESSAGE][PASSED] - Browser is opened with url: ''

2019-04-03 16:22:09 - [TEST_STEP][PASSED] - navigateToUrl(url): Navigate to 'http://helpdesk.wisky.vn' successfully

2019-04-03 16:22:11 - [MESSAGE][PASSED] - Navigate to 'http://helpdesk.wisky.vn' successfully

2019-04-03 16:22:11 - [TEST_STEP][PASSED] - setText(findTestObject("Object Repository/ITSupporter/ITSupporter-04/Page_ODTS System/input_ODTS_username"), "admin01"): Text 'admin01' is set on object 'Object Repository/ITSupporter/ITSupporter-04/Page_ODTS System/input_ODTS_username'

2019-04-03 16:22:11 - [MESSAGE][PASSED] - Text 'admin01' is set on object 'Object Repository/ITSupporter/ITSupporter-04/Page_ODTS System/input_ODTS_username'

2019-04-03 16:22:11 - [TEST_STEP][PASSED] - setEncryptedText(findTestObject("Object Repository/ITSupporter/ITSupporter-04/Page_ODTS System/input_ODTS_password"), "aeHFOx8jV/A="): Text ****** has been set on object 'Object Repository/ITSupporter/ITSupporter-04/Page_ODTS System/input_ODTS_password'

2019-04-03 16:22:11 - [MESSAGE][PASSED] - Text ****** has been set on object 'Object Repository/ITSupporter/ITSupporter-04/Page_ODTS System/input_ODTS_password'

2019-04-03 16:22:11 - [TEST_STEP][PASSED] - click(findTestObject("Object Repository/ITSupporter/ITSupporter-04/Page_ODTS System/button_ng Nhp")): Object: 'Object Repository/ITSupporter/ITSupporter-04/Page_ODTS System/button_ng Nhp' is clicked on

2019-04-03 16:22:11 - [MESSAGE][PASSED] - Object: 'Object Repository/ITSupporter/ITSupporter-04/Page_ODTS System/button_ng Nhp' is clicked on

2019-04-03 16:22:11 - [TEST_STEP][PASSED] - click(findTestObject("Object Repository/ITSupporter/ITSupporter-04/Page_ODTS System/a_Nhn Vin K Thut")): Object: 'Object Repository/ITSupporter/ITSupporter-04/Page_ODTS System/a_Nhn Vin K Thut' is clicked on

2019-04-03 16:22:13 - [MESSAGE][PASSED] - Object: 'Object Repository/ITSupporter/ITSupporter-04/Page_ODTS System/a_Nhn Vin K Thut' is clicked on

2019-04-03 16:22:13 - [TEST_STEP][PASSED] - click(findTestObject("Object Repository/ITSupporter/ITSupporter-04/Page_ODTS System/fieldSearch")): Object: 'Object Repository/ITSupporter/ITSupporter-04/Page_ODTS System/fieldSearch' is clicked on

2019-04-03 16:22:13 - [MESSAGE][PASSED] - Object: 'Object Repository/ITSupporter/ITSupporter-04/Page_ODTS System/fieldSearch' is clicked on

2019-04-03 16:22:13 - [TEST_STEP][PASSED] - setText(findTestObject("Object Repository/ITSupporter/ITSupporter-04/Page_ODTS System/input"), "nva22 anhtest22"): Text 'nva22 anhtest22' is set on object 'Object Repository/ITSupporter/ITSupporter-04/Page_ODTS System/input'

2019-04-03 16:22:14 - [MESSAGE][PASSED] - Text 'nva22 anhtest22' is set on object 'Object Repository/ITSupporter/ITSupporter-04/Page_ODTS System/input'

2019-04-03 16:22:14 - [TEST_STEP][PASSED] - click(findTestObject("Object Repository/ITSupporter/ITSupporter-04/Page_ODTS System/button_Online_btn btn-danger f")): Object: 'Object Repository/ITSupporter/ITSupporter-04/Page_ODTS System/button_Online_btn btn-danger f' is clicked on

2019-04-03 16:22:14 - [MESSAGE][PASSED] - Object: 'Object Repository/ITSupporter/ITSupporter-04/Page_ODTS System/button_Online_btn btn-danger f' is clicked on

2019-04-03 16:22:14 - [TEST_STEP][PASSED] - waitForAlert(1): No alert found after 1 second(s).

2019-04-03 16:22:15 - [MESSAGE][WARNING] - No alert found after 1 second(s).

2019-04-03 16:22:15 - [TEST_STEP][PASSED] - fileNameCre = "creDateITSupporter.txt": null

2019-04-03 16:22:15 - [TEST_STEP][PASSED] - fileNameUp = "upDateITSupporter.txt": null

2019-04-03 16:22:15 - [TEST_STEP][PASSED] - workingDirectory = System.getProperty("user.dir"): null

2019-04-03 16:22:15 - [TEST_STEP][PASSED] - absoluteFilePathCre = workingDirectory + separator + fileNameCre: null

2019-04-03 16:22:15 - [TEST_STEP][PASSED] - absoluteFilePathUp = workingDirectory + separator + fileNameUp: null

2019-04-03 16:22:15 - [TEST_STEP][PASSED] - writer2 = new java.io.PrintWriter(absoluteFilePathCre): null

2019-04-03 16:22:15 - [TEST_STEP][PASSED] - writer2.print(""): null

2019-04-03 16:22:15 - [TEST_STEP][PASSED] - writer2.close(): null

2019-04-03 16:22:15 - [TEST_STEP][PASSED] - writer = new java.io.PrintWriter(absoluteFilePathUp): null

2019-04-03 16:22:15 - [TEST_STEP][PASSED] - writer.print(""): null

2019-04-03 16:22:15 - [TEST_STEP][PASSED] - writer.close(): null

2019-04-03 16:22:15 - [TEST_STEP][PASSED] - click(findTestObject("Object Repository/ITSupporter/ITSupporter-04/Page_ODTS System/button_Chp Nhn Xa")): Object: 'Object Repository/ITSupporter/ITSupporter-04/Page_ODTS System/button_Chp Nhn Xa' is clicked on

2019-04-03 16:22:15 - [MESSAGE][PASSED] - Object: 'Object Repository/ITSupporter/ITSupporter-04/Page_ODTS System/button_Chp Nhn Xa' is clicked on

2019-04-03 16:22:15 - [TEST_STEP][PASSED] - waitForAlert(1): No alert found after 1 second(s).

2019-04-03 16:22:16 - [MESSAGE][WARNING] - No alert found after 1 second(s).

2019-04-03 16:22:16 - [TEST_STEP][PASSED] - click(findTestObject("Object Repository/ITSupporter/ITSupporter-04/Page_ODTS System/button_OK")): Object: 'Object Repository/ITSupporter/ITSupporter-04/Page_ODTS System/button_OK' is clicked on

2019-04-03 16:22:16 - [MESSAGE][PASSED] - Object: 'Object Repository/ITSupporter/ITSupporter-04/Page_ODTS System/button_OK' is clicked on

2019-04-03 16:22:16 - [TEST_STEP][PASSED] - verifyElementVisible(findTestObject("Object Repository/ITSupporter/ITSupporter-04/Page_ODTS System/td_Khng c d liu ph hp")): Object 'Object Repository/ITSupporter/ITSupporter-04/Page_ODTS System/td_Khng c d liu ph hp' is visible

2019-04-03 16:22:16 - [MESSAGE][PASSED] - Object 'Object Repository/ITSupporter/ITSupporter-04/Page_ODTS System/td_Khng c d liu ph hp' is visible

2019-04-03 16:22:16 - [TEST_STEP][PASSED] - click(findTestObject("Object Repository/ITSupporter/ITSupporter-04/Page_ODTS System/a_H Thng Ti Khon")): Object: 'Object Repository/ITSupporter/ITSupporter-04/Page_ODTS System/a_H Thng Ti Khon' is clicked on

2019-04-03 16:22:17 - [MESSAGE][PASSED] - Object: 'Object Repository/ITSupporter/ITSupporter-04/Page_ODTS System/a_H Thng Ti Khon' is clicked on

2019-04-03 16:22:17 - [TEST_STEP][PASSED] - click(findTestObject("Object Repository/ITSupporter/ITSupporter-04/Page_ODTS System/fieldSearch2")): Object: 'Object Repository/ITSupporter/ITSupporter-04/Page_ODTS System/fieldSearch2' is clicked on

2019-04-03 16:22:17 - [MESSAGE][PASSED] - Object: 'Object Repository/ITSupporter/ITSupporter-04/Page_ODTS System/fieldSearch2' is clicked on

2019-04-03 16:22:17 - [TEST_STEP][PASSED] - setText(findTestObject("Object Repository/ITSupporter/ITSupporter-04/Page_ODTS System/input"), "itsupporter anhtest22"): Text 'itsupporter anhtest22' is set on object 'Object Repository/ITSupporter/ITSupporter-04/Page_ODTS System/input'

2019-04-03 16:22:18 - [MESSAGE][PASSED] - Text 'itsupporter anhtest22' is set on object 'Object Repository/ITSupporter/ITSupporter-04/Page_ODTS System/input'

2019-04-03 16:22:18 - [TEST_STEP][PASSED] - verifyElementVisible(findTestObject("Object Repository/ITSupporter/ITSupporter-04/Page_ODTS System/td_Khng c d liu ph hp")): Object 'Object Repository/ITSupporter/ITSupporter-04/Page_ODTS System/td_Khng c d liu ph hp' is visible

2019-04-03 16:22:18 - [MESSAGE][PASSED] - Object 'Object Repository/ITSupporter/ITSupporter-04/Page_ODTS System/td_Khng c d liu ph hp' is visible

2019-04-03 16:22:18 - [TEST_STEP][PASSED] - closeBrowser(): Browser is closed

2019-04-03 16:22:19 - [MESSAGE][PASSED] - Browser is closed]]></system-out>
         <system-err><![CDATA[]]></system-err>
      </testcase>
      <system-out><![CDATA[2019-04-03 16:20:18 - [TEST_SUITE][FAILED] - ITSupporter01-02-03-04: Test Cases/ITSupporter/ITSupporter-01 FAILED.
Reason:
com.kms.katalon.core.exception.StepFailedException: Unable to click on object 'Object Repository/ITSupporter/ITSupporter-01/Page_ODTS System/button_OK'
	at com.kms.katalon.core.keyword.internal.KeywordMain.stepFailed(KeywordMain.groovy:37)
	at com.kms.katalon.core.webui.keyword.internal.WebUIKeywordMain.stepFailed(WebUIKeywordMain.groovy:65)
	at com.kms.katalon.core.webui.keyword.internal.WebUIKeywordMain.runKeyword(WebUIKeywordMain.groovy:27)
	at com.kms.katalon.core.webui.keyword.builtin.ClickKeyword.click(ClickKeyword.groovy:86)
	at com.kms.katalon.core.webui.keyword.builtin.ClickKeyword.execute(ClickKeyword.groovy:67)
	at com.kms.katalon.core.keyword.internal.KeywordExecutor.executeKeywordForPlatform(KeywordExecutor.groovy:56)
	at com.kms.katalon.core.webui.keyword.WebUiBuiltInKeywords.click(WebUiBuiltInKeywords.groovy:616)
	at com.kms.katalon.core.webui.keyword.WebUiBuiltInKeywords$click$3.call(Unknown Source)
	at ITSupporter-01.run(ITSupporter-01:99)
	at com.kms.katalon.core.main.ScriptEngine.run(ScriptEngine.java:194)
	at com.kms.katalon.core.main.ScriptEngine.runScriptAsRawText(ScriptEngine.java:119)
	at com.kms.katalon.core.main.TestCaseExecutor.runScript(TestCaseExecutor.java:331)
	at com.kms.katalon.core.main.TestCaseExecutor.doExecute(TestCaseExecutor.java:322)
	at com.kms.katalon.core.main.TestCaseExecutor.processExecutionPhase(TestCaseExecutor.java:301)
	at com.kms.katalon.core.main.TestCaseExecutor.accessMainPhase(TestCaseExecutor.java:293)
	at com.kms.katalon.core.main.TestCaseExecutor.execute(TestCaseExecutor.java:227)
	at com.kms.katalon.core.main.TestSuiteExecutor.accessTestCaseMainPhase(TestSuiteExecutor.java:129)
	at com.kms.katalon.core.main.TestSuiteExecutor.accessTestSuiteMainPhase(TestSuiteExecutor.java:112)
	at com.kms.katalon.core.main.TestSuiteExecutor.execute(TestSuiteExecutor.java:81)
	at com.kms.katalon.core.main.TestCaseMain.startTestSuite(TestCaseMain.java:157)
	at com.kms.katalon.core.main.TestCaseMain$startTestSuite$0.call(Unknown Source)
	at TempTestSuite1554283215482.run(TempTestSuite1554283215482.groovy:35)]]></system-out>
      <system-err><![CDATA[2019-04-03 16:20:18 - [TEST_SUITE][FAILED] - ITSupporter01-02-03-04: Test Cases/ITSupporter/ITSupporter-01 FAILED.
Reason:
com.kms.katalon.core.exception.StepFailedException: Unable to click on object 'Object Repository/ITSupporter/ITSupporter-01/Page_ODTS System/button_OK'
	at com.kms.katalon.core.keyword.internal.KeywordMain.stepFailed(KeywordMain.groovy:37)
	at com.kms.katalon.core.webui.keyword.internal.WebUIKeywordMain.stepFailed(WebUIKeywordMain.groovy:65)
	at com.kms.katalon.core.webui.keyword.internal.WebUIKeywordMain.runKeyword(WebUIKeywordMain.groovy:27)
	at com.kms.katalon.core.webui.keyword.builtin.ClickKeyword.click(ClickKeyword.groovy:86)
	at com.kms.katalon.core.webui.keyword.builtin.ClickKeyword.execute(ClickKeyword.groovy:67)
	at com.kms.katalon.core.keyword.internal.KeywordExecutor.executeKeywordForPlatform(KeywordExecutor.groovy:56)
	at com.kms.katalon.core.webui.keyword.WebUiBuiltInKeywords.click(WebUiBuiltInKeywords.groovy:616)
	at com.kms.katalon.core.webui.keyword.WebUiBuiltInKeywords$click$3.call(Unknown Source)
	at ITSupporter-01.run(ITSupporter-01:99)
	at com.kms.katalon.core.main.ScriptEngine.run(ScriptEngine.java:194)
	at com.kms.katalon.core.main.ScriptEngine.runScriptAsRawText(ScriptEngine.java:119)
	at com.kms.katalon.core.main.TestCaseExecutor.runScript(TestCaseExecutor.java:331)
	at com.kms.katalon.core.main.TestCaseExecutor.doExecute(TestCaseExecutor.java:322)
	at com.kms.katalon.core.main.TestCaseExecutor.processExecutionPhase(TestCaseExecutor.java:301)
	at com.kms.katalon.core.main.TestCaseExecutor.accessMainPhase(TestCaseExecutor.java:293)
	at com.kms.katalon.core.main.TestCaseExecutor.execute(TestCaseExecutor.java:227)
	at com.kms.katalon.core.main.TestSuiteExecutor.accessTestCaseMainPhase(TestSuiteExecutor.java:129)
	at com.kms.katalon.core.main.TestSuiteExecutor.accessTestSuiteMainPhase(TestSuiteExecutor.java:112)
	at com.kms.katalon.core.main.TestSuiteExecutor.execute(TestSuiteExecutor.java:81)
	at com.kms.katalon.core.main.TestCaseMain.startTestSuite(TestCaseMain.java:157)
	at com.kms.katalon.core.main.TestCaseMain$startTestSuite$0.call(Unknown Source)
	at TempTestSuite1554283215482.run(TempTestSuite1554283215482.groovy:35)]]></system-err>
   </testsuite>
</testsuites>
