<?xml version="1.0" encoding="UTF-8"?>
<testsuites name="TypeOfDevice01-02-03-04" time="107" tests="2" failures="2" errors="0">
   <testsuite name="TypeOfDevice01-02-03-04" tests="2" failures="2" errors="0" time="107" timestamp="2019-03-01 14:30:39" hostname="Ninja - AnhNVSE63446" id="Test Suites/TypeOfDevice01-02-03-04">
      <properties>
         <property name="deviceName" value=""/>
         <property name="devicePlatform" value=""/>
         <property name="logFolder" value="C:\\Users\\pc\\HelpdeskAutomation\\Reports\\TypeOfDevice01-02-03-04\\20190301_143030"/>
         <property name="logFiles" value="C:\\Users\\pc\\HelpdeskAutomation\\Reports\\TypeOfDevice01-02-03-04\\20190301_143030\\execution0.log"/>
         <property name="attachments" value="C:\\Users\\pc\\HelpdeskAutomation\\Reports\\TypeOfDevice01-02-03-04\\20190301_143030\\1551425497118.png, C:\\Users\\pc\\HelpdeskAutomation\\Reports\\TypeOfDevice01-02-03-04\\20190301_143030\\1551425523913.png"/>
         <property name="hostName" value="Ninja - AnhNVSE63446"/>
         <property name="os" value="Windows 10 64bit"/>
         <property name="katalonVersion" value="5.10.0.1"/>
         <property name="browser" value="Chrome 72.0.3626.119"/>
         <property name="hostAddress" value="192.168.175.1"/>
         <property name="sessionId" value="17e97633b7f31e2300c8fd3fffef8640"/>
         <property name="seleniumVersion" value="3.7.1"/>
         <property name="proxyInformation" value="ProxyInformation{proxyOption=NO_PROXY, proxyServerType=HTTP, password=, proxyServerAddress=, proxyServerPort=0}"/>
         <property name="platform" value="Windows 10"/>
      </properties>
      <testcase name="Test Cases/TypeOfDevice/Type of device-01" classname="Test Cases/TypeOfDevice/Type of device-01" status="FAILED">
         <failure type="FAILED" message="Test Cases/TypeOfDevice/Type of device-01 FAILED.
Reason:
com.kms.katalon.core.exception.StepFailedException: Unable to click on object 'Object Repository/TypeOfDevice/Type of device-01/Page_ODTS System/button_OK' (Root cause: com.kms.katalon.core.webui.exception.WebElementNotFoundException: Web element with id: 'Object Repository/TypeOfDevice/Type of device-01/Page_ODTS System/button_OK' located by 'By.xpath: (//button[@type='button'])[36]' not found)
	at com.kms.katalon.core.keyword.internal.KeywordMain.stepFailed(KeywordMain.groovy:36)
	at com.kms.katalon.core.webui.keyword.internal.WebUIKeywordMain.stepFailed(WebUIKeywordMain.groovy:65)
	at com.kms.katalon.core.webui.keyword.internal.WebUIKeywordMain.runKeyword(WebUIKeywordMain.groovy:27)
	at com.kms.katalon.core.webui.keyword.builtin.ClickKeyword.click(ClickKeyword.groovy:86)
	at com.kms.katalon.core.webui.keyword.builtin.ClickKeyword.execute(ClickKeyword.groovy:67)
	at com.kms.katalon.core.keyword.internal.KeywordExecutor.executeKeywordForPlatform(KeywordExecutor.groovy:53)
	at com.kms.katalon.core.webui.keyword.WebUiBuiltInKeywords.click(WebUiBuiltInKeywords.groovy:616)
	at com.kms.katalon.core.webui.keyword.WebUiBuiltInKeywords$click$3.call(Unknown Source)
	at Type of device-01.run(Type of device-01:69)
	at com.kms.katalon.core.main.ScriptEngine.run(ScriptEngine.java:194)
	at com.kms.katalon.core.main.ScriptEngine.runScriptAsRawText(ScriptEngine.java:119)
	at com.kms.katalon.core.main.TestCaseExecutor.runScript(TestCaseExecutor.java:328)
	at com.kms.katalon.core.main.TestCaseExecutor.doExecute(TestCaseExecutor.java:319)
	at com.kms.katalon.core.main.TestCaseExecutor.processExecutionPhase(TestCaseExecutor.java:298)
	at com.kms.katalon.core.main.TestCaseExecutor.accessMainPhase(TestCaseExecutor.java:290)
	at com.kms.katalon.core.main.TestCaseExecutor.execute(TestCaseExecutor.java:224)
	at com.kms.katalon.core.main.TestSuiteExecutor.accessTestCaseMainPhase(TestSuiteExecutor.java:129)
	at com.kms.katalon.core.main.TestSuiteExecutor.accessTestSuiteMainPhase(TestSuiteExecutor.java:112)
	at com.kms.katalon.core.main.TestSuiteExecutor.execute(TestSuiteExecutor.java:81)
	at com.kms.katalon.core.main.TestCaseMain.startTestSuite(TestCaseMain.java:149)
	at com.kms.katalon.core.main.TestCaseMain$startTestSuite$0.call(Unknown Source)
	at TempTestSuite1551425434680.run(TempTestSuite1551425434680.groovy:36)
"/>
         <system-out><![CDATA[2019-03-01 14:30:40 - [TEST_CASE][FAILED] - Test Cases/TypeOfDevice/Type of device-01: Test Cases/TypeOfDevice/Type of device-01 FAILED.
Reason:
com.kms.katalon.core.exception.StepFailedException: Unable to click on object 'Object Repository/TypeOfDevice/Type of device-01/Page_ODTS System/button_OK' (Root cause: com.kms.katalon.core.webui.exception.WebElementNotFoundException: Web element with id: 'Object Repository/TypeOfDevice/Type of device-01/Page_ODTS System/button_OK' located by 'By.xpath: (//button[@type='button'])[36]' not found)
	at com.kms.katalon.core.keyword.internal.KeywordMain.stepFailed(KeywordMain.groovy:36)
	at com.kms.katalon.core.webui.keyword.internal.WebUIKeywordMain.stepFailed(WebUIKeywordMain.groovy:65)
	at com.kms.katalon.core.webui.keyword.internal.WebUIKeywordMain.runKeyword(WebUIKeywordMain.groovy:27)
	at com.kms.katalon.core.webui.keyword.builtin.ClickKeyword.click(ClickKeyword.groovy:86)
	at com.kms.katalon.core.webui.keyword.builtin.ClickKeyword.execute(ClickKeyword.groovy:67)
	at com.kms.katalon.core.keyword.internal.KeywordExecutor.executeKeywordForPlatform(KeywordExecutor.groovy:53)
	at com.kms.katalon.core.webui.keyword.WebUiBuiltInKeywords.click(WebUiBuiltInKeywords.groovy:616)
	at com.kms.katalon.core.webui.keyword.WebUiBuiltInKeywords$click$3.call(Unknown Source)
	at Type of device-01.run(Type of device-01:69)
	at com.kms.katalon.core.main.ScriptEngine.run(ScriptEngine.java:194)
	at com.kms.katalon.core.main.ScriptEngine.runScriptAsRawText(ScriptEngine.java:119)
	at com.kms.katalon.core.main.TestCaseExecutor.runScript(TestCaseExecutor.java:328)
	at com.kms.katalon.core.main.TestCaseExecutor.doExecute(TestCaseExecutor.java:319)
	at com.kms.katalon.core.main.TestCaseExecutor.processExecutionPhase(TestCaseExecutor.java:298)
	at com.kms.katalon.core.main.TestCaseExecutor.accessMainPhase(TestCaseExecutor.java:290)
	at com.kms.katalon.core.main.TestCaseExecutor.execute(TestCaseExecutor.java:224)
	at com.kms.katalon.core.main.TestSuiteExecutor.accessTestCaseMainPhase(TestSuiteExecutor.java:129)
	at com.kms.katalon.core.main.TestSuiteExecutor.accessTestSuiteMainPhase(TestSuiteExecutor.java:112)
	at com.kms.katalon.core.main.TestSuiteExecutor.execute(TestSuiteExecutor.java:81)
	at com.kms.katalon.core.main.TestCaseMain.startTestSuite(TestCaseMain.java:149)
	at com.kms.katalon.core.main.TestCaseMain$startTestSuite$0.call(Unknown Source)
	at TempTestSuite1551425434680.run(TempTestSuite1551425434680.groovy:36)


2019-03-01 14:30:42 - [TEST_STEP][PASSED] - openBrowser(""): Browser is opened with url: ''

2019-03-01 14:30:43 - [MESSAGE][INFO] - Starting 'Chrome' driver

2019-03-01 14:30:43 - [MESSAGE][INFO] - Action delay is set to 0 seconds

2019-03-01 14:30:49 - [MESSAGE][PASSED] - Browser is opened with url: ''

2019-03-01 14:30:49 - [TEST_STEP][PASSED] - navigateToUrl("http://helpdesk.wisky.vn/"): Navigate to 'http://helpdesk.wisky.vn/' successfully

2019-03-01 14:30:52 - [MESSAGE][PASSED] - Navigate to 'http://helpdesk.wisky.vn/' successfully

2019-03-01 14:30:52 - [TEST_STEP][PASSED] - setText(findTestObject("TypeOfDevice/Type of device-01/Page_ODTS System/input_ODTS_username"), "admin01"): Text 'admin01' is set on object 'Object Repository/TypeOfDevice/Type of device-01/Page_ODTS System/input_ODTS_username'

2019-03-01 14:30:53 - [MESSAGE][PASSED] - Text 'admin01' is set on object 'Object Repository/TypeOfDevice/Type of device-01/Page_ODTS System/input_ODTS_username'

2019-03-01 14:30:53 - [TEST_STEP][PASSED] - setEncryptedText(findTestObject("TypeOfDevice/Type of device-01/Page_ODTS System/input_ODTS_password"), "aeHFOx8jV/A="): Text ****** has been set on object 'Object Repository/TypeOfDevice/Type of device-01/Page_ODTS System/input_ODTS_password'

2019-03-01 14:30:53 - [MESSAGE][PASSED] - Text ****** has been set on object 'Object Repository/TypeOfDevice/Type of device-01/Page_ODTS System/input_ODTS_password'

2019-03-01 14:30:53 - [TEST_STEP][PASSED] - click(findTestObject("TypeOfDevice/Type of device-01/Page_ODTS System/button_ng Nhp")): Object: 'Object Repository/TypeOfDevice/Type of device-01/Page_ODTS System/button_ng Nhp' is clicked on

2019-03-01 14:30:54 - [MESSAGE][PASSED] - Object: 'Object Repository/TypeOfDevice/Type of device-01/Page_ODTS System/button_ng Nhp' is clicked on

2019-03-01 14:30:54 - [TEST_STEP][PASSED] - click(findTestObject("TypeOfDevice/Type of device-01/Page_ODTS System/a_Loi Thit B")): Object: 'Object Repository/TypeOfDevice/Type of device-01/Page_ODTS System/a_Loi Thit B' is clicked on

2019-03-01 14:30:56 - [MESSAGE][PASSED] - Object: 'Object Repository/TypeOfDevice/Type of device-01/Page_ODTS System/a_Loi Thit B' is clicked on

2019-03-01 14:30:56 - [TEST_STEP][PASSED] - waitForAlert(1): No alert found after 1 second(s).

2019-03-01 14:30:57 - [MESSAGE][WARNING] - No alert found after 1 second(s).

2019-03-01 14:30:57 - [TEST_STEP][PASSED] - click(findTestObject("TypeOfDevice/Type of device-01/Page_ODTS System/font_To Loi Thit B")): Object: 'Object Repository/TypeOfDevice/Type of device-01/Page_ODTS System/font_To Loi Thit B' is clicked on

2019-03-01 14:30:57 - [MESSAGE][PASSED] - Object: 'Object Repository/TypeOfDevice/Type of device-01/Page_ODTS System/font_To Loi Thit B' is clicked on

2019-03-01 14:30:57 - [TEST_STEP][PASSED] - waitForAlert(1): No alert found after 1 second(s).

2019-03-01 14:30:59 - [MESSAGE][WARNING] - No alert found after 1 second(s).

2019-03-01 14:30:59 - [TEST_STEP][PASSED] - setText(findTestObject("TypeOfDevice/Type of device-01/Page_ODTS System/input_Tn Loi Thit B_dtNameCrea"), "anhtest"): Text 'anhtest' is set on object 'Object Repository/TypeOfDevice/Type of device-01/Page_ODTS System/input_Tn Loi Thit B_dtNameCrea'

2019-03-01 14:30:59 - [MESSAGE][PASSED] - Text 'anhtest' is set on object 'Object Repository/TypeOfDevice/Type of device-01/Page_ODTS System/input_Tn Loi Thit B_dtNameCrea'

2019-03-01 14:30:59 - [TEST_STEP][PASSED] - waitForAlert(1): No alert found after 1 second(s).

2019-03-01 14:31:00 - [MESSAGE][WARNING] - No alert found after 1 second(s).

2019-03-01 14:31:00 - [TEST_STEP][PASSED] - click(findTestObject("TypeOfDevice/Type of device-01/Page_ODTS System/span_--Chn Loi Dch V--")): Object: 'Object Repository/TypeOfDevice/Type of device-01/Page_ODTS System/span_--Chn Loi Dch V--' is clicked on

2019-03-01 14:31:00 - [MESSAGE][PASSED] - Object: 'Object Repository/TypeOfDevice/Type of device-01/Page_ODTS System/span_--Chn Loi Dch V--' is clicked on

2019-03-01 14:31:00 - [TEST_STEP][PASSED] - setText(findTestObject("TypeOfDevice/Type of device-01/Page_ODTS System/input_ng_select2-search__field"), "CAMERA"): Text 'CAMERA' is set on object 'Object Repository/TypeOfDevice/Type of device-01/Page_ODTS System/input_ng_select2-search__field'

2019-03-01 14:31:01 - [MESSAGE][PASSED] - Text 'CAMERA' is set on object 'Object Repository/TypeOfDevice/Type of device-01/Page_ODTS System/input_ng_select2-search__field'

2019-03-01 14:31:01 - [TEST_STEP][PASSED] - sendKeys(findTestObject("TypeOfDevice/Type of device-01/Page_ODTS System/input_ng_select2-search__field"), Keys.chord(ENTER)): Keys 'ENTER + ' sent to object: 'Object Repository/TypeOfDevice/Type of device-01/Page_ODTS System/input_ng_select2-search__field'

2019-03-01 14:31:01 - [MESSAGE][PASSED] - Keys 'ENTER + ' sent to object: 'Object Repository/TypeOfDevice/Type of device-01/Page_ODTS System/input_ng_select2-search__field'

2019-03-01 14:31:01 - [TEST_STEP][PASSED] - waitForAlert(1): No alert found after 1 second(s).

2019-03-01 14:31:02 - [MESSAGE][WARNING] - No alert found after 1 second(s).

2019-03-01 14:31:02 - [TEST_STEP][PASSED] - setText(findTestObject("TypeOfDevice/Type of device-01/Page_ODTS System/input_M T Loi Thit B_dtDescrip"), "hihi"): Text 'hihi' is set on object 'Object Repository/TypeOfDevice/Type of device-01/Page_ODTS System/input_M T Loi Thit B_dtDescrip'

2019-03-01 14:31:02 - [MESSAGE][PASSED] - Text 'hihi' is set on object 'Object Repository/TypeOfDevice/Type of device-01/Page_ODTS System/input_M T Loi Thit B_dtDescrip'

2019-03-01 14:31:02 - [TEST_STEP][PASSED] - CDATE = SimpleDateFormat(dd/MM/yyyy).format(getInstance().getTime()): null

2019-03-01 14:31:02 - [TEST_STEP][PASSED] - writer = null: null

2019-03-01 14:31:02 - [TEST_STEP][PASSED] - writer2 = null: null

2019-03-01 14:31:02 - [TEST_STEP][PASSED] - try: null

2019-03-01 14:31:02 - [TEST_STEP][PASSED] - writer = new java.io.BufferedWriter(new java.io.OutputStreamWriter(new java.io.FileOutputStream(C:\Users\pc\HelpdeskAutomation\creDateTypeOfDevice.txt), utf-8)): null

2019-03-01 14:31:03 - [TEST_STEP][PASSED] - writer.write(CDATE): null

2019-03-01 14:31:03 - [TEST_STEP][PASSED] - writer2 = new java.io.BufferedWriter(new java.io.OutputStreamWriter(new java.io.FileOutputStream(C:\Users\pc\HelpdeskAutomation\upDateTypeOfDevice.txt), utf-8)): null

2019-03-01 14:31:03 - [TEST_STEP][PASSED] - writer2.write(CDATE): null

2019-03-01 14:31:03 - [TEST_STEP][PASSED] - Finally: null

2019-03-01 14:31:03 - [TEST_STEP][PASSED] - try: null

2019-03-01 14:31:03 - [TEST_STEP][PASSED] - writer.close(): null

2019-03-01 14:31:03 - [TEST_STEP][PASSED] - writer2.close(): null

2019-03-01 14:31:03 - [TEST_STEP][PASSED] - waitForAlert(1): No alert found after 1 second(s).

2019-03-01 14:31:04 - [MESSAGE][WARNING] - No alert found after 1 second(s).

2019-03-01 14:31:04 - [TEST_STEP][PASSED] - click(findTestObject("TypeOfDevice/Type of device-01/Page_ODTS System/button_To Mi")): Object: 'Object Repository/TypeOfDevice/Type of device-01/Page_ODTS System/button_To Mi' is clicked on

2019-03-01 14:31:04 - [MESSAGE][PASSED] - Object: 'Object Repository/TypeOfDevice/Type of device-01/Page_ODTS System/button_To Mi' is clicked on

2019-03-01 14:31:04 - [TEST_STEP][PASSED] - waitForAlert(1): No alert found after 1 second(s).

2019-03-01 14:31:05 - [MESSAGE][WARNING] - No alert found after 1 second(s).

2019-03-01 14:31:05 - [TEST_STEP][FAILED] - click(findTestObject("TypeOfDevice/Type of device-01/Page_ODTS System/button_OK")): click(findTestObject("TypeOfDevice/Type of device-01/Page_ODTS System/button_OK")) FAILED.
Reason:
com.kms.katalon.core.exception.StepFailedException: Unable to click on object 'Object Repository/TypeOfDevice/Type of device-01/Page_ODTS System/button_OK' (Root cause: com.kms.katalon.core.webui.exception.WebElementNotFoundException: Web element with id: 'Object Repository/TypeOfDevice/Type of device-01/Page_ODTS System/button_OK' located by 'By.xpath: (//button[@type='button'])[36]' not found)
	at com.kms.katalon.core.keyword.internal.KeywordMain.stepFailed(KeywordMain.groovy:36)
	at com.kms.katalon.core.webui.keyword.internal.WebUIKeywordMain.stepFailed(WebUIKeywordMain.groovy:65)
	at com.kms.katalon.core.webui.keyword.internal.WebUIKeywordMain.runKeyword(WebUIKeywordMain.groovy:27)
	at com.kms.katalon.core.webui.keyword.builtin.ClickKeyword.click(ClickKeyword.groovy:86)
	at com.kms.katalon.core.webui.keyword.builtin.ClickKeyword.execute(ClickKeyword.groovy:67)
	at com.kms.katalon.core.keyword.internal.KeywordExecutor.executeKeywordForPlatform(KeywordExecutor.groovy:53)
	at com.kms.katalon.core.webui.keyword.WebUiBuiltInKeywords.click(WebUiBuiltInKeywords.groovy:616)
	at com.kms.katalon.core.webui.keyword.WebUiBuiltInKeywords$click$3.call(Unknown Source)
	at Type of device-01.run(Type of device-01:69)
	at com.kms.katalon.core.main.ScriptEngine.run(ScriptEngine.java:194)
	at com.kms.katalon.core.main.ScriptEngine.runScriptAsRawText(ScriptEngine.java:119)
	at com.kms.katalon.core.main.TestCaseExecutor.runScript(TestCaseExecutor.java:328)
	at com.kms.katalon.core.main.TestCaseExecutor.doExecute(TestCaseExecutor.java:319)
	at com.kms.katalon.core.main.TestCaseExecutor.processExecutionPhase(TestCaseExecutor.java:298)
	at com.kms.katalon.core.main.TestCaseExecutor.accessMainPhase(TestCaseExecutor.java:290)
	at com.kms.katalon.core.main.TestCaseExecutor.execute(TestCaseExecutor.java:224)
	at com.kms.katalon.core.main.TestSuiteExecutor.accessTestCaseMainPhase(TestSuiteExecutor.java:129)
	at com.kms.katalon.core.main.TestSuiteExecutor.accessTestSuiteMainPhase(TestSuiteExecutor.java:112)
	at com.kms.katalon.core.main.TestSuiteExecutor.execute(TestSuiteExecutor.java:81)
	at com.kms.katalon.core.main.TestCaseMain.startTestSuite(TestCaseMain.java:149)
	at com.kms.katalon.core.main.TestCaseMain$startTestSuite$0.call(Unknown Source)
	at TempTestSuite1551425434680.run(TempTestSuite1551425434680.groovy:36)


2019-03-01 14:31:37 - [MESSAGE][INFO] - Unable to find the element located by 'By.xpath: (//button[@type='button'])[36]'. Please recheck the objects properties to make sure the desired element is located. 

2019-03-01 14:31:37 - [MESSAGE][FAILED] - Unable to click on object 'Object Repository/TypeOfDevice/Type of device-01/Page_ODTS System/button_OK' (Root cause: com.kms.katalon.core.webui.exception.WebElementNotFoundException: Web element with id: 'Object Repository/TypeOfDevice/Type of device-01/Page_ODTS System/button_OK' located by 'By.xpath: (//button[@type='button'])[36]' not found)
[[ATTACHMENT|C:\\Users\\pc\\HelpdeskAutomation\\Reports\\TypeOfDevice01-02-03-04\\20190301_143030\\1551425497118.png]]

2019-03-01 14:31:37 - [MESSAGE][FAILED] - click(findTestObject("TypeOfDevice/Type of device-01/Page_ODTS System/button_OK")) FAILED.
Reason:
com.kms.katalon.core.exception.StepFailedException: Unable to click on object 'Object Repository/TypeOfDevice/Type of device-01/Page_ODTS System/button_OK' (Root cause: com.kms.katalon.core.webui.exception.WebElementNotFoundException: Web element with id: 'Object Repository/TypeOfDevice/Type of device-01/Page_ODTS System/button_OK' located by 'By.xpath: (//button[@type='button'])[36]' not found)
	at com.kms.katalon.core.keyword.internal.KeywordMain.stepFailed(KeywordMain.groovy:36)
	at com.kms.katalon.core.webui.keyword.internal.WebUIKeywordMain.stepFailed(WebUIKeywordMain.groovy:65)
	at com.kms.katalon.core.webui.keyword.internal.WebUIKeywordMain.runKeyword(WebUIKeywordMain.groovy:27)
	at com.kms.katalon.core.webui.keyword.builtin.ClickKeyword.click(ClickKeyword.groovy:86)
	at com.kms.katalon.core.webui.keyword.builtin.ClickKeyword.execute(ClickKeyword.groovy:67)
	at com.kms.katalon.core.keyword.internal.KeywordExecutor.executeKeywordForPlatform(KeywordExecutor.groovy:53)
	at com.kms.katalon.core.webui.keyword.WebUiBuiltInKeywords.click(WebUiBuiltInKeywords.groovy:616)
	at com.kms.katalon.core.webui.keyword.WebUiBuiltInKeywords$click$3.call(Unknown Source)
	at Type of device-01.run(Type of device-01:69)
	at com.kms.katalon.core.main.ScriptEngine.run(ScriptEngine.java:194)
	at com.kms.katalon.core.main.ScriptEngine.runScriptAsRawText(ScriptEngine.java:119)
	at com.kms.katalon.core.main.TestCaseExecutor.runScript(TestCaseExecutor.java:328)
	at com.kms.katalon.core.main.TestCaseExecutor.doExecute(TestCaseExecutor.java:319)
	at com.kms.katalon.core.main.TestCaseExecutor.processExecutionPhase(TestCaseExecutor.java:298)
	at com.kms.katalon.core.main.TestCaseExecutor.accessMainPhase(TestCaseExecutor.java:290)
	at com.kms.katalon.core.main.TestCaseExecutor.execute(TestCaseExecutor.java:224)
	at com.kms.katalon.core.main.TestSuiteExecutor.accessTestCaseMainPhase(TestSuiteExecutor.java:129)
	at com.kms.katalon.core.main.TestSuiteExecutor.accessTestSuiteMainPhase(TestSuiteExecutor.java:112)
	at com.kms.katalon.core.main.TestSuiteExecutor.execute(TestSuiteExecutor.java:81)
	at com.kms.katalon.core.main.TestCaseMain.startTestSuite(TestCaseMain.java:149)
	at com.kms.katalon.core.main.TestCaseMain$startTestSuite$0.call(Unknown Source)
	at TempTestSuite1551425434680.run(TempTestSuite1551425434680.groovy:36)]]></system-out>
         <system-err><![CDATA[2019-03-01 14:30:40 - [TEST_CASE][FAILED] - Test Cases/TypeOfDevice/Type of device-01: Test Cases/TypeOfDevice/Type of device-01 FAILED.
Reason:
com.kms.katalon.core.exception.StepFailedException: Unable to click on object 'Object Repository/TypeOfDevice/Type of device-01/Page_ODTS System/button_OK' (Root cause: com.kms.katalon.core.webui.exception.WebElementNotFoundException: Web element with id: 'Object Repository/TypeOfDevice/Type of device-01/Page_ODTS System/button_OK' located by 'By.xpath: (//button[@type='button'])[36]' not found)
	at com.kms.katalon.core.keyword.internal.KeywordMain.stepFailed(KeywordMain.groovy:36)
	at com.kms.katalon.core.webui.keyword.internal.WebUIKeywordMain.stepFailed(WebUIKeywordMain.groovy:65)
	at com.kms.katalon.core.webui.keyword.internal.WebUIKeywordMain.runKeyword(WebUIKeywordMain.groovy:27)
	at com.kms.katalon.core.webui.keyword.builtin.ClickKeyword.click(ClickKeyword.groovy:86)
	at com.kms.katalon.core.webui.keyword.builtin.ClickKeyword.execute(ClickKeyword.groovy:67)
	at com.kms.katalon.core.keyword.internal.KeywordExecutor.executeKeywordForPlatform(KeywordExecutor.groovy:53)
	at com.kms.katalon.core.webui.keyword.WebUiBuiltInKeywords.click(WebUiBuiltInKeywords.groovy:616)
	at com.kms.katalon.core.webui.keyword.WebUiBuiltInKeywords$click$3.call(Unknown Source)
	at Type of device-01.run(Type of device-01:69)
	at com.kms.katalon.core.main.ScriptEngine.run(ScriptEngine.java:194)
	at com.kms.katalon.core.main.ScriptEngine.runScriptAsRawText(ScriptEngine.java:119)
	at com.kms.katalon.core.main.TestCaseExecutor.runScript(TestCaseExecutor.java:328)
	at com.kms.katalon.core.main.TestCaseExecutor.doExecute(TestCaseExecutor.java:319)
	at com.kms.katalon.core.main.TestCaseExecutor.processExecutionPhase(TestCaseExecutor.java:298)
	at com.kms.katalon.core.main.TestCaseExecutor.accessMainPhase(TestCaseExecutor.java:290)
	at com.kms.katalon.core.main.TestCaseExecutor.execute(TestCaseExecutor.java:224)
	at com.kms.katalon.core.main.TestSuiteExecutor.accessTestCaseMainPhase(TestSuiteExecutor.java:129)
	at com.kms.katalon.core.main.TestSuiteExecutor.accessTestSuiteMainPhase(TestSuiteExecutor.java:112)
	at com.kms.katalon.core.main.TestSuiteExecutor.execute(TestSuiteExecutor.java:81)
	at com.kms.katalon.core.main.TestCaseMain.startTestSuite(TestCaseMain.java:149)
	at com.kms.katalon.core.main.TestCaseMain$startTestSuite$0.call(Unknown Source)
	at TempTestSuite1551425434680.run(TempTestSuite1551425434680.groovy:36)]]></system-err>
      </testcase>
      <testcase name="Test Cases/TypeOfDevice/Type of device-02" classname="Test Cases/TypeOfDevice/Type of device-02" status="PASSED">
         <system-out><![CDATA[2019-03-01 14:31:37 - [TEST_CASE][PASSED] - Test Cases/TypeOfDevice/Type of device-02: Test Cases/TypeOfDevice/Type of device-02

2019-03-01 14:31:38 - [TEST_STEP][PASSED] - openBrowser(""): Browser is opened with url: ''

2019-03-01 14:31:38 - [MESSAGE][WARNING] - A browser is already opened. Closing browser and opening a new one

2019-03-01 14:31:39 - [MESSAGE][INFO] - Starting 'Chrome' driver

2019-03-01 14:31:42 - [MESSAGE][PASSED] - Browser is opened with url: ''

2019-03-01 14:31:42 - [TEST_STEP][PASSED] - navigateToUrl("http://helpdesk.wisky.vn/"): Navigate to 'http://helpdesk.wisky.vn/' successfully

2019-03-01 14:31:43 - [MESSAGE][PASSED] - Navigate to 'http://helpdesk.wisky.vn/' successfully

2019-03-01 14:31:43 - [TEST_STEP][PASSED] - setText(findTestObject("TypeOfDevice/Type of device-02/Page_ODTS System/input_ODTS_username"), "admin01"): Text 'admin01' is set on object 'Object Repository/TypeOfDevice/Type of device-02/Page_ODTS System/input_ODTS_username'

2019-03-01 14:31:43 - [MESSAGE][PASSED] - Text 'admin01' is set on object 'Object Repository/TypeOfDevice/Type of device-02/Page_ODTS System/input_ODTS_username'

2019-03-01 14:31:43 - [TEST_STEP][PASSED] - setEncryptedText(findTestObject("TypeOfDevice/Type of device-02/Page_ODTS System/input_ODTS_password"), "aeHFOx8jV/A="): Text ****** has been set on object 'Object Repository/TypeOfDevice/Type of device-02/Page_ODTS System/input_ODTS_password'

2019-03-01 14:31:44 - [MESSAGE][PASSED] - Text ****** has been set on object 'Object Repository/TypeOfDevice/Type of device-02/Page_ODTS System/input_ODTS_password'

2019-03-01 14:31:44 - [TEST_STEP][PASSED] - click(findTestObject("TypeOfDevice/Type of device-02/Page_ODTS System/button_ng Nhp")): Object: 'Object Repository/TypeOfDevice/Type of device-02/Page_ODTS System/button_ng Nhp' is clicked on

2019-03-01 14:31:44 - [MESSAGE][PASSED] - Object: 'Object Repository/TypeOfDevice/Type of device-02/Page_ODTS System/button_ng Nhp' is clicked on

2019-03-01 14:31:44 - [TEST_STEP][PASSED] - click(findTestObject("TypeOfDevice/Type of device-02/Page_ODTS System/a_Loi Thit B")): Object: 'Object Repository/TypeOfDevice/Type of device-02/Page_ODTS System/a_Loi Thit B' is clicked on

2019-03-01 14:31:46 - [MESSAGE][PASSED] - Object: 'Object Repository/TypeOfDevice/Type of device-02/Page_ODTS System/a_Loi Thit B' is clicked on

2019-03-01 14:31:46 - [TEST_STEP][PASSED] - click(findTestObject("TypeOfDevice/Type of device-02/Page_ODTS System/fieldSearch")): Object: 'Object Repository/TypeOfDevice/Type of device-02/Page_ODTS System/fieldSearch' is clicked on

2019-03-01 14:31:47 - [MESSAGE][PASSED] - Object: 'Object Repository/TypeOfDevice/Type of device-02/Page_ODTS System/fieldSearch' is clicked on

2019-03-01 14:31:47 - [TEST_STEP][PASSED] - setText(findTestObject("TypeOfDevice/Type of device-02/Page_ODTS System/input"), "anhtest"): Text 'anhtest' is set on object 'Object Repository/TypeOfDevice/Type of device-02/Page_ODTS System/input'

2019-03-01 14:31:47 - [MESSAGE][PASSED] - Text 'anhtest' is set on object 'Object Repository/TypeOfDevice/Type of device-02/Page_ODTS System/input'

2019-03-01 14:31:47 - [TEST_STEP][PASSED] - click(findTestObject("TypeOfDevice/Type of device-02/Page_ODTS System/button_hihi_btn btn-info fa fa")): Object: 'Object Repository/TypeOfDevice/Type of device-02/Page_ODTS System/button_hihi_btn btn-info fa fa' is clicked on

2019-03-01 14:31:47 - [MESSAGE][PASSED] - Object: 'Object Repository/TypeOfDevice/Type of device-02/Page_ODTS System/button_hihi_btn btn-info fa fa' is clicked on

2019-03-01 14:31:47 - [TEST_STEP][PASSED] - waitForAlert(1): No alert found after 1 second(s).

2019-03-01 14:31:48 - [MESSAGE][WARNING] - No alert found after 1 second(s).

2019-03-01 14:31:48 - [TEST_STEP][PASSED] - verifyElementText(findTestObject("TypeOfDevice/Type of device-02/Page_ODTS System/p_anhtest"), "anhtest"): Actual text and expected text of test object 'Object Repository/TypeOfDevice/Type of device-02/Page_ODTS System/p_anhtest' are matched.

2019-03-01 14:31:48 - [MESSAGE][PASSED] - Actual text and expected text of test object 'Object Repository/TypeOfDevice/Type of device-02/Page_ODTS System/p_anhtest' are matched.

2019-03-01 14:31:48 - [TEST_STEP][PASSED] - verifyElementText(findTestObject("TypeOfDevice/Type of device-02/Page_ODTS System/p_CAMERA"), "CAMERA"): Actual text and expected text of test object 'Object Repository/TypeOfDevice/Type of device-02/Page_ODTS System/p_CAMERA' are matched.

2019-03-01 14:31:48 - [MESSAGE][PASSED] - Actual text and expected text of test object 'Object Repository/TypeOfDevice/Type of device-02/Page_ODTS System/p_CAMERA' are matched.

2019-03-01 14:31:48 - [TEST_STEP][PASSED] - verifyElementText(findTestObject("TypeOfDevice/Type of device-02/Page_ODTS System/p_hihi"), "hihi"): Actual text and expected text of test object 'Object Repository/TypeOfDevice/Type of device-02/Page_ODTS System/p_hihi' are matched.

2019-03-01 14:31:49 - [MESSAGE][PASSED] - Actual text and expected text of test object 'Object Repository/TypeOfDevice/Type of device-02/Page_ODTS System/p_hihi' are matched.

2019-03-01 14:31:49 - [TEST_STEP][PASSED] - CDATE = null: null

2019-03-01 14:31:49 - [TEST_STEP][PASSED] - UDATE = null: null

2019-03-01 14:31:49 - [TEST_STEP][PASSED] - br = null: null

2019-03-01 14:31:49 - [TEST_STEP][PASSED] - try: null

2019-03-01 14:31:49 - [TEST_STEP][PASSED] - br = new java.io.BufferedReader(new java.io.FileReader(C:\Users\pc\HelpdeskAutomation\creDateTypeOfDevice.txt)): null

2019-03-01 14:31:49 - [TEST_STEP][PASSED] - sCurrentLine = <not implemented yet for class: org.codehaus.groovy.ast.expr.EmptyExpression>: null

2019-03-01 14:31:49 - [TEST_STEP][PASSED] - while (sCurrentLine = br.readLine() != null): null

2019-03-01 14:31:49 - [TEST_STEP][PASSED] - CDATE = sCurrentLine: null

2019-03-01 14:31:49 - [TEST_STEP][PASSED] - br = new java.io.BufferedReader(new java.io.FileReader(C:\Users\pc\HelpdeskAutomation\upDateTypeOfDevice.txt)): null

2019-03-01 14:31:49 - [TEST_STEP][PASSED] - sCurrentLine: null

2019-03-01 14:31:49 - [TEST_STEP][PASSED] - while (sCurrentLine = br.readLine() != null): null

2019-03-01 14:31:49 - [TEST_STEP][PASSED] - UDATE = sCurrentLine: null

2019-03-01 14:31:49 - [TEST_STEP][PASSED] - Finally: null

2019-03-01 14:31:49 - [TEST_STEP][PASSED] - br.close(): null

2019-03-01 14:31:49 - [TEST_STEP][PASSED] - verifyElementText(findTestObject("TypeOfDevice/Type of device-02/Page_ODTS System/p_25022019"), CDATE): Actual text and expected text of test object 'Object Repository/TypeOfDevice/Type of device-02/Page_ODTS System/p_25022019' are matched.

2019-03-01 14:31:49 - [MESSAGE][PASSED] - Actual text and expected text of test object 'Object Repository/TypeOfDevice/Type of device-02/Page_ODTS System/p_25022019' are matched.

2019-03-01 14:31:49 - [TEST_STEP][PASSED] - verifyElementText(findTestObject("TypeOfDevice/Type of device-02/Page_ODTS System/p_25022019_1"), UDATE): Actual text and expected text of test object 'Object Repository/TypeOfDevice/Type of device-02/Page_ODTS System/p_25022019_1' are matched.

2019-03-01 14:31:49 - [MESSAGE][PASSED] - Actual text and expected text of test object 'Object Repository/TypeOfDevice/Type of device-02/Page_ODTS System/p_25022019_1' are matched.

2019-03-01 14:31:49 - [TEST_STEP][PASSED] - click(findTestObject("TypeOfDevice/Type of device-02/Page_ODTS System/button_ng")): Object: 'Object Repository/TypeOfDevice/Type of device-02/Page_ODTS System/button_ng' is clicked on

2019-03-01 14:31:50 - [MESSAGE][PASSED] - Object: 'Object Repository/TypeOfDevice/Type of device-02/Page_ODTS System/button_ng' is clicked on

2019-03-01 14:31:50 - [TEST_STEP][PASSED] - closeBrowser(): Browser is closed

2019-03-01 14:31:51 - [MESSAGE][PASSED] - Browser is closed]]></system-out>
         <system-err><![CDATA[]]></system-err>
      </testcase>
      <testcase name="Test Cases/TypeOfDevice/Type of device-03" classname="Test Cases/TypeOfDevice/Type of device-03" status="FAILED">
         <failure type="FAILED" message="Test Cases/TypeOfDevice/Type of device-03 FAILED.
Reason:
com.kms.katalon.core.exception.StepFailedException: Unable to select option by value '1' of object 'Object Repository/TypeOfDevice/Type of device-03/Page_ODTS System/select_--Chn Loi Dch V--WIFICA'  using regular expression (Root cause: com.kms.katalon.core.exception.StepFailedException: No option matched.)
	at com.kms.katalon.core.keyword.internal.KeywordMain.stepFailed(KeywordMain.groovy:36)
	at com.kms.katalon.core.webui.keyword.internal.WebUIKeywordMain.stepFailed(WebUIKeywordMain.groovy:65)
	at com.kms.katalon.core.webui.keyword.internal.WebUIKeywordMain.runKeyword(WebUIKeywordMain.groovy:27)
	at com.kms.katalon.core.webui.keyword.builtin.SelectOptionByValueKeyword.selectOptionByValue(SelectOptionByValueKeyword.groovy:99)
	at com.kms.katalon.core.webui.keyword.builtin.SelectOptionByValueKeyword.execute(SelectOptionByValueKeyword.groovy:71)
	at com.kms.katalon.core.keyword.internal.KeywordExecutor.executeKeywordForPlatform(KeywordExecutor.groovy:53)
	at com.kms.katalon.core.webui.keyword.WebUiBuiltInKeywords.selectOptionByValue(WebUiBuiltInKeywords.groovy:1138)
	at com.kms.katalon.core.webui.keyword.WebUiBuiltInKeywords$selectOptionByValue$8.call(Unknown Source)
	at Type of device-03.run(Type of device-03:33)
	at com.kms.katalon.core.main.ScriptEngine.run(ScriptEngine.java:194)
	at com.kms.katalon.core.main.ScriptEngine.runScriptAsRawText(ScriptEngine.java:119)
	at com.kms.katalon.core.main.TestCaseExecutor.runScript(TestCaseExecutor.java:328)
	at com.kms.katalon.core.main.TestCaseExecutor.doExecute(TestCaseExecutor.java:319)
	at com.kms.katalon.core.main.TestCaseExecutor.processExecutionPhase(TestCaseExecutor.java:298)
	at com.kms.katalon.core.main.TestCaseExecutor.accessMainPhase(TestCaseExecutor.java:290)
	at com.kms.katalon.core.main.TestCaseExecutor.execute(TestCaseExecutor.java:224)
	at com.kms.katalon.core.main.TestSuiteExecutor.accessTestCaseMainPhase(TestSuiteExecutor.java:129)
	at com.kms.katalon.core.main.TestSuiteExecutor.accessTestSuiteMainPhase(TestSuiteExecutor.java:112)
	at com.kms.katalon.core.main.TestSuiteExecutor.execute(TestSuiteExecutor.java:81)
	at com.kms.katalon.core.main.TestCaseMain.startTestSuite(TestCaseMain.java:149)
	at com.kms.katalon.core.main.TestCaseMain$startTestSuite$0.call(Unknown Source)
	at TempTestSuite1551425434680.run(TempTestSuite1551425434680.groovy:36)
"/>
         <system-out><![CDATA[2019-03-01 14:31:51 - [TEST_CASE][FAILED] - Test Cases/TypeOfDevice/Type of device-03: Test Cases/TypeOfDevice/Type of device-03 FAILED.
Reason:
com.kms.katalon.core.exception.StepFailedException: Unable to select option by value '1' of object 'Object Repository/TypeOfDevice/Type of device-03/Page_ODTS System/select_--Chn Loi Dch V--WIFICA'  using regular expression (Root cause: com.kms.katalon.core.exception.StepFailedException: No option matched.)
	at com.kms.katalon.core.keyword.internal.KeywordMain.stepFailed(KeywordMain.groovy:36)
	at com.kms.katalon.core.webui.keyword.internal.WebUIKeywordMain.stepFailed(WebUIKeywordMain.groovy:65)
	at com.kms.katalon.core.webui.keyword.internal.WebUIKeywordMain.runKeyword(WebUIKeywordMain.groovy:27)
	at com.kms.katalon.core.webui.keyword.builtin.SelectOptionByValueKeyword.selectOptionByValue(SelectOptionByValueKeyword.groovy:99)
	at com.kms.katalon.core.webui.keyword.builtin.SelectOptionByValueKeyword.execute(SelectOptionByValueKeyword.groovy:71)
	at com.kms.katalon.core.keyword.internal.KeywordExecutor.executeKeywordForPlatform(KeywordExecutor.groovy:53)
	at com.kms.katalon.core.webui.keyword.WebUiBuiltInKeywords.selectOptionByValue(WebUiBuiltInKeywords.groovy:1138)
	at com.kms.katalon.core.webui.keyword.WebUiBuiltInKeywords$selectOptionByValue$8.call(Unknown Source)
	at Type of device-03.run(Type of device-03:33)
	at com.kms.katalon.core.main.ScriptEngine.run(ScriptEngine.java:194)
	at com.kms.katalon.core.main.ScriptEngine.runScriptAsRawText(ScriptEngine.java:119)
	at com.kms.katalon.core.main.TestCaseExecutor.runScript(TestCaseExecutor.java:328)
	at com.kms.katalon.core.main.TestCaseExecutor.doExecute(TestCaseExecutor.java:319)
	at com.kms.katalon.core.main.TestCaseExecutor.processExecutionPhase(TestCaseExecutor.java:298)
	at com.kms.katalon.core.main.TestCaseExecutor.accessMainPhase(TestCaseExecutor.java:290)
	at com.kms.katalon.core.main.TestCaseExecutor.execute(TestCaseExecutor.java:224)
	at com.kms.katalon.core.main.TestSuiteExecutor.accessTestCaseMainPhase(TestSuiteExecutor.java:129)
	at com.kms.katalon.core.main.TestSuiteExecutor.accessTestSuiteMainPhase(TestSuiteExecutor.java:112)
	at com.kms.katalon.core.main.TestSuiteExecutor.execute(TestSuiteExecutor.java:81)
	at com.kms.katalon.core.main.TestCaseMain.startTestSuite(TestCaseMain.java:149)
	at com.kms.katalon.core.main.TestCaseMain$startTestSuite$0.call(Unknown Source)
	at TempTestSuite1551425434680.run(TempTestSuite1551425434680.groovy:36)


2019-03-01 14:31:51 - [TEST_STEP][PASSED] - openBrowser(""): Browser is opened with url: ''

2019-03-01 14:31:51 - [MESSAGE][INFO] - Starting 'Chrome' driver

2019-03-01 14:31:54 - [MESSAGE][PASSED] - Browser is opened with url: ''

2019-03-01 14:31:54 - [TEST_STEP][PASSED] - navigateToUrl("http://helpdesk.wisky.vn/"): Navigate to 'http://helpdesk.wisky.vn/' successfully

2019-03-01 14:31:56 - [MESSAGE][PASSED] - Navigate to 'http://helpdesk.wisky.vn/' successfully

2019-03-01 14:31:56 - [TEST_STEP][PASSED] - setText(findTestObject("TypeOfDevice/Type of device-03/Page_ODTS System/input_ODTS_username"), "admin01"): Text 'admin01' is set on object 'Object Repository/TypeOfDevice/Type of device-03/Page_ODTS System/input_ODTS_username'

2019-03-01 14:31:56 - [MESSAGE][PASSED] - Text 'admin01' is set on object 'Object Repository/TypeOfDevice/Type of device-03/Page_ODTS System/input_ODTS_username'

2019-03-01 14:31:56 - [TEST_STEP][PASSED] - setEncryptedText(findTestObject("TypeOfDevice/Type of device-03/Page_ODTS System/input_ODTS_password"), "aeHFOx8jV/A="): Text ****** has been set on object 'Object Repository/TypeOfDevice/Type of device-03/Page_ODTS System/input_ODTS_password'

2019-03-01 14:31:56 - [MESSAGE][PASSED] - Text ****** has been set on object 'Object Repository/TypeOfDevice/Type of device-03/Page_ODTS System/input_ODTS_password'

2019-03-01 14:31:56 - [TEST_STEP][PASSED] - click(findTestObject("TypeOfDevice/Type of device-03/Page_ODTS System/button_ng Nhp")): Object: 'Object Repository/TypeOfDevice/Type of device-03/Page_ODTS System/button_ng Nhp' is clicked on

2019-03-01 14:31:56 - [MESSAGE][PASSED] - Object: 'Object Repository/TypeOfDevice/Type of device-03/Page_ODTS System/button_ng Nhp' is clicked on

2019-03-01 14:31:56 - [TEST_STEP][PASSED] - click(findTestObject("TypeOfDevice/Type of device-03/Page_ODTS System/a_Loi Thit B")): Object: 'Object Repository/TypeOfDevice/Type of device-03/Page_ODTS System/a_Loi Thit B' is clicked on

2019-03-01 14:31:59 - [MESSAGE][PASSED] - Object: 'Object Repository/TypeOfDevice/Type of device-03/Page_ODTS System/a_Loi Thit B' is clicked on

2019-03-01 14:31:59 - [TEST_STEP][PASSED] - click(findTestObject("TypeOfDevice/Type of device-03/Page_ODTS System/fieldSearch")): Object: 'Object Repository/TypeOfDevice/Type of device-03/Page_ODTS System/fieldSearch' is clicked on

2019-03-01 14:31:59 - [MESSAGE][PASSED] - Object: 'Object Repository/TypeOfDevice/Type of device-03/Page_ODTS System/fieldSearch' is clicked on

2019-03-01 14:31:59 - [TEST_STEP][PASSED] - setText(findTestObject("TypeOfDevice/Type of device-03/Page_ODTS System/input"), "anhtest"): Text 'anhtest' is set on object 'Object Repository/TypeOfDevice/Type of device-03/Page_ODTS System/input'

2019-03-01 14:32:00 - [MESSAGE][PASSED] - Text 'anhtest' is set on object 'Object Repository/TypeOfDevice/Type of device-03/Page_ODTS System/input'

2019-03-01 14:32:00 - [TEST_STEP][PASSED] - click(findTestObject("TypeOfDevice/Type of device-03/Page_ODTS System/button_hihi_btn btn-warning fa")): Object: 'Object Repository/TypeOfDevice/Type of device-03/Page_ODTS System/button_hihi_btn btn-warning fa' is clicked on

2019-03-01 14:32:00 - [MESSAGE][PASSED] - Object: 'Object Repository/TypeOfDevice/Type of device-03/Page_ODTS System/button_hihi_btn btn-warning fa' is clicked on

2019-03-01 14:32:00 - [TEST_STEP][PASSED] - waitForAlert(1): No alert found after 1 second(s).

2019-03-01 14:32:01 - [MESSAGE][WARNING] - No alert found after 1 second(s).

2019-03-01 14:32:01 - [TEST_STEP][PASSED] - setText(findTestObject("TypeOfDevice/Type of device-03/Page_ODTS System/input_Tn Loi Thit B_dtNameCrea"), "anhtest22"): Text 'anhtest22' is set on object 'Object Repository/TypeOfDevice/Type of device-03/Page_ODTS System/input_Tn Loi Thit B_dtNameCrea'

2019-03-01 14:32:02 - [MESSAGE][PASSED] - Text 'anhtest22' is set on object 'Object Repository/TypeOfDevice/Type of device-03/Page_ODTS System/input_Tn Loi Thit B_dtNameCrea'

2019-03-01 14:32:02 - [TEST_STEP][PASSED] - waitForAlert(1): No alert found after 1 second(s).

2019-03-01 14:32:03 - [MESSAGE][WARNING] - No alert found after 1 second(s).

2019-03-01 14:32:03 - [TEST_STEP][FAILED] - selectOptionByValue(findTestObject("TypeOfDevice/Type of device-03/Page_ODTS System/select_--Chn Loi Dch V--WIFICA"), "1", true): selectOptionByValue(findTestObject("TypeOfDevice/Type of device-03/Page_ODTS System/select_--Chn Loi Dch V--WIFICA"), "1", true) FAILED.
Reason:
com.kms.katalon.core.exception.StepFailedException: Unable to select option by value '1' of object 'Object Repository/TypeOfDevice/Type of device-03/Page_ODTS System/select_--Chn Loi Dch V--WIFICA'  using regular expression (Root cause: com.kms.katalon.core.exception.StepFailedException: No option matched.)
	at com.kms.katalon.core.keyword.internal.KeywordMain.stepFailed(KeywordMain.groovy:36)
	at com.kms.katalon.core.webui.keyword.internal.WebUIKeywordMain.stepFailed(WebUIKeywordMain.groovy:65)
	at com.kms.katalon.core.webui.keyword.internal.WebUIKeywordMain.runKeyword(WebUIKeywordMain.groovy:27)
	at com.kms.katalon.core.webui.keyword.builtin.SelectOptionByValueKeyword.selectOptionByValue(SelectOptionByValueKeyword.groovy:99)
	at com.kms.katalon.core.webui.keyword.builtin.SelectOptionByValueKeyword.execute(SelectOptionByValueKeyword.groovy:71)
	at com.kms.katalon.core.keyword.internal.KeywordExecutor.executeKeywordForPlatform(KeywordExecutor.groovy:53)
	at com.kms.katalon.core.webui.keyword.WebUiBuiltInKeywords.selectOptionByValue(WebUiBuiltInKeywords.groovy:1138)
	at com.kms.katalon.core.webui.keyword.WebUiBuiltInKeywords$selectOptionByValue$8.call(Unknown Source)
	at Type of device-03.run(Type of device-03:33)
	at com.kms.katalon.core.main.ScriptEngine.run(ScriptEngine.java:194)
	at com.kms.katalon.core.main.ScriptEngine.runScriptAsRawText(ScriptEngine.java:119)
	at com.kms.katalon.core.main.TestCaseExecutor.runScript(TestCaseExecutor.java:328)
	at com.kms.katalon.core.main.TestCaseExecutor.doExecute(TestCaseExecutor.java:319)
	at com.kms.katalon.core.main.TestCaseExecutor.processExecutionPhase(TestCaseExecutor.java:298)
	at com.kms.katalon.core.main.TestCaseExecutor.accessMainPhase(TestCaseExecutor.java:290)
	at com.kms.katalon.core.main.TestCaseExecutor.execute(TestCaseExecutor.java:224)
	at com.kms.katalon.core.main.TestSuiteExecutor.accessTestCaseMainPhase(TestSuiteExecutor.java:129)
	at com.kms.katalon.core.main.TestSuiteExecutor.accessTestSuiteMainPhase(TestSuiteExecutor.java:112)
	at com.kms.katalon.core.main.TestSuiteExecutor.execute(TestSuiteExecutor.java:81)
	at com.kms.katalon.core.main.TestCaseMain.startTestSuite(TestCaseMain.java:149)
	at com.kms.katalon.core.main.TestCaseMain$startTestSuite$0.call(Unknown Source)
	at TempTestSuite1551425434680.run(TempTestSuite1551425434680.groovy:36)


2019-03-01 14:32:03 - [MESSAGE][FAILED] - No option matched.

2019-03-01 14:32:04 - [MESSAGE][FAILED] - Unable to select option by value '1' of object 'Object Repository/TypeOfDevice/Type of device-03/Page_ODTS System/select_--Chn Loi Dch V--WIFICA'  using regular expression (Root cause: com.kms.katalon.core.exception.StepFailedException: No option matched.)
[[ATTACHMENT|C:\\Users\\pc\\HelpdeskAutomation\\Reports\\TypeOfDevice01-02-03-04\\20190301_143030\\1551425523913.png]]

2019-03-01 14:32:04 - [MESSAGE][FAILED] - selectOptionByValue(findTestObject("TypeOfDevice/Type of device-03/Page_ODTS System/select_--Chn Loi Dch V--WIFICA"), "1", true) FAILED.
Reason:
com.kms.katalon.core.exception.StepFailedException: Unable to select option by value '1' of object 'Object Repository/TypeOfDevice/Type of device-03/Page_ODTS System/select_--Chn Loi Dch V--WIFICA'  using regular expression (Root cause: com.kms.katalon.core.exception.StepFailedException: No option matched.)
	at com.kms.katalon.core.keyword.internal.KeywordMain.stepFailed(KeywordMain.groovy:36)
	at com.kms.katalon.core.webui.keyword.internal.WebUIKeywordMain.stepFailed(WebUIKeywordMain.groovy:65)
	at com.kms.katalon.core.webui.keyword.internal.WebUIKeywordMain.runKeyword(WebUIKeywordMain.groovy:27)
	at com.kms.katalon.core.webui.keyword.builtin.SelectOptionByValueKeyword.selectOptionByValue(SelectOptionByValueKeyword.groovy:99)
	at com.kms.katalon.core.webui.keyword.builtin.SelectOptionByValueKeyword.execute(SelectOptionByValueKeyword.groovy:71)
	at com.kms.katalon.core.keyword.internal.KeywordExecutor.executeKeywordForPlatform(KeywordExecutor.groovy:53)
	at com.kms.katalon.core.webui.keyword.WebUiBuiltInKeywords.selectOptionByValue(WebUiBuiltInKeywords.groovy:1138)
	at com.kms.katalon.core.webui.keyword.WebUiBuiltInKeywords$selectOptionByValue$8.call(Unknown Source)
	at Type of device-03.run(Type of device-03:33)
	at com.kms.katalon.core.main.ScriptEngine.run(ScriptEngine.java:194)
	at com.kms.katalon.core.main.ScriptEngine.runScriptAsRawText(ScriptEngine.java:119)
	at com.kms.katalon.core.main.TestCaseExecutor.runScript(TestCaseExecutor.java:328)
	at com.kms.katalon.core.main.TestCaseExecutor.doExecute(TestCaseExecutor.java:319)
	at com.kms.katalon.core.main.TestCaseExecutor.processExecutionPhase(TestCaseExecutor.java:298)
	at com.kms.katalon.core.main.TestCaseExecutor.accessMainPhase(TestCaseExecutor.java:290)
	at com.kms.katalon.core.main.TestCaseExecutor.execute(TestCaseExecutor.java:224)
	at com.kms.katalon.core.main.TestSuiteExecutor.accessTestCaseMainPhase(TestSuiteExecutor.java:129)
	at com.kms.katalon.core.main.TestSuiteExecutor.accessTestSuiteMainPhase(TestSuiteExecutor.java:112)
	at com.kms.katalon.core.main.TestSuiteExecutor.execute(TestSuiteExecutor.java:81)
	at com.kms.katalon.core.main.TestCaseMain.startTestSuite(TestCaseMain.java:149)
	at com.kms.katalon.core.main.TestCaseMain$startTestSuite$0.call(Unknown Source)
	at TempTestSuite1551425434680.run(TempTestSuite1551425434680.groovy:36)]]></system-out>
         <system-err><![CDATA[2019-03-01 14:31:51 - [TEST_CASE][FAILED] - Test Cases/TypeOfDevice/Type of device-03: Test Cases/TypeOfDevice/Type of device-03 FAILED.
Reason:
com.kms.katalon.core.exception.StepFailedException: Unable to select option by value '1' of object 'Object Repository/TypeOfDevice/Type of device-03/Page_ODTS System/select_--Chn Loi Dch V--WIFICA'  using regular expression (Root cause: com.kms.katalon.core.exception.StepFailedException: No option matched.)
	at com.kms.katalon.core.keyword.internal.KeywordMain.stepFailed(KeywordMain.groovy:36)
	at com.kms.katalon.core.webui.keyword.internal.WebUIKeywordMain.stepFailed(WebUIKeywordMain.groovy:65)
	at com.kms.katalon.core.webui.keyword.internal.WebUIKeywordMain.runKeyword(WebUIKeywordMain.groovy:27)
	at com.kms.katalon.core.webui.keyword.builtin.SelectOptionByValueKeyword.selectOptionByValue(SelectOptionByValueKeyword.groovy:99)
	at com.kms.katalon.core.webui.keyword.builtin.SelectOptionByValueKeyword.execute(SelectOptionByValueKeyword.groovy:71)
	at com.kms.katalon.core.keyword.internal.KeywordExecutor.executeKeywordForPlatform(KeywordExecutor.groovy:53)
	at com.kms.katalon.core.webui.keyword.WebUiBuiltInKeywords.selectOptionByValue(WebUiBuiltInKeywords.groovy:1138)
	at com.kms.katalon.core.webui.keyword.WebUiBuiltInKeywords$selectOptionByValue$8.call(Unknown Source)
	at Type of device-03.run(Type of device-03:33)
	at com.kms.katalon.core.main.ScriptEngine.run(ScriptEngine.java:194)
	at com.kms.katalon.core.main.ScriptEngine.runScriptAsRawText(ScriptEngine.java:119)
	at com.kms.katalon.core.main.TestCaseExecutor.runScript(TestCaseExecutor.java:328)
	at com.kms.katalon.core.main.TestCaseExecutor.doExecute(TestCaseExecutor.java:319)
	at com.kms.katalon.core.main.TestCaseExecutor.processExecutionPhase(TestCaseExecutor.java:298)
	at com.kms.katalon.core.main.TestCaseExecutor.accessMainPhase(TestCaseExecutor.java:290)
	at com.kms.katalon.core.main.TestCaseExecutor.execute(TestCaseExecutor.java:224)
	at com.kms.katalon.core.main.TestSuiteExecutor.accessTestCaseMainPhase(TestSuiteExecutor.java:129)
	at com.kms.katalon.core.main.TestSuiteExecutor.accessTestSuiteMainPhase(TestSuiteExecutor.java:112)
	at com.kms.katalon.core.main.TestSuiteExecutor.execute(TestSuiteExecutor.java:81)
	at com.kms.katalon.core.main.TestCaseMain.startTestSuite(TestCaseMain.java:149)
	at com.kms.katalon.core.main.TestCaseMain$startTestSuite$0.call(Unknown Source)
	at TempTestSuite1551425434680.run(TempTestSuite1551425434680.groovy:36)]]></system-err>
      </testcase>
      <testcase name="Test Cases/TypeOfDevice/Type of device-04" classname="Test Cases/TypeOfDevice/Type of device-04" status="PASSED">
         <system-out><![CDATA[2019-03-01 14:32:04 - [TEST_CASE][PASSED] - Test Cases/TypeOfDevice/Type of device-04: Test Cases/TypeOfDevice/Type of device-04

2019-03-01 14:32:04 - [TEST_STEP][PASSED] - openBrowser(""): Browser is opened with url: ''

2019-03-01 14:32:04 - [MESSAGE][WARNING] - A browser is already opened. Closing browser and opening a new one

2019-03-01 14:32:05 - [MESSAGE][INFO] - Starting 'Chrome' driver

2019-03-01 14:32:08 - [MESSAGE][PASSED] - Browser is opened with url: ''

2019-03-01 14:32:08 - [TEST_STEP][PASSED] - navigateToUrl("http://helpdesk.wisky.vn/"): Navigate to 'http://helpdesk.wisky.vn/' successfully

2019-03-01 14:32:19 - [MESSAGE][PASSED] - Navigate to 'http://helpdesk.wisky.vn/' successfully

2019-03-01 14:32:19 - [TEST_STEP][PASSED] - setText(findTestObject("TypeOfDevice/Type of device-04/Page_ODTS System/input_ODTS_username"), "admin01"): Text 'admin01' is set on object 'Object Repository/TypeOfDevice/Type of device-04/Page_ODTS System/input_ODTS_username'

2019-03-01 14:32:19 - [MESSAGE][PASSED] - Text 'admin01' is set on object 'Object Repository/TypeOfDevice/Type of device-04/Page_ODTS System/input_ODTS_username'

2019-03-01 14:32:19 - [TEST_STEP][PASSED] - setEncryptedText(findTestObject("TypeOfDevice/Type of device-04/Page_ODTS System/input_ODTS_password"), "aeHFOx8jV/A="): Text ****** has been set on object 'Object Repository/TypeOfDevice/Type of device-04/Page_ODTS System/input_ODTS_password'

2019-03-01 14:32:20 - [MESSAGE][PASSED] - Text ****** has been set on object 'Object Repository/TypeOfDevice/Type of device-04/Page_ODTS System/input_ODTS_password'

2019-03-01 14:32:20 - [TEST_STEP][PASSED] - click(findTestObject("TypeOfDevice/Type of device-04/Page_ODTS System/button_ng Nhp")): Object: 'Object Repository/TypeOfDevice/Type of device-04/Page_ODTS System/button_ng Nhp' is clicked on

2019-03-01 14:32:22 - [MESSAGE][PASSED] - Object: 'Object Repository/TypeOfDevice/Type of device-04/Page_ODTS System/button_ng Nhp' is clicked on

2019-03-01 14:32:22 - [TEST_STEP][PASSED] - click(findTestObject("TypeOfDevice/Type of device-04/Page_ODTS System/a_Loi Thit B")): Object: 'Object Repository/TypeOfDevice/Type of device-04/Page_ODTS System/a_Loi Thit B' is clicked on

2019-03-01 14:32:22 - [MESSAGE][PASSED] - Object: 'Object Repository/TypeOfDevice/Type of device-04/Page_ODTS System/a_Loi Thit B' is clicked on

2019-03-01 14:32:22 - [TEST_STEP][PASSED] - click(findTestObject("TypeOfDevice/Type of device-04/Page_ODTS System/fieldSearch")): Object: 'Object Repository/TypeOfDevice/Type of device-04/Page_ODTS System/fieldSearch' is clicked on

2019-03-01 14:32:23 - [MESSAGE][PASSED] - Object: 'Object Repository/TypeOfDevice/Type of device-04/Page_ODTS System/fieldSearch' is clicked on

2019-03-01 14:32:23 - [TEST_STEP][PASSED] - setText(findTestObject("TypeOfDevice/Type of device-04/Page_ODTS System/input"), "anhtest"): Text 'anhtest' is set on object 'Object Repository/TypeOfDevice/Type of device-04/Page_ODTS System/input'

2019-03-01 14:32:23 - [MESSAGE][PASSED] - Text 'anhtest' is set on object 'Object Repository/TypeOfDevice/Type of device-04/Page_ODTS System/input'

2019-03-01 14:32:23 - [TEST_STEP][PASSED] - click(findTestObject("TypeOfDevice/Type of device-04/Page_ODTS System/button_hihi22_btn btn-danger f")): Object: 'Object Repository/TypeOfDevice/Type of device-04/Page_ODTS System/button_hihi22_btn btn-danger f' is clicked on

2019-03-01 14:32:23 - [MESSAGE][PASSED] - Object: 'Object Repository/TypeOfDevice/Type of device-04/Page_ODTS System/button_hihi22_btn btn-danger f' is clicked on

2019-03-01 14:32:23 - [TEST_STEP][PASSED] - click(findTestObject("TypeOfDevice/Type of device-04/Page_ODTS System/button_Chp Nhn Xa")): Object: 'Object Repository/TypeOfDevice/Type of device-04/Page_ODTS System/button_Chp Nhn Xa' is clicked on

2019-03-01 14:32:24 - [MESSAGE][PASSED] - Object: 'Object Repository/TypeOfDevice/Type of device-04/Page_ODTS System/button_Chp Nhn Xa' is clicked on

2019-03-01 14:32:24 - [TEST_STEP][PASSED] - waitForAlert(1): No alert found after 1 second(s).

2019-03-01 14:32:25 - [MESSAGE][WARNING] - No alert found after 1 second(s).

2019-03-01 14:32:25 - [TEST_STEP][PASSED] - click(findTestObject("TypeOfDevice/Type of device-04/Page_ODTS System/button_OK")): Object: 'Object Repository/TypeOfDevice/Type of device-04/Page_ODTS System/button_OK' is clicked on

2019-03-01 14:32:25 - [MESSAGE][PASSED] - Object: 'Object Repository/TypeOfDevice/Type of device-04/Page_ODTS System/button_OK' is clicked on

2019-03-01 14:32:25 - [TEST_STEP][PASSED] - verifyElementVisible(findTestObject("TypeOfDevice/Type of device-04/Page_ODTS System/td_Khng c d liu ph hp")): Object 'Object Repository/TypeOfDevice/Type of device-04/Page_ODTS System/td_Khng c d liu ph hp' is visible

2019-03-01 14:32:25 - [MESSAGE][PASSED] - Object 'Object Repository/TypeOfDevice/Type of device-04/Page_ODTS System/td_Khng c d liu ph hp' is visible

2019-03-01 14:32:25 - [TEST_STEP][PASSED] - writer2 = new java.io.PrintWriter(C:\Users\pc\HelpdeskAutomation\creDateTypeOfDevice.txt): null

2019-03-01 14:32:25 - [TEST_STEP][PASSED] - writer2.print(""): null

2019-03-01 14:32:25 - [TEST_STEP][PASSED] - writer2.close(): null

2019-03-01 14:32:25 - [TEST_STEP][PASSED] - writer = new java.io.PrintWriter(C:\Users\pc\HelpdeskAutomation\upDateTypeOfDevice.txt): null

2019-03-01 14:32:25 - [TEST_STEP][PASSED] - writer.print(""): null

2019-03-01 14:32:25 - [TEST_STEP][PASSED] - writer.close(): null

2019-03-01 14:32:25 - [TEST_STEP][PASSED] - closeBrowser(): Browser is closed

2019-03-01 14:32:27 - [MESSAGE][PASSED] - Browser is closed]]></system-out>
         <system-err><![CDATA[]]></system-err>
      </testcase>
      <system-out><![CDATA[2019-03-01 14:30:39 - [TEST_SUITE][FAILED] - TypeOfDevice01-02-03-04: Test Cases/TypeOfDevice/Type of device-01 FAILED.
Reason:
com.kms.katalon.core.exception.StepFailedException: Unable to click on object 'Object Repository/TypeOfDevice/Type of device-01/Page_ODTS System/button_OK' (Root cause: com.kms.katalon.core.webui.exception.WebElementNotFoundException: Web element with id: 'Object Repository/TypeOfDevice/Type of device-01/Page_ODTS System/button_OK' located by 'By.xpath: (//button[@type='button'])[36]' not found)
	at com.kms.katalon.core.keyword.internal.KeywordMain.stepFailed(KeywordMain.groovy:36)
	at com.kms.katalon.core.webui.keyword.internal.WebUIKeywordMain.stepFailed(WebUIKeywordMain.groovy:65)
	at com.kms.katalon.core.webui.keyword.internal.WebUIKeywordMain.runKeyword(WebUIKeywordMain.groovy:27)
	at com.kms.katalon.core.webui.keyword.builtin.ClickKeyword.click(ClickKeyword.groovy:86)
	at com.kms.katalon.core.webui.keyword.builtin.ClickKeyword.execute(ClickKeyword.groovy:67)
	at com.kms.katalon.core.keyword.internal.KeywordExecutor.executeKeywordForPlatform(KeywordExecutor.groovy:53)
	at com.kms.katalon.core.webui.keyword.WebUiBuiltInKeywords.click(WebUiBuiltInKeywords.groovy:616)
	at com.kms.katalon.core.webui.keyword.WebUiBuiltInKeywords$click$3.call(Unknown Source)
	at Type of device-01.run(Type of device-01:69)
	at com.kms.katalon.core.main.ScriptEngine.run(ScriptEngine.java:194)
	at com.kms.katalon.core.main.ScriptEngine.runScriptAsRawText(ScriptEngine.java:119)
	at com.kms.katalon.core.main.TestCaseExecutor.runScript(TestCaseExecutor.java:328)
	at com.kms.katalon.core.main.TestCaseExecutor.doExecute(TestCaseExecutor.java:319)
	at com.kms.katalon.core.main.TestCaseExecutor.processExecutionPhase(TestCaseExecutor.java:298)
	at com.kms.katalon.core.main.TestCaseExecutor.accessMainPhase(TestCaseExecutor.java:290)
	at com.kms.katalon.core.main.TestCaseExecutor.execute(TestCaseExecutor.java:224)
	at com.kms.katalon.core.main.TestSuiteExecutor.accessTestCaseMainPhase(TestSuiteExecutor.java:129)
	at com.kms.katalon.core.main.TestSuiteExecutor.accessTestSuiteMainPhase(TestSuiteExecutor.java:112)
	at com.kms.katalon.core.main.TestSuiteExecutor.execute(TestSuiteExecutor.java:81)
	at com.kms.katalon.core.main.TestCaseMain.startTestSuite(TestCaseMain.java:149)
	at com.kms.katalon.core.main.TestCaseMain$startTestSuite$0.call(Unknown Source)
	at TempTestSuite1551425434680.run(TempTestSuite1551425434680.groovy:36)]]></system-out>
      <system-err><![CDATA[2019-03-01 14:30:39 - [TEST_SUITE][FAILED] - TypeOfDevice01-02-03-04: Test Cases/TypeOfDevice/Type of device-01 FAILED.
Reason:
com.kms.katalon.core.exception.StepFailedException: Unable to click on object 'Object Repository/TypeOfDevice/Type of device-01/Page_ODTS System/button_OK' (Root cause: com.kms.katalon.core.webui.exception.WebElementNotFoundException: Web element with id: 'Object Repository/TypeOfDevice/Type of device-01/Page_ODTS System/button_OK' located by 'By.xpath: (//button[@type='button'])[36]' not found)
	at com.kms.katalon.core.keyword.internal.KeywordMain.stepFailed(KeywordMain.groovy:36)
	at com.kms.katalon.core.webui.keyword.internal.WebUIKeywordMain.stepFailed(WebUIKeywordMain.groovy:65)
	at com.kms.katalon.core.webui.keyword.internal.WebUIKeywordMain.runKeyword(WebUIKeywordMain.groovy:27)
	at com.kms.katalon.core.webui.keyword.builtin.ClickKeyword.click(ClickKeyword.groovy:86)
	at com.kms.katalon.core.webui.keyword.builtin.ClickKeyword.execute(ClickKeyword.groovy:67)
	at com.kms.katalon.core.keyword.internal.KeywordExecutor.executeKeywordForPlatform(KeywordExecutor.groovy:53)
	at com.kms.katalon.core.webui.keyword.WebUiBuiltInKeywords.click(WebUiBuiltInKeywords.groovy:616)
	at com.kms.katalon.core.webui.keyword.WebUiBuiltInKeywords$click$3.call(Unknown Source)
	at Type of device-01.run(Type of device-01:69)
	at com.kms.katalon.core.main.ScriptEngine.run(ScriptEngine.java:194)
	at com.kms.katalon.core.main.ScriptEngine.runScriptAsRawText(ScriptEngine.java:119)
	at com.kms.katalon.core.main.TestCaseExecutor.runScript(TestCaseExecutor.java:328)
	at com.kms.katalon.core.main.TestCaseExecutor.doExecute(TestCaseExecutor.java:319)
	at com.kms.katalon.core.main.TestCaseExecutor.processExecutionPhase(TestCaseExecutor.java:298)
	at com.kms.katalon.core.main.TestCaseExecutor.accessMainPhase(TestCaseExecutor.java:290)
	at com.kms.katalon.core.main.TestCaseExecutor.execute(TestCaseExecutor.java:224)
	at com.kms.katalon.core.main.TestSuiteExecutor.accessTestCaseMainPhase(TestSuiteExecutor.java:129)
	at com.kms.katalon.core.main.TestSuiteExecutor.accessTestSuiteMainPhase(TestSuiteExecutor.java:112)
	at com.kms.katalon.core.main.TestSuiteExecutor.execute(TestSuiteExecutor.java:81)
	at com.kms.katalon.core.main.TestCaseMain.startTestSuite(TestCaseMain.java:149)
	at com.kms.katalon.core.main.TestCaseMain$startTestSuite$0.call(Unknown Source)
	at TempTestSuite1551425434680.run(TempTestSuite1551425434680.groovy:36)]]></system-err>
   </testsuite>
</testsuites>
