<?xml version="1.0" encoding="UTF-8"?>
<testsuites name="Company10-11-12-13" time="183" tests="0" failures="4" errors="0">
   <testsuite name="Company10-11-12-13" tests="0" failures="4" errors="0" time="183" timestamp="2019-03-23 10:17:04" hostname="Ninja - AnhNVSE63446" id="Test Suites/Company10-11-12-13">
      <properties>
         <property name="deviceName" value=""/>
         <property name="devicePlatform" value=""/>
         <property name="logFolder" value="C:\\Users\\pc\\HelpdeskAutomation\\Reports\\Company10-11-12-13\\20190323_101655"/>
         <property name="logFiles" value="C:\\Users\\pc\\HelpdeskAutomation\\Reports\\Company10-11-12-13\\20190323_101655\\execution0.log"/>
         <property name="attachments" value="C:\\Users\\pc\\HelpdeskAutomation\\Reports\\Company10-11-12-13\\20190323_101655\\1553311076450.png, C:\\Users\\pc\\HelpdeskAutomation\\Reports\\Company10-11-12-13\\20190323_101655\\1553311076860.png, C:\\Users\\pc\\HelpdeskAutomation\\Reports\\Company10-11-12-13\\20190323_101655\\1553311077282.png, C:\\Users\\pc\\HelpdeskAutomation\\Reports\\Company10-11-12-13\\20190323_101655\\1553311077808.png, C:\\Users\\pc\\HelpdeskAutomation\\Reports\\Company10-11-12-13\\20190323_101655\\1553311091880.png, C:\\Users\\pc\\HelpdeskAutomation\\Reports\\Company10-11-12-13\\20190323_101655\\1553311092330.png, C:\\Users\\pc\\HelpdeskAutomation\\Reports\\Company10-11-12-13\\20190323_101655\\1553311092731.png, C:\\Users\\pc\\HelpdeskAutomation\\Reports\\Company10-11-12-13\\20190323_101655\\1553311093196.png, C:\\Users\\pc\\HelpdeskAutomation\\Reports\\Company10-11-12-13\\20190323_101655\\1553311093601.png, C:\\Users\\pc\\HelpdeskAutomation\\Reports\\Company10-11-12-13\\20190323_101655\\1553311094014.png, C:\\Users\\pc\\HelpdeskAutomation\\Reports\\Company10-11-12-13\\20190323_101655\\1553311094405.png, C:\\Users\\pc\\HelpdeskAutomation\\Reports\\Company10-11-12-13\\20190323_101655\\1553311094759.png, C:\\Users\\pc\\HelpdeskAutomation\\Reports\\Company10-11-12-13\\20190323_101655\\1553311095249.png, C:\\Users\\pc\\HelpdeskAutomation\\Reports\\Company10-11-12-13\\20190323_101655\\1553311095678.png, C:\\Users\\pc\\HelpdeskAutomation\\Reports\\Company10-11-12-13\\20190323_101655\\1553311140160.png, C:\\Users\\pc\\HelpdeskAutomation\\Reports\\Company10-11-12-13\\20190323_101655\\1553311156050.png, C:\\Users\\pc\\HelpdeskAutomation\\Reports\\Company10-11-12-13\\20190323_101655\\1553311188665.png, C:\\Users\\pc\\HelpdeskAutomation\\Reports\\Company10-11-12-13\\20190323_101655\\1553311189142.png, C:\\Users\\pc\\HelpdeskAutomation\\Reports\\Company10-11-12-13\\20190323_101655\\1553311189590.png, C:\\Users\\pc\\HelpdeskAutomation\\Reports\\Company10-11-12-13\\20190323_101655\\1553311190010.png, C:\\Users\\pc\\HelpdeskAutomation\\Reports\\Company10-11-12-13\\20190323_101655\\1553311190397.png, C:\\Users\\pc\\HelpdeskAutomation\\Reports\\Company10-11-12-13\\20190323_101655\\1553311190751.png, C:\\Users\\pc\\HelpdeskAutomation\\Reports\\Company10-11-12-13\\20190323_101655\\1553311191144.png, C:\\Users\\pc\\HelpdeskAutomation\\Reports\\Company10-11-12-13\\20190323_101655\\1553311191575.png, C:\\Users\\pc\\HelpdeskAutomation\\Reports\\Company10-11-12-13\\20190323_101655\\1553311191914.png, C:\\Users\\pc\\HelpdeskAutomation\\Reports\\Company10-11-12-13\\20190323_101655\\1553311192305.png, C:\\Users\\pc\\HelpdeskAutomation\\Reports\\Company10-11-12-13\\20190323_101655\\1553311192743.png, C:\\Users\\pc\\HelpdeskAutomation\\Reports\\Company10-11-12-13\\20190323_101655\\1553311193152.png, C:\\Users\\pc\\HelpdeskAutomation\\Reports\\Company10-11-12-13\\20190323_101655\\1553311205359.png, C:\\Users\\pc\\HelpdeskAutomation\\Reports\\Company10-11-12-13\\20190323_101655\\1553311206889.png"/>
         <property name="hostName" value="Ninja - AnhNVSE63446"/>
         <property name="os" value="Windows 10 64bit"/>
         <property name="katalonVersion" value="6.0.5.4"/>
         <property name="browser" value="Chrome 72.0.3626.121"/>
         <property name="hostAddress" value="192.168.175.1"/>
         <property name="sessionId" value="b1b9d19073b866c5ac67626f583dd650"/>
         <property name="seleniumVersion" value="3.7.1"/>
         <property name="proxyInformation" value="ProxyInformation{proxyOption=NO_PROXY, proxyServerType=HTTP, password=, proxyServerAddress=, proxyServerPort=0}"/>
         <property name="platform" value="Windows 10"/>
      </properties>
      <testcase name="Test Cases/Company/Company-10" classname="Test Cases/Company/Company-10" status="FAILED">
         <failure type="FAILED" message="Test Cases/Company/Company-10 FAILED.
Reason:
com.kms.katalon.core.exception.StepFailedException: Actual text 'anhtest22' and expected text 'anhtest' of test object 'Object Repository/Company/Company-10/Page_ODTS System/td_anhtest' are NOT matched.
	at com.kms.katalon.core.keyword.internal.KeywordMain.stepFailed(KeywordMain.groovy:37)
	at com.kms.katalon.core.webui.keyword.internal.WebUIKeywordMain.stepFailed(WebUIKeywordMain.groovy:65)
	at com.kms.katalon.core.webui.keyword.builtin.VerifyElementTextKeyword$_verifyElementText_closure1.doCall(VerifyElementTextKeyword.groovy:57)
	at com.kms.katalon.core.webui.keyword.builtin.VerifyElementTextKeyword$_verifyElementText_closure1.call(VerifyElementTextKeyword.groovy)
	at com.kms.katalon.core.webui.keyword.internal.WebUIKeywordMain.runKeyword(WebUIKeywordMain.groovy:21)
	at com.kms.katalon.core.webui.keyword.builtin.VerifyElementTextKeyword.verifyElementText(VerifyElementTextKeyword.groovy:72)
	at com.kms.katalon.core.webui.keyword.builtin.VerifyElementTextKeyword.execute(VerifyElementTextKeyword.groovy:40)
	at com.kms.katalon.core.keyword.internal.KeywordExecutor.executeKeywordForPlatform(KeywordExecutor.groovy:56)
	at com.kms.katalon.core.webui.keyword.WebUiBuiltInKeywords.verifyElementText(WebUiBuiltInKeywords.groovy:3663)
	at com.kms.katalon.core.webui.keyword.WebUiBuiltInKeywords$verifyElementText$6.call(Unknown Source)
	at Company-10.run(Company-10:116)
	at com.kms.katalon.core.main.ScriptEngine.run(ScriptEngine.java:194)
	at com.kms.katalon.core.main.ScriptEngine.runScriptAsRawText(ScriptEngine.java:119)
	at com.kms.katalon.core.main.TestCaseExecutor.runScript(TestCaseExecutor.java:331)
	at com.kms.katalon.core.main.TestCaseExecutor.doExecute(TestCaseExecutor.java:322)
	at com.kms.katalon.core.main.TestCaseExecutor.processExecutionPhase(TestCaseExecutor.java:301)
	at com.kms.katalon.core.main.TestCaseExecutor.accessMainPhase(TestCaseExecutor.java:293)
	at com.kms.katalon.core.main.TestCaseExecutor.execute(TestCaseExecutor.java:227)
	at com.kms.katalon.core.main.TestSuiteExecutor.accessTestCaseMainPhase(TestSuiteExecutor.java:129)
	at com.kms.katalon.core.main.TestSuiteExecutor.accessTestSuiteMainPhase(TestSuiteExecutor.java:112)
	at com.kms.katalon.core.main.TestSuiteExecutor.execute(TestSuiteExecutor.java:81)
	at com.kms.katalon.core.main.TestCaseMain.startTestSuite(TestCaseMain.java:157)
	at com.kms.katalon.core.main.TestCaseMain$startTestSuite$0.call(Unknown Source)
	at TempTestSuite1553311020014.run(TempTestSuite1553311020014.groovy:35)
"/>
         <system-out><![CDATA[2019-03-23 10:17:05 - [TEST_CASE][FAILED] - Test Cases/Company/Company-10: Test Cases/Company/Company-10 FAILED.
Reason:
com.kms.katalon.core.exception.StepFailedException: Actual text 'anhtest22' and expected text 'anhtest' of test object 'Object Repository/Company/Company-10/Page_ODTS System/td_anhtest' are NOT matched.
	at com.kms.katalon.core.keyword.internal.KeywordMain.stepFailed(KeywordMain.groovy:37)
	at com.kms.katalon.core.webui.keyword.internal.WebUIKeywordMain.stepFailed(WebUIKeywordMain.groovy:65)
	at com.kms.katalon.core.webui.keyword.builtin.VerifyElementTextKeyword$_verifyElementText_closure1.doCall(VerifyElementTextKeyword.groovy:57)
	at com.kms.katalon.core.webui.keyword.builtin.VerifyElementTextKeyword$_verifyElementText_closure1.call(VerifyElementTextKeyword.groovy)
	at com.kms.katalon.core.webui.keyword.internal.WebUIKeywordMain.runKeyword(WebUIKeywordMain.groovy:21)
	at com.kms.katalon.core.webui.keyword.builtin.VerifyElementTextKeyword.verifyElementText(VerifyElementTextKeyword.groovy:72)
	at com.kms.katalon.core.webui.keyword.builtin.VerifyElementTextKeyword.execute(VerifyElementTextKeyword.groovy:40)
	at com.kms.katalon.core.keyword.internal.KeywordExecutor.executeKeywordForPlatform(KeywordExecutor.groovy:56)
	at com.kms.katalon.core.webui.keyword.WebUiBuiltInKeywords.verifyElementText(WebUiBuiltInKeywords.groovy:3663)
	at com.kms.katalon.core.webui.keyword.WebUiBuiltInKeywords$verifyElementText$6.call(Unknown Source)
	at Company-10.run(Company-10:116)
	at com.kms.katalon.core.main.ScriptEngine.run(ScriptEngine.java:194)
	at com.kms.katalon.core.main.ScriptEngine.runScriptAsRawText(ScriptEngine.java:119)
	at com.kms.katalon.core.main.TestCaseExecutor.runScript(TestCaseExecutor.java:331)
	at com.kms.katalon.core.main.TestCaseExecutor.doExecute(TestCaseExecutor.java:322)
	at com.kms.katalon.core.main.TestCaseExecutor.processExecutionPhase(TestCaseExecutor.java:301)
	at com.kms.katalon.core.main.TestCaseExecutor.accessMainPhase(TestCaseExecutor.java:293)
	at com.kms.katalon.core.main.TestCaseExecutor.execute(TestCaseExecutor.java:227)
	at com.kms.katalon.core.main.TestSuiteExecutor.accessTestCaseMainPhase(TestSuiteExecutor.java:129)
	at com.kms.katalon.core.main.TestSuiteExecutor.accessTestSuiteMainPhase(TestSuiteExecutor.java:112)
	at com.kms.katalon.core.main.TestSuiteExecutor.execute(TestSuiteExecutor.java:81)
	at com.kms.katalon.core.main.TestCaseMain.startTestSuite(TestCaseMain.java:157)
	at com.kms.katalon.core.main.TestCaseMain$startTestSuite$0.call(Unknown Source)
	at TempTestSuite1553311020014.run(TempTestSuite1553311020014.groovy:35)


2019-03-23 10:17:06 - [TEST_STEP][PASSED] - openBrowser(""): Browser is opened with url: ''

2019-03-23 10:17:07 - [MESSAGE][INFO] - Starting 'Chrome' driver

2019-03-23 10:17:07 - [MESSAGE][INFO] - Action delay is set to 0 seconds

2019-03-23 10:17:23 - [MESSAGE][PASSED] - Browser is opened with url: ''

2019-03-23 10:17:23 - [TEST_STEP][PASSED] - navigateToUrl("http://helpdesk.wisky.vn/"): Navigate to 'http://helpdesk.wisky.vn/' successfully

2019-03-23 10:17:28 - [MESSAGE][PASSED] - Navigate to 'http://helpdesk.wisky.vn/' successfully

2019-03-23 10:17:28 - [TEST_STEP][PASSED] - setText(findTestObject("Company/Company-10/Page_ODTS System/input_ODTS_username"), "admin01"): Text 'admin01' is set on object 'Object Repository/Company/Company-10/Page_ODTS System/input_ODTS_username'

2019-03-23 10:17:30 - [MESSAGE][PASSED] - Text 'admin01' is set on object 'Object Repository/Company/Company-10/Page_ODTS System/input_ODTS_username'

2019-03-23 10:17:30 - [TEST_STEP][PASSED] - setEncryptedText(findTestObject("Company/Company-10/Page_ODTS System/input_ODTS_password"), "aeHFOx8jV/A="): Text ****** has been set on object 'Object Repository/Company/Company-10/Page_ODTS System/input_ODTS_password'

2019-03-23 10:17:31 - [MESSAGE][PASSED] - Text ****** has been set on object 'Object Repository/Company/Company-10/Page_ODTS System/input_ODTS_password'

2019-03-23 10:17:31 - [TEST_STEP][PASSED] - click(findTestObject("Company/Company-10/Page_ODTS System/button_ng Nhp")): Object: 'Object Repository/Company/Company-10/Page_ODTS System/button_ng Nhp' is clicked on

2019-03-23 10:17:31 - [MESSAGE][PASSED] - Object: 'Object Repository/Company/Company-10/Page_ODTS System/button_ng Nhp' is clicked on

2019-03-23 10:17:31 - [TEST_STEP][PASSED] - click(findTestObject("Company/Company-10/Page_ODTS System/a_Cng Ty")): Object: 'Object Repository/Company/Company-10/Page_ODTS System/a_Cng Ty' is clicked on

2019-03-23 10:17:34 - [MESSAGE][PASSED] - Object: 'Object Repository/Company/Company-10/Page_ODTS System/a_Cng Ty' is clicked on

2019-03-23 10:17:34 - [TEST_STEP][PASSED] - click(findTestObject("Company/Company-10/Page_ODTS System/a_Xem Chi Nhnh")): Object: 'Object Repository/Company/Company-10/Page_ODTS System/a_Xem Chi Nhnh' is clicked on

2019-03-23 10:17:34 - [MESSAGE][PASSED] - Object: 'Object Repository/Company/Company-10/Page_ODTS System/a_Xem Chi Nhnh' is clicked on

2019-03-23 10:17:34 - [TEST_STEP][PASSED] - click(findTestObject("Company/Company-10/Page_ODTS System/a_Xem Thit b")): Object: 'Object Repository/Company/Company-10/Page_ODTS System/a_Xem Thit b' is clicked on

2019-03-23 10:17:35 - [MESSAGE][PASSED] - Object: 'Object Repository/Company/Company-10/Page_ODTS System/a_Xem Thit b' is clicked on

2019-03-23 10:17:35 - [TEST_STEP][PASSED] - click(findTestObject("Company/Company-10/Page_ODTS System/font_To Thit B")): Object: 'Object Repository/Company/Company-10/Page_ODTS System/font_To Thit B' is clicked on

2019-03-23 10:17:36 - [MESSAGE][PASSED] - Object: 'Object Repository/Company/Company-10/Page_ODTS System/font_To Thit B' is clicked on

2019-03-23 10:17:36 - [TEST_STEP][PASSED] - waitForAlert(1): No alert found after 1 second(s).

2019-03-23 10:17:37 - [MESSAGE][WARNING] - No alert found after 1 second(s).

2019-03-23 10:17:37 - [TEST_STEP][PASSED] - click(findTestObject("Company/Company-10/Page_ODTS System/span_--Chn loi thit b--")): Object: 'Object Repository/Company/Company-10/Page_ODTS System/span_--Chn loi thit b--' is clicked on

2019-03-23 10:17:37 - [MESSAGE][PASSED] - Object: 'Object Repository/Company/Company-10/Page_ODTS System/span_--Chn loi thit b--' is clicked on

2019-03-23 10:17:37 - [TEST_STEP][PASSED] - waitForAlert(1): No alert found after 1 second(s).

2019-03-23 10:17:38 - [MESSAGE][WARNING] - No alert found after 1 second(s).

2019-03-23 10:17:38 - [TEST_STEP][PASSED] - setText(findTestObject("Company/Company-10/Page_ODTS System/input_ng_select2-search__field"), "Camera"): Text 'Camera' is set on object 'Object Repository/Company/Company-10/Page_ODTS System/input_ng_select2-search__field'

2019-03-23 10:17:38 - [MESSAGE][PASSED] - Text 'Camera' is set on object 'Object Repository/Company/Company-10/Page_ODTS System/input_ng_select2-search__field'

2019-03-23 10:17:38 - [TEST_STEP][PASSED] - waitForAlert(1): No alert found after 1 second(s).

2019-03-23 10:17:39 - [MESSAGE][WARNING] - No alert found after 1 second(s).

2019-03-23 10:17:39 - [TEST_STEP][PASSED] - sendKeys(findTestObject("Company/Company-10/Page_ODTS System/input_ng_select2-search__field"), Keys.chord(ENTER)): Keys 'ENTER + ' sent to object: 'Object Repository/Company/Company-10/Page_ODTS System/input_ng_select2-search__field'

2019-03-23 10:17:40 - [MESSAGE][PASSED] - Keys 'ENTER + ' sent to object: 'Object Repository/Company/Company-10/Page_ODTS System/input_ng_select2-search__field'

2019-03-23 10:17:40 - [TEST_STEP][PASSED] - waitForAlert(1): No alert found after 1 second(s).

2019-03-23 10:17:41 - [MESSAGE][WARNING] - No alert found after 1 second(s).

2019-03-23 10:17:41 - [TEST_STEP][PASSED] - setText(findTestObject("Company/Company-10/Page_ODTS System/input_Tn Thit B_dvNameC"), "anhtest"): Text 'anhtest' is set on object 'Object Repository/Company/Company-10/Page_ODTS System/input_Tn Thit B_dvNameC'

2019-03-23 10:17:41 - [MESSAGE][PASSED] - Text 'anhtest' is set on object 'Object Repository/Company/Company-10/Page_ODTS System/input_Tn Thit B_dvNameC'

2019-03-23 10:17:41 - [TEST_STEP][PASSED] - waitForAlert(1): No alert found after 1 second(s).

2019-03-23 10:17:42 - [MESSAGE][WARNING] - No alert found after 1 second(s).

2019-03-23 10:17:42 - [TEST_STEP][PASSED] - setText(findTestObject("Company/Company-10/Page_ODTS System/input_Code_dvCodeC"), "hihi"): Text 'hihi' is set on object 'Object Repository/Company/Company-10/Page_ODTS System/input_Code_dvCodeC'

2019-03-23 10:17:42 - [MESSAGE][PASSED] - Text 'hihi' is set on object 'Object Repository/Company/Company-10/Page_ODTS System/input_Code_dvCodeC'

2019-03-23 10:17:42 - [TEST_STEP][PASSED] - waitForAlert(1): No alert found after 1 second(s).

2019-03-23 10:17:43 - [MESSAGE][WARNING] - No alert found after 1 second(s).

2019-03-23 10:17:43 - [TEST_STEP][PASSED] - click(findTestObject("Company/Company-10/Page_ODTS System/input_Ngy Bo Hnh_dvGDateC")): Object: 'Object Repository/Company/Company-10/Page_ODTS System/input_Ngy Bo Hnh_dvGDateC' is clicked on

2019-03-23 10:17:43 - [MESSAGE][PASSED] - Object: 'Object Repository/Company/Company-10/Page_ODTS System/input_Ngy Bo Hnh_dvGDateC' is clicked on

2019-03-23 10:17:43 - [TEST_STEP][PASSED] - click(findTestObject("Company/Company-10/Page_ODTS System/chonNgayBaoHanh")): Object: 'Object Repository/Company/Company-10/Page_ODTS System/chonNgayBaoHanh' is clicked on

2019-03-23 10:17:44 - [MESSAGE][PASSED] - Object: 'Object Repository/Company/Company-10/Page_ODTS System/chonNgayBaoHanh' is clicked on

2019-03-23 10:17:44 - [TEST_STEP][PASSED] - click(findTestObject("Company/Company-10/Page_ODTS System/chonNgayBaoHanh2")): Object: 'Object Repository/Company/Company-10/Page_ODTS System/chonNgayBaoHanh2' is clicked on

2019-03-23 10:17:44 - [MESSAGE][PASSED] - Object: 'Object Repository/Company/Company-10/Page_ODTS System/chonNgayBaoHanh2' is clicked on

2019-03-23 10:17:44 - [TEST_STEP][PASSED] - click(findTestObject("Company/Company-10/Page_ODTS System/td_1")): Object: 'Object Repository/Company/Company-10/Page_ODTS System/td_1' is clicked on

2019-03-23 10:17:44 - [MESSAGE][PASSED] - Object: 'Object Repository/Company/Company-10/Page_ODTS System/td_1' is clicked on

2019-03-23 10:17:44 - [TEST_STEP][PASSED] - waitForAlert(1): No alert found after 1 second(s).

2019-03-23 10:17:45 - [MESSAGE][WARNING] - No alert found after 1 second(s).

2019-03-23 10:17:45 - [TEST_STEP][PASSED] - click(findTestObject("Company/Company-10/Page_ODTS System/input_Hn Bo Hnh_dvGEndDateC")): Object: 'Object Repository/Company/Company-10/Page_ODTS System/input_Hn Bo Hnh_dvGEndDateC' is clicked on

2019-03-23 10:17:45 - [MESSAGE][PASSED] - Object: 'Object Repository/Company/Company-10/Page_ODTS System/input_Hn Bo Hnh_dvGEndDateC' is clicked on

2019-03-23 10:17:45 - [TEST_STEP][PASSED] - click(findTestObject("Company/Company-10/Page_ODTS System/chonNgayBaoHanh")): Object: 'Object Repository/Company/Company-10/Page_ODTS System/chonNgayBaoHanh' is clicked on

2019-03-23 10:17:45 - [MESSAGE][PASSED] - Object: 'Object Repository/Company/Company-10/Page_ODTS System/chonNgayBaoHanh' is clicked on

2019-03-23 10:17:45 - [TEST_STEP][PASSED] - click(findTestObject("Company/Company-10/Page_ODTS System/chonHanBaoHanh")): Object: 'Object Repository/Company/Company-10/Page_ODTS System/chonHanBaoHanh' is clicked on

2019-03-23 10:17:46 - [MESSAGE][PASSED] - Object: 'Object Repository/Company/Company-10/Page_ODTS System/chonHanBaoHanh' is clicked on

2019-03-23 10:17:46 - [TEST_STEP][PASSED] - click(findTestObject("Company/Company-10/Page_ODTS System/td_1")): Object: 'Object Repository/Company/Company-10/Page_ODTS System/td_1' is clicked on

2019-03-23 10:17:46 - [MESSAGE][PASSED] - Object: 'Object Repository/Company/Company-10/Page_ODTS System/td_1' is clicked on

2019-03-23 10:17:46 - [TEST_STEP][PASSED] - setText(findTestObject("Company/Company-10/Page_ODTS System/input_Ip_dvIpC"), "192.168.1.1"): Text '192.168.1.1' is set on object 'Object Repository/Company/Company-10/Page_ODTS System/input_Ip_dvIpC'

2019-03-23 10:17:46 - [MESSAGE][PASSED] - Text '192.168.1.1' is set on object 'Object Repository/Company/Company-10/Page_ODTS System/input_Ip_dvIpC'

2019-03-23 10:17:46 - [TEST_STEP][PASSED] - waitForAlert(1): No alert found after 1 second(s).

2019-03-23 10:17:47 - [MESSAGE][WARNING] - No alert found after 1 second(s).

2019-03-23 10:17:47 - [TEST_STEP][PASSED] - setText(findTestObject("Company/Company-10/Page_ODTS System/input_Port_dvPortC"), "443"): Text '443' is set on object 'Object Repository/Company/Company-10/Page_ODTS System/input_Port_dvPortC'

2019-03-23 10:17:47 - [MESSAGE][PASSED] - Text '443' is set on object 'Object Repository/Company/Company-10/Page_ODTS System/input_Port_dvPortC'

2019-03-23 10:17:47 - [TEST_STEP][PASSED] - waitForAlert(1): No alert found after 1 second(s).

2019-03-23 10:17:48 - [MESSAGE][WARNING] - No alert found after 1 second(s).

2019-03-23 10:17:48 - [TEST_STEP][PASSED] - setText(findTestObject("Company/Company-10/Page_ODTS System/input_Device Account_dvAccC"), "anh"): Text 'anh' is set on object 'Object Repository/Company/Company-10/Page_ODTS System/input_Device Account_dvAccC'

2019-03-23 10:17:48 - [MESSAGE][PASSED] - Text 'anh' is set on object 'Object Repository/Company/Company-10/Page_ODTS System/input_Device Account_dvAccC'

2019-03-23 10:17:48 - [TEST_STEP][PASSED] - waitForAlert(1): No alert found after 1 second(s).

2019-03-23 10:17:49 - [MESSAGE][WARNING] - No alert found after 1 second(s).

2019-03-23 10:17:49 - [TEST_STEP][PASSED] - setText(findTestObject("Company/Company-10/Page_ODTS System/input_Device Password_dvPassC"), "123"): Text '123' is set on object 'Object Repository/Company/Company-10/Page_ODTS System/input_Device Password_dvPassC'

2019-03-23 10:17:50 - [MESSAGE][PASSED] - Text '123' is set on object 'Object Repository/Company/Company-10/Page_ODTS System/input_Device Password_dvPassC'

2019-03-23 10:17:50 - [TEST_STEP][PASSED] - waitForAlert(1): No alert found after 1 second(s).

2019-03-23 10:17:51 - [MESSAGE][WARNING] - No alert found after 1 second(s).

2019-03-23 10:17:51 - [TEST_STEP][PASSED] - click(findTestObject("Company/Company-10/Page_ODTS System/input_Ngy Lp_dvSettingDateC")): Object: 'Object Repository/Company/Company-10/Page_ODTS System/input_Ngy Lp_dvSettingDateC' is clicked on

2019-03-23 10:17:51 - [MESSAGE][PASSED] - Object: 'Object Repository/Company/Company-10/Page_ODTS System/input_Ngy Lp_dvSettingDateC' is clicked on

2019-03-23 10:17:51 - [TEST_STEP][PASSED] - click(findTestObject("Company/Company-10/Page_ODTS System/chonNgayBaoHanh")): Object: 'Object Repository/Company/Company-10/Page_ODTS System/chonNgayBaoHanh' is clicked on

2019-03-23 10:17:51 - [MESSAGE][PASSED] - Object: 'Object Repository/Company/Company-10/Page_ODTS System/chonNgayBaoHanh' is clicked on

2019-03-23 10:17:51 - [TEST_STEP][PASSED] - click(findTestObject("Company/Company-10/Page_ODTS System/chonNgayBaoHanh2")): Object: 'Object Repository/Company/Company-10/Page_ODTS System/chonNgayBaoHanh2' is clicked on

2019-03-23 10:17:51 - [MESSAGE][PASSED] - Object: 'Object Repository/Company/Company-10/Page_ODTS System/chonNgayBaoHanh2' is clicked on

2019-03-23 10:17:51 - [TEST_STEP][PASSED] - click(findTestObject("Company/Company-10/Page_ODTS System/td_20")): Object: 'Object Repository/Company/Company-10/Page_ODTS System/td_20' is clicked on

2019-03-23 10:17:51 - [MESSAGE][PASSED] - Object: 'Object Repository/Company/Company-10/Page_ODTS System/td_20' is clicked on

2019-03-23 10:17:51 - [TEST_STEP][PASSED] - waitForAlert(1): No alert found after 1 second(s).

2019-03-23 10:17:52 - [MESSAGE][WARNING] - No alert found after 1 second(s).

2019-03-23 10:17:52 - [TEST_STEP][PASSED] - setText(findTestObject("Company/Company-10/Page_ODTS System/input_Thng Tin_dvOtherC"), "testdevice"): Text 'testdevice' is set on object 'Object Repository/Company/Company-10/Page_ODTS System/input_Thng Tin_dvOtherC'

2019-03-23 10:17:52 - [MESSAGE][PASSED] - Text 'testdevice' is set on object 'Object Repository/Company/Company-10/Page_ODTS System/input_Thng Tin_dvOtherC'

2019-03-23 10:17:52 - [TEST_STEP][PASSED] - waitForAlert(1): No alert found after 1 second(s).

2019-03-23 10:17:53 - [MESSAGE][WARNING] - No alert found after 1 second(s).

2019-03-23 10:17:53 - [TEST_STEP][PASSED] - click(findTestObject("Company/Company-10/Page_ODTS System/button_To Mi")): Object: 'Object Repository/Company/Company-10/Page_ODTS System/button_To Mi' is clicked on

2019-03-23 10:17:54 - [MESSAGE][PASSED] - Object: 'Object Repository/Company/Company-10/Page_ODTS System/button_To Mi' is clicked on

2019-03-23 10:17:54 - [TEST_STEP][PASSED] - click(findTestObject("Company/Company-10/Page_ODTS System/button_OK")): Object: 'Object Repository/Company/Company-10/Page_ODTS System/button_OK' is clicked on

2019-03-23 10:17:54 - [MESSAGE][PASSED] - Object: 'Object Repository/Company/Company-10/Page_ODTS System/button_OK' is clicked on

2019-03-23 10:17:54 - [TEST_STEP][PASSED] - waitForAlert(1): No alert found after 1 second(s).

2019-03-23 10:17:55 - [MESSAGE][WARNING] - No alert found after 1 second(s).

2019-03-23 10:17:55 - [TEST_STEP][PASSED] - click(findTestObject("Company/Company-10/Page_ODTS System/fieldSearch")): Object: 'Object Repository/Company/Company-10/Page_ODTS System/fieldSearch' is clicked on

2019-03-23 10:17:55 - [MESSAGE][PASSED] - Object: 'Object Repository/Company/Company-10/Page_ODTS System/fieldSearch' is clicked on

2019-03-23 10:17:55 - [TEST_STEP][PASSED] - setText(findTestObject("Company/Company-10/Page_ODTS System/input"), "anhtest"): Text 'anhtest' is set on object 'Object Repository/Company/Company-10/Page_ODTS System/input'

2019-03-23 10:17:56 - [MESSAGE][PASSED] - Text 'anhtest' is set on object 'Object Repository/Company/Company-10/Page_ODTS System/input'

2019-03-23 10:17:56 - [TEST_STEP][FAILED] - verifyElementText(findTestObject("Company/Company-10/Page_ODTS System/td_anhtest"), "anhtest"): Actual text 'anhtest22' and expected text 'anhtest' of test object 'Object Repository/Company/Company-10/Page_ODTS System/td_anhtest' are NOT matched.

2019-03-23 10:17:56 - [MESSAGE][FAILED] - Actual text 'anhtest22' and expected text 'anhtest' of test object 'Object Repository/Company/Company-10/Page_ODTS System/td_anhtest' are NOT matched.
[[ATTACHMENT|C:\\Users\\pc\\HelpdeskAutomation\\Reports\\Company10-11-12-13\\20190323_101655\\1553311076450.png]]

2019-03-23 10:17:56 - [TEST_STEP][FAILED] - verifyElementText(findTestObject("Company/Company-10/Page_ODTS System/td_hihi"), "hihi"): Actual text 'hihi22' and expected text 'hihi' of test object 'Object Repository/Company/Company-10/Page_ODTS System/td_hihi' are NOT matched.

2019-03-23 10:17:57 - [MESSAGE][FAILED] - Actual text 'hihi22' and expected text 'hihi' of test object 'Object Repository/Company/Company-10/Page_ODTS System/td_hihi' are NOT matched.
[[ATTACHMENT|C:\\Users\\pc\\HelpdeskAutomation\\Reports\\Company10-11-12-13\\20190323_101655\\1553311076860.png]]

2019-03-23 10:17:57 - [TEST_STEP][FAILED] - verifyElementText(findTestObject("Company/Company-10/Page_ODTS System/td_01022019"), "01/02/2019"): Actual text '04/03/2019' and expected text '01/02/2019' of test object 'Object Repository/Company/Company-10/Page_ODTS System/td_01022019' are NOT matched.

2019-03-23 10:17:57 - [MESSAGE][FAILED] - Actual text '04/03/2019' and expected text '01/02/2019' of test object 'Object Repository/Company/Company-10/Page_ODTS System/td_01022019' are NOT matched.
[[ATTACHMENT|C:\\Users\\pc\\HelpdeskAutomation\\Reports\\Company10-11-12-13\\20190323_101655\\1553311077282.png]]

2019-03-23 10:17:57 - [TEST_STEP][FAILED] - verifyElementText(findTestObject("Company/Company-10/Page_ODTS System/td_01042019"), "05/04/2019"): Actual text '10/04/2019' and expected text '05/04/2019' of test object 'Object Repository/Company/Company-10/Page_ODTS System/td_01042019' are NOT matched.

2019-03-23 10:17:58 - [MESSAGE][FAILED] - Actual text '10/04/2019' and expected text '05/04/2019' of test object 'Object Repository/Company/Company-10/Page_ODTS System/td_01042019' are NOT matched.
[[ATTACHMENT|C:\\Users\\pc\\HelpdeskAutomation\\Reports\\Company10-11-12-13\\20190323_101655\\1553311077808.png]]

2019-03-23 10:17:58 - [TEST_STEP][PASSED] - verifyElementText(findTestObject("Company/Company-10/Page_ODTS System/td_20022019"), "20/02/2019"): Actual text and expected text of test object 'Object Repository/Company/Company-10/Page_ODTS System/td_20022019' are matched.

2019-03-23 10:17:58 - [MESSAGE][PASSED] - Actual text and expected text of test object 'Object Repository/Company/Company-10/Page_ODTS System/td_20022019' are matched.

2019-03-23 10:17:58 - [TEST_STEP][FAILED] - closeBrowser(): closeBrowser() FAILED.
Reason:
com.kms.katalon.core.exception.StepFailedException: Actual text 'anhtest22' and expected text 'anhtest' of test object 'Object Repository/Company/Company-10/Page_ODTS System/td_anhtest' are NOT matched.
	at com.kms.katalon.core.keyword.internal.KeywordMain.stepFailed(KeywordMain.groovy:37)
	at com.kms.katalon.core.webui.keyword.internal.WebUIKeywordMain.stepFailed(WebUIKeywordMain.groovy:65)
	at com.kms.katalon.core.webui.keyword.builtin.VerifyElementTextKeyword$_verifyElementText_closure1.doCall(VerifyElementTextKeyword.groovy:57)
	at com.kms.katalon.core.webui.keyword.builtin.VerifyElementTextKeyword$_verifyElementText_closure1.call(VerifyElementTextKeyword.groovy)
	at com.kms.katalon.core.webui.keyword.internal.WebUIKeywordMain.runKeyword(WebUIKeywordMain.groovy:21)
	at com.kms.katalon.core.webui.keyword.builtin.VerifyElementTextKeyword.verifyElementText(VerifyElementTextKeyword.groovy:72)
	at com.kms.katalon.core.webui.keyword.builtin.VerifyElementTextKeyword.execute(VerifyElementTextKeyword.groovy:40)
	at com.kms.katalon.core.keyword.internal.KeywordExecutor.executeKeywordForPlatform(KeywordExecutor.groovy:56)
	at com.kms.katalon.core.webui.keyword.WebUiBuiltInKeywords.verifyElementText(WebUiBuiltInKeywords.groovy:3663)
	at com.kms.katalon.core.webui.keyword.WebUiBuiltInKeywords$verifyElementText$6.call(Unknown Source)
	at Company-10.run(Company-10:116)
	at com.kms.katalon.core.main.ScriptEngine.run(ScriptEngine.java:194)
	at com.kms.katalon.core.main.ScriptEngine.runScriptAsRawText(ScriptEngine.java:119)
	at com.kms.katalon.core.main.TestCaseExecutor.runScript(TestCaseExecutor.java:331)
	at com.kms.katalon.core.main.TestCaseExecutor.doExecute(TestCaseExecutor.java:322)
	at com.kms.katalon.core.main.TestCaseExecutor.processExecutionPhase(TestCaseExecutor.java:301)
	at com.kms.katalon.core.main.TestCaseExecutor.accessMainPhase(TestCaseExecutor.java:293)
	at com.kms.katalon.core.main.TestCaseExecutor.execute(TestCaseExecutor.java:227)
	at com.kms.katalon.core.main.TestSuiteExecutor.accessTestCaseMainPhase(TestSuiteExecutor.java:129)
	at com.kms.katalon.core.main.TestSuiteExecutor.accessTestSuiteMainPhase(TestSuiteExecutor.java:112)
	at com.kms.katalon.core.main.TestSuiteExecutor.execute(TestSuiteExecutor.java:81)
	at com.kms.katalon.core.main.TestCaseMain.startTestSuite(TestCaseMain.java:157)
	at com.kms.katalon.core.main.TestCaseMain$startTestSuite$0.call(Unknown Source)
	at TempTestSuite1553311020014.run(TempTestSuite1553311020014.groovy:35)


2019-03-23 10:17:59 - [MESSAGE][PASSED] - Browser is closed

2019-03-23 10:17:59 - [MESSAGE][FAILED] - closeBrowser() FAILED.
Reason:
com.kms.katalon.core.exception.StepFailedException: Actual text 'anhtest22' and expected text 'anhtest' of test object 'Object Repository/Company/Company-10/Page_ODTS System/td_anhtest' are NOT matched.
	at com.kms.katalon.core.keyword.internal.KeywordMain.stepFailed(KeywordMain.groovy:37)
	at com.kms.katalon.core.webui.keyword.internal.WebUIKeywordMain.stepFailed(WebUIKeywordMain.groovy:65)
	at com.kms.katalon.core.webui.keyword.builtin.VerifyElementTextKeyword$_verifyElementText_closure1.doCall(VerifyElementTextKeyword.groovy:57)
	at com.kms.katalon.core.webui.keyword.builtin.VerifyElementTextKeyword$_verifyElementText_closure1.call(VerifyElementTextKeyword.groovy)
	at com.kms.katalon.core.webui.keyword.internal.WebUIKeywordMain.runKeyword(WebUIKeywordMain.groovy:21)
	at com.kms.katalon.core.webui.keyword.builtin.VerifyElementTextKeyword.verifyElementText(VerifyElementTextKeyword.groovy:72)
	at com.kms.katalon.core.webui.keyword.builtin.VerifyElementTextKeyword.execute(VerifyElementTextKeyword.groovy:40)
	at com.kms.katalon.core.keyword.internal.KeywordExecutor.executeKeywordForPlatform(KeywordExecutor.groovy:56)
	at com.kms.katalon.core.webui.keyword.WebUiBuiltInKeywords.verifyElementText(WebUiBuiltInKeywords.groovy:3663)
	at com.kms.katalon.core.webui.keyword.WebUiBuiltInKeywords$verifyElementText$6.call(Unknown Source)
	at Company-10.run(Company-10:116)
	at com.kms.katalon.core.main.ScriptEngine.run(ScriptEngine.java:194)
	at com.kms.katalon.core.main.ScriptEngine.runScriptAsRawText(ScriptEngine.java:119)
	at com.kms.katalon.core.main.TestCaseExecutor.runScript(TestCaseExecutor.java:331)
	at com.kms.katalon.core.main.TestCaseExecutor.doExecute(TestCaseExecutor.java:322)
	at com.kms.katalon.core.main.TestCaseExecutor.processExecutionPhase(TestCaseExecutor.java:301)
	at com.kms.katalon.core.main.TestCaseExecutor.accessMainPhase(TestCaseExecutor.java:293)
	at com.kms.katalon.core.main.TestCaseExecutor.execute(TestCaseExecutor.java:227)
	at com.kms.katalon.core.main.TestSuiteExecutor.accessTestCaseMainPhase(TestSuiteExecutor.java:129)
	at com.kms.katalon.core.main.TestSuiteExecutor.accessTestSuiteMainPhase(TestSuiteExecutor.java:112)
	at com.kms.katalon.core.main.TestSuiteExecutor.execute(TestSuiteExecutor.java:81)
	at com.kms.katalon.core.main.TestCaseMain.startTestSuite(TestCaseMain.java:157)
	at com.kms.katalon.core.main.TestCaseMain$startTestSuite$0.call(Unknown Source)
	at TempTestSuite1553311020014.run(TempTestSuite1553311020014.groovy:35)]]></system-out>
         <system-err><![CDATA[2019-03-23 10:17:05 - [TEST_CASE][FAILED] - Test Cases/Company/Company-10: Test Cases/Company/Company-10 FAILED.
Reason:
com.kms.katalon.core.exception.StepFailedException: Actual text 'anhtest22' and expected text 'anhtest' of test object 'Object Repository/Company/Company-10/Page_ODTS System/td_anhtest' are NOT matched.
	at com.kms.katalon.core.keyword.internal.KeywordMain.stepFailed(KeywordMain.groovy:37)
	at com.kms.katalon.core.webui.keyword.internal.WebUIKeywordMain.stepFailed(WebUIKeywordMain.groovy:65)
	at com.kms.katalon.core.webui.keyword.builtin.VerifyElementTextKeyword$_verifyElementText_closure1.doCall(VerifyElementTextKeyword.groovy:57)
	at com.kms.katalon.core.webui.keyword.builtin.VerifyElementTextKeyword$_verifyElementText_closure1.call(VerifyElementTextKeyword.groovy)
	at com.kms.katalon.core.webui.keyword.internal.WebUIKeywordMain.runKeyword(WebUIKeywordMain.groovy:21)
	at com.kms.katalon.core.webui.keyword.builtin.VerifyElementTextKeyword.verifyElementText(VerifyElementTextKeyword.groovy:72)
	at com.kms.katalon.core.webui.keyword.builtin.VerifyElementTextKeyword.execute(VerifyElementTextKeyword.groovy:40)
	at com.kms.katalon.core.keyword.internal.KeywordExecutor.executeKeywordForPlatform(KeywordExecutor.groovy:56)
	at com.kms.katalon.core.webui.keyword.WebUiBuiltInKeywords.verifyElementText(WebUiBuiltInKeywords.groovy:3663)
	at com.kms.katalon.core.webui.keyword.WebUiBuiltInKeywords$verifyElementText$6.call(Unknown Source)
	at Company-10.run(Company-10:116)
	at com.kms.katalon.core.main.ScriptEngine.run(ScriptEngine.java:194)
	at com.kms.katalon.core.main.ScriptEngine.runScriptAsRawText(ScriptEngine.java:119)
	at com.kms.katalon.core.main.TestCaseExecutor.runScript(TestCaseExecutor.java:331)
	at com.kms.katalon.core.main.TestCaseExecutor.doExecute(TestCaseExecutor.java:322)
	at com.kms.katalon.core.main.TestCaseExecutor.processExecutionPhase(TestCaseExecutor.java:301)
	at com.kms.katalon.core.main.TestCaseExecutor.accessMainPhase(TestCaseExecutor.java:293)
	at com.kms.katalon.core.main.TestCaseExecutor.execute(TestCaseExecutor.java:227)
	at com.kms.katalon.core.main.TestSuiteExecutor.accessTestCaseMainPhase(TestSuiteExecutor.java:129)
	at com.kms.katalon.core.main.TestSuiteExecutor.accessTestSuiteMainPhase(TestSuiteExecutor.java:112)
	at com.kms.katalon.core.main.TestSuiteExecutor.execute(TestSuiteExecutor.java:81)
	at com.kms.katalon.core.main.TestCaseMain.startTestSuite(TestCaseMain.java:157)
	at com.kms.katalon.core.main.TestCaseMain$startTestSuite$0.call(Unknown Source)
	at TempTestSuite1553311020014.run(TempTestSuite1553311020014.groovy:35)]]></system-err>
      </testcase>
      <testcase name="Test Cases/Company/Company-11" classname="Test Cases/Company/Company-11" status="FAILED">
         <failure type="FAILED" message="Test Cases/Company/Company-11 FAILED.
Reason:
com.kms.katalon.core.exception.StepFailedException: Actual text 'anhtest22' and expected text 'anhtest' of test object 'Object Repository/Company/Company-11/Page_ODTS System/p_anhtest' are NOT matched.
	at com.kms.katalon.core.keyword.internal.KeywordMain.stepFailed(KeywordMain.groovy:37)
	at com.kms.katalon.core.webui.keyword.internal.WebUIKeywordMain.stepFailed(WebUIKeywordMain.groovy:65)
	at com.kms.katalon.core.webui.keyword.builtin.VerifyElementTextKeyword$_verifyElementText_closure1.doCall(VerifyElementTextKeyword.groovy:57)
	at com.kms.katalon.core.webui.keyword.builtin.VerifyElementTextKeyword$_verifyElementText_closure1.call(VerifyElementTextKeyword.groovy)
	at com.kms.katalon.core.webui.keyword.internal.WebUIKeywordMain.runKeyword(WebUIKeywordMain.groovy:21)
	at com.kms.katalon.core.webui.keyword.builtin.VerifyElementTextKeyword.verifyElementText(VerifyElementTextKeyword.groovy:72)
	at com.kms.katalon.core.webui.keyword.builtin.VerifyElementTextKeyword.execute(VerifyElementTextKeyword.groovy:40)
	at com.kms.katalon.core.keyword.internal.KeywordExecutor.executeKeywordForPlatform(KeywordExecutor.groovy:56)
	at com.kms.katalon.core.webui.keyword.WebUiBuiltInKeywords.verifyElementText(WebUiBuiltInKeywords.groovy:3663)
	at com.kms.katalon.core.webui.keyword.WebUiBuiltInKeywords$verifyElementText$6.call(Unknown Source)
	at Company-11.run(Company-11:45)
	at com.kms.katalon.core.main.ScriptEngine.run(ScriptEngine.java:194)
	at com.kms.katalon.core.main.ScriptEngine.runScriptAsRawText(ScriptEngine.java:119)
	at com.kms.katalon.core.main.TestCaseExecutor.runScript(TestCaseExecutor.java:331)
	at com.kms.katalon.core.main.TestCaseExecutor.doExecute(TestCaseExecutor.java:322)
	at com.kms.katalon.core.main.TestCaseExecutor.processExecutionPhase(TestCaseExecutor.java:301)
	at com.kms.katalon.core.main.TestCaseExecutor.accessMainPhase(TestCaseExecutor.java:293)
	at com.kms.katalon.core.main.TestCaseExecutor.execute(TestCaseExecutor.java:227)
	at com.kms.katalon.core.main.TestSuiteExecutor.accessTestCaseMainPhase(TestSuiteExecutor.java:129)
	at com.kms.katalon.core.main.TestSuiteExecutor.accessTestSuiteMainPhase(TestSuiteExecutor.java:112)
	at com.kms.katalon.core.main.TestSuiteExecutor.execute(TestSuiteExecutor.java:81)
	at com.kms.katalon.core.main.TestCaseMain.startTestSuite(TestCaseMain.java:157)
	at com.kms.katalon.core.main.TestCaseMain$startTestSuite$0.call(Unknown Source)
	at TempTestSuite1553311020014.run(TempTestSuite1553311020014.groovy:35)
"/>
         <system-out><![CDATA[2019-03-23 10:17:59 - [TEST_CASE][FAILED] - Test Cases/Company/Company-11: Test Cases/Company/Company-11 FAILED.
Reason:
com.kms.katalon.core.exception.StepFailedException: Actual text 'anhtest22' and expected text 'anhtest' of test object 'Object Repository/Company/Company-11/Page_ODTS System/p_anhtest' are NOT matched.
	at com.kms.katalon.core.keyword.internal.KeywordMain.stepFailed(KeywordMain.groovy:37)
	at com.kms.katalon.core.webui.keyword.internal.WebUIKeywordMain.stepFailed(WebUIKeywordMain.groovy:65)
	at com.kms.katalon.core.webui.keyword.builtin.VerifyElementTextKeyword$_verifyElementText_closure1.doCall(VerifyElementTextKeyword.groovy:57)
	at com.kms.katalon.core.webui.keyword.builtin.VerifyElementTextKeyword$_verifyElementText_closure1.call(VerifyElementTextKeyword.groovy)
	at com.kms.katalon.core.webui.keyword.internal.WebUIKeywordMain.runKeyword(WebUIKeywordMain.groovy:21)
	at com.kms.katalon.core.webui.keyword.builtin.VerifyElementTextKeyword.verifyElementText(VerifyElementTextKeyword.groovy:72)
	at com.kms.katalon.core.webui.keyword.builtin.VerifyElementTextKeyword.execute(VerifyElementTextKeyword.groovy:40)
	at com.kms.katalon.core.keyword.internal.KeywordExecutor.executeKeywordForPlatform(KeywordExecutor.groovy:56)
	at com.kms.katalon.core.webui.keyword.WebUiBuiltInKeywords.verifyElementText(WebUiBuiltInKeywords.groovy:3663)
	at com.kms.katalon.core.webui.keyword.WebUiBuiltInKeywords$verifyElementText$6.call(Unknown Source)
	at Company-11.run(Company-11:45)
	at com.kms.katalon.core.main.ScriptEngine.run(ScriptEngine.java:194)
	at com.kms.katalon.core.main.ScriptEngine.runScriptAsRawText(ScriptEngine.java:119)
	at com.kms.katalon.core.main.TestCaseExecutor.runScript(TestCaseExecutor.java:331)
	at com.kms.katalon.core.main.TestCaseExecutor.doExecute(TestCaseExecutor.java:322)
	at com.kms.katalon.core.main.TestCaseExecutor.processExecutionPhase(TestCaseExecutor.java:301)
	at com.kms.katalon.core.main.TestCaseExecutor.accessMainPhase(TestCaseExecutor.java:293)
	at com.kms.katalon.core.main.TestCaseExecutor.execute(TestCaseExecutor.java:227)
	at com.kms.katalon.core.main.TestSuiteExecutor.accessTestCaseMainPhase(TestSuiteExecutor.java:129)
	at com.kms.katalon.core.main.TestSuiteExecutor.accessTestSuiteMainPhase(TestSuiteExecutor.java:112)
	at com.kms.katalon.core.main.TestSuiteExecutor.execute(TestSuiteExecutor.java:81)
	at com.kms.katalon.core.main.TestCaseMain.startTestSuite(TestCaseMain.java:157)
	at com.kms.katalon.core.main.TestCaseMain$startTestSuite$0.call(Unknown Source)
	at TempTestSuite1553311020014.run(TempTestSuite1553311020014.groovy:35)


2019-03-23 10:17:59 - [TEST_STEP][PASSED] - openBrowser(""): Browser is opened with url: ''

2019-03-23 10:17:59 - [MESSAGE][INFO] - Starting 'Chrome' driver

2019-03-23 10:18:03 - [MESSAGE][PASSED] - Browser is opened with url: ''

2019-03-23 10:18:03 - [TEST_STEP][PASSED] - navigateToUrl("http://helpdesk.wisky.vn/"): Navigate to 'http://helpdesk.wisky.vn/' successfully

2019-03-23 10:18:04 - [MESSAGE][PASSED] - Navigate to 'http://helpdesk.wisky.vn/' successfully

2019-03-23 10:18:04 - [TEST_STEP][PASSED] - setText(findTestObject("Company/Company-11/Page_ODTS System/input_ODTS_username"), "admin01"): Text 'admin01' is set on object 'Object Repository/Company/Company-11/Page_ODTS System/input_ODTS_username'

2019-03-23 10:18:04 - [MESSAGE][PASSED] - Text 'admin01' is set on object 'Object Repository/Company/Company-11/Page_ODTS System/input_ODTS_username'

2019-03-23 10:18:04 - [TEST_STEP][PASSED] - setEncryptedText(findTestObject("Company/Company-11/Page_ODTS System/input_ODTS_password"), "aeHFOx8jV/A="): Text ****** has been set on object 'Object Repository/Company/Company-11/Page_ODTS System/input_ODTS_password'

2019-03-23 10:18:04 - [MESSAGE][PASSED] - Text ****** has been set on object 'Object Repository/Company/Company-11/Page_ODTS System/input_ODTS_password'

2019-03-23 10:18:04 - [TEST_STEP][PASSED] - click(findTestObject("Company/Company-11/Page_ODTS System/button_ng Nhp")): Object: 'Object Repository/Company/Company-11/Page_ODTS System/button_ng Nhp' is clicked on

2019-03-23 10:18:05 - [MESSAGE][PASSED] - Object: 'Object Repository/Company/Company-11/Page_ODTS System/button_ng Nhp' is clicked on

2019-03-23 10:18:05 - [TEST_STEP][PASSED] - click(findTestObject("Company/Company-11/Page_ODTS System/a_Cng Ty")): Object: 'Object Repository/Company/Company-11/Page_ODTS System/a_Cng Ty' is clicked on

2019-03-23 10:18:07 - [MESSAGE][PASSED] - Object: 'Object Repository/Company/Company-11/Page_ODTS System/a_Cng Ty' is clicked on

2019-03-23 10:18:07 - [TEST_STEP][PASSED] - click(findTestObject("Company/Company-11/Page_ODTS System/a_Xem Chi Nhnh")): Object: 'Object Repository/Company/Company-11/Page_ODTS System/a_Xem Chi Nhnh' is clicked on

2019-03-23 10:18:07 - [MESSAGE][PASSED] - Object: 'Object Repository/Company/Company-11/Page_ODTS System/a_Xem Chi Nhnh' is clicked on

2019-03-23 10:18:07 - [TEST_STEP][PASSED] - click(findTestObject("Company/Company-11/Page_ODTS System/a_Xem Thit b")): Object: 'Object Repository/Company/Company-11/Page_ODTS System/a_Xem Thit b' is clicked on

2019-03-23 10:18:08 - [MESSAGE][PASSED] - Object: 'Object Repository/Company/Company-11/Page_ODTS System/a_Xem Thit b' is clicked on

2019-03-23 10:18:08 - [TEST_STEP][PASSED] - waitForAlert(1): No alert found after 1 second(s).

2019-03-23 10:18:09 - [MESSAGE][WARNING] - No alert found after 1 second(s).

2019-03-23 10:18:09 - [TEST_STEP][PASSED] - click(findTestObject("Company/Company-11/Page_ODTS System/fieldSearch")): Object: 'Object Repository/Company/Company-11/Page_ODTS System/fieldSearch' is clicked on

2019-03-23 10:18:09 - [MESSAGE][PASSED] - Object: 'Object Repository/Company/Company-11/Page_ODTS System/fieldSearch' is clicked on

2019-03-23 10:18:09 - [TEST_STEP][PASSED] - setText(findTestObject("Company/Company-11/Page_ODTS System/input"), "anhtest"): Text 'anhtest' is set on object 'Object Repository/Company/Company-11/Page_ODTS System/input'

2019-03-23 10:18:09 - [MESSAGE][PASSED] - Text 'anhtest' is set on object 'Object Repository/Company/Company-11/Page_ODTS System/input'

2019-03-23 10:18:09 - [TEST_STEP][PASSED] - waitForAlert(1): No alert found after 1 second(s).

2019-03-23 10:18:10 - [MESSAGE][WARNING] - No alert found after 1 second(s).

2019-03-23 10:18:10 - [TEST_STEP][PASSED] - click(findTestObject("Company/Company-11/Page_ODTS System/button_hihi_btn btn-info fa fa")): Object: 'Object Repository/Company/Company-11/Page_ODTS System/button_hihi_btn btn-info fa fa' is clicked on

2019-03-23 10:18:10 - [MESSAGE][PASSED] - Object: 'Object Repository/Company/Company-11/Page_ODTS System/button_hihi_btn btn-info fa fa' is clicked on

2019-03-23 10:18:10 - [TEST_STEP][PASSED] - waitForAlert(1): No alert found after 1 second(s).

2019-03-23 10:18:11 - [MESSAGE][WARNING] - No alert found after 1 second(s).

2019-03-23 10:18:11 - [TEST_STEP][FAILED] - verifyElementText(findTestObject("Company/Company-11/Page_ODTS System/p_anhtest"), "anhtest"): Actual text 'anhtest22' and expected text 'anhtest' of test object 'Object Repository/Company/Company-11/Page_ODTS System/p_anhtest' are NOT matched.

2019-03-23 10:18:12 - [MESSAGE][FAILED] - Actual text 'anhtest22' and expected text 'anhtest' of test object 'Object Repository/Company/Company-11/Page_ODTS System/p_anhtest' are NOT matched.
[[ATTACHMENT|C:\\Users\\pc\\HelpdeskAutomation\\Reports\\Company10-11-12-13\\20190323_101655\\1553311091880.png]]

2019-03-23 10:18:12 - [TEST_STEP][PASSED] - verifyElementText(findTestObject("Company/Company-11/Page_ODTS System/p_Wifi"), "Camera"): Actual text and expected text of test object 'Object Repository/Company/Company-11/Page_ODTS System/p_Wifi' are matched.

2019-03-23 10:18:12 - [MESSAGE][PASSED] - Actual text and expected text of test object 'Object Repository/Company/Company-11/Page_ODTS System/p_Wifi' are matched.

2019-03-23 10:18:12 - [TEST_STEP][FAILED] - verifyElementText(findTestObject("Company/Company-11/Page_ODTS System/p_hihi"), "hihi"): Actual text 'hihi22' and expected text 'hihi' of test object 'Object Repository/Company/Company-11/Page_ODTS System/p_hihi' are NOT matched.

2019-03-23 10:18:12 - [MESSAGE][FAILED] - Actual text 'hihi22' and expected text 'hihi' of test object 'Object Repository/Company/Company-11/Page_ODTS System/p_hihi' are NOT matched.
[[ATTACHMENT|C:\\Users\\pc\\HelpdeskAutomation\\Reports\\Company10-11-12-13\\20190323_101655\\1553311092330.png]]

2019-03-23 10:18:12 - [TEST_STEP][FAILED] - verifyElementText(findTestObject("Company/Company-11/Page_ODTS System/p_01022019"), "01/02/2019"): Actual text '04/03/2019' and expected text '01/02/2019' of test object 'Object Repository/Company/Company-11/Page_ODTS System/p_01022019' are NOT matched.

2019-03-23 10:18:13 - [MESSAGE][FAILED] - Actual text '04/03/2019' and expected text '01/02/2019' of test object 'Object Repository/Company/Company-11/Page_ODTS System/p_01022019' are NOT matched.
[[ATTACHMENT|C:\\Users\\pc\\HelpdeskAutomation\\Reports\\Company10-11-12-13\\20190323_101655\\1553311092731.png]]

2019-03-23 10:18:13 - [TEST_STEP][FAILED] - verifyElementText(findTestObject("Company/Company-11/Page_ODTS System/p_05042019"), "05/04/2019"): Actual text '10/04/2019' and expected text '05/04/2019' of test object 'Object Repository/Company/Company-11/Page_ODTS System/p_05042019' are NOT matched.

2019-03-23 10:18:13 - [MESSAGE][FAILED] - Actual text '10/04/2019' and expected text '05/04/2019' of test object 'Object Repository/Company/Company-11/Page_ODTS System/p_05042019' are NOT matched.
[[ATTACHMENT|C:\\Users\\pc\\HelpdeskAutomation\\Reports\\Company10-11-12-13\\20190323_101655\\1553311093196.png]]

2019-03-23 10:18:13 - [TEST_STEP][FAILED] - verifyElementText(findTestObject("Company/Company-11/Page_ODTS System/p_192.168.1.1"), "192.168.1.1"): Actual text '192.168.1.2' and expected text '192.168.1.1' of test object 'Object Repository/Company/Company-11/Page_ODTS System/p_192.168.1.1' are NOT matched.

2019-03-23 10:18:13 - [MESSAGE][FAILED] - Actual text '192.168.1.2' and expected text '192.168.1.1' of test object 'Object Repository/Company/Company-11/Page_ODTS System/p_192.168.1.1' are NOT matched.
[[ATTACHMENT|C:\\Users\\pc\\HelpdeskAutomation\\Reports\\Company10-11-12-13\\20190323_101655\\1553311093601.png]]

2019-03-23 10:18:13 - [TEST_STEP][FAILED] - verifyElementText(findTestObject("Company/Company-11/Page_ODTS System/p_443"), "443"): Actual text '80' and expected text '443' of test object 'Object Repository/Company/Company-11/Page_ODTS System/p_443' are NOT matched.

2019-03-23 10:18:14 - [MESSAGE][FAILED] - Actual text '80' and expected text '443' of test object 'Object Repository/Company/Company-11/Page_ODTS System/p_443' are NOT matched.
[[ATTACHMENT|C:\\Users\\pc\\HelpdeskAutomation\\Reports\\Company10-11-12-13\\20190323_101655\\1553311094014.png]]

2019-03-23 10:18:14 - [TEST_STEP][FAILED] - verifyElementText(findTestObject("Company/Company-11/Page_ODTS System/p_anh"), "anh"): Actual text 'anh22' and expected text 'anh' of test object 'Object Repository/Company/Company-11/Page_ODTS System/p_anh' are NOT matched.

2019-03-23 10:18:14 - [MESSAGE][FAILED] - Actual text 'anh22' and expected text 'anh' of test object 'Object Repository/Company/Company-11/Page_ODTS System/p_anh' are NOT matched.
[[ATTACHMENT|C:\\Users\\pc\\HelpdeskAutomation\\Reports\\Company10-11-12-13\\20190323_101655\\1553311094405.png]]

2019-03-23 10:18:14 - [TEST_STEP][FAILED] - verifyElementText(findTestObject("Company/Company-11/Page_ODTS System/p_123"), "123"): Actual text '12322' and expected text '123' of test object 'Object Repository/Company/Company-11/Page_ODTS System/p_123' are NOT matched.

2019-03-23 10:18:15 - [MESSAGE][FAILED] - Actual text '12322' and expected text '123' of test object 'Object Repository/Company/Company-11/Page_ODTS System/p_123' are NOT matched.
[[ATTACHMENT|C:\\Users\\pc\\HelpdeskAutomation\\Reports\\Company10-11-12-13\\20190323_101655\\1553311094759.png]]

2019-03-23 10:18:15 - [TEST_STEP][PASSED] - verifyElementText(findTestObject("Company/Company-11/Page_ODTS System/p_20022019"), "20/02/2019"): Actual text and expected text of test object 'Object Repository/Company/Company-11/Page_ODTS System/p_20022019' are matched.

2019-03-23 10:18:15 - [MESSAGE][PASSED] - Actual text and expected text of test object 'Object Repository/Company/Company-11/Page_ODTS System/p_20022019' are matched.

2019-03-23 10:18:15 - [TEST_STEP][FAILED] - verifyElementText(findTestObject("Company/Company-11/Page_ODTS System/lastEdit"), ""): Actual text '22/03/2019' and expected text '' of test object 'Object Repository/Company/Company-11/Page_ODTS System/lastEdit' are NOT matched.

2019-03-23 10:18:15 - [MESSAGE][FAILED] - Actual text '22/03/2019' and expected text '' of test object 'Object Repository/Company/Company-11/Page_ODTS System/lastEdit' are NOT matched.
[[ATTACHMENT|C:\\Users\\pc\\HelpdeskAutomation\\Reports\\Company10-11-12-13\\20190323_101655\\1553311095249.png]]

2019-03-23 10:18:15 - [TEST_STEP][FAILED] - verifyElementText(findTestObject("Company/Company-11/Page_ODTS System/p_testdevice"), "testdevice"): Actual text 'testdevice22' and expected text 'testdevice' of test object 'Object Repository/Company/Company-11/Page_ODTS System/p_testdevice' are NOT matched.

2019-03-23 10:18:15 - [MESSAGE][FAILED] - Actual text 'testdevice22' and expected text 'testdevice' of test object 'Object Repository/Company/Company-11/Page_ODTS System/p_testdevice' are NOT matched.
[[ATTACHMENT|C:\\Users\\pc\\HelpdeskAutomation\\Reports\\Company10-11-12-13\\20190323_101655\\1553311095678.png]]

2019-03-23 10:18:15 - [TEST_STEP][PASSED] - click(findTestObject("Company/Company-11/Page_ODTS System/button_ng")): Object: 'Object Repository/Company/Company-11/Page_ODTS System/button_ng' is clicked on

2019-03-23 10:18:16 - [MESSAGE][PASSED] - Object: 'Object Repository/Company/Company-11/Page_ODTS System/button_ng' is clicked on

2019-03-23 10:18:16 - [TEST_STEP][FAILED] - closeBrowser(): closeBrowser() FAILED.
Reason:
com.kms.katalon.core.exception.StepFailedException: Actual text 'anhtest22' and expected text 'anhtest' of test object 'Object Repository/Company/Company-11/Page_ODTS System/p_anhtest' are NOT matched.
	at com.kms.katalon.core.keyword.internal.KeywordMain.stepFailed(KeywordMain.groovy:37)
	at com.kms.katalon.core.webui.keyword.internal.WebUIKeywordMain.stepFailed(WebUIKeywordMain.groovy:65)
	at com.kms.katalon.core.webui.keyword.builtin.VerifyElementTextKeyword$_verifyElementText_closure1.doCall(VerifyElementTextKeyword.groovy:57)
	at com.kms.katalon.core.webui.keyword.builtin.VerifyElementTextKeyword$_verifyElementText_closure1.call(VerifyElementTextKeyword.groovy)
	at com.kms.katalon.core.webui.keyword.internal.WebUIKeywordMain.runKeyword(WebUIKeywordMain.groovy:21)
	at com.kms.katalon.core.webui.keyword.builtin.VerifyElementTextKeyword.verifyElementText(VerifyElementTextKeyword.groovy:72)
	at com.kms.katalon.core.webui.keyword.builtin.VerifyElementTextKeyword.execute(VerifyElementTextKeyword.groovy:40)
	at com.kms.katalon.core.keyword.internal.KeywordExecutor.executeKeywordForPlatform(KeywordExecutor.groovy:56)
	at com.kms.katalon.core.webui.keyword.WebUiBuiltInKeywords.verifyElementText(WebUiBuiltInKeywords.groovy:3663)
	at com.kms.katalon.core.webui.keyword.WebUiBuiltInKeywords$verifyElementText$6.call(Unknown Source)
	at Company-11.run(Company-11:45)
	at com.kms.katalon.core.main.ScriptEngine.run(ScriptEngine.java:194)
	at com.kms.katalon.core.main.ScriptEngine.runScriptAsRawText(ScriptEngine.java:119)
	at com.kms.katalon.core.main.TestCaseExecutor.runScript(TestCaseExecutor.java:331)
	at com.kms.katalon.core.main.TestCaseExecutor.doExecute(TestCaseExecutor.java:322)
	at com.kms.katalon.core.main.TestCaseExecutor.processExecutionPhase(TestCaseExecutor.java:301)
	at com.kms.katalon.core.main.TestCaseExecutor.accessMainPhase(TestCaseExecutor.java:293)
	at com.kms.katalon.core.main.TestCaseExecutor.execute(TestCaseExecutor.java:227)
	at com.kms.katalon.core.main.TestSuiteExecutor.accessTestCaseMainPhase(TestSuiteExecutor.java:129)
	at com.kms.katalon.core.main.TestSuiteExecutor.accessTestSuiteMainPhase(TestSuiteExecutor.java:112)
	at com.kms.katalon.core.main.TestSuiteExecutor.execute(TestSuiteExecutor.java:81)
	at com.kms.katalon.core.main.TestCaseMain.startTestSuite(TestCaseMain.java:157)
	at com.kms.katalon.core.main.TestCaseMain$startTestSuite$0.call(Unknown Source)
	at TempTestSuite1553311020014.run(TempTestSuite1553311020014.groovy:35)


2019-03-23 10:18:16 - [MESSAGE][PASSED] - Browser is closed

2019-03-23 10:18:16 - [MESSAGE][FAILED] - closeBrowser() FAILED.
Reason:
com.kms.katalon.core.exception.StepFailedException: Actual text 'anhtest22' and expected text 'anhtest' of test object 'Object Repository/Company/Company-11/Page_ODTS System/p_anhtest' are NOT matched.
	at com.kms.katalon.core.keyword.internal.KeywordMain.stepFailed(KeywordMain.groovy:37)
	at com.kms.katalon.core.webui.keyword.internal.WebUIKeywordMain.stepFailed(WebUIKeywordMain.groovy:65)
	at com.kms.katalon.core.webui.keyword.builtin.VerifyElementTextKeyword$_verifyElementText_closure1.doCall(VerifyElementTextKeyword.groovy:57)
	at com.kms.katalon.core.webui.keyword.builtin.VerifyElementTextKeyword$_verifyElementText_closure1.call(VerifyElementTextKeyword.groovy)
	at com.kms.katalon.core.webui.keyword.internal.WebUIKeywordMain.runKeyword(WebUIKeywordMain.groovy:21)
	at com.kms.katalon.core.webui.keyword.builtin.VerifyElementTextKeyword.verifyElementText(VerifyElementTextKeyword.groovy:72)
	at com.kms.katalon.core.webui.keyword.builtin.VerifyElementTextKeyword.execute(VerifyElementTextKeyword.groovy:40)
	at com.kms.katalon.core.keyword.internal.KeywordExecutor.executeKeywordForPlatform(KeywordExecutor.groovy:56)
	at com.kms.katalon.core.webui.keyword.WebUiBuiltInKeywords.verifyElementText(WebUiBuiltInKeywords.groovy:3663)
	at com.kms.katalon.core.webui.keyword.WebUiBuiltInKeywords$verifyElementText$6.call(Unknown Source)
	at Company-11.run(Company-11:45)
	at com.kms.katalon.core.main.ScriptEngine.run(ScriptEngine.java:194)
	at com.kms.katalon.core.main.ScriptEngine.runScriptAsRawText(ScriptEngine.java:119)
	at com.kms.katalon.core.main.TestCaseExecutor.runScript(TestCaseExecutor.java:331)
	at com.kms.katalon.core.main.TestCaseExecutor.doExecute(TestCaseExecutor.java:322)
	at com.kms.katalon.core.main.TestCaseExecutor.processExecutionPhase(TestCaseExecutor.java:301)
	at com.kms.katalon.core.main.TestCaseExecutor.accessMainPhase(TestCaseExecutor.java:293)
	at com.kms.katalon.core.main.TestCaseExecutor.execute(TestCaseExecutor.java:227)
	at com.kms.katalon.core.main.TestSuiteExecutor.accessTestCaseMainPhase(TestSuiteExecutor.java:129)
	at com.kms.katalon.core.main.TestSuiteExecutor.accessTestSuiteMainPhase(TestSuiteExecutor.java:112)
	at com.kms.katalon.core.main.TestSuiteExecutor.execute(TestSuiteExecutor.java:81)
	at com.kms.katalon.core.main.TestCaseMain.startTestSuite(TestCaseMain.java:157)
	at com.kms.katalon.core.main.TestCaseMain$startTestSuite$0.call(Unknown Source)
	at TempTestSuite1553311020014.run(TempTestSuite1553311020014.groovy:35)]]></system-out>
         <system-err><![CDATA[2019-03-23 10:17:59 - [TEST_CASE][FAILED] - Test Cases/Company/Company-11: Test Cases/Company/Company-11 FAILED.
Reason:
com.kms.katalon.core.exception.StepFailedException: Actual text 'anhtest22' and expected text 'anhtest' of test object 'Object Repository/Company/Company-11/Page_ODTS System/p_anhtest' are NOT matched.
	at com.kms.katalon.core.keyword.internal.KeywordMain.stepFailed(KeywordMain.groovy:37)
	at com.kms.katalon.core.webui.keyword.internal.WebUIKeywordMain.stepFailed(WebUIKeywordMain.groovy:65)
	at com.kms.katalon.core.webui.keyword.builtin.VerifyElementTextKeyword$_verifyElementText_closure1.doCall(VerifyElementTextKeyword.groovy:57)
	at com.kms.katalon.core.webui.keyword.builtin.VerifyElementTextKeyword$_verifyElementText_closure1.call(VerifyElementTextKeyword.groovy)
	at com.kms.katalon.core.webui.keyword.internal.WebUIKeywordMain.runKeyword(WebUIKeywordMain.groovy:21)
	at com.kms.katalon.core.webui.keyword.builtin.VerifyElementTextKeyword.verifyElementText(VerifyElementTextKeyword.groovy:72)
	at com.kms.katalon.core.webui.keyword.builtin.VerifyElementTextKeyword.execute(VerifyElementTextKeyword.groovy:40)
	at com.kms.katalon.core.keyword.internal.KeywordExecutor.executeKeywordForPlatform(KeywordExecutor.groovy:56)
	at com.kms.katalon.core.webui.keyword.WebUiBuiltInKeywords.verifyElementText(WebUiBuiltInKeywords.groovy:3663)
	at com.kms.katalon.core.webui.keyword.WebUiBuiltInKeywords$verifyElementText$6.call(Unknown Source)
	at Company-11.run(Company-11:45)
	at com.kms.katalon.core.main.ScriptEngine.run(ScriptEngine.java:194)
	at com.kms.katalon.core.main.ScriptEngine.runScriptAsRawText(ScriptEngine.java:119)
	at com.kms.katalon.core.main.TestCaseExecutor.runScript(TestCaseExecutor.java:331)
	at com.kms.katalon.core.main.TestCaseExecutor.doExecute(TestCaseExecutor.java:322)
	at com.kms.katalon.core.main.TestCaseExecutor.processExecutionPhase(TestCaseExecutor.java:301)
	at com.kms.katalon.core.main.TestCaseExecutor.accessMainPhase(TestCaseExecutor.java:293)
	at com.kms.katalon.core.main.TestCaseExecutor.execute(TestCaseExecutor.java:227)
	at com.kms.katalon.core.main.TestSuiteExecutor.accessTestCaseMainPhase(TestSuiteExecutor.java:129)
	at com.kms.katalon.core.main.TestSuiteExecutor.accessTestSuiteMainPhase(TestSuiteExecutor.java:112)
	at com.kms.katalon.core.main.TestSuiteExecutor.execute(TestSuiteExecutor.java:81)
	at com.kms.katalon.core.main.TestCaseMain.startTestSuite(TestCaseMain.java:157)
	at com.kms.katalon.core.main.TestCaseMain$startTestSuite$0.call(Unknown Source)
	at TempTestSuite1553311020014.run(TempTestSuite1553311020014.groovy:35)]]></system-err>
      </testcase>
      <testcase name="Test Cases/Company/Company-12" classname="Test Cases/Company/Company-12" status="FAILED">
         <failure type="FAILED" message="Test Cases/Company/Company-12 FAILED.
Reason:
com.kms.katalon.core.exception.StepFailedException: Unable to select option by value '4' of object 'Object Repository/Company/Company-12/Page_ODTS System/select_--Chn loi thit b--WifiC'  using regular expression
	at com.kms.katalon.core.keyword.internal.KeywordMain.stepFailed(KeywordMain.groovy:37)
	at com.kms.katalon.core.webui.keyword.internal.WebUIKeywordMain.stepFailed(WebUIKeywordMain.groovy:65)
	at com.kms.katalon.core.webui.keyword.internal.WebUIKeywordMain.runKeyword(WebUIKeywordMain.groovy:27)
	at com.kms.katalon.core.webui.keyword.builtin.SelectOptionByValueKeyword.selectOptionByValue(SelectOptionByValueKeyword.groovy:99)
	at com.kms.katalon.core.webui.keyword.builtin.SelectOptionByValueKeyword.execute(SelectOptionByValueKeyword.groovy:71)
	at com.kms.katalon.core.keyword.internal.KeywordExecutor.executeKeywordForPlatform(KeywordExecutor.groovy:56)
	at com.kms.katalon.core.webui.keyword.WebUiBuiltInKeywords.selectOptionByValue(WebUiBuiltInKeywords.groovy:1138)
	at com.kms.katalon.core.webui.keyword.WebUiBuiltInKeywords$selectOptionByValue$8.call(Unknown Source)
	at Company-12.run(Company-12:37)
	at com.kms.katalon.core.main.ScriptEngine.run(ScriptEngine.java:194)
	at com.kms.katalon.core.main.ScriptEngine.runScriptAsRawText(ScriptEngine.java:119)
	at com.kms.katalon.core.main.TestCaseExecutor.runScript(TestCaseExecutor.java:331)
	at com.kms.katalon.core.main.TestCaseExecutor.doExecute(TestCaseExecutor.java:322)
	at com.kms.katalon.core.main.TestCaseExecutor.processExecutionPhase(TestCaseExecutor.java:301)
	at com.kms.katalon.core.main.TestCaseExecutor.accessMainPhase(TestCaseExecutor.java:293)
	at com.kms.katalon.core.main.TestCaseExecutor.execute(TestCaseExecutor.java:227)
	at com.kms.katalon.core.main.TestSuiteExecutor.accessTestCaseMainPhase(TestSuiteExecutor.java:129)
	at com.kms.katalon.core.main.TestSuiteExecutor.accessTestSuiteMainPhase(TestSuiteExecutor.java:112)
	at com.kms.katalon.core.main.TestSuiteExecutor.execute(TestSuiteExecutor.java:81)
	at com.kms.katalon.core.main.TestCaseMain.startTestSuite(TestCaseMain.java:157)
	at com.kms.katalon.core.main.TestCaseMain$startTestSuite$0.call(Unknown Source)
	at TempTestSuite1553311020014.run(TempTestSuite1553311020014.groovy:35)
"/>
         <system-out><![CDATA[2019-03-23 10:18:16 - [TEST_CASE][FAILED] - Test Cases/Company/Company-12: Test Cases/Company/Company-12 FAILED.
Reason:
com.kms.katalon.core.exception.StepFailedException: Unable to select option by value '4' of object 'Object Repository/Company/Company-12/Page_ODTS System/select_--Chn loi thit b--WifiC'  using regular expression
	at com.kms.katalon.core.keyword.internal.KeywordMain.stepFailed(KeywordMain.groovy:37)
	at com.kms.katalon.core.webui.keyword.internal.WebUIKeywordMain.stepFailed(WebUIKeywordMain.groovy:65)
	at com.kms.katalon.core.webui.keyword.internal.WebUIKeywordMain.runKeyword(WebUIKeywordMain.groovy:27)
	at com.kms.katalon.core.webui.keyword.builtin.SelectOptionByValueKeyword.selectOptionByValue(SelectOptionByValueKeyword.groovy:99)
	at com.kms.katalon.core.webui.keyword.builtin.SelectOptionByValueKeyword.execute(SelectOptionByValueKeyword.groovy:71)
	at com.kms.katalon.core.keyword.internal.KeywordExecutor.executeKeywordForPlatform(KeywordExecutor.groovy:56)
	at com.kms.katalon.core.webui.keyword.WebUiBuiltInKeywords.selectOptionByValue(WebUiBuiltInKeywords.groovy:1138)
	at com.kms.katalon.core.webui.keyword.WebUiBuiltInKeywords$selectOptionByValue$8.call(Unknown Source)
	at Company-12.run(Company-12:37)
	at com.kms.katalon.core.main.ScriptEngine.run(ScriptEngine.java:194)
	at com.kms.katalon.core.main.ScriptEngine.runScriptAsRawText(ScriptEngine.java:119)
	at com.kms.katalon.core.main.TestCaseExecutor.runScript(TestCaseExecutor.java:331)
	at com.kms.katalon.core.main.TestCaseExecutor.doExecute(TestCaseExecutor.java:322)
	at com.kms.katalon.core.main.TestCaseExecutor.processExecutionPhase(TestCaseExecutor.java:301)
	at com.kms.katalon.core.main.TestCaseExecutor.accessMainPhase(TestCaseExecutor.java:293)
	at com.kms.katalon.core.main.TestCaseExecutor.execute(TestCaseExecutor.java:227)
	at com.kms.katalon.core.main.TestSuiteExecutor.accessTestCaseMainPhase(TestSuiteExecutor.java:129)
	at com.kms.katalon.core.main.TestSuiteExecutor.accessTestSuiteMainPhase(TestSuiteExecutor.java:112)
	at com.kms.katalon.core.main.TestSuiteExecutor.execute(TestSuiteExecutor.java:81)
	at com.kms.katalon.core.main.TestCaseMain.startTestSuite(TestCaseMain.java:157)
	at com.kms.katalon.core.main.TestCaseMain$startTestSuite$0.call(Unknown Source)
	at TempTestSuite1553311020014.run(TempTestSuite1553311020014.groovy:35)


2019-03-23 10:18:17 - [TEST_STEP][PASSED] - openBrowser(""): Browser is opened with url: ''

2019-03-23 10:18:17 - [MESSAGE][INFO] - Starting 'Chrome' driver

2019-03-23 10:18:20 - [MESSAGE][PASSED] - Browser is opened with url: ''

2019-03-23 10:18:20 - [TEST_STEP][PASSED] - navigateToUrl("http://helpdesk.wisky.vn/"): Navigate to 'http://helpdesk.wisky.vn/' successfully

2019-03-23 10:18:21 - [MESSAGE][PASSED] - Navigate to 'http://helpdesk.wisky.vn/' successfully

2019-03-23 10:18:21 - [TEST_STEP][PASSED] - setText(findTestObject("Company/Company-12/Page_ODTS System/input_ODTS_username"), "admin01"): Text 'admin01' is set on object 'Object Repository/Company/Company-12/Page_ODTS System/input_ODTS_username'

2019-03-23 10:18:22 - [MESSAGE][PASSED] - Text 'admin01' is set on object 'Object Repository/Company/Company-12/Page_ODTS System/input_ODTS_username'

2019-03-23 10:18:22 - [TEST_STEP][PASSED] - setEncryptedText(findTestObject("Company/Company-12/Page_ODTS System/input_ODTS_password"), "aeHFOx8jV/A="): Text ****** has been set on object 'Object Repository/Company/Company-12/Page_ODTS System/input_ODTS_password'

2019-03-23 10:18:22 - [MESSAGE][PASSED] - Text ****** has been set on object 'Object Repository/Company/Company-12/Page_ODTS System/input_ODTS_password'

2019-03-23 10:18:22 - [TEST_STEP][PASSED] - click(findTestObject("Company/Company-12/Page_ODTS System/button_ng Nhp")): Object: 'Object Repository/Company/Company-12/Page_ODTS System/button_ng Nhp' is clicked on

2019-03-23 10:18:22 - [MESSAGE][PASSED] - Object: 'Object Repository/Company/Company-12/Page_ODTS System/button_ng Nhp' is clicked on

2019-03-23 10:18:22 - [TEST_STEP][PASSED] - click(findTestObject("Company/Company-12/Page_ODTS System/span_Cng Ty")): Object: 'Object Repository/Company/Company-12/Page_ODTS System/span_Cng Ty' is clicked on

2019-03-23 10:18:23 - [MESSAGE][PASSED] - Object: 'Object Repository/Company/Company-12/Page_ODTS System/span_Cng Ty' is clicked on

2019-03-23 10:18:23 - [TEST_STEP][PASSED] - click(findTestObject("Company/Company-12/Page_ODTS System/a_Xem Chi Nhnh")): Object: 'Object Repository/Company/Company-12/Page_ODTS System/a_Xem Chi Nhnh' is clicked on

2019-03-23 10:18:24 - [MESSAGE][PASSED] - Object: 'Object Repository/Company/Company-12/Page_ODTS System/a_Xem Chi Nhnh' is clicked on

2019-03-23 10:18:24 - [TEST_STEP][PASSED] - click(findTestObject("Company/Company-12/Page_ODTS System/a_Xem Thit b")): Object: 'Object Repository/Company/Company-12/Page_ODTS System/a_Xem Thit b' is clicked on

2019-03-23 10:18:25 - [MESSAGE][PASSED] - Object: 'Object Repository/Company/Company-12/Page_ODTS System/a_Xem Thit b' is clicked on

2019-03-23 10:18:25 - [TEST_STEP][PASSED] - waitForAlert(1): No alert found after 1 second(s).

2019-03-23 10:18:26 - [MESSAGE][WARNING] - No alert found after 1 second(s).

2019-03-23 10:18:26 - [TEST_STEP][PASSED] - click(findTestObject("Company/Company-12/Page_ODTS System/fieldSearch")): Object: 'Object Repository/Company/Company-12/Page_ODTS System/fieldSearch' is clicked on

2019-03-23 10:18:26 - [MESSAGE][PASSED] - Object: 'Object Repository/Company/Company-12/Page_ODTS System/fieldSearch' is clicked on

2019-03-23 10:18:26 - [TEST_STEP][PASSED] - setText(findTestObject("Company/Company-12/Page_ODTS System/input"), "anhtest"): Text 'anhtest' is set on object 'Object Repository/Company/Company-12/Page_ODTS System/input'

2019-03-23 10:18:26 - [MESSAGE][PASSED] - Text 'anhtest' is set on object 'Object Repository/Company/Company-12/Page_ODTS System/input'

2019-03-23 10:18:26 - [TEST_STEP][PASSED] - waitForAlert(1): No alert found after 1 second(s).

2019-03-23 10:18:27 - [MESSAGE][WARNING] - No alert found after 1 second(s).

2019-03-23 10:18:27 - [TEST_STEP][PASSED] - click(findTestObject("Company/Company-12/Page_ODTS System/button_hihi_btn btn-warning fa")): Object: 'Object Repository/Company/Company-12/Page_ODTS System/button_hihi_btn btn-warning fa' is clicked on

2019-03-23 10:18:27 - [MESSAGE][PASSED] - Object: 'Object Repository/Company/Company-12/Page_ODTS System/button_hihi_btn btn-warning fa' is clicked on

2019-03-23 10:18:27 - [TEST_STEP][PASSED] - waitForAlert(1): No alert found after 1 second(s).

2019-03-23 10:18:28 - [MESSAGE][WARNING] - No alert found after 1 second(s).

2019-03-23 10:18:28 - [TEST_STEP][FAILED] - selectOptionByValue(findTestObject("Company/Company-12/Page_ODTS System/select_--Chn loi thit b--WifiC"), "4", true): Unable to select option by value '4' of object 'Object Repository/Company/Company-12/Page_ODTS System/select_--Chn loi thit b--WifiC'  using regular expression

2019-03-23 10:19:00 - [MESSAGE][INFO] - Unable to find the element located by 'By.xpath: /html/body[@class='skin-blue sidebar-mini modal-open']/div[@class='wrapper']/div[@class='content-wrapper']/section[@class='content-header']/form[2]/div[@id='EditModal']/div[@class='modal-dialog']/div[@class='modal-content']/div[@class='modal-body']/div[@class='row']/div[@class='col-md-12'][3]/select[@id='comboDeviceTypeE']v'. Please recheck the objects properties to make sure the desired element is located. 

2019-03-23 10:19:00 - [MESSAGE][FAILED] - Unable to select option by value '4' of object 'Object Repository/Company/Company-12/Page_ODTS System/select_--Chn loi thit b--WifiC'  using regular expression
[[ATTACHMENT|C:\\Users\\pc\\HelpdeskAutomation\\Reports\\Company10-11-12-13\\20190323_101655\\1553311140160.png]]

2019-03-23 10:19:00 - [TEST_STEP][PASSED] - waitForAlert(1): No alert found after 1 second(s).

2019-03-23 10:19:01 - [MESSAGE][WARNING] - No alert found after 1 second(s).

2019-03-23 10:19:01 - [TEST_STEP][PASSED] - setText(findTestObject("Company/Company-12/Page_ODTS System/input_Tn Thit B_dvNameE"), "anhtest22"): Text 'anhtest22' is set on object 'Object Repository/Company/Company-12/Page_ODTS System/input_Tn Thit B_dvNameE'

2019-03-23 10:19:01 - [MESSAGE][PASSED] - Text 'anhtest22' is set on object 'Object Repository/Company/Company-12/Page_ODTS System/input_Tn Thit B_dvNameE'

2019-03-23 10:19:01 - [TEST_STEP][PASSED] - waitForAlert(1): No alert found after 1 second(s).

2019-03-23 10:19:02 - [MESSAGE][WARNING] - No alert found after 1 second(s).

2019-03-23 10:19:02 - [TEST_STEP][PASSED] - setText(findTestObject("Company/Company-12/Page_ODTS System/input_Code_dvCodeE"), "hihi22"): Text 'hihi22' is set on object 'Object Repository/Company/Company-12/Page_ODTS System/input_Code_dvCodeE'

2019-03-23 10:19:02 - [MESSAGE][PASSED] - Text 'hihi22' is set on object 'Object Repository/Company/Company-12/Page_ODTS System/input_Code_dvCodeE'

2019-03-23 10:19:02 - [TEST_STEP][PASSED] - waitForAlert(1): No alert found after 1 second(s).

2019-03-23 10:19:03 - [MESSAGE][WARNING] - No alert found after 1 second(s).

2019-03-23 10:19:03 - [TEST_STEP][PASSED] - click(findTestObject("Company/Company-12/Page_ODTS System/input_Ngy Bo Hnh_dvGDateE")): Object: 'Object Repository/Company/Company-12/Page_ODTS System/input_Ngy Bo Hnh_dvGDateE' is clicked on

2019-03-23 10:19:04 - [MESSAGE][PASSED] - Object: 'Object Repository/Company/Company-12/Page_ODTS System/input_Ngy Bo Hnh_dvGDateE' is clicked on

2019-03-23 10:19:04 - [TEST_STEP][PASSED] - click(findTestObject("Company/Company-12/Page_ODTS System/chonNgayBaoHanh")): Object: 'Object Repository/Company/Company-12/Page_ODTS System/chonNgayBaoHanh' is clicked on

2019-03-23 10:19:04 - [MESSAGE][PASSED] - Object: 'Object Repository/Company/Company-12/Page_ODTS System/chonNgayBaoHanh' is clicked on

2019-03-23 10:19:04 - [TEST_STEP][PASSED] - click(findTestObject("Company/Company-12/Page_ODTS System/chonNgayBaoHanh2")): Object: 'Object Repository/Company/Company-12/Page_ODTS System/chonNgayBaoHanh2' is clicked on

2019-03-23 10:19:04 - [MESSAGE][PASSED] - Object: 'Object Repository/Company/Company-12/Page_ODTS System/chonNgayBaoHanh2' is clicked on

2019-03-23 10:19:04 - [TEST_STEP][PASSED] - click(findTestObject("Company/Company-12/Page_ODTS System/td_4")): Object: 'Object Repository/Company/Company-12/Page_ODTS System/td_4' is clicked on

2019-03-23 10:19:04 - [MESSAGE][PASSED] - Object: 'Object Repository/Company/Company-12/Page_ODTS System/td_4' is clicked on

2019-03-23 10:19:04 - [TEST_STEP][PASSED] - waitForAlert(1): No alert found after 1 second(s).

2019-03-23 10:19:05 - [MESSAGE][WARNING] - No alert found after 1 second(s).

2019-03-23 10:19:05 - [TEST_STEP][PASSED] - click(findTestObject("Company/Company-12/Page_ODTS System/input_Hn Bo Hnh_dvGEndDateE")): Object: 'Object Repository/Company/Company-12/Page_ODTS System/input_Hn Bo Hnh_dvGEndDateE' is clicked on

2019-03-23 10:19:05 - [MESSAGE][PASSED] - Object: 'Object Repository/Company/Company-12/Page_ODTS System/input_Hn Bo Hnh_dvGEndDateE' is clicked on

2019-03-23 10:19:05 - [TEST_STEP][PASSED] - click(findTestObject("Company/Company-12/Page_ODTS System/chonNgayBaoHanh")): Object: 'Object Repository/Company/Company-12/Page_ODTS System/chonNgayBaoHanh' is clicked on

2019-03-23 10:19:05 - [MESSAGE][PASSED] - Object: 'Object Repository/Company/Company-12/Page_ODTS System/chonNgayBaoHanh' is clicked on

2019-03-23 10:19:05 - [TEST_STEP][PASSED] - click(findTestObject("Company/Company-12/Page_ODTS System/chonHanBaoHanh")): Object: 'Object Repository/Company/Company-12/Page_ODTS System/chonHanBaoHanh' is clicked on

2019-03-23 10:19:06 - [MESSAGE][PASSED] - Object: 'Object Repository/Company/Company-12/Page_ODTS System/chonHanBaoHanh' is clicked on

2019-03-23 10:19:06 - [TEST_STEP][PASSED] - click(findTestObject("Company/Company-12/Page_ODTS System/td_10")): Object: 'Object Repository/Company/Company-12/Page_ODTS System/td_10' is clicked on

2019-03-23 10:19:06 - [MESSAGE][PASSED] - Object: 'Object Repository/Company/Company-12/Page_ODTS System/td_10' is clicked on

2019-03-23 10:19:06 - [TEST_STEP][PASSED] - waitForAlert(1): No alert found after 1 second(s).

2019-03-23 10:19:07 - [MESSAGE][WARNING] - No alert found after 1 second(s).

2019-03-23 10:19:07 - [TEST_STEP][PASSED] - setText(findTestObject("Company/Company-12/Page_ODTS System/input_Ip_dvIpE"), "192.168.1.2"): Text '192.168.1.2' is set on object 'Object Repository/Company/Company-12/Page_ODTS System/input_Ip_dvIpE'

2019-03-23 10:19:07 - [MESSAGE][PASSED] - Text '192.168.1.2' is set on object 'Object Repository/Company/Company-12/Page_ODTS System/input_Ip_dvIpE'

2019-03-23 10:19:07 - [TEST_STEP][PASSED] - waitForAlert(1): No alert found after 1 second(s).

2019-03-23 10:19:08 - [MESSAGE][WARNING] - No alert found after 1 second(s).

2019-03-23 10:19:08 - [TEST_STEP][PASSED] - setText(findTestObject("Company/Company-12/Page_ODTS System/input_Port_dvPortE"), "80"): Text '80' is set on object 'Object Repository/Company/Company-12/Page_ODTS System/input_Port_dvPortE'

2019-03-23 10:19:08 - [MESSAGE][PASSED] - Text '80' is set on object 'Object Repository/Company/Company-12/Page_ODTS System/input_Port_dvPortE'

2019-03-23 10:19:08 - [TEST_STEP][PASSED] - waitForAlert(1): No alert found after 1 second(s).

2019-03-23 10:19:09 - [MESSAGE][WARNING] - No alert found after 1 second(s).

2019-03-23 10:19:09 - [TEST_STEP][PASSED] - setText(findTestObject("Company/Company-12/Page_ODTS System/input_Device Account_dvAccE"), "anh22"): Text 'anh22' is set on object 'Object Repository/Company/Company-12/Page_ODTS System/input_Device Account_dvAccE'

2019-03-23 10:19:09 - [MESSAGE][PASSED] - Text 'anh22' is set on object 'Object Repository/Company/Company-12/Page_ODTS System/input_Device Account_dvAccE'

2019-03-23 10:19:09 - [TEST_STEP][PASSED] - waitForAlert(1): No alert found after 1 second(s).

2019-03-23 10:19:10 - [MESSAGE][WARNING] - No alert found after 1 second(s).

2019-03-23 10:19:10 - [TEST_STEP][PASSED] - setText(findTestObject("Company/Company-12/Page_ODTS System/input_Device Password_dvPassE"), "12322"): Text '12322' is set on object 'Object Repository/Company/Company-12/Page_ODTS System/input_Device Password_dvPassE'

2019-03-23 10:19:11 - [MESSAGE][PASSED] - Text '12322' is set on object 'Object Repository/Company/Company-12/Page_ODTS System/input_Device Password_dvPassE'

2019-03-23 10:19:11 - [TEST_STEP][PASSED] - waitForAlert(1): No alert found after 1 second(s).

2019-03-23 10:19:12 - [MESSAGE][WARNING] - No alert found after 1 second(s).

2019-03-23 10:19:12 - [TEST_STEP][PASSED] - setText(findTestObject("Company/Company-12/Page_ODTS System/input_Thng Tin_dvOtherE"), "testdevice22"): Text 'testdevice22' is set on object 'Object Repository/Company/Company-12/Page_ODTS System/input_Thng Tin_dvOtherE'

2019-03-23 10:19:12 - [MESSAGE][PASSED] - Text 'testdevice22' is set on object 'Object Repository/Company/Company-12/Page_ODTS System/input_Thng Tin_dvOtherE'

2019-03-23 10:19:12 - [TEST_STEP][PASSED] - waitForAlert(1): No alert found after 1 second(s).

2019-03-23 10:19:13 - [MESSAGE][WARNING] - No alert found after 1 second(s).

2019-03-23 10:19:13 - [TEST_STEP][PASSED] - UDATE = SimpleDateFormat(dd/MM/yyyy).format(getInstance().getTime()): null

2019-03-23 10:19:13 - [TEST_STEP][PASSED] - click(findTestObject("Company/Company-12/Page_ODTS System/button_Cp Nht")): Object: 'Object Repository/Company/Company-12/Page_ODTS System/button_Cp Nht' is clicked on

2019-03-23 10:19:13 - [MESSAGE][PASSED] - Object: 'Object Repository/Company/Company-12/Page_ODTS System/button_Cp Nht' is clicked on

2019-03-23 10:19:13 - [TEST_STEP][PASSED] - waitForAlert(1): No alert found after 1 second(s).

2019-03-23 10:19:14 - [MESSAGE][WARNING] - No alert found after 1 second(s).

2019-03-23 10:19:14 - [TEST_STEP][PASSED] - click(findTestObject("Company/Company-12/Page_ODTS System/button_OK")): Object: 'Object Repository/Company/Company-12/Page_ODTS System/button_OK' is clicked on

2019-03-23 10:19:14 - [MESSAGE][PASSED] - Object: 'Object Repository/Company/Company-12/Page_ODTS System/button_OK' is clicked on

2019-03-23 10:19:14 - [TEST_STEP][PASSED] - waitForAlert(1): No alert found after 1 second(s).

2019-03-23 10:19:15 - [MESSAGE][WARNING] - No alert found after 1 second(s).

2019-03-23 10:19:15 - [TEST_STEP][FAILED] - click(findTestObject("Company/Company-12/Page_ODTS System/button_hihi22_btn btn-info fa")): Unable to click on object 'Object Repository/Company/Company-12/Page_ODTS System/button_hihi22_btn btn-info fa'

2019-03-23 10:19:16 - [MESSAGE][FAILED] - Unable to click on object 'Object Repository/Company/Company-12/Page_ODTS System/button_hihi22_btn btn-info fa'
[[ATTACHMENT|C:\\Users\\pc\\HelpdeskAutomation\\Reports\\Company10-11-12-13\\20190323_101655\\1553311156050.png]]

2019-03-23 10:19:16 - [TEST_STEP][PASSED] - waitForAlert(1): No alert found after 1 second(s).

2019-03-23 10:19:17 - [MESSAGE][WARNING] - No alert found after 1 second(s).

2019-03-23 10:19:17 - [TEST_STEP][FAILED] - verifyElementText(findTestObject("Company/Company-12/Page_ODTS System/p_anhtest22"), "anhtest22"): com.kms.katalon.core.webui.exception.WebElementNotFoundException: Web element with id: 'Object Repository/Company/Company-12/Page_ODTS System/p_anhtest22' located by 'By.xpath: /html/body[@class='skin-blue sidebar-mini modal-open']/div[@class='wrapper']/div[@class='content-wrapper']/section[@class='content-header']/div[@class='container']/div[@id='ViewModal']/div[@class='modal-dialog']/div[@class='modal-content']/div[@class='modal-body']/div[@class='row']/div[@class='col-md-12'][1]/p[@id='dvName']' not found

2019-03-23 10:19:48 - [MESSAGE][INFO] - Unable to find the element located by 'By.xpath: /html/body[@class='skin-blue sidebar-mini modal-open']/div[@class='wrapper']/div[@class='content-wrapper']/section[@class='content-header']/div[@class='container']/div[@id='ViewModal']/div[@class='modal-dialog']/div[@class='modal-content']/div[@class='modal-body']/div[@class='row']/div[@class='col-md-12'][1]/p[@id='dvName']'. Please recheck the objects properties to make sure the desired element is located. 

2019-03-23 10:19:49 - [MESSAGE][FAILED] - com.kms.katalon.core.webui.exception.WebElementNotFoundException: Web element with id: 'Object Repository/Company/Company-12/Page_ODTS System/p_anhtest22' located by 'By.xpath: /html/body[@class='skin-blue sidebar-mini modal-open']/div[@class='wrapper']/div[@class='content-wrapper']/section[@class='content-header']/div[@class='container']/div[@id='ViewModal']/div[@class='modal-dialog']/div[@class='modal-content']/div[@class='modal-body']/div[@class='row']/div[@class='col-md-12'][1]/p[@id='dvName']' not found
[[ATTACHMENT|C:\\Users\\pc\\HelpdeskAutomation\\Reports\\Company10-11-12-13\\20190323_101655\\1553311188665.png]]

2019-03-23 10:19:49 - [TEST_STEP][FAILED] - verifyElementText(findTestObject("Company/Company-12/Page_ODTS System/p_Camera"), "Pos"): Actual text '' and expected text 'Pos' of test object 'Object Repository/Company/Company-12/Page_ODTS System/p_Camera' are NOT matched.

2019-03-23 10:19:49 - [MESSAGE][FAILED] - Actual text '' and expected text 'Pos' of test object 'Object Repository/Company/Company-12/Page_ODTS System/p_Camera' are NOT matched.
[[ATTACHMENT|C:\\Users\\pc\\HelpdeskAutomation\\Reports\\Company10-11-12-13\\20190323_101655\\1553311189142.png]]

2019-03-23 10:19:49 - [TEST_STEP][FAILED] - verifyElementText(findTestObject("Company/Company-12/Page_ODTS System/p_hihi22"), "hihi22"): Actual text '' and expected text 'hihi22' of test object 'Object Repository/Company/Company-12/Page_ODTS System/p_hihi22' are NOT matched.

2019-03-23 10:19:49 - [MESSAGE][FAILED] - Actual text '' and expected text 'hihi22' of test object 'Object Repository/Company/Company-12/Page_ODTS System/p_hihi22' are NOT matched.
[[ATTACHMENT|C:\\Users\\pc\\HelpdeskAutomation\\Reports\\Company10-11-12-13\\20190323_101655\\1553311189590.png]]

2019-03-23 10:19:49 - [TEST_STEP][FAILED] - verifyElementText(findTestObject("Company/Company-12/Page_ODTS System/p_04022019"), "04/02/2019"): Actual text '' and expected text '04/02/2019' of test object 'Object Repository/Company/Company-12/Page_ODTS System/p_04022019' are NOT matched.

2019-03-23 10:19:50 - [MESSAGE][FAILED] - Actual text '' and expected text '04/02/2019' of test object 'Object Repository/Company/Company-12/Page_ODTS System/p_04022019' are NOT matched.
[[ATTACHMENT|C:\\Users\\pc\\HelpdeskAutomation\\Reports\\Company10-11-12-13\\20190323_101655\\1553311190010.png]]

2019-03-23 10:19:50 - [TEST_STEP][FAILED] - verifyElementText(findTestObject("Company/Company-12/Page_ODTS System/p_10042019"), "10/04/2019"): Actual text '' and expected text '10/04/2019' of test object 'Object Repository/Company/Company-12/Page_ODTS System/p_10042019' are NOT matched.

2019-03-23 10:19:50 - [MESSAGE][FAILED] - Actual text '' and expected text '10/04/2019' of test object 'Object Repository/Company/Company-12/Page_ODTS System/p_10042019' are NOT matched.
[[ATTACHMENT|C:\\Users\\pc\\HelpdeskAutomation\\Reports\\Company10-11-12-13\\20190323_101655\\1553311190397.png]]

2019-03-23 10:19:50 - [TEST_STEP][FAILED] - verifyElementText(findTestObject("Company/Company-12/Page_ODTS System/p_192.168.1.2"), "192.168.1.2"): Actual text '' and expected text '192.168.1.2' of test object 'Object Repository/Company/Company-12/Page_ODTS System/p_192.168.1.2' are NOT matched.

2019-03-23 10:19:51 - [MESSAGE][FAILED] - Actual text '' and expected text '192.168.1.2' of test object 'Object Repository/Company/Company-12/Page_ODTS System/p_192.168.1.2' are NOT matched.
[[ATTACHMENT|C:\\Users\\pc\\HelpdeskAutomation\\Reports\\Company10-11-12-13\\20190323_101655\\1553311190751.png]]

2019-03-23 10:19:51 - [TEST_STEP][FAILED] - verifyElementText(findTestObject("Company/Company-12/Page_ODTS System/p_80"), "80"): Actual text '' and expected text '80' of test object 'Object Repository/Company/Company-12/Page_ODTS System/p_80' are NOT matched.

2019-03-23 10:19:51 - [MESSAGE][FAILED] - Actual text '' and expected text '80' of test object 'Object Repository/Company/Company-12/Page_ODTS System/p_80' are NOT matched.
[[ATTACHMENT|C:\\Users\\pc\\HelpdeskAutomation\\Reports\\Company10-11-12-13\\20190323_101655\\1553311191144.png]]

2019-03-23 10:19:51 - [TEST_STEP][FAILED] - verifyElementText(findTestObject("Company/Company-12/Page_ODTS System/p_anh22"), "anh22"): Actual text '' and expected text 'anh22' of test object 'Object Repository/Company/Company-12/Page_ODTS System/p_anh22' are NOT matched.

2019-03-23 10:19:51 - [MESSAGE][FAILED] - Actual text '' and expected text 'anh22' of test object 'Object Repository/Company/Company-12/Page_ODTS System/p_anh22' are NOT matched.
[[ATTACHMENT|C:\\Users\\pc\\HelpdeskAutomation\\Reports\\Company10-11-12-13\\20190323_101655\\1553311191575.png]]

2019-03-23 10:19:51 - [TEST_STEP][FAILED] - verifyElementText(findTestObject("Company/Company-12/Page_ODTS System/p_12322"), "12322"): Actual text '' and expected text '12322' of test object 'Object Repository/Company/Company-12/Page_ODTS System/p_12322' are NOT matched.

2019-03-23 10:19:52 - [MESSAGE][FAILED] - Actual text '' and expected text '12322' of test object 'Object Repository/Company/Company-12/Page_ODTS System/p_12322' are NOT matched.
[[ATTACHMENT|C:\\Users\\pc\\HelpdeskAutomation\\Reports\\Company10-11-12-13\\20190323_101655\\1553311191914.png]]

2019-03-23 10:19:52 - [TEST_STEP][FAILED] - verifyElementText(findTestObject("Company/Company-12/Page_ODTS System/p_20022019"), "20/02/2019"): Actual text '' and expected text '20/02/2019' of test object 'Object Repository/Company/Company-12/Page_ODTS System/p_20022019' are NOT matched.

2019-03-23 10:19:52 - [MESSAGE][FAILED] - Actual text '' and expected text '20/02/2019' of test object 'Object Repository/Company/Company-12/Page_ODTS System/p_20022019' are NOT matched.
[[ATTACHMENT|C:\\Users\\pc\\HelpdeskAutomation\\Reports\\Company10-11-12-13\\20190323_101655\\1553311192305.png]]

2019-03-23 10:19:52 - [TEST_STEP][FAILED] - verifyElementText(findTestObject("Company/Company-12/Page_ODTS System/p_22022019"), UDATE): Actual text '' and expected text '23/03/2019' of test object 'Object Repository/Company/Company-12/Page_ODTS System/p_22022019' are NOT matched.

2019-03-23 10:19:53 - [MESSAGE][FAILED] - Actual text '' and expected text '23/03/2019' of test object 'Object Repository/Company/Company-12/Page_ODTS System/p_22022019' are NOT matched.
[[ATTACHMENT|C:\\Users\\pc\\HelpdeskAutomation\\Reports\\Company10-11-12-13\\20190323_101655\\1553311192743.png]]

2019-03-23 10:19:53 - [TEST_STEP][FAILED] - verifyElementText(findTestObject("Company/Company-12/Page_ODTS System/p_testdevice22"), "testdevice22"): Actual text '' and expected text 'testdevice22' of test object 'Object Repository/Company/Company-12/Page_ODTS System/p_testdevice22' are NOT matched.

2019-03-23 10:19:53 - [MESSAGE][FAILED] - Actual text '' and expected text 'testdevice22' of test object 'Object Repository/Company/Company-12/Page_ODTS System/p_testdevice22' are NOT matched.
[[ATTACHMENT|C:\\Users\\pc\\HelpdeskAutomation\\Reports\\Company10-11-12-13\\20190323_101655\\1553311193152.png]]

2019-03-23 10:19:53 - [TEST_STEP][FAILED] - click(findTestObject("Company/Company-12/Page_ODTS System/button_ng")): click(findTestObject("Company/Company-12/Page_ODTS System/button_ng")) FAILED.
Reason:
com.kms.katalon.core.exception.StepFailedException: Unable to select option by value '4' of object 'Object Repository/Company/Company-12/Page_ODTS System/select_--Chn loi thit b--WifiC'  using regular expression
	at com.kms.katalon.core.keyword.internal.KeywordMain.stepFailed(KeywordMain.groovy:37)
	at com.kms.katalon.core.webui.keyword.internal.WebUIKeywordMain.stepFailed(WebUIKeywordMain.groovy:65)
	at com.kms.katalon.core.webui.keyword.internal.WebUIKeywordMain.runKeyword(WebUIKeywordMain.groovy:27)
	at com.kms.katalon.core.webui.keyword.builtin.SelectOptionByValueKeyword.selectOptionByValue(SelectOptionByValueKeyword.groovy:99)
	at com.kms.katalon.core.webui.keyword.builtin.SelectOptionByValueKeyword.execute(SelectOptionByValueKeyword.groovy:71)
	at com.kms.katalon.core.keyword.internal.KeywordExecutor.executeKeywordForPlatform(KeywordExecutor.groovy:56)
	at com.kms.katalon.core.webui.keyword.WebUiBuiltInKeywords.selectOptionByValue(WebUiBuiltInKeywords.groovy:1138)
	at com.kms.katalon.core.webui.keyword.WebUiBuiltInKeywords$selectOptionByValue$8.call(Unknown Source)
	at Company-12.run(Company-12:37)
	at com.kms.katalon.core.main.ScriptEngine.run(ScriptEngine.java:194)
	at com.kms.katalon.core.main.ScriptEngine.runScriptAsRawText(ScriptEngine.java:119)
	at com.kms.katalon.core.main.TestCaseExecutor.runScript(TestCaseExecutor.java:331)
	at com.kms.katalon.core.main.TestCaseExecutor.doExecute(TestCaseExecutor.java:322)
	at com.kms.katalon.core.main.TestCaseExecutor.processExecutionPhase(TestCaseExecutor.java:301)
	at com.kms.katalon.core.main.TestCaseExecutor.accessMainPhase(TestCaseExecutor.java:293)
	at com.kms.katalon.core.main.TestCaseExecutor.execute(TestCaseExecutor.java:227)
	at com.kms.katalon.core.main.TestSuiteExecutor.accessTestCaseMainPhase(TestSuiteExecutor.java:129)
	at com.kms.katalon.core.main.TestSuiteExecutor.accessTestSuiteMainPhase(TestSuiteExecutor.java:112)
	at com.kms.katalon.core.main.TestSuiteExecutor.execute(TestSuiteExecutor.java:81)
	at com.kms.katalon.core.main.TestCaseMain.startTestSuite(TestCaseMain.java:157)
	at com.kms.katalon.core.main.TestCaseMain$startTestSuite$0.call(Unknown Source)
	at TempTestSuite1553311020014.run(TempTestSuite1553311020014.groovy:35)


2019-03-23 10:19:53 - [MESSAGE][FAILED] - click(findTestObject("Company/Company-12/Page_ODTS System/button_ng")) FAILED.
Reason:
com.kms.katalon.core.exception.StepFailedException: Unable to select option by value '4' of object 'Object Repository/Company/Company-12/Page_ODTS System/select_--Chn loi thit b--WifiC'  using regular expression
	at com.kms.katalon.core.keyword.internal.KeywordMain.stepFailed(KeywordMain.groovy:37)
	at com.kms.katalon.core.webui.keyword.internal.WebUIKeywordMain.stepFailed(WebUIKeywordMain.groovy:65)
	at com.kms.katalon.core.webui.keyword.internal.WebUIKeywordMain.runKeyword(WebUIKeywordMain.groovy:27)
	at com.kms.katalon.core.webui.keyword.builtin.SelectOptionByValueKeyword.selectOptionByValue(SelectOptionByValueKeyword.groovy:99)
	at com.kms.katalon.core.webui.keyword.builtin.SelectOptionByValueKeyword.execute(SelectOptionByValueKeyword.groovy:71)
	at com.kms.katalon.core.keyword.internal.KeywordExecutor.executeKeywordForPlatform(KeywordExecutor.groovy:56)
	at com.kms.katalon.core.webui.keyword.WebUiBuiltInKeywords.selectOptionByValue(WebUiBuiltInKeywords.groovy:1138)
	at com.kms.katalon.core.webui.keyword.WebUiBuiltInKeywords$selectOptionByValue$8.call(Unknown Source)
	at Company-12.run(Company-12:37)
	at com.kms.katalon.core.main.ScriptEngine.run(ScriptEngine.java:194)
	at com.kms.katalon.core.main.ScriptEngine.runScriptAsRawText(ScriptEngine.java:119)
	at com.kms.katalon.core.main.TestCaseExecutor.runScript(TestCaseExecutor.java:331)
	at com.kms.katalon.core.main.TestCaseExecutor.doExecute(TestCaseExecutor.java:322)
	at com.kms.katalon.core.main.TestCaseExecutor.processExecutionPhase(TestCaseExecutor.java:301)
	at com.kms.katalon.core.main.TestCaseExecutor.accessMainPhase(TestCaseExecutor.java:293)
	at com.kms.katalon.core.main.TestCaseExecutor.execute(TestCaseExecutor.java:227)
	at com.kms.katalon.core.main.TestSuiteExecutor.accessTestCaseMainPhase(TestSuiteExecutor.java:129)
	at com.kms.katalon.core.main.TestSuiteExecutor.accessTestSuiteMainPhase(TestSuiteExecutor.java:112)
	at com.kms.katalon.core.main.TestSuiteExecutor.execute(TestSuiteExecutor.java:81)
	at com.kms.katalon.core.main.TestCaseMain.startTestSuite(TestCaseMain.java:157)
	at com.kms.katalon.core.main.TestCaseMain$startTestSuite$0.call(Unknown Source)
	at TempTestSuite1553311020014.run(TempTestSuite1553311020014.groovy:35)]]></system-out>
         <system-err><![CDATA[2019-03-23 10:18:16 - [TEST_CASE][FAILED] - Test Cases/Company/Company-12: Test Cases/Company/Company-12 FAILED.
Reason:
com.kms.katalon.core.exception.StepFailedException: Unable to select option by value '4' of object 'Object Repository/Company/Company-12/Page_ODTS System/select_--Chn loi thit b--WifiC'  using regular expression
	at com.kms.katalon.core.keyword.internal.KeywordMain.stepFailed(KeywordMain.groovy:37)
	at com.kms.katalon.core.webui.keyword.internal.WebUIKeywordMain.stepFailed(WebUIKeywordMain.groovy:65)
	at com.kms.katalon.core.webui.keyword.internal.WebUIKeywordMain.runKeyword(WebUIKeywordMain.groovy:27)
	at com.kms.katalon.core.webui.keyword.builtin.SelectOptionByValueKeyword.selectOptionByValue(SelectOptionByValueKeyword.groovy:99)
	at com.kms.katalon.core.webui.keyword.builtin.SelectOptionByValueKeyword.execute(SelectOptionByValueKeyword.groovy:71)
	at com.kms.katalon.core.keyword.internal.KeywordExecutor.executeKeywordForPlatform(KeywordExecutor.groovy:56)
	at com.kms.katalon.core.webui.keyword.WebUiBuiltInKeywords.selectOptionByValue(WebUiBuiltInKeywords.groovy:1138)
	at com.kms.katalon.core.webui.keyword.WebUiBuiltInKeywords$selectOptionByValue$8.call(Unknown Source)
	at Company-12.run(Company-12:37)
	at com.kms.katalon.core.main.ScriptEngine.run(ScriptEngine.java:194)
	at com.kms.katalon.core.main.ScriptEngine.runScriptAsRawText(ScriptEngine.java:119)
	at com.kms.katalon.core.main.TestCaseExecutor.runScript(TestCaseExecutor.java:331)
	at com.kms.katalon.core.main.TestCaseExecutor.doExecute(TestCaseExecutor.java:322)
	at com.kms.katalon.core.main.TestCaseExecutor.processExecutionPhase(TestCaseExecutor.java:301)
	at com.kms.katalon.core.main.TestCaseExecutor.accessMainPhase(TestCaseExecutor.java:293)
	at com.kms.katalon.core.main.TestCaseExecutor.execute(TestCaseExecutor.java:227)
	at com.kms.katalon.core.main.TestSuiteExecutor.accessTestCaseMainPhase(TestSuiteExecutor.java:129)
	at com.kms.katalon.core.main.TestSuiteExecutor.accessTestSuiteMainPhase(TestSuiteExecutor.java:112)
	at com.kms.katalon.core.main.TestSuiteExecutor.execute(TestSuiteExecutor.java:81)
	at com.kms.katalon.core.main.TestCaseMain.startTestSuite(TestCaseMain.java:157)
	at com.kms.katalon.core.main.TestCaseMain$startTestSuite$0.call(Unknown Source)
	at TempTestSuite1553311020014.run(TempTestSuite1553311020014.groovy:35)]]></system-err>
      </testcase>
      <testcase name="Test Cases/Company/Company-13" classname="Test Cases/Company/Company-13" status="FAILED">
         <failure type="FAILED" message="Test Cases/Company/Company-13 FAILED.
Reason:
com.kms.katalon.core.exception.StepFailedException: Unable to click on object 'Object Repository/Company/Company-13/Page_ODTS System/button_Chp Nhn Xa'
	at com.kms.katalon.core.keyword.internal.KeywordMain.stepFailed(KeywordMain.groovy:37)
	at com.kms.katalon.core.webui.keyword.internal.WebUIKeywordMain.stepFailed(WebUIKeywordMain.groovy:65)
	at com.kms.katalon.core.webui.keyword.internal.WebUIKeywordMain.runKeyword(WebUIKeywordMain.groovy:27)
	at com.kms.katalon.core.webui.keyword.builtin.ClickKeyword.click(ClickKeyword.groovy:86)
	at com.kms.katalon.core.webui.keyword.builtin.ClickKeyword.execute(ClickKeyword.groovy:67)
	at com.kms.katalon.core.keyword.internal.KeywordExecutor.executeKeywordForPlatform(KeywordExecutor.groovy:56)
	at com.kms.katalon.core.webui.keyword.WebUiBuiltInKeywords.click(WebUiBuiltInKeywords.groovy:616)
	at com.kms.katalon.core.webui.keyword.WebUiBuiltInKeywords$click$3.call(Unknown Source)
	at Company-13.run(Company-13:41)
	at com.kms.katalon.core.main.ScriptEngine.run(ScriptEngine.java:194)
	at com.kms.katalon.core.main.ScriptEngine.runScriptAsRawText(ScriptEngine.java:119)
	at com.kms.katalon.core.main.TestCaseExecutor.runScript(TestCaseExecutor.java:331)
	at com.kms.katalon.core.main.TestCaseExecutor.doExecute(TestCaseExecutor.java:322)
	at com.kms.katalon.core.main.TestCaseExecutor.processExecutionPhase(TestCaseExecutor.java:301)
	at com.kms.katalon.core.main.TestCaseExecutor.accessMainPhase(TestCaseExecutor.java:293)
	at com.kms.katalon.core.main.TestCaseExecutor.execute(TestCaseExecutor.java:227)
	at com.kms.katalon.core.main.TestSuiteExecutor.accessTestCaseMainPhase(TestSuiteExecutor.java:129)
	at com.kms.katalon.core.main.TestSuiteExecutor.accessTestSuiteMainPhase(TestSuiteExecutor.java:112)
	at com.kms.katalon.core.main.TestSuiteExecutor.execute(TestSuiteExecutor.java:81)
	at com.kms.katalon.core.main.TestCaseMain.startTestSuite(TestCaseMain.java:157)
	at com.kms.katalon.core.main.TestCaseMain$startTestSuite$0.call(Unknown Source)
	at TempTestSuite1553311020014.run(TempTestSuite1553311020014.groovy:35)
"/>
         <system-out><![CDATA[2019-03-23 10:19:53 - [TEST_CASE][FAILED] - Test Cases/Company/Company-13: Test Cases/Company/Company-13 FAILED.
Reason:
com.kms.katalon.core.exception.StepFailedException: Unable to click on object 'Object Repository/Company/Company-13/Page_ODTS System/button_Chp Nhn Xa'
	at com.kms.katalon.core.keyword.internal.KeywordMain.stepFailed(KeywordMain.groovy:37)
	at com.kms.katalon.core.webui.keyword.internal.WebUIKeywordMain.stepFailed(WebUIKeywordMain.groovy:65)
	at com.kms.katalon.core.webui.keyword.internal.WebUIKeywordMain.runKeyword(WebUIKeywordMain.groovy:27)
	at com.kms.katalon.core.webui.keyword.builtin.ClickKeyword.click(ClickKeyword.groovy:86)
	at com.kms.katalon.core.webui.keyword.builtin.ClickKeyword.execute(ClickKeyword.groovy:67)
	at com.kms.katalon.core.keyword.internal.KeywordExecutor.executeKeywordForPlatform(KeywordExecutor.groovy:56)
	at com.kms.katalon.core.webui.keyword.WebUiBuiltInKeywords.click(WebUiBuiltInKeywords.groovy:616)
	at com.kms.katalon.core.webui.keyword.WebUiBuiltInKeywords$click$3.call(Unknown Source)
	at Company-13.run(Company-13:41)
	at com.kms.katalon.core.main.ScriptEngine.run(ScriptEngine.java:194)
	at com.kms.katalon.core.main.ScriptEngine.runScriptAsRawText(ScriptEngine.java:119)
	at com.kms.katalon.core.main.TestCaseExecutor.runScript(TestCaseExecutor.java:331)
	at com.kms.katalon.core.main.TestCaseExecutor.doExecute(TestCaseExecutor.java:322)
	at com.kms.katalon.core.main.TestCaseExecutor.processExecutionPhase(TestCaseExecutor.java:301)
	at com.kms.katalon.core.main.TestCaseExecutor.accessMainPhase(TestCaseExecutor.java:293)
	at com.kms.katalon.core.main.TestCaseExecutor.execute(TestCaseExecutor.java:227)
	at com.kms.katalon.core.main.TestSuiteExecutor.accessTestCaseMainPhase(TestSuiteExecutor.java:129)
	at com.kms.katalon.core.main.TestSuiteExecutor.accessTestSuiteMainPhase(TestSuiteExecutor.java:112)
	at com.kms.katalon.core.main.TestSuiteExecutor.execute(TestSuiteExecutor.java:81)
	at com.kms.katalon.core.main.TestCaseMain.startTestSuite(TestCaseMain.java:157)
	at com.kms.katalon.core.main.TestCaseMain$startTestSuite$0.call(Unknown Source)
	at TempTestSuite1553311020014.run(TempTestSuite1553311020014.groovy:35)


2019-03-23 10:19:54 - [TEST_STEP][PASSED] - openBrowser(""): Browser is opened with url: ''

2019-03-23 10:19:54 - [MESSAGE][WARNING] - A browser is already opened. Closing browser and opening a new one

2019-03-23 10:19:54 - [MESSAGE][INFO] - Starting 'Chrome' driver

2019-03-23 10:19:58 - [MESSAGE][PASSED] - Browser is opened with url: ''

2019-03-23 10:19:58 - [TEST_STEP][PASSED] - navigateToUrl("http://helpdesk.wisky.vn/"): Navigate to 'http://helpdesk.wisky.vn/' successfully

2019-03-23 10:19:59 - [MESSAGE][PASSED] - Navigate to 'http://helpdesk.wisky.vn/' successfully

2019-03-23 10:19:59 - [TEST_STEP][PASSED] - setText(findTestObject("Company/Company-13/Page_ODTS System/input_ODTS_username"), "admin01"): Text 'admin01' is set on object 'Object Repository/Company/Company-13/Page_ODTS System/input_ODTS_username'

2019-03-23 10:20:00 - [MESSAGE][PASSED] - Text 'admin01' is set on object 'Object Repository/Company/Company-13/Page_ODTS System/input_ODTS_username'

2019-03-23 10:20:00 - [TEST_STEP][PASSED] - setEncryptedText(findTestObject("Company/Company-13/Page_ODTS System/input_ODTS_password"), "aeHFOx8jV/A="): Text ****** has been set on object 'Object Repository/Company/Company-13/Page_ODTS System/input_ODTS_password'

2019-03-23 10:20:00 - [MESSAGE][PASSED] - Text ****** has been set on object 'Object Repository/Company/Company-13/Page_ODTS System/input_ODTS_password'

2019-03-23 10:20:00 - [TEST_STEP][PASSED] - click(findTestObject("Company/Company-13/Page_ODTS System/button_ng Nhp")): Object: 'Object Repository/Company/Company-13/Page_ODTS System/button_ng Nhp' is clicked on

2019-03-23 10:20:00 - [MESSAGE][PASSED] - Object: 'Object Repository/Company/Company-13/Page_ODTS System/button_ng Nhp' is clicked on

2019-03-23 10:20:00 - [TEST_STEP][PASSED] - click(findTestObject("Company/Company-13/Page_ODTS System/a_Cng Ty")): Object: 'Object Repository/Company/Company-13/Page_ODTS System/a_Cng Ty' is clicked on

2019-03-23 10:20:02 - [MESSAGE][PASSED] - Object: 'Object Repository/Company/Company-13/Page_ODTS System/a_Cng Ty' is clicked on

2019-03-23 10:20:02 - [TEST_STEP][PASSED] - click(findTestObject("Company/Company-13/Page_ODTS System/a_Xem Chi Nhnh")): Object: 'Object Repository/Company/Company-13/Page_ODTS System/a_Xem Chi Nhnh' is clicked on

2019-03-23 10:20:02 - [MESSAGE][PASSED] - Object: 'Object Repository/Company/Company-13/Page_ODTS System/a_Xem Chi Nhnh' is clicked on

2019-03-23 10:20:02 - [TEST_STEP][PASSED] - click(findTestObject("Company/Company-13/Page_ODTS System/a_Xem Thit b")): Object: 'Object Repository/Company/Company-13/Page_ODTS System/a_Xem Thit b' is clicked on

2019-03-23 10:20:03 - [MESSAGE][PASSED] - Object: 'Object Repository/Company/Company-13/Page_ODTS System/a_Xem Thit b' is clicked on

2019-03-23 10:20:03 - [TEST_STEP][PASSED] - waitForAlert(1): No alert found after 1 second(s).

2019-03-23 10:20:04 - [MESSAGE][WARNING] - No alert found after 1 second(s).

2019-03-23 10:20:04 - [TEST_STEP][PASSED] - click(findTestObject("Company/Company-13/Page_ODTS System/fieldSearch")): Object: 'Object Repository/Company/Company-13/Page_ODTS System/fieldSearch' is clicked on

2019-03-23 10:20:04 - [MESSAGE][PASSED] - Object: 'Object Repository/Company/Company-13/Page_ODTS System/fieldSearch' is clicked on

2019-03-23 10:20:04 - [TEST_STEP][PASSED] - setText(findTestObject("Company/Company-13/Page_ODTS System/input"), "anhtest"): Text 'anhtest' is set on object 'Object Repository/Company/Company-13/Page_ODTS System/input'

2019-03-23 10:20:04 - [MESSAGE][PASSED] - Text 'anhtest' is set on object 'Object Repository/Company/Company-13/Page_ODTS System/input'

2019-03-23 10:20:04 - [TEST_STEP][PASSED] - click(findTestObject("Company/Company-13/Page_ODTS System/button_hihi22_btn btn-danger f")): Object: 'Object Repository/Company/Company-13/Page_ODTS System/button_hihi22_btn btn-danger f' is clicked on

2019-03-23 10:20:05 - [MESSAGE][PASSED] - Object: 'Object Repository/Company/Company-13/Page_ODTS System/button_hihi22_btn btn-danger f' is clicked on

2019-03-23 10:20:05 - [TEST_STEP][FAILED] - click(findTestObject("Company/Company-13/Page_ODTS System/button_Chp Nhn Xa")): Unable to click on object 'Object Repository/Company/Company-13/Page_ODTS System/button_Chp Nhn Xa'

2019-03-23 10:20:05 - [MESSAGE][FAILED] - Unable to click on object 'Object Repository/Company/Company-13/Page_ODTS System/button_Chp Nhn Xa'
[[ATTACHMENT|C:\\Users\\pc\\HelpdeskAutomation\\Reports\\Company10-11-12-13\\20190323_101655\\1553311205359.png]]

2019-03-23 10:20:05 - [TEST_STEP][PASSED] - waitForAlert(1): No alert found after 1 second(s).

2019-03-23 10:20:06 - [MESSAGE][WARNING] - No alert found after 1 second(s).

2019-03-23 10:20:06 - [TEST_STEP][FAILED] - click(findTestObject("Company/Company-13/Page_ODTS System/button_OK")): Unable to click on object 'Object Repository/Company/Company-13/Page_ODTS System/button_OK'

2019-03-23 10:20:07 - [MESSAGE][FAILED] - Unable to click on object 'Object Repository/Company/Company-13/Page_ODTS System/button_OK'
[[ATTACHMENT|C:\\Users\\pc\\HelpdeskAutomation\\Reports\\Company10-11-12-13\\20190323_101655\\1553311206889.png]]

2019-03-23 10:20:07 - [TEST_STEP][PASSED] - verifyElementVisible(findTestObject("Company/Company-13/Page_ODTS System/td_Khng c d liu ph hp")): Object 'Object Repository/Company/Company-13/Page_ODTS System/td_Khng c d liu ph hp' is visible

2019-03-23 10:20:07 - [MESSAGE][PASSED] - Object 'Object Repository/Company/Company-13/Page_ODTS System/td_Khng c d liu ph hp' is visible

2019-03-23 10:20:07 - [TEST_STEP][FAILED] - closeBrowser(): closeBrowser() FAILED.
Reason:
com.kms.katalon.core.exception.StepFailedException: Unable to click on object 'Object Repository/Company/Company-13/Page_ODTS System/button_Chp Nhn Xa'
	at com.kms.katalon.core.keyword.internal.KeywordMain.stepFailed(KeywordMain.groovy:37)
	at com.kms.katalon.core.webui.keyword.internal.WebUIKeywordMain.stepFailed(WebUIKeywordMain.groovy:65)
	at com.kms.katalon.core.webui.keyword.internal.WebUIKeywordMain.runKeyword(WebUIKeywordMain.groovy:27)
	at com.kms.katalon.core.webui.keyword.builtin.ClickKeyword.click(ClickKeyword.groovy:86)
	at com.kms.katalon.core.webui.keyword.builtin.ClickKeyword.execute(ClickKeyword.groovy:67)
	at com.kms.katalon.core.keyword.internal.KeywordExecutor.executeKeywordForPlatform(KeywordExecutor.groovy:56)
	at com.kms.katalon.core.webui.keyword.WebUiBuiltInKeywords.click(WebUiBuiltInKeywords.groovy:616)
	at com.kms.katalon.core.webui.keyword.WebUiBuiltInKeywords$click$3.call(Unknown Source)
	at Company-13.run(Company-13:41)
	at com.kms.katalon.core.main.ScriptEngine.run(ScriptEngine.java:194)
	at com.kms.katalon.core.main.ScriptEngine.runScriptAsRawText(ScriptEngine.java:119)
	at com.kms.katalon.core.main.TestCaseExecutor.runScript(TestCaseExecutor.java:331)
	at com.kms.katalon.core.main.TestCaseExecutor.doExecute(TestCaseExecutor.java:322)
	at com.kms.katalon.core.main.TestCaseExecutor.processExecutionPhase(TestCaseExecutor.java:301)
	at com.kms.katalon.core.main.TestCaseExecutor.accessMainPhase(TestCaseExecutor.java:293)
	at com.kms.katalon.core.main.TestCaseExecutor.execute(TestCaseExecutor.java:227)
	at com.kms.katalon.core.main.TestSuiteExecutor.accessTestCaseMainPhase(TestSuiteExecutor.java:129)
	at com.kms.katalon.core.main.TestSuiteExecutor.accessTestSuiteMainPhase(TestSuiteExecutor.java:112)
	at com.kms.katalon.core.main.TestSuiteExecutor.execute(TestSuiteExecutor.java:81)
	at com.kms.katalon.core.main.TestCaseMain.startTestSuite(TestCaseMain.java:157)
	at com.kms.katalon.core.main.TestCaseMain$startTestSuite$0.call(Unknown Source)
	at TempTestSuite1553311020014.run(TempTestSuite1553311020014.groovy:35)


2019-03-23 10:20:08 - [MESSAGE][PASSED] - Browser is closed

2019-03-23 10:20:08 - [MESSAGE][FAILED] - closeBrowser() FAILED.
Reason:
com.kms.katalon.core.exception.StepFailedException: Unable to click on object 'Object Repository/Company/Company-13/Page_ODTS System/button_Chp Nhn Xa'
	at com.kms.katalon.core.keyword.internal.KeywordMain.stepFailed(KeywordMain.groovy:37)
	at com.kms.katalon.core.webui.keyword.internal.WebUIKeywordMain.stepFailed(WebUIKeywordMain.groovy:65)
	at com.kms.katalon.core.webui.keyword.internal.WebUIKeywordMain.runKeyword(WebUIKeywordMain.groovy:27)
	at com.kms.katalon.core.webui.keyword.builtin.ClickKeyword.click(ClickKeyword.groovy:86)
	at com.kms.katalon.core.webui.keyword.builtin.ClickKeyword.execute(ClickKeyword.groovy:67)
	at com.kms.katalon.core.keyword.internal.KeywordExecutor.executeKeywordForPlatform(KeywordExecutor.groovy:56)
	at com.kms.katalon.core.webui.keyword.WebUiBuiltInKeywords.click(WebUiBuiltInKeywords.groovy:616)
	at com.kms.katalon.core.webui.keyword.WebUiBuiltInKeywords$click$3.call(Unknown Source)
	at Company-13.run(Company-13:41)
	at com.kms.katalon.core.main.ScriptEngine.run(ScriptEngine.java:194)
	at com.kms.katalon.core.main.ScriptEngine.runScriptAsRawText(ScriptEngine.java:119)
	at com.kms.katalon.core.main.TestCaseExecutor.runScript(TestCaseExecutor.java:331)
	at com.kms.katalon.core.main.TestCaseExecutor.doExecute(TestCaseExecutor.java:322)
	at com.kms.katalon.core.main.TestCaseExecutor.processExecutionPhase(TestCaseExecutor.java:301)
	at com.kms.katalon.core.main.TestCaseExecutor.accessMainPhase(TestCaseExecutor.java:293)
	at com.kms.katalon.core.main.TestCaseExecutor.execute(TestCaseExecutor.java:227)
	at com.kms.katalon.core.main.TestSuiteExecutor.accessTestCaseMainPhase(TestSuiteExecutor.java:129)
	at com.kms.katalon.core.main.TestSuiteExecutor.accessTestSuiteMainPhase(TestSuiteExecutor.java:112)
	at com.kms.katalon.core.main.TestSuiteExecutor.execute(TestSuiteExecutor.java:81)
	at com.kms.katalon.core.main.TestCaseMain.startTestSuite(TestCaseMain.java:157)
	at com.kms.katalon.core.main.TestCaseMain$startTestSuite$0.call(Unknown Source)
	at TempTestSuite1553311020014.run(TempTestSuite1553311020014.groovy:35)]]></system-out>
         <system-err><![CDATA[2019-03-23 10:19:53 - [TEST_CASE][FAILED] - Test Cases/Company/Company-13: Test Cases/Company/Company-13 FAILED.
Reason:
com.kms.katalon.core.exception.StepFailedException: Unable to click on object 'Object Repository/Company/Company-13/Page_ODTS System/button_Chp Nhn Xa'
	at com.kms.katalon.core.keyword.internal.KeywordMain.stepFailed(KeywordMain.groovy:37)
	at com.kms.katalon.core.webui.keyword.internal.WebUIKeywordMain.stepFailed(WebUIKeywordMain.groovy:65)
	at com.kms.katalon.core.webui.keyword.internal.WebUIKeywordMain.runKeyword(WebUIKeywordMain.groovy:27)
	at com.kms.katalon.core.webui.keyword.builtin.ClickKeyword.click(ClickKeyword.groovy:86)
	at com.kms.katalon.core.webui.keyword.builtin.ClickKeyword.execute(ClickKeyword.groovy:67)
	at com.kms.katalon.core.keyword.internal.KeywordExecutor.executeKeywordForPlatform(KeywordExecutor.groovy:56)
	at com.kms.katalon.core.webui.keyword.WebUiBuiltInKeywords.click(WebUiBuiltInKeywords.groovy:616)
	at com.kms.katalon.core.webui.keyword.WebUiBuiltInKeywords$click$3.call(Unknown Source)
	at Company-13.run(Company-13:41)
	at com.kms.katalon.core.main.ScriptEngine.run(ScriptEngine.java:194)
	at com.kms.katalon.core.main.ScriptEngine.runScriptAsRawText(ScriptEngine.java:119)
	at com.kms.katalon.core.main.TestCaseExecutor.runScript(TestCaseExecutor.java:331)
	at com.kms.katalon.core.main.TestCaseExecutor.doExecute(TestCaseExecutor.java:322)
	at com.kms.katalon.core.main.TestCaseExecutor.processExecutionPhase(TestCaseExecutor.java:301)
	at com.kms.katalon.core.main.TestCaseExecutor.accessMainPhase(TestCaseExecutor.java:293)
	at com.kms.katalon.core.main.TestCaseExecutor.execute(TestCaseExecutor.java:227)
	at com.kms.katalon.core.main.TestSuiteExecutor.accessTestCaseMainPhase(TestSuiteExecutor.java:129)
	at com.kms.katalon.core.main.TestSuiteExecutor.accessTestSuiteMainPhase(TestSuiteExecutor.java:112)
	at com.kms.katalon.core.main.TestSuiteExecutor.execute(TestSuiteExecutor.java:81)
	at com.kms.katalon.core.main.TestCaseMain.startTestSuite(TestCaseMain.java:157)
	at com.kms.katalon.core.main.TestCaseMain$startTestSuite$0.call(Unknown Source)
	at TempTestSuite1553311020014.run(TempTestSuite1553311020014.groovy:35)]]></system-err>
      </testcase>
      <system-out><![CDATA[2019-03-23 10:17:04 - [TEST_SUITE][FAILED] - Company10-11-12-13: Test Cases/Company/Company-10 FAILED.
Reason:
com.kms.katalon.core.exception.StepFailedException: Actual text 'anhtest22' and expected text 'anhtest' of test object 'Object Repository/Company/Company-10/Page_ODTS System/td_anhtest' are NOT matched.
	at com.kms.katalon.core.keyword.internal.KeywordMain.stepFailed(KeywordMain.groovy:37)
	at com.kms.katalon.core.webui.keyword.internal.WebUIKeywordMain.stepFailed(WebUIKeywordMain.groovy:65)
	at com.kms.katalon.core.webui.keyword.builtin.VerifyElementTextKeyword$_verifyElementText_closure1.doCall(VerifyElementTextKeyword.groovy:57)
	at com.kms.katalon.core.webui.keyword.builtin.VerifyElementTextKeyword$_verifyElementText_closure1.call(VerifyElementTextKeyword.groovy)
	at com.kms.katalon.core.webui.keyword.internal.WebUIKeywordMain.runKeyword(WebUIKeywordMain.groovy:21)
	at com.kms.katalon.core.webui.keyword.builtin.VerifyElementTextKeyword.verifyElementText(VerifyElementTextKeyword.groovy:72)
	at com.kms.katalon.core.webui.keyword.builtin.VerifyElementTextKeyword.execute(VerifyElementTextKeyword.groovy:40)
	at com.kms.katalon.core.keyword.internal.KeywordExecutor.executeKeywordForPlatform(KeywordExecutor.groovy:56)
	at com.kms.katalon.core.webui.keyword.WebUiBuiltInKeywords.verifyElementText(WebUiBuiltInKeywords.groovy:3663)
	at com.kms.katalon.core.webui.keyword.WebUiBuiltInKeywords$verifyElementText$6.call(Unknown Source)
	at Company-10.run(Company-10:116)
	at com.kms.katalon.core.main.ScriptEngine.run(ScriptEngine.java:194)
	at com.kms.katalon.core.main.ScriptEngine.runScriptAsRawText(ScriptEngine.java:119)
	at com.kms.katalon.core.main.TestCaseExecutor.runScript(TestCaseExecutor.java:331)
	at com.kms.katalon.core.main.TestCaseExecutor.doExecute(TestCaseExecutor.java:322)
	at com.kms.katalon.core.main.TestCaseExecutor.processExecutionPhase(TestCaseExecutor.java:301)
	at com.kms.katalon.core.main.TestCaseExecutor.accessMainPhase(TestCaseExecutor.java:293)
	at com.kms.katalon.core.main.TestCaseExecutor.execute(TestCaseExecutor.java:227)
	at com.kms.katalon.core.main.TestSuiteExecutor.accessTestCaseMainPhase(TestSuiteExecutor.java:129)
	at com.kms.katalon.core.main.TestSuiteExecutor.accessTestSuiteMainPhase(TestSuiteExecutor.java:112)
	at com.kms.katalon.core.main.TestSuiteExecutor.execute(TestSuiteExecutor.java:81)
	at com.kms.katalon.core.main.TestCaseMain.startTestSuite(TestCaseMain.java:157)
	at com.kms.katalon.core.main.TestCaseMain$startTestSuite$0.call(Unknown Source)
	at TempTestSuite1553311020014.run(TempTestSuite1553311020014.groovy:35)]]></system-out>
      <system-err><![CDATA[2019-03-23 10:17:04 - [TEST_SUITE][FAILED] - Company10-11-12-13: Test Cases/Company/Company-10 FAILED.
Reason:
com.kms.katalon.core.exception.StepFailedException: Actual text 'anhtest22' and expected text 'anhtest' of test object 'Object Repository/Company/Company-10/Page_ODTS System/td_anhtest' are NOT matched.
	at com.kms.katalon.core.keyword.internal.KeywordMain.stepFailed(KeywordMain.groovy:37)
	at com.kms.katalon.core.webui.keyword.internal.WebUIKeywordMain.stepFailed(WebUIKeywordMain.groovy:65)
	at com.kms.katalon.core.webui.keyword.builtin.VerifyElementTextKeyword$_verifyElementText_closure1.doCall(VerifyElementTextKeyword.groovy:57)
	at com.kms.katalon.core.webui.keyword.builtin.VerifyElementTextKeyword$_verifyElementText_closure1.call(VerifyElementTextKeyword.groovy)
	at com.kms.katalon.core.webui.keyword.internal.WebUIKeywordMain.runKeyword(WebUIKeywordMain.groovy:21)
	at com.kms.katalon.core.webui.keyword.builtin.VerifyElementTextKeyword.verifyElementText(VerifyElementTextKeyword.groovy:72)
	at com.kms.katalon.core.webui.keyword.builtin.VerifyElementTextKeyword.execute(VerifyElementTextKeyword.groovy:40)
	at com.kms.katalon.core.keyword.internal.KeywordExecutor.executeKeywordForPlatform(KeywordExecutor.groovy:56)
	at com.kms.katalon.core.webui.keyword.WebUiBuiltInKeywords.verifyElementText(WebUiBuiltInKeywords.groovy:3663)
	at com.kms.katalon.core.webui.keyword.WebUiBuiltInKeywords$verifyElementText$6.call(Unknown Source)
	at Company-10.run(Company-10:116)
	at com.kms.katalon.core.main.ScriptEngine.run(ScriptEngine.java:194)
	at com.kms.katalon.core.main.ScriptEngine.runScriptAsRawText(ScriptEngine.java:119)
	at com.kms.katalon.core.main.TestCaseExecutor.runScript(TestCaseExecutor.java:331)
	at com.kms.katalon.core.main.TestCaseExecutor.doExecute(TestCaseExecutor.java:322)
	at com.kms.katalon.core.main.TestCaseExecutor.processExecutionPhase(TestCaseExecutor.java:301)
	at com.kms.katalon.core.main.TestCaseExecutor.accessMainPhase(TestCaseExecutor.java:293)
	at com.kms.katalon.core.main.TestCaseExecutor.execute(TestCaseExecutor.java:227)
	at com.kms.katalon.core.main.TestSuiteExecutor.accessTestCaseMainPhase(TestSuiteExecutor.java:129)
	at com.kms.katalon.core.main.TestSuiteExecutor.accessTestSuiteMainPhase(TestSuiteExecutor.java:112)
	at com.kms.katalon.core.main.TestSuiteExecutor.execute(TestSuiteExecutor.java:81)
	at com.kms.katalon.core.main.TestCaseMain.startTestSuite(TestCaseMain.java:157)
	at com.kms.katalon.core.main.TestCaseMain$startTestSuite$0.call(Unknown Source)
	at TempTestSuite1553311020014.run(TempTestSuite1553311020014.groovy:35)]]></system-err>
   </testsuite>
</testsuites>
