<?xml version="1.0" encoding="UTF-8"?>
<testsuites name="Company1-3-4-5" time="119" tests="3" failures="1" errors="0">
   <testsuite name="Company1-3-4-5" tests="3" failures="1" errors="0" time="119" timestamp="2019-02-21 16:39:06" hostname="Ninja - AnhNVSE63446" id="Test Suites/Company1-3-4-5">
      <properties>
         <property name="deviceName" value=""/>
         <property name="devicePlatform" value=""/>
         <property name="logFolder" value="C:\\Users\\pc\\Katalon Studio\\Helpdesk\\Reports\\Company1-3-4-5\\20190221_163857"/>
         <property name="logFiles" value="C:\\Users\\pc\\Katalon Studio\\Helpdesk\\Reports\\Company1-3-4-5\\20190221_163857\\execution0.log"/>
         <property name="attachments" value="C:\\Users\\pc\\Katalon Studio\\Helpdesk\\Reports\\Company1-3-4-5\\20190221_163857\\1550742048323.png"/>
         <property name="hostName" value="Ninja - AnhNVSE63446"/>
         <property name="os" value="Windows 10 64bit"/>
         <property name="katalonVersion" value="5.10.0.1"/>
         <property name="browser" value="Chrome 72.0.3626.109"/>
         <property name="hostAddress" value="192.168.175.1"/>
         <property name="sessionId" value="ed4cc6c2252fc4a31c315ae71d207c25"/>
         <property name="seleniumVersion" value="3.7.1"/>
         <property name="proxyInformation" value="ProxyInformation{proxyOption=NO_PROXY, proxyServerType=HTTP, password=, proxyServerAddress=, proxyServerPort=0}"/>
         <property name="platform" value="Windows 10"/>
      </properties>
      <testcase name="Test Cases/Company/company1" classname="Test Cases/Company/company1" status="PASSED">
         <system-out><![CDATA[2019-02-21 16:39:06 - [TEST_CASE][PASSED] - Test Cases/Company/company1: Test Cases/Company/company1

2019-02-21 16:39:07 - [TEST_STEP][PASSED] - openBrowser(""): Browser is opened with url: ''

2019-02-21 16:39:08 - [MESSAGE][INFO] - Starting 'Chrome' driver

2019-02-21 16:39:08 - [MESSAGE][INFO] - Action delay is set to 0 seconds

2019-02-21 16:39:12 - [MESSAGE][PASSED] - Browser is opened with url: ''

2019-02-21 16:39:12 - [TEST_STEP][PASSED] - navigateToUrl("http://helpdesk.wisky.vn/"): Navigate to 'http://helpdesk.wisky.vn/' successfully

2019-02-21 16:39:14 - [MESSAGE][PASSED] - Navigate to 'http://helpdesk.wisky.vn/' successfully

2019-02-21 16:39:14 - [TEST_STEP][PASSED] - setText(findTestObject("Object Repository/Company/company1/Page_ODTS System/input_ODTS_username"), "admin01"): Text 'admin01' is set on object 'Object Repository/Company/company1/Page_ODTS System/input_ODTS_username'

2019-02-21 16:39:14 - [MESSAGE][PASSED] - Text 'admin01' is set on object 'Object Repository/Company/company1/Page_ODTS System/input_ODTS_username'

2019-02-21 16:39:14 - [TEST_STEP][PASSED] - waitForAlert(2): No alert found after 2 second(s).

2019-02-21 16:39:16 - [MESSAGE][WARNING] - No alert found after 2 second(s).

2019-02-21 16:39:16 - [TEST_STEP][PASSED] - setEncryptedText(findTestObject("Object Repository/Company/company1/Page_ODTS System/input_ODTS_password"), "aeHFOx8jV/A="): Text ****** has been set on object 'Object Repository/Company/company1/Page_ODTS System/input_ODTS_password'

2019-02-21 16:39:16 - [MESSAGE][PASSED] - Text ****** has been set on object 'Object Repository/Company/company1/Page_ODTS System/input_ODTS_password'

2019-02-21 16:39:16 - [TEST_STEP][PASSED] - waitForAlert(2): No alert found after 2 second(s).

2019-02-21 16:39:18 - [MESSAGE][WARNING] - No alert found after 2 second(s).

2019-02-21 16:39:18 - [TEST_STEP][PASSED] - click(findTestObject("Object Repository/Company/company1/Page_ODTS System/button_ng Nhp")): Object: 'Object Repository/Company/company1/Page_ODTS System/button_ng Nhp' is clicked on

2019-02-21 16:39:19 - [MESSAGE][PASSED] - Object: 'Object Repository/Company/company1/Page_ODTS System/button_ng Nhp' is clicked on

2019-02-21 16:39:19 - [TEST_STEP][PASSED] - waitForAlert(2): No alert found after 2 second(s).

2019-02-21 16:39:22 - [MESSAGE][WARNING] - No alert found after 2 second(s).

2019-02-21 16:39:22 - [TEST_STEP][PASSED] - click(findTestObject("Object Repository/Company/company1/Page_ODTS System/span_Cng Ty")): Object: 'Object Repository/Company/company1/Page_ODTS System/span_Cng Ty' is clicked on

2019-02-21 16:39:22 - [MESSAGE][PASSED] - Object: 'Object Repository/Company/company1/Page_ODTS System/span_Cng Ty' is clicked on

2019-02-21 16:39:22 - [TEST_STEP][PASSED] - waitForAlert(2): No alert found after 2 second(s).

2019-02-21 16:39:24 - [MESSAGE][WARNING] - No alert found after 2 second(s).

2019-02-21 16:39:24 - [TEST_STEP][PASSED] - click(findTestObject("Object Repository/Company/company1/Page_ODTS System/button_To Cng Ty")): Object: 'Object Repository/Company/company1/Page_ODTS System/button_To Cng Ty' is clicked on

2019-02-21 16:39:25 - [MESSAGE][PASSED] - Object: 'Object Repository/Company/company1/Page_ODTS System/button_To Cng Ty' is clicked on

2019-02-21 16:39:25 - [TEST_STEP][PASSED] - waitForAlert(2): No alert found after 2 second(s).

2019-02-21 16:39:27 - [MESSAGE][WARNING] - No alert found after 2 second(s).

2019-02-21 16:39:27 - [TEST_STEP][PASSED] - setText(findTestObject("Object Repository/Company/company1/Page_ODTS System/input_Tn Cng Ty_comNameCreate"), "anhtest"): Text 'anhtest' is set on object 'Object Repository/Company/company1/Page_ODTS System/input_Tn Cng Ty_comNameCreate'

2019-02-21 16:39:27 - [MESSAGE][PASSED] - Text 'anhtest' is set on object 'Object Repository/Company/company1/Page_ODTS System/input_Tn Cng Ty_comNameCreate'

2019-02-21 16:39:27 - [TEST_STEP][PASSED] - waitForAlert(2): No alert found after 2 second(s).

2019-02-21 16:39:29 - [MESSAGE][WARNING] - No alert found after 2 second(s).

2019-02-21 16:39:29 - [TEST_STEP][PASSED] - setText(findTestObject("Object Repository/Company/company1/Page_ODTS System/input_M T_comDescriptionCreate"), "hihi"): Text 'hihi' is set on object 'Object Repository/Company/company1/Page_ODTS System/input_M T_comDescriptionCreate'

2019-02-21 16:39:29 - [MESSAGE][PASSED] - Text 'hihi' is set on object 'Object Repository/Company/company1/Page_ODTS System/input_M T_comDescriptionCreate'

2019-02-21 16:39:29 - [TEST_STEP][PASSED] - waitForAlert(2): No alert found after 2 second(s).

2019-02-21 16:39:31 - [MESSAGE][WARNING] - No alert found after 2 second(s).

2019-02-21 16:39:31 - [TEST_STEP][PASSED] - setText(findTestObject("Object Repository/Company/company1/Page_ODTS System/input_im Bnh Chn()_comPercentF"), "50"): Text '50' is set on object 'Object Repository/Company/company1/Page_ODTS System/input_im Bnh Chn()_comPercentF'

2019-02-21 16:39:31 - [MESSAGE][PASSED] - Text '50' is set on object 'Object Repository/Company/company1/Page_ODTS System/input_im Bnh Chn()_comPercentF'

2019-02-21 16:39:31 - [TEST_STEP][PASSED] - waitForAlert(2): No alert found after 2 second(s).

2019-02-21 16:39:33 - [MESSAGE][WARNING] - No alert found after 2 second(s).

2019-02-21 16:39:33 - [TEST_STEP][PASSED] - setText(findTestObject("Object Repository/Company/company1/Page_ODTS System/input_Kinh Nghim()_comPercentF"), "12"): Text '12' is set on object 'Object Repository/Company/company1/Page_ODTS System/input_Kinh Nghim()_comPercentF'

2019-02-21 16:39:33 - [MESSAGE][PASSED] - Text '12' is set on object 'Object Repository/Company/company1/Page_ODTS System/input_Kinh Nghim()_comPercentF'

2019-02-21 16:39:33 - [TEST_STEP][PASSED] - waitForAlert(2): No alert found after 2 second(s).

2019-02-21 16:39:36 - [MESSAGE][WARNING] - No alert found after 2 second(s).

2019-02-21 16:39:36 - [TEST_STEP][PASSED] - setText(findTestObject("Object Repository/Company/company1/Page_ODTS System/input_ Thn Thuc()_comPercentFo"), "65"): Text '65' is set on object 'Object Repository/Company/company1/Page_ODTS System/input_ Thn Thuc()_comPercentFo'

2019-02-21 16:39:36 - [MESSAGE][PASSED] - Text '65' is set on object 'Object Repository/Company/company1/Page_ODTS System/input_ Thn Thuc()_comPercentFo'

2019-02-21 16:39:36 - [TEST_STEP][PASSED] - waitForAlert(2): No alert found after 2 second(s).

2019-02-21 16:39:38 - [MESSAGE][WARNING] - No alert found after 2 second(s).

2019-02-21 16:39:38 - [TEST_STEP][PASSED] - setText(findTestObject("Object Repository/Company/company1/Page_ODTS System/input_Kinh Nghim()_comPercentF"), "15"): Text '15' is set on object 'Object Repository/Company/company1/Page_ODTS System/input_Kinh Nghim()_comPercentF'

2019-02-21 16:39:38 - [MESSAGE][PASSED] - Text '15' is set on object 'Object Repository/Company/company1/Page_ODTS System/input_Kinh Nghim()_comPercentF'

2019-02-21 16:39:38 - [TEST_STEP][PASSED] - waitForAlert(2): No alert found after 2 second(s).

2019-02-21 16:39:40 - [MESSAGE][WARNING] - No alert found after 2 second(s).

2019-02-21 16:39:40 - [TEST_STEP][PASSED] - click(findTestObject("Object Repository/Company/company1/Page_ODTS System/button_To Mi")): Object: 'Object Repository/Company/company1/Page_ODTS System/button_To Mi' is clicked on

2019-02-21 16:39:40 - [MESSAGE][PASSED] - Object: 'Object Repository/Company/company1/Page_ODTS System/button_To Mi' is clicked on

2019-02-21 16:39:40 - [TEST_STEP][PASSED] - waitForAlert(2): No alert found after 2 second(s).

2019-02-21 16:39:42 - [MESSAGE][WARNING] - No alert found after 2 second(s).

2019-02-21 16:39:42 - [TEST_STEP][PASSED] - CDATE = SimpleDateFormat(dd/MM/yyyy).format(getInstance().getTime()): null

2019-02-21 16:39:42 - [TEST_STEP][PASSED] - DATE = SimpleDateFormat(HH:mm dd/MM/yyyy).format(getInstance().getTime()): null

2019-02-21 16:39:42 - [TEST_STEP][PASSED] - writer = null: null

2019-02-21 16:39:42 - [TEST_STEP][PASSED] - try: null

2019-02-21 16:39:42 - [TEST_STEP][PASSED] - writer = new java.io.BufferedWriter(new java.io.OutputStreamWriter(new java.io.FileOutputStream(C:\Users\pc\Katalon Studio\Helpdesk\creDateCompany.txt), utf-8)): null

2019-02-21 16:39:42 - [TEST_STEP][PASSED] - writer.write(DATE): null

2019-02-21 16:39:42 - [TEST_STEP][PASSED] - Finally: null

2019-02-21 16:39:42 - [TEST_STEP][PASSED] - try: null

2019-02-21 16:39:42 - [TEST_STEP][PASSED] - writer.close(): null

2019-02-21 16:39:42 - [TEST_STEP][PASSED] - click(findTestObject("Object Repository/Company/company1/Page_ODTS System/button_OK")): Object: 'Object Repository/Company/company1/Page_ODTS System/button_OK' is clicked on

2019-02-21 16:39:43 - [MESSAGE][PASSED] - Object: 'Object Repository/Company/company1/Page_ODTS System/button_OK' is clicked on

2019-02-21 16:39:43 - [TEST_STEP][PASSED] - waitForAlert(2): No alert found after 2 second(s).

2019-02-21 16:39:45 - [MESSAGE][WARNING] - No alert found after 2 second(s).

2019-02-21 16:39:45 - [TEST_STEP][PASSED] - click(findTestObject("Object Repository/Company/company1/Page_ODTS System/fieldSearch")): Object: 'Object Repository/Company/company1/Page_ODTS System/fieldSearch' is clicked on

2019-02-21 16:39:45 - [MESSAGE][PASSED] - Object: 'Object Repository/Company/company1/Page_ODTS System/fieldSearch' is clicked on

2019-02-21 16:39:45 - [TEST_STEP][PASSED] - setText(findTestObject("Object Repository/Company/company1/Page_ODTS System/input"), "anhtest"): Text 'anhtest' is set on object 'Object Repository/Company/company1/Page_ODTS System/input'

2019-02-21 16:39:45 - [MESSAGE][PASSED] - Text 'anhtest' is set on object 'Object Repository/Company/company1/Page_ODTS System/input'

2019-02-21 16:39:45 - [TEST_STEP][PASSED] - verifyElementText(findTestObject("Object Repository/Company/company1/Page_ODTS System/td_anhtest"), "anhtest"): Actual text and expected text of test object 'Object Repository/Company/company1/Page_ODTS System/td_anhtest' are matched.

2019-02-21 16:39:45 - [MESSAGE][PASSED] - Actual text and expected text of test object 'Object Repository/Company/company1/Page_ODTS System/td_anhtest' are matched.

2019-02-21 16:39:45 - [TEST_STEP][PASSED] - verifyElementText(findTestObject("Object Repository/Company/company1/Page_ODTS System/td_hihi"), "hihi"): Actual text and expected text of test object 'Object Repository/Company/company1/Page_ODTS System/td_hihi' are matched.

2019-02-21 16:39:45 - [MESSAGE][PASSED] - Actual text and expected text of test object 'Object Repository/Company/company1/Page_ODTS System/td_hihi' are matched.

2019-02-21 16:39:45 - [TEST_STEP][PASSED] - verifyElementText(findTestObject("Object Repository/Company/company1/Page_ODTS System/td_21022019"), CDATE): Actual text and expected text of test object 'Object Repository/Company/company1/Page_ODTS System/td_21022019' are matched.

2019-02-21 16:39:45 - [MESSAGE][PASSED] - Actual text and expected text of test object 'Object Repository/Company/company1/Page_ODTS System/td_21022019' are matched.

2019-02-21 16:39:45 - [TEST_STEP][PASSED] - closeBrowser(): Browser is closed

2019-02-21 16:39:46 - [MESSAGE][PASSED] - Browser is closed]]></system-out>
         <system-err><![CDATA[]]></system-err>
      </testcase>
      <testcase name="Test Cases/Company/company3" classname="Test Cases/Company/company3" status="PASSED">
         <system-out><![CDATA[2019-02-21 16:39:46 - [TEST_CASE][PASSED] - Test Cases/Company/company3: Test Cases/Company/company3

2019-02-21 16:39:46 - [TEST_STEP][PASSED] - openBrowser(""): Browser is opened with url: ''

2019-02-21 16:39:46 - [MESSAGE][INFO] - Starting 'Chrome' driver

2019-02-21 16:39:49 - [MESSAGE][PASSED] - Browser is opened with url: ''

2019-02-21 16:39:49 - [TEST_STEP][PASSED] - navigateToUrl("http://helpdesk.wisky.vn/"): Navigate to 'http://helpdesk.wisky.vn/' successfully

2019-02-21 16:39:50 - [MESSAGE][PASSED] - Navigate to 'http://helpdesk.wisky.vn/' successfully

2019-02-21 16:39:50 - [TEST_STEP][PASSED] - setText(findTestObject("Object Repository/Company/company3/Page_ODTS System/input_ODTS_username"), "admin01"): Text 'admin01' is set on object 'Object Repository/Company/company3/Page_ODTS System/input_ODTS_username'

2019-02-21 16:39:50 - [MESSAGE][PASSED] - Text 'admin01' is set on object 'Object Repository/Company/company3/Page_ODTS System/input_ODTS_username'

2019-02-21 16:39:50 - [TEST_STEP][PASSED] - setEncryptedText(findTestObject("Object Repository/Company/company3/Page_ODTS System/input_ODTS_password"), "aeHFOx8jV/A="): Text ****** has been set on object 'Object Repository/Company/company3/Page_ODTS System/input_ODTS_password'

2019-02-21 16:39:51 - [MESSAGE][PASSED] - Text ****** has been set on object 'Object Repository/Company/company3/Page_ODTS System/input_ODTS_password'

2019-02-21 16:39:51 - [TEST_STEP][PASSED] - click(findTestObject("Object Repository/Company/company3/Page_ODTS System/button_ng Nhp")): Object: 'Object Repository/Company/company3/Page_ODTS System/button_ng Nhp' is clicked on

2019-02-21 16:39:51 - [MESSAGE][PASSED] - Object: 'Object Repository/Company/company3/Page_ODTS System/button_ng Nhp' is clicked on

2019-02-21 16:39:51 - [TEST_STEP][PASSED] - click(findTestObject("Object Repository/Company/company3/Page_ODTS System/clickCompanyMenu")): Object: 'Object Repository/Company/company3/Page_ODTS System/clickCompanyMenu' is clicked on

2019-02-21 16:40:04 - [MESSAGE][PASSED] - Object: 'Object Repository/Company/company3/Page_ODTS System/clickCompanyMenu' is clicked on

2019-02-21 16:40:04 - [TEST_STEP][PASSED] - click(findTestObject("Object Repository/Company/company3/Page_ODTS System/fieldSearch")): Object: 'Object Repository/Company/company3/Page_ODTS System/fieldSearch' is clicked on

2019-02-21 16:40:04 - [MESSAGE][PASSED] - Object: 'Object Repository/Company/company3/Page_ODTS System/fieldSearch' is clicked on

2019-02-21 16:40:04 - [TEST_STEP][PASSED] - setText(findTestObject("Object Repository/Company/company3/Page_ODTS System/input"), "anhtest"): Text 'anhtest' is set on object 'Object Repository/Company/company3/Page_ODTS System/input'

2019-02-21 16:40:04 - [MESSAGE][PASSED] - Text 'anhtest' is set on object 'Object Repository/Company/company3/Page_ODTS System/input'

2019-02-21 16:40:04 - [TEST_STEP][PASSED] - waitForAlert(2): No alert found after 2 second(s).

2019-02-21 16:40:06 - [MESSAGE][WARNING] - No alert found after 2 second(s).

2019-02-21 16:40:06 - [TEST_STEP][PASSED] - click(findTestObject("Object Repository/Company/company3/Page_ODTS System/button_Xem Hp ng_btn btn-info")): Object: 'Object Repository/Company/company3/Page_ODTS System/button_Xem Hp ng_btn btn-info' is clicked on

2019-02-21 16:40:07 - [MESSAGE][PASSED] - Object: 'Object Repository/Company/company3/Page_ODTS System/button_Xem Hp ng_btn btn-info' is clicked on

2019-02-21 16:40:07 - [TEST_STEP][PASSED] - waitForAlert(2): No alert found after 2 second(s).

2019-02-21 16:40:09 - [MESSAGE][WARNING] - No alert found after 2 second(s).

2019-02-21 16:40:09 - [TEST_STEP][PASSED] - verifyElementText(findTestObject("Company/company3/Page_ODTS System/anhtest"), "anhtest"): Actual text and expected text of test object 'Object Repository/Company/company3/Page_ODTS System/anhtest' are matched.

2019-02-21 16:40:09 - [MESSAGE][PASSED] - Actual text and expected text of test object 'Object Repository/Company/company3/Page_ODTS System/anhtest' are matched.

2019-02-21 16:40:09 - [TEST_STEP][PASSED] - verifyElementText(findTestObject("Object Repository/Company/company3/Page_ODTS System/p_hihi"), "hihi"): Actual text and expected text of test object 'Object Repository/Company/company3/Page_ODTS System/p_hihi' are matched.

2019-02-21 16:40:09 - [MESSAGE][PASSED] - Actual text and expected text of test object 'Object Repository/Company/company3/Page_ODTS System/p_hihi' are matched.

2019-02-21 16:40:09 - [TEST_STEP][PASSED] - CDATE = null: null

2019-02-21 16:40:09 - [TEST_STEP][PASSED] - br = null: null

2019-02-21 16:40:09 - [TEST_STEP][PASSED] - try: null

2019-02-21 16:40:09 - [TEST_STEP][PASSED] - br = new java.io.BufferedReader(new java.io.FileReader(C:\Users\pc\Katalon Studio\Helpdesk\creDateCompany.txt)): null

2019-02-21 16:40:09 - [TEST_STEP][PASSED] - sCurrentLine = <not implemented yet for class: org.codehaus.groovy.ast.expr.EmptyExpression>: null

2019-02-21 16:40:09 - [TEST_STEP][PASSED] - while (sCurrentLine = br.readLine() != null): null

2019-02-21 16:40:09 - [TEST_STEP][PASSED] - CDATE = sCurrentLine: null

2019-02-21 16:40:09 - [TEST_STEP][PASSED] - Finally: null

2019-02-21 16:40:09 - [TEST_STEP][PASSED] - br.close(): null

2019-02-21 16:40:09 - [TEST_STEP][PASSED] - verifyElementText(findTestObject("Object Repository/Company/company3/Page_ODTS System/p_1031 21022019"), CDATE): Actual text and expected text of test object 'Object Repository/Company/company3/Page_ODTS System/p_1031 21022019' are matched.

2019-02-21 16:40:09 - [MESSAGE][PASSED] - Actual text and expected text of test object 'Object Repository/Company/company3/Page_ODTS System/p_1031 21022019' are matched.

2019-02-21 16:40:09 - [TEST_STEP][PASSED] - verifyElementText(findTestObject("Object Repository/Company/company3/Page_ODTS System/p_1031 21022019_1"), CDATE): Actual text and expected text of test object 'Object Repository/Company/company3/Page_ODTS System/p_1031 21022019_1' are matched.

2019-02-21 16:40:09 - [MESSAGE][PASSED] - Actual text and expected text of test object 'Object Repository/Company/company3/Page_ODTS System/p_1031 21022019_1' are matched.

2019-02-21 16:40:09 - [TEST_STEP][PASSED] - verifyElementText(findTestObject("Object Repository/Company/company3/Page_ODTS System/span_50"), "50"): Actual text and expected text of test object 'Object Repository/Company/company3/Page_ODTS System/span_50' are matched.

2019-02-21 16:40:09 - [MESSAGE][PASSED] - Actual text and expected text of test object 'Object Repository/Company/company3/Page_ODTS System/span_50' are matched.

2019-02-21 16:40:09 - [TEST_STEP][PASSED] - verifyElementText(findTestObject("Object Repository/Company/company3/Page_ODTS System/span_15"), "15"): Actual text and expected text of test object 'Object Repository/Company/company3/Page_ODTS System/span_15' are matched.

2019-02-21 16:40:09 - [MESSAGE][PASSED] - Actual text and expected text of test object 'Object Repository/Company/company3/Page_ODTS System/span_15' are matched.

2019-02-21 16:40:09 - [TEST_STEP][PASSED] - verifyElementText(findTestObject("Object Repository/Company/company3/Page_ODTS System/span_65"), "65"): Actual text and expected text of test object 'Object Repository/Company/company3/Page_ODTS System/span_65' are matched.

2019-02-21 16:40:09 - [MESSAGE][PASSED] - Actual text and expected text of test object 'Object Repository/Company/company3/Page_ODTS System/span_65' are matched.

2019-02-21 16:40:09 - [TEST_STEP][PASSED] - click(findTestObject("Object Repository/Company/company3/Page_ODTS System/button_ng")): Object: 'Object Repository/Company/company3/Page_ODTS System/button_ng' is clicked on

2019-02-21 16:40:09 - [MESSAGE][PASSED] - Object: 'Object Repository/Company/company3/Page_ODTS System/button_ng' is clicked on

2019-02-21 16:40:09 - [TEST_STEP][PASSED] - closeBrowser(): Browser is closed

2019-02-21 16:40:10 - [MESSAGE][PASSED] - Browser is closed]]></system-out>
         <system-err><![CDATA[]]></system-err>
      </testcase>
      <testcase name="Test Cases/Company/company4" classname="Test Cases/Company/company4" status="FAILED">
         <failure type="FAILED" message="Test Cases/Company/company4 FAILED.
Reason:
com.kms.katalon.core.exception.StepFailedException: Unable to click on object 'Object Repository/Company/company4/Page_ODTS System/fieldSearch' (Root cause: com.kms.katalon.core.webui.exception.WebElementNotFoundException: Web element with id: 'Object Repository/Company/company4/Page_ODTS System/fieldSearch' located by 'By.xpath: /html/body[@class='skin-blue sidebar-mini']/div[@class='wrapper']/div[@class='content-wrapper']/section[@class='content-header']/div[@class='row col-md-12'][2]/div[@id='detail-table_wrapper']/div[@id='detail-table_filter']/label/input' not found)
	at com.kms.katalon.core.keyword.internal.KeywordMain.stepFailed(KeywordMain.groovy:36)
	at com.kms.katalon.core.webui.keyword.internal.WebUIKeywordMain.stepFailed(WebUIKeywordMain.groovy:65)
	at com.kms.katalon.core.webui.keyword.internal.WebUIKeywordMain.runKeyword(WebUIKeywordMain.groovy:27)
	at com.kms.katalon.core.webui.keyword.builtin.ClickKeyword.click(ClickKeyword.groovy:86)
	at com.kms.katalon.core.webui.keyword.builtin.ClickKeyword.execute(ClickKeyword.groovy:67)
	at com.kms.katalon.core.keyword.internal.KeywordExecutor.executeKeywordForPlatform(KeywordExecutor.groovy:53)
	at com.kms.katalon.core.webui.keyword.WebUiBuiltInKeywords.click(WebUiBuiltInKeywords.groovy:616)
	at com.kms.katalon.core.webui.keyword.WebUiBuiltInKeywords$click$4.call(Unknown Source)
	at company4.run(company4:17)
	at com.kms.katalon.core.main.ScriptEngine.run(ScriptEngine.java:194)
	at com.kms.katalon.core.main.ScriptEngine.runScriptAsRawText(ScriptEngine.java:119)
	at com.kms.katalon.core.main.TestCaseExecutor.runScript(TestCaseExecutor.java:328)
	at com.kms.katalon.core.main.TestCaseExecutor.doExecute(TestCaseExecutor.java:319)
	at com.kms.katalon.core.main.TestCaseExecutor.processExecutionPhase(TestCaseExecutor.java:298)
	at com.kms.katalon.core.main.TestCaseExecutor.accessMainPhase(TestCaseExecutor.java:290)
	at com.kms.katalon.core.main.TestCaseExecutor.execute(TestCaseExecutor.java:224)
	at com.kms.katalon.core.main.TestSuiteExecutor.accessTestCaseMainPhase(TestSuiteExecutor.java:129)
	at com.kms.katalon.core.main.TestSuiteExecutor.accessTestSuiteMainPhase(TestSuiteExecutor.java:112)
	at com.kms.katalon.core.main.TestSuiteExecutor.execute(TestSuiteExecutor.java:81)
	at com.kms.katalon.core.main.TestCaseMain.startTestSuite(TestCaseMain.java:149)
	at com.kms.katalon.core.main.TestCaseMain$startTestSuite$0.call(Unknown Source)
	at TempTestSuite1550741942260.run(TempTestSuite1550741942260.groovy:36)
"/>
         <system-out><![CDATA[2019-02-21 16:40:10 - [TEST_CASE][FAILED] - Test Cases/Company/company4: Test Cases/Company/company4 FAILED.
Reason:
com.kms.katalon.core.exception.StepFailedException: Unable to click on object 'Object Repository/Company/company4/Page_ODTS System/fieldSearch' (Root cause: com.kms.katalon.core.webui.exception.WebElementNotFoundException: Web element with id: 'Object Repository/Company/company4/Page_ODTS System/fieldSearch' located by 'By.xpath: /html/body[@class='skin-blue sidebar-mini']/div[@class='wrapper']/div[@class='content-wrapper']/section[@class='content-header']/div[@class='row col-md-12'][2]/div[@id='detail-table_wrapper']/div[@id='detail-table_filter']/label/input' not found)
	at com.kms.katalon.core.keyword.internal.KeywordMain.stepFailed(KeywordMain.groovy:36)
	at com.kms.katalon.core.webui.keyword.internal.WebUIKeywordMain.stepFailed(WebUIKeywordMain.groovy:65)
	at com.kms.katalon.core.webui.keyword.internal.WebUIKeywordMain.runKeyword(WebUIKeywordMain.groovy:27)
	at com.kms.katalon.core.webui.keyword.builtin.ClickKeyword.click(ClickKeyword.groovy:86)
	at com.kms.katalon.core.webui.keyword.builtin.ClickKeyword.execute(ClickKeyword.groovy:67)
	at com.kms.katalon.core.keyword.internal.KeywordExecutor.executeKeywordForPlatform(KeywordExecutor.groovy:53)
	at com.kms.katalon.core.webui.keyword.WebUiBuiltInKeywords.click(WebUiBuiltInKeywords.groovy:616)
	at com.kms.katalon.core.webui.keyword.WebUiBuiltInKeywords$click$4.call(Unknown Source)
	at company4.run(company4:17)
	at com.kms.katalon.core.main.ScriptEngine.run(ScriptEngine.java:194)
	at com.kms.katalon.core.main.ScriptEngine.runScriptAsRawText(ScriptEngine.java:119)
	at com.kms.katalon.core.main.TestCaseExecutor.runScript(TestCaseExecutor.java:328)
	at com.kms.katalon.core.main.TestCaseExecutor.doExecute(TestCaseExecutor.java:319)
	at com.kms.katalon.core.main.TestCaseExecutor.processExecutionPhase(TestCaseExecutor.java:298)
	at com.kms.katalon.core.main.TestCaseExecutor.accessMainPhase(TestCaseExecutor.java:290)
	at com.kms.katalon.core.main.TestCaseExecutor.execute(TestCaseExecutor.java:224)
	at com.kms.katalon.core.main.TestSuiteExecutor.accessTestCaseMainPhase(TestSuiteExecutor.java:129)
	at com.kms.katalon.core.main.TestSuiteExecutor.accessTestSuiteMainPhase(TestSuiteExecutor.java:112)
	at com.kms.katalon.core.main.TestSuiteExecutor.execute(TestSuiteExecutor.java:81)
	at com.kms.katalon.core.main.TestCaseMain.startTestSuite(TestCaseMain.java:149)
	at com.kms.katalon.core.main.TestCaseMain$startTestSuite$0.call(Unknown Source)
	at TempTestSuite1550741942260.run(TempTestSuite1550741942260.groovy:36)


2019-02-21 16:40:10 - [TEST_STEP][PASSED] - openBrowser(""): Browser is opened with url: ''

2019-02-21 16:40:10 - [MESSAGE][INFO] - Starting 'Chrome' driver

2019-02-21 16:40:13 - [MESSAGE][PASSED] - Browser is opened with url: ''

2019-02-21 16:40:13 - [TEST_STEP][PASSED] - navigateToUrl("http://helpdesk.wisky.vn/"): Navigate to 'http://helpdesk.wisky.vn/' successfully

2019-02-21 16:40:15 - [MESSAGE][PASSED] - Navigate to 'http://helpdesk.wisky.vn/' successfully

2019-02-21 16:40:15 - [TEST_STEP][PASSED] - setText(findTestObject("Object Repository/Company/company4/Page_ODTS System/input_ODTS_username"), "admin01"): Text 'admin01' is set on object 'Object Repository/Company/company4/Page_ODTS System/input_ODTS_username'

2019-02-21 16:40:16 - [MESSAGE][PASSED] - Text 'admin01' is set on object 'Object Repository/Company/company4/Page_ODTS System/input_ODTS_username'

2019-02-21 16:40:16 - [TEST_STEP][PASSED] - setEncryptedText(findTestObject("Object Repository/Company/company4/Page_ODTS System/input_ODTS_password"), "aeHFOx8jV/A="): Text ****** has been set on object 'Object Repository/Company/company4/Page_ODTS System/input_ODTS_password'

2019-02-21 16:40:16 - [MESSAGE][PASSED] - Text ****** has been set on object 'Object Repository/Company/company4/Page_ODTS System/input_ODTS_password'

2019-02-21 16:40:16 - [TEST_STEP][PASSED] - click(findTestObject("Object Repository/Company/company4/Page_ODTS System/button_ng Nhp")): Object: 'Object Repository/Company/company4/Page_ODTS System/button_ng Nhp' is clicked on

2019-02-21 16:40:16 - [MESSAGE][PASSED] - Object: 'Object Repository/Company/company4/Page_ODTS System/button_ng Nhp' is clicked on

2019-02-21 16:40:16 - [TEST_STEP][FAILED] - click(findTestObject("Object Repository/Company/company4/Page_ODTS System/fieldSearch")): click(findTestObject("Object Repository/Company/company4/Page_ODTS System/fieldSearch")) FAILED.
Reason:
com.kms.katalon.core.exception.StepFailedException: Unable to click on object 'Object Repository/Company/company4/Page_ODTS System/fieldSearch' (Root cause: com.kms.katalon.core.webui.exception.WebElementNotFoundException: Web element with id: 'Object Repository/Company/company4/Page_ODTS System/fieldSearch' located by 'By.xpath: /html/body[@class='skin-blue sidebar-mini']/div[@class='wrapper']/div[@class='content-wrapper']/section[@class='content-header']/div[@class='row col-md-12'][2]/div[@id='detail-table_wrapper']/div[@id='detail-table_filter']/label/input' not found)
	at com.kms.katalon.core.keyword.internal.KeywordMain.stepFailed(KeywordMain.groovy:36)
	at com.kms.katalon.core.webui.keyword.internal.WebUIKeywordMain.stepFailed(WebUIKeywordMain.groovy:65)
	at com.kms.katalon.core.webui.keyword.internal.WebUIKeywordMain.runKeyword(WebUIKeywordMain.groovy:27)
	at com.kms.katalon.core.webui.keyword.builtin.ClickKeyword.click(ClickKeyword.groovy:86)
	at com.kms.katalon.core.webui.keyword.builtin.ClickKeyword.execute(ClickKeyword.groovy:67)
	at com.kms.katalon.core.keyword.internal.KeywordExecutor.executeKeywordForPlatform(KeywordExecutor.groovy:53)
	at com.kms.katalon.core.webui.keyword.WebUiBuiltInKeywords.click(WebUiBuiltInKeywords.groovy:616)
	at com.kms.katalon.core.webui.keyword.WebUiBuiltInKeywords$click$4.call(Unknown Source)
	at company4.run(company4:17)
	at com.kms.katalon.core.main.ScriptEngine.run(ScriptEngine.java:194)
	at com.kms.katalon.core.main.ScriptEngine.runScriptAsRawText(ScriptEngine.java:119)
	at com.kms.katalon.core.main.TestCaseExecutor.runScript(TestCaseExecutor.java:328)
	at com.kms.katalon.core.main.TestCaseExecutor.doExecute(TestCaseExecutor.java:319)
	at com.kms.katalon.core.main.TestCaseExecutor.processExecutionPhase(TestCaseExecutor.java:298)
	at com.kms.katalon.core.main.TestCaseExecutor.accessMainPhase(TestCaseExecutor.java:290)
	at com.kms.katalon.core.main.TestCaseExecutor.execute(TestCaseExecutor.java:224)
	at com.kms.katalon.core.main.TestSuiteExecutor.accessTestCaseMainPhase(TestSuiteExecutor.java:129)
	at com.kms.katalon.core.main.TestSuiteExecutor.accessTestSuiteMainPhase(TestSuiteExecutor.java:112)
	at com.kms.katalon.core.main.TestSuiteExecutor.execute(TestSuiteExecutor.java:81)
	at com.kms.katalon.core.main.TestCaseMain.startTestSuite(TestCaseMain.java:149)
	at com.kms.katalon.core.main.TestCaseMain$startTestSuite$0.call(Unknown Source)
	at TempTestSuite1550741942260.run(TempTestSuite1550741942260.groovy:36)


2019-02-21 16:40:48 - [MESSAGE][INFO] - Unable to find the element located by 'By.xpath: /html/body[@class='skin-blue sidebar-mini']/div[@class='wrapper']/div[@class='content-wrapper']/section[@class='content-header']/div[@class='row col-md-12'][2]/div[@id='detail-table_wrapper']/div[@id='detail-table_filter']/label/input'. Please recheck the objects properties to make sure the desired element is located. 

2019-02-21 16:40:48 - [MESSAGE][FAILED] - Unable to click on object 'Object Repository/Company/company4/Page_ODTS System/fieldSearch' (Root cause: com.kms.katalon.core.webui.exception.WebElementNotFoundException: Web element with id: 'Object Repository/Company/company4/Page_ODTS System/fieldSearch' located by 'By.xpath: /html/body[@class='skin-blue sidebar-mini']/div[@class='wrapper']/div[@class='content-wrapper']/section[@class='content-header']/div[@class='row col-md-12'][2]/div[@id='detail-table_wrapper']/div[@id='detail-table_filter']/label/input' not found)
[[ATTACHMENT|C:\\Users\\pc\\Katalon Studio\\Helpdesk\\Reports\\Company1-3-4-5\\20190221_163857\\1550742048323.png]]

2019-02-21 16:40:48 - [MESSAGE][FAILED] - click(findTestObject("Object Repository/Company/company4/Page_ODTS System/fieldSearch")) FAILED.
Reason:
com.kms.katalon.core.exception.StepFailedException: Unable to click on object 'Object Repository/Company/company4/Page_ODTS System/fieldSearch' (Root cause: com.kms.katalon.core.webui.exception.WebElementNotFoundException: Web element with id: 'Object Repository/Company/company4/Page_ODTS System/fieldSearch' located by 'By.xpath: /html/body[@class='skin-blue sidebar-mini']/div[@class='wrapper']/div[@class='content-wrapper']/section[@class='content-header']/div[@class='row col-md-12'][2]/div[@id='detail-table_wrapper']/div[@id='detail-table_filter']/label/input' not found)
	at com.kms.katalon.core.keyword.internal.KeywordMain.stepFailed(KeywordMain.groovy:36)
	at com.kms.katalon.core.webui.keyword.internal.WebUIKeywordMain.stepFailed(WebUIKeywordMain.groovy:65)
	at com.kms.katalon.core.webui.keyword.internal.WebUIKeywordMain.runKeyword(WebUIKeywordMain.groovy:27)
	at com.kms.katalon.core.webui.keyword.builtin.ClickKeyword.click(ClickKeyword.groovy:86)
	at com.kms.katalon.core.webui.keyword.builtin.ClickKeyword.execute(ClickKeyword.groovy:67)
	at com.kms.katalon.core.keyword.internal.KeywordExecutor.executeKeywordForPlatform(KeywordExecutor.groovy:53)
	at com.kms.katalon.core.webui.keyword.WebUiBuiltInKeywords.click(WebUiBuiltInKeywords.groovy:616)
	at com.kms.katalon.core.webui.keyword.WebUiBuiltInKeywords$click$4.call(Unknown Source)
	at company4.run(company4:17)
	at com.kms.katalon.core.main.ScriptEngine.run(ScriptEngine.java:194)
	at com.kms.katalon.core.main.ScriptEngine.runScriptAsRawText(ScriptEngine.java:119)
	at com.kms.katalon.core.main.TestCaseExecutor.runScript(TestCaseExecutor.java:328)
	at com.kms.katalon.core.main.TestCaseExecutor.doExecute(TestCaseExecutor.java:319)
	at com.kms.katalon.core.main.TestCaseExecutor.processExecutionPhase(TestCaseExecutor.java:298)
	at com.kms.katalon.core.main.TestCaseExecutor.accessMainPhase(TestCaseExecutor.java:290)
	at com.kms.katalon.core.main.TestCaseExecutor.execute(TestCaseExecutor.java:224)
	at com.kms.katalon.core.main.TestSuiteExecutor.accessTestCaseMainPhase(TestSuiteExecutor.java:129)
	at com.kms.katalon.core.main.TestSuiteExecutor.accessTestSuiteMainPhase(TestSuiteExecutor.java:112)
	at com.kms.katalon.core.main.TestSuiteExecutor.execute(TestSuiteExecutor.java:81)
	at com.kms.katalon.core.main.TestCaseMain.startTestSuite(TestCaseMain.java:149)
	at com.kms.katalon.core.main.TestCaseMain$startTestSuite$0.call(Unknown Source)
	at TempTestSuite1550741942260.run(TempTestSuite1550741942260.groovy:36)]]></system-out>
         <system-err><![CDATA[2019-02-21 16:40:10 - [TEST_CASE][FAILED] - Test Cases/Company/company4: Test Cases/Company/company4 FAILED.
Reason:
com.kms.katalon.core.exception.StepFailedException: Unable to click on object 'Object Repository/Company/company4/Page_ODTS System/fieldSearch' (Root cause: com.kms.katalon.core.webui.exception.WebElementNotFoundException: Web element with id: 'Object Repository/Company/company4/Page_ODTS System/fieldSearch' located by 'By.xpath: /html/body[@class='skin-blue sidebar-mini']/div[@class='wrapper']/div[@class='content-wrapper']/section[@class='content-header']/div[@class='row col-md-12'][2]/div[@id='detail-table_wrapper']/div[@id='detail-table_filter']/label/input' not found)
	at com.kms.katalon.core.keyword.internal.KeywordMain.stepFailed(KeywordMain.groovy:36)
	at com.kms.katalon.core.webui.keyword.internal.WebUIKeywordMain.stepFailed(WebUIKeywordMain.groovy:65)
	at com.kms.katalon.core.webui.keyword.internal.WebUIKeywordMain.runKeyword(WebUIKeywordMain.groovy:27)
	at com.kms.katalon.core.webui.keyword.builtin.ClickKeyword.click(ClickKeyword.groovy:86)
	at com.kms.katalon.core.webui.keyword.builtin.ClickKeyword.execute(ClickKeyword.groovy:67)
	at com.kms.katalon.core.keyword.internal.KeywordExecutor.executeKeywordForPlatform(KeywordExecutor.groovy:53)
	at com.kms.katalon.core.webui.keyword.WebUiBuiltInKeywords.click(WebUiBuiltInKeywords.groovy:616)
	at com.kms.katalon.core.webui.keyword.WebUiBuiltInKeywords$click$4.call(Unknown Source)
	at company4.run(company4:17)
	at com.kms.katalon.core.main.ScriptEngine.run(ScriptEngine.java:194)
	at com.kms.katalon.core.main.ScriptEngine.runScriptAsRawText(ScriptEngine.java:119)
	at com.kms.katalon.core.main.TestCaseExecutor.runScript(TestCaseExecutor.java:328)
	at com.kms.katalon.core.main.TestCaseExecutor.doExecute(TestCaseExecutor.java:319)
	at com.kms.katalon.core.main.TestCaseExecutor.processExecutionPhase(TestCaseExecutor.java:298)
	at com.kms.katalon.core.main.TestCaseExecutor.accessMainPhase(TestCaseExecutor.java:290)
	at com.kms.katalon.core.main.TestCaseExecutor.execute(TestCaseExecutor.java:224)
	at com.kms.katalon.core.main.TestSuiteExecutor.accessTestCaseMainPhase(TestSuiteExecutor.java:129)
	at com.kms.katalon.core.main.TestSuiteExecutor.accessTestSuiteMainPhase(TestSuiteExecutor.java:112)
	at com.kms.katalon.core.main.TestSuiteExecutor.execute(TestSuiteExecutor.java:81)
	at com.kms.katalon.core.main.TestCaseMain.startTestSuite(TestCaseMain.java:149)
	at com.kms.katalon.core.main.TestCaseMain$startTestSuite$0.call(Unknown Source)
	at TempTestSuite1550741942260.run(TempTestSuite1550741942260.groovy:36)]]></system-err>
      </testcase>
      <testcase name="Test Cases/Company/company5" classname="Test Cases/Company/company5" status="PASSED">
         <system-out><![CDATA[2019-02-21 16:40:48 - [TEST_CASE][PASSED] - Test Cases/Company/company5: Test Cases/Company/company5

2019-02-21 16:40:49 - [TEST_STEP][PASSED] - openBrowser(""): Browser is opened with url: ''

2019-02-21 16:40:49 - [MESSAGE][WARNING] - A browser is already opened. Closing browser and opening a new one

2019-02-21 16:40:50 - [MESSAGE][INFO] - Starting 'Chrome' driver

2019-02-21 16:40:52 - [MESSAGE][PASSED] - Browser is opened with url: ''

2019-02-21 16:40:52 - [TEST_STEP][PASSED] - navigateToUrl("http://helpdesk.wisky.vn/"): Navigate to 'http://helpdesk.wisky.vn/' successfully

2019-02-21 16:40:58 - [MESSAGE][PASSED] - Navigate to 'http://helpdesk.wisky.vn/' successfully

2019-02-21 16:40:58 - [TEST_STEP][PASSED] - setText(findTestObject("Object Repository/Company/company5/Page_ODTS System/input_ODTS_username"), "admin01"): Text 'admin01' is set on object 'Object Repository/Company/company5/Page_ODTS System/input_ODTS_username'

2019-02-21 16:40:58 - [MESSAGE][PASSED] - Text 'admin01' is set on object 'Object Repository/Company/company5/Page_ODTS System/input_ODTS_username'

2019-02-21 16:40:58 - [TEST_STEP][PASSED] - setEncryptedText(findTestObject("Object Repository/Company/company5/Page_ODTS System/input_ODTS_password"), "aeHFOx8jV/A="): Text ****** has been set on object 'Object Repository/Company/company5/Page_ODTS System/input_ODTS_password'

2019-02-21 16:40:58 - [MESSAGE][PASSED] - Text ****** has been set on object 'Object Repository/Company/company5/Page_ODTS System/input_ODTS_password'

2019-02-21 16:40:58 - [TEST_STEP][PASSED] - click(findTestObject("Object Repository/Company/company5/Page_ODTS System/button_ng Nhp")): Object: 'Object Repository/Company/company5/Page_ODTS System/button_ng Nhp' is clicked on

2019-02-21 16:40:58 - [MESSAGE][PASSED] - Object: 'Object Repository/Company/company5/Page_ODTS System/button_ng Nhp' is clicked on

2019-02-21 16:40:58 - [TEST_STEP][PASSED] - click(findTestObject("Object Repository/Company/company5/Page_ODTS System/a_Cng Ty")): Object: 'Object Repository/Company/company5/Page_ODTS System/a_Cng Ty' is clicked on

2019-02-21 16:41:02 - [MESSAGE][PASSED] - Object: 'Object Repository/Company/company5/Page_ODTS System/a_Cng Ty' is clicked on

2019-02-21 16:41:02 - [TEST_STEP][PASSED] - click(findTestObject("Object Repository/Company/company5/Page_ODTS System/fieldSearch")): Object: 'Object Repository/Company/company5/Page_ODTS System/fieldSearch' is clicked on

2019-02-21 16:41:03 - [MESSAGE][PASSED] - Object: 'Object Repository/Company/company5/Page_ODTS System/fieldSearch' is clicked on

2019-02-21 16:41:03 - [TEST_STEP][PASSED] - setText(findTestObject("Object Repository/Company/company5/Page_ODTS System/input"), "anhtest"): Text 'anhtest' is set on object 'Object Repository/Company/company5/Page_ODTS System/input'

2019-02-21 16:41:03 - [MESSAGE][PASSED] - Text 'anhtest' is set on object 'Object Repository/Company/company5/Page_ODTS System/input'

2019-02-21 16:41:03 - [TEST_STEP][PASSED] - click(findTestObject("Object Repository/Company/company5/Page_ODTS System/button_Xem Hp ng_btn btn-dange")): Object: 'Object Repository/Company/company5/Page_ODTS System/button_Xem Hp ng_btn btn-dange' is clicked on

2019-02-21 16:41:03 - [MESSAGE][PASSED] - Object: 'Object Repository/Company/company5/Page_ODTS System/button_Xem Hp ng_btn btn-dange' is clicked on

2019-02-21 16:41:03 - [TEST_STEP][PASSED] - click(findTestObject("Object Repository/Company/company5/Page_ODTS System/button_Chp Nhn Xa")): Object: 'Object Repository/Company/company5/Page_ODTS System/button_Chp Nhn Xa' is clicked on

2019-02-21 16:41:03 - [MESSAGE][PASSED] - Object: 'Object Repository/Company/company5/Page_ODTS System/button_Chp Nhn Xa' is clicked on

2019-02-21 16:41:03 - [TEST_STEP][PASSED] - click(findTestObject("Object Repository/Company/company5/Page_ODTS System/button_OK")): Object: 'Object Repository/Company/company5/Page_ODTS System/button_OK' is clicked on

2019-02-21 16:41:04 - [MESSAGE][PASSED] - Object: 'Object Repository/Company/company5/Page_ODTS System/button_OK' is clicked on

2019-02-21 16:41:04 - [TEST_STEP][PASSED] - verifyElementVisible(findTestObject("Object Repository/Company/company5/Page_ODTS System/td_Khng c d liu ph hp")): Object 'Object Repository/Company/company5/Page_ODTS System/td_Khng c d liu ph hp' is visible

2019-02-21 16:41:04 - [MESSAGE][PASSED] - Object 'Object Repository/Company/company5/Page_ODTS System/td_Khng c d liu ph hp' is visible

2019-02-21 16:41:04 - [TEST_STEP][PASSED] - closeBrowser(): Browser is closed

2019-02-21 16:41:05 - [MESSAGE][PASSED] - Browser is closed]]></system-out>
         <system-err><![CDATA[]]></system-err>
      </testcase>
      <system-out><![CDATA[2019-02-21 16:39:06 - [TEST_SUITE][FAILED] - Company1-3-4-5: Test Cases/Company/company4 FAILED.
Reason:
com.kms.katalon.core.exception.StepFailedException: Unable to click on object 'Object Repository/Company/company4/Page_ODTS System/fieldSearch' (Root cause: com.kms.katalon.core.webui.exception.WebElementNotFoundException: Web element with id: 'Object Repository/Company/company4/Page_ODTS System/fieldSearch' located by 'By.xpath: /html/body[@class='skin-blue sidebar-mini']/div[@class='wrapper']/div[@class='content-wrapper']/section[@class='content-header']/div[@class='row col-md-12'][2]/div[@id='detail-table_wrapper']/div[@id='detail-table_filter']/label/input' not found)
	at com.kms.katalon.core.keyword.internal.KeywordMain.stepFailed(KeywordMain.groovy:36)
	at com.kms.katalon.core.webui.keyword.internal.WebUIKeywordMain.stepFailed(WebUIKeywordMain.groovy:65)
	at com.kms.katalon.core.webui.keyword.internal.WebUIKeywordMain.runKeyword(WebUIKeywordMain.groovy:27)
	at com.kms.katalon.core.webui.keyword.builtin.ClickKeyword.click(ClickKeyword.groovy:86)
	at com.kms.katalon.core.webui.keyword.builtin.ClickKeyword.execute(ClickKeyword.groovy:67)
	at com.kms.katalon.core.keyword.internal.KeywordExecutor.executeKeywordForPlatform(KeywordExecutor.groovy:53)
	at com.kms.katalon.core.webui.keyword.WebUiBuiltInKeywords.click(WebUiBuiltInKeywords.groovy:616)
	at com.kms.katalon.core.webui.keyword.WebUiBuiltInKeywords$click$4.call(Unknown Source)
	at company4.run(company4:17)
	at com.kms.katalon.core.main.ScriptEngine.run(ScriptEngine.java:194)
	at com.kms.katalon.core.main.ScriptEngine.runScriptAsRawText(ScriptEngine.java:119)
	at com.kms.katalon.core.main.TestCaseExecutor.runScript(TestCaseExecutor.java:328)
	at com.kms.katalon.core.main.TestCaseExecutor.doExecute(TestCaseExecutor.java:319)
	at com.kms.katalon.core.main.TestCaseExecutor.processExecutionPhase(TestCaseExecutor.java:298)
	at com.kms.katalon.core.main.TestCaseExecutor.accessMainPhase(TestCaseExecutor.java:290)
	at com.kms.katalon.core.main.TestCaseExecutor.execute(TestCaseExecutor.java:224)
	at com.kms.katalon.core.main.TestSuiteExecutor.accessTestCaseMainPhase(TestSuiteExecutor.java:129)
	at com.kms.katalon.core.main.TestSuiteExecutor.accessTestSuiteMainPhase(TestSuiteExecutor.java:112)
	at com.kms.katalon.core.main.TestSuiteExecutor.execute(TestSuiteExecutor.java:81)
	at com.kms.katalon.core.main.TestCaseMain.startTestSuite(TestCaseMain.java:149)
	at com.kms.katalon.core.main.TestCaseMain$startTestSuite$0.call(Unknown Source)
	at TempTestSuite1550741942260.run(TempTestSuite1550741942260.groovy:36)]]></system-out>
      <system-err><![CDATA[2019-02-21 16:39:06 - [TEST_SUITE][FAILED] - Company1-3-4-5: Test Cases/Company/company4 FAILED.
Reason:
com.kms.katalon.core.exception.StepFailedException: Unable to click on object 'Object Repository/Company/company4/Page_ODTS System/fieldSearch' (Root cause: com.kms.katalon.core.webui.exception.WebElementNotFoundException: Web element with id: 'Object Repository/Company/company4/Page_ODTS System/fieldSearch' located by 'By.xpath: /html/body[@class='skin-blue sidebar-mini']/div[@class='wrapper']/div[@class='content-wrapper']/section[@class='content-header']/div[@class='row col-md-12'][2]/div[@id='detail-table_wrapper']/div[@id='detail-table_filter']/label/input' not found)
	at com.kms.katalon.core.keyword.internal.KeywordMain.stepFailed(KeywordMain.groovy:36)
	at com.kms.katalon.core.webui.keyword.internal.WebUIKeywordMain.stepFailed(WebUIKeywordMain.groovy:65)
	at com.kms.katalon.core.webui.keyword.internal.WebUIKeywordMain.runKeyword(WebUIKeywordMain.groovy:27)
	at com.kms.katalon.core.webui.keyword.builtin.ClickKeyword.click(ClickKeyword.groovy:86)
	at com.kms.katalon.core.webui.keyword.builtin.ClickKeyword.execute(ClickKeyword.groovy:67)
	at com.kms.katalon.core.keyword.internal.KeywordExecutor.executeKeywordForPlatform(KeywordExecutor.groovy:53)
	at com.kms.katalon.core.webui.keyword.WebUiBuiltInKeywords.click(WebUiBuiltInKeywords.groovy:616)
	at com.kms.katalon.core.webui.keyword.WebUiBuiltInKeywords$click$4.call(Unknown Source)
	at company4.run(company4:17)
	at com.kms.katalon.core.main.ScriptEngine.run(ScriptEngine.java:194)
	at com.kms.katalon.core.main.ScriptEngine.runScriptAsRawText(ScriptEngine.java:119)
	at com.kms.katalon.core.main.TestCaseExecutor.runScript(TestCaseExecutor.java:328)
	at com.kms.katalon.core.main.TestCaseExecutor.doExecute(TestCaseExecutor.java:319)
	at com.kms.katalon.core.main.TestCaseExecutor.processExecutionPhase(TestCaseExecutor.java:298)
	at com.kms.katalon.core.main.TestCaseExecutor.accessMainPhase(TestCaseExecutor.java:290)
	at com.kms.katalon.core.main.TestCaseExecutor.execute(TestCaseExecutor.java:224)
	at com.kms.katalon.core.main.TestSuiteExecutor.accessTestCaseMainPhase(TestSuiteExecutor.java:129)
	at com.kms.katalon.core.main.TestSuiteExecutor.accessTestSuiteMainPhase(TestSuiteExecutor.java:112)
	at com.kms.katalon.core.main.TestSuiteExecutor.execute(TestSuiteExecutor.java:81)
	at com.kms.katalon.core.main.TestCaseMain.startTestSuite(TestCaseMain.java:149)
	at com.kms.katalon.core.main.TestCaseMain$startTestSuite$0.call(Unknown Source)
	at TempTestSuite1550741942260.run(TempTestSuite1550741942260.groovy:36)]]></system-err>
   </testsuite>
</testsuites>
