<?xml version="1.0" encoding="UTF-8"?>
<testsuites name="TypeOfDevice01-02-03-04" time="76" tests="1" failures="3" errors="0">
   <testsuite name="TypeOfDevice01-02-03-04" tests="1" failures="3" errors="0" time="76" timestamp="2019-03-25 09:49:20" hostname="Ninja - AnhNVSE63446" id="Test Suites/TypeOfDevice01-02-03-04">
      <properties>
         <property name="deviceName" value=""/>
         <property name="devicePlatform" value=""/>
         <property name="logFolder" value="C:\\Users\\pc\\HelpdeskAutomation\\Reports\\TypeOfDevice01-02-03-04\\20190325_094913"/>
         <property name="logFiles" value="C:\\Users\\pc\\HelpdeskAutomation\\Reports\\TypeOfDevice01-02-03-04\\20190325_094913\\execution0.log"/>
         <property name="attachments" value="C:\\Users\\pc\\HelpdeskAutomation\\Reports\\TypeOfDevice01-02-03-04\\20190325_094913\\1553482186000.png, C:\\Users\\pc\\HelpdeskAutomation\\Reports\\TypeOfDevice01-02-03-04\\20190325_094913\\1553482196501.png, C:\\Users\\pc\\HelpdeskAutomation\\Reports\\TypeOfDevice01-02-03-04\\20190325_094913\\1553482222671.png"/>
         <property name="hostName" value="Ninja - AnhNVSE63446"/>
         <property name="os" value="Windows 10 64bit"/>
         <property name="katalonVersion" value="6.0.5.4"/>
         <property name="browser" value="Chrome 72.0.3626.121"/>
         <property name="hostAddress" value="192.168.175.1"/>
         <property name="sessionId" value="832521b2ba66c2d8dfe9d5956e6d9f44"/>
         <property name="seleniumVersion" value="3.7.1"/>
         <property name="proxyInformation" value="ProxyInformation{proxyOption=NO_PROXY, proxyServerType=HTTP, password=, proxyServerAddress=, proxyServerPort=0}"/>
         <property name="platform" value="Windows 10"/>
      </properties>
      <testcase name="Test Cases/TypeOfDevice/Type of device-01" classname="Test Cases/TypeOfDevice/Type of device-01" status="FAILED">
         <failure type="FAILED" message="Test Cases/TypeOfDevice/Type of device-01 FAILED.
Reason:
com.kms.katalon.core.exception.StepFailedException: Actual text 'Camera' and expected text 'CAMERA' of test object 'Object Repository/TypeOfDevice/Type of device-01/Page_ODTS System/td_CAMERA' are NOT matched.
	at com.kms.katalon.core.keyword.internal.KeywordMain.stepFailed(KeywordMain.groovy:37)
	at com.kms.katalon.core.webui.keyword.internal.WebUIKeywordMain.stepFailed(WebUIKeywordMain.groovy:65)
	at com.kms.katalon.core.webui.keyword.builtin.VerifyElementTextKeyword$_verifyElementText_closure1.doCall(VerifyElementTextKeyword.groovy:57)
	at com.kms.katalon.core.webui.keyword.builtin.VerifyElementTextKeyword$_verifyElementText_closure1.call(VerifyElementTextKeyword.groovy)
	at com.kms.katalon.core.webui.keyword.internal.WebUIKeywordMain.runKeyword(WebUIKeywordMain.groovy:21)
	at com.kms.katalon.core.webui.keyword.builtin.VerifyElementTextKeyword.verifyElementText(VerifyElementTextKeyword.groovy:72)
	at com.kms.katalon.core.webui.keyword.builtin.VerifyElementTextKeyword.execute(VerifyElementTextKeyword.groovy:40)
	at com.kms.katalon.core.keyword.internal.KeywordExecutor.executeKeywordForPlatform(KeywordExecutor.groovy:56)
	at com.kms.katalon.core.webui.keyword.WebUiBuiltInKeywords.verifyElementText(WebUiBuiltInKeywords.groovy:3663)
	at com.kms.katalon.core.webui.keyword.WebUiBuiltInKeywords$verifyElementText$6.call(Unknown Source)
	at Type of device-01.run(Type of device-01:79)
	at com.kms.katalon.core.main.ScriptEngine.run(ScriptEngine.java:194)
	at com.kms.katalon.core.main.ScriptEngine.runScriptAsRawText(ScriptEngine.java:119)
	at com.kms.katalon.core.main.TestCaseExecutor.runScript(TestCaseExecutor.java:331)
	at com.kms.katalon.core.main.TestCaseExecutor.doExecute(TestCaseExecutor.java:322)
	at com.kms.katalon.core.main.TestCaseExecutor.processExecutionPhase(TestCaseExecutor.java:301)
	at com.kms.katalon.core.main.TestCaseExecutor.accessMainPhase(TestCaseExecutor.java:293)
	at com.kms.katalon.core.main.TestCaseExecutor.execute(TestCaseExecutor.java:227)
	at com.kms.katalon.core.main.TestSuiteExecutor.accessTestCaseMainPhase(TestSuiteExecutor.java:129)
	at com.kms.katalon.core.main.TestSuiteExecutor.accessTestSuiteMainPhase(TestSuiteExecutor.java:112)
	at com.kms.katalon.core.main.TestSuiteExecutor.execute(TestSuiteExecutor.java:81)
	at com.kms.katalon.core.main.TestCaseMain.startTestSuite(TestCaseMain.java:157)
	at com.kms.katalon.core.main.TestCaseMain$startTestSuite$0.call(Unknown Source)
	at TempTestSuite1553482158406.run(TempTestSuite1553482158406.groovy:35)
"/>
         <system-out><![CDATA[2019-03-25 09:49:21 - [TEST_CASE][FAILED] - Test Cases/TypeOfDevice/Type of device-01: Test Cases/TypeOfDevice/Type of device-01 FAILED.
Reason:
com.kms.katalon.core.exception.StepFailedException: Actual text 'Camera' and expected text 'CAMERA' of test object 'Object Repository/TypeOfDevice/Type of device-01/Page_ODTS System/td_CAMERA' are NOT matched.
	at com.kms.katalon.core.keyword.internal.KeywordMain.stepFailed(KeywordMain.groovy:37)
	at com.kms.katalon.core.webui.keyword.internal.WebUIKeywordMain.stepFailed(WebUIKeywordMain.groovy:65)
	at com.kms.katalon.core.webui.keyword.builtin.VerifyElementTextKeyword$_verifyElementText_closure1.doCall(VerifyElementTextKeyword.groovy:57)
	at com.kms.katalon.core.webui.keyword.builtin.VerifyElementTextKeyword$_verifyElementText_closure1.call(VerifyElementTextKeyword.groovy)
	at com.kms.katalon.core.webui.keyword.internal.WebUIKeywordMain.runKeyword(WebUIKeywordMain.groovy:21)
	at com.kms.katalon.core.webui.keyword.builtin.VerifyElementTextKeyword.verifyElementText(VerifyElementTextKeyword.groovy:72)
	at com.kms.katalon.core.webui.keyword.builtin.VerifyElementTextKeyword.execute(VerifyElementTextKeyword.groovy:40)
	at com.kms.katalon.core.keyword.internal.KeywordExecutor.executeKeywordForPlatform(KeywordExecutor.groovy:56)
	at com.kms.katalon.core.webui.keyword.WebUiBuiltInKeywords.verifyElementText(WebUiBuiltInKeywords.groovy:3663)
	at com.kms.katalon.core.webui.keyword.WebUiBuiltInKeywords$verifyElementText$6.call(Unknown Source)
	at Type of device-01.run(Type of device-01:79)
	at com.kms.katalon.core.main.ScriptEngine.run(ScriptEngine.java:194)
	at com.kms.katalon.core.main.ScriptEngine.runScriptAsRawText(ScriptEngine.java:119)
	at com.kms.katalon.core.main.TestCaseExecutor.runScript(TestCaseExecutor.java:331)
	at com.kms.katalon.core.main.TestCaseExecutor.doExecute(TestCaseExecutor.java:322)
	at com.kms.katalon.core.main.TestCaseExecutor.processExecutionPhase(TestCaseExecutor.java:301)
	at com.kms.katalon.core.main.TestCaseExecutor.accessMainPhase(TestCaseExecutor.java:293)
	at com.kms.katalon.core.main.TestCaseExecutor.execute(TestCaseExecutor.java:227)
	at com.kms.katalon.core.main.TestSuiteExecutor.accessTestCaseMainPhase(TestSuiteExecutor.java:129)
	at com.kms.katalon.core.main.TestSuiteExecutor.accessTestSuiteMainPhase(TestSuiteExecutor.java:112)
	at com.kms.katalon.core.main.TestSuiteExecutor.execute(TestSuiteExecutor.java:81)
	at com.kms.katalon.core.main.TestCaseMain.startTestSuite(TestCaseMain.java:157)
	at com.kms.katalon.core.main.TestCaseMain$startTestSuite$0.call(Unknown Source)
	at TempTestSuite1553482158406.run(TempTestSuite1553482158406.groovy:35)


2019-03-25 09:49:21 - [TEST_STEP][PASSED] - openBrowser(""): Browser is opened with url: ''

2019-03-25 09:49:22 - [MESSAGE][INFO] - Starting 'Chrome' driver

2019-03-25 09:49:22 - [MESSAGE][INFO] - Action delay is set to 0 seconds

2019-03-25 09:49:25 - [MESSAGE][PASSED] - Browser is opened with url: ''

2019-03-25 09:49:25 - [TEST_STEP][PASSED] - navigateToUrl("http://helpdesk.wisky.vn/"): Navigate to 'http://helpdesk.wisky.vn/' successfully

2019-03-25 09:49:33 - [MESSAGE][PASSED] - Navigate to 'http://helpdesk.wisky.vn/' successfully

2019-03-25 09:49:33 - [TEST_STEP][PASSED] - setText(findTestObject("TypeOfDevice/Type of device-01/Page_ODTS System/input_ODTS_username"), "admin01"): Text 'admin01' is set on object 'Object Repository/TypeOfDevice/Type of device-01/Page_ODTS System/input_ODTS_username'

2019-03-25 09:49:33 - [MESSAGE][PASSED] - Text 'admin01' is set on object 'Object Repository/TypeOfDevice/Type of device-01/Page_ODTS System/input_ODTS_username'

2019-03-25 09:49:33 - [TEST_STEP][PASSED] - setEncryptedText(findTestObject("TypeOfDevice/Type of device-01/Page_ODTS System/input_ODTS_password"), "aeHFOx8jV/A="): Text ****** has been set on object 'Object Repository/TypeOfDevice/Type of device-01/Page_ODTS System/input_ODTS_password'

2019-03-25 09:49:34 - [MESSAGE][PASSED] - Text ****** has been set on object 'Object Repository/TypeOfDevice/Type of device-01/Page_ODTS System/input_ODTS_password'

2019-03-25 09:49:34 - [TEST_STEP][PASSED] - click(findTestObject("TypeOfDevice/Type of device-01/Page_ODTS System/button_ng Nhp")): Object: 'Object Repository/TypeOfDevice/Type of device-01/Page_ODTS System/button_ng Nhp' is clicked on

2019-03-25 09:49:34 - [MESSAGE][PASSED] - Object: 'Object Repository/TypeOfDevice/Type of device-01/Page_ODTS System/button_ng Nhp' is clicked on

2019-03-25 09:49:34 - [TEST_STEP][PASSED] - click(findTestObject("TypeOfDevice/Type of device-01/Page_ODTS System/a_Loi Thit B")): Object: 'Object Repository/TypeOfDevice/Type of device-01/Page_ODTS System/a_Loi Thit B' is clicked on

2019-03-25 09:49:36 - [MESSAGE][PASSED] - Object: 'Object Repository/TypeOfDevice/Type of device-01/Page_ODTS System/a_Loi Thit B' is clicked on

2019-03-25 09:49:36 - [TEST_STEP][PASSED] - waitForAlert(1): No alert found after 1 second(s).

2019-03-25 09:49:38 - [MESSAGE][WARNING] - No alert found after 1 second(s).

2019-03-25 09:49:38 - [TEST_STEP][PASSED] - click(findTestObject("TypeOfDevice/Type of device-01/Page_ODTS System/font_To Loi Thit B")): Object: 'Object Repository/TypeOfDevice/Type of device-01/Page_ODTS System/font_To Loi Thit B' is clicked on

2019-03-25 09:49:38 - [MESSAGE][PASSED] - Object: 'Object Repository/TypeOfDevice/Type of device-01/Page_ODTS System/font_To Loi Thit B' is clicked on

2019-03-25 09:49:38 - [TEST_STEP][PASSED] - waitForAlert(1): No alert found after 1 second(s).

2019-03-25 09:49:39 - [MESSAGE][WARNING] - No alert found after 1 second(s).

2019-03-25 09:49:39 - [TEST_STEP][PASSED] - setText(findTestObject("TypeOfDevice/Type of device-01/Page_ODTS System/input_Tn Loi Thit B_dtNameCrea"), "anhtest"): Text 'anhtest' is set on object 'Object Repository/TypeOfDevice/Type of device-01/Page_ODTS System/input_Tn Loi Thit B_dtNameCrea'

2019-03-25 09:49:39 - [MESSAGE][PASSED] - Text 'anhtest' is set on object 'Object Repository/TypeOfDevice/Type of device-01/Page_ODTS System/input_Tn Loi Thit B_dtNameCrea'

2019-03-25 09:49:39 - [TEST_STEP][PASSED] - waitForAlert(1): No alert found after 1 second(s).

2019-03-25 09:49:40 - [MESSAGE][WARNING] - No alert found after 1 second(s).

2019-03-25 09:49:40 - [TEST_STEP][PASSED] - click(findTestObject("TypeOfDevice/Type of device-01/Page_ODTS System/span_--Chn Loi Dch V--")): Object: 'Object Repository/TypeOfDevice/Type of device-01/Page_ODTS System/span_--Chn Loi Dch V--' is clicked on

2019-03-25 09:49:40 - [MESSAGE][PASSED] - Object: 'Object Repository/TypeOfDevice/Type of device-01/Page_ODTS System/span_--Chn Loi Dch V--' is clicked on

2019-03-25 09:49:40 - [TEST_STEP][PASSED] - setText(findTestObject("TypeOfDevice/Type of device-01/Page_ODTS System/input_ng_select2-search__field"), "CAMERA"): Text 'CAMERA' is set on object 'Object Repository/TypeOfDevice/Type of device-01/Page_ODTS System/input_ng_select2-search__field'

2019-03-25 09:49:40 - [MESSAGE][PASSED] - Text 'CAMERA' is set on object 'Object Repository/TypeOfDevice/Type of device-01/Page_ODTS System/input_ng_select2-search__field'

2019-03-25 09:49:40 - [TEST_STEP][PASSED] - sendKeys(findTestObject("TypeOfDevice/Type of device-01/Page_ODTS System/input_ng_select2-search__field"), Keys.chord(ENTER)): Keys 'ENTER + ' sent to object: 'Object Repository/TypeOfDevice/Type of device-01/Page_ODTS System/input_ng_select2-search__field'

2019-03-25 09:49:40 - [MESSAGE][PASSED] - Keys 'ENTER + ' sent to object: 'Object Repository/TypeOfDevice/Type of device-01/Page_ODTS System/input_ng_select2-search__field'

2019-03-25 09:49:40 - [TEST_STEP][PASSED] - waitForAlert(1): No alert found after 1 second(s).

2019-03-25 09:49:41 - [MESSAGE][WARNING] - No alert found after 1 second(s).

2019-03-25 09:49:41 - [TEST_STEP][PASSED] - setText(findTestObject("TypeOfDevice/Type of device-01/Page_ODTS System/input_M T Loi Thit B_dtDescrip"), "hihi"): Text 'hihi' is set on object 'Object Repository/TypeOfDevice/Type of device-01/Page_ODTS System/input_M T Loi Thit B_dtDescrip'

2019-03-25 09:49:42 - [MESSAGE][PASSED] - Text 'hihi' is set on object 'Object Repository/TypeOfDevice/Type of device-01/Page_ODTS System/input_M T Loi Thit B_dtDescrip'

2019-03-25 09:49:42 - [TEST_STEP][PASSED] - CDATE = SimpleDateFormat(dd/MM/yyyy).format(getInstance().getTime()): null

2019-03-25 09:49:42 - [TEST_STEP][PASSED] - writer = null: null

2019-03-25 09:49:42 - [TEST_STEP][PASSED] - writer2 = null: null

2019-03-25 09:49:42 - [TEST_STEP][PASSED] - try: null

2019-03-25 09:49:42 - [TEST_STEP][PASSED] - writer = new java.io.BufferedWriter(new java.io.OutputStreamWriter(new java.io.FileOutputStream(C:\Users\pc\HelpdeskAutomation\creDateTypeOfDevice.txt), utf-8)): null

2019-03-25 09:49:42 - [TEST_STEP][PASSED] - writer.write(CDATE): null

2019-03-25 09:49:42 - [TEST_STEP][PASSED] - writer2 = new java.io.BufferedWriter(new java.io.OutputStreamWriter(new java.io.FileOutputStream(C:\Users\pc\HelpdeskAutomation\upDateTypeOfDevice.txt), utf-8)): null

2019-03-25 09:49:42 - [TEST_STEP][PASSED] - writer2.write(CDATE): null

2019-03-25 09:49:42 - [TEST_STEP][PASSED] - Finally: null

2019-03-25 09:49:42 - [TEST_STEP][PASSED] - try: null

2019-03-25 09:49:42 - [TEST_STEP][PASSED] - writer.close(): null

2019-03-25 09:49:42 - [TEST_STEP][PASSED] - writer2.close(): null

2019-03-25 09:49:42 - [TEST_STEP][PASSED] - waitForAlert(1): No alert found after 1 second(s).

2019-03-25 09:49:43 - [MESSAGE][WARNING] - No alert found after 1 second(s).

2019-03-25 09:49:43 - [TEST_STEP][PASSED] - click(findTestObject("TypeOfDevice/Type of device-01/Page_ODTS System/button_To Mi")): Object: 'Object Repository/TypeOfDevice/Type of device-01/Page_ODTS System/button_To Mi' is clicked on

2019-03-25 09:49:43 - [MESSAGE][PASSED] - Object: 'Object Repository/TypeOfDevice/Type of device-01/Page_ODTS System/button_To Mi' is clicked on

2019-03-25 09:49:43 - [TEST_STEP][PASSED] - waitForAlert(1): No alert found after 1 second(s).

2019-03-25 09:49:44 - [MESSAGE][WARNING] - No alert found after 1 second(s).

2019-03-25 09:49:44 - [TEST_STEP][PASSED] - click(findTestObject("TypeOfDevice/Type of device-01/Page_ODTS System/button_OK")): Object: 'Object Repository/TypeOfDevice/Type of device-01/Page_ODTS System/button_OK' is clicked on

2019-03-25 09:49:44 - [MESSAGE][PASSED] - Object: 'Object Repository/TypeOfDevice/Type of device-01/Page_ODTS System/button_OK' is clicked on

2019-03-25 09:49:44 - [TEST_STEP][PASSED] - waitForAlert(1): No alert found after 1 second(s).

2019-03-25 09:49:45 - [MESSAGE][WARNING] - No alert found after 1 second(s).

2019-03-25 09:49:45 - [TEST_STEP][PASSED] - click(findTestObject("TypeOfDevice/Type of device-01/Page_ODTS System/fieldSearch")): Object: 'Object Repository/TypeOfDevice/Type of device-01/Page_ODTS System/fieldSearch' is clicked on

2019-03-25 09:49:45 - [MESSAGE][PASSED] - Object: 'Object Repository/TypeOfDevice/Type of device-01/Page_ODTS System/fieldSearch' is clicked on

2019-03-25 09:49:45 - [TEST_STEP][PASSED] - setText(findTestObject("TypeOfDevice/Type of device-01/Page_ODTS System/input"), "anhtest"): Text 'anhtest' is set on object 'Object Repository/TypeOfDevice/Type of device-01/Page_ODTS System/input'

2019-03-25 09:49:45 - [MESSAGE][PASSED] - Text 'anhtest' is set on object 'Object Repository/TypeOfDevice/Type of device-01/Page_ODTS System/input'

2019-03-25 09:49:45 - [TEST_STEP][PASSED] - verifyElementText(findTestObject("TypeOfDevice/Type of device-01/Page_ODTS System/td_anhtest"), "anhtest"): Actual text and expected text of test object 'Object Repository/TypeOfDevice/Type of device-01/Page_ODTS System/td_anhtest' are matched.

2019-03-25 09:49:45 - [MESSAGE][PASSED] - Actual text and expected text of test object 'Object Repository/TypeOfDevice/Type of device-01/Page_ODTS System/td_anhtest' are matched.

2019-03-25 09:49:45 - [TEST_STEP][FAILED] - verifyElementText(findTestObject("TypeOfDevice/Type of device-01/Page_ODTS System/td_CAMERA"), "CAMERA"): Actual text 'Camera' and expected text 'CAMERA' of test object 'Object Repository/TypeOfDevice/Type of device-01/Page_ODTS System/td_CAMERA' are NOT matched.

2019-03-25 09:49:46 - [MESSAGE][FAILED] - Actual text 'Camera' and expected text 'CAMERA' of test object 'Object Repository/TypeOfDevice/Type of device-01/Page_ODTS System/td_CAMERA' are NOT matched.
[[ATTACHMENT|C:\\Users\\pc\\HelpdeskAutomation\\Reports\\TypeOfDevice01-02-03-04\\20190325_094913\\1553482186000.png]]

2019-03-25 09:49:46 - [TEST_STEP][PASSED] - verifyElementText(findTestObject("TypeOfDevice/Type of device-01/Page_ODTS System/td_hihi"), "hihi"): Actual text and expected text of test object 'Object Repository/TypeOfDevice/Type of device-01/Page_ODTS System/td_hihi' are matched.

2019-03-25 09:49:46 - [MESSAGE][PASSED] - Actual text and expected text of test object 'Object Repository/TypeOfDevice/Type of device-01/Page_ODTS System/td_hihi' are matched.

2019-03-25 09:49:46 - [TEST_STEP][PASSED] - verifyElementText(findTestObject("TypeOfDevice/Type of device-01/Page_ODTS System/td_25022019"), CDATE): Actual text and expected text of test object 'Object Repository/TypeOfDevice/Type of device-01/Page_ODTS System/td_25022019' are matched.

2019-03-25 09:49:46 - [MESSAGE][PASSED] - Actual text and expected text of test object 'Object Repository/TypeOfDevice/Type of device-01/Page_ODTS System/td_25022019' are matched.

2019-03-25 09:49:46 - [TEST_STEP][FAILED] - closeBrowser(): closeBrowser() FAILED.
Reason:
com.kms.katalon.core.exception.StepFailedException: Actual text 'Camera' and expected text 'CAMERA' of test object 'Object Repository/TypeOfDevice/Type of device-01/Page_ODTS System/td_CAMERA' are NOT matched.
	at com.kms.katalon.core.keyword.internal.KeywordMain.stepFailed(KeywordMain.groovy:37)
	at com.kms.katalon.core.webui.keyword.internal.WebUIKeywordMain.stepFailed(WebUIKeywordMain.groovy:65)
	at com.kms.katalon.core.webui.keyword.builtin.VerifyElementTextKeyword$_verifyElementText_closure1.doCall(VerifyElementTextKeyword.groovy:57)
	at com.kms.katalon.core.webui.keyword.builtin.VerifyElementTextKeyword$_verifyElementText_closure1.call(VerifyElementTextKeyword.groovy)
	at com.kms.katalon.core.webui.keyword.internal.WebUIKeywordMain.runKeyword(WebUIKeywordMain.groovy:21)
	at com.kms.katalon.core.webui.keyword.builtin.VerifyElementTextKeyword.verifyElementText(VerifyElementTextKeyword.groovy:72)
	at com.kms.katalon.core.webui.keyword.builtin.VerifyElementTextKeyword.execute(VerifyElementTextKeyword.groovy:40)
	at com.kms.katalon.core.keyword.internal.KeywordExecutor.executeKeywordForPlatform(KeywordExecutor.groovy:56)
	at com.kms.katalon.core.webui.keyword.WebUiBuiltInKeywords.verifyElementText(WebUiBuiltInKeywords.groovy:3663)
	at com.kms.katalon.core.webui.keyword.WebUiBuiltInKeywords$verifyElementText$6.call(Unknown Source)
	at Type of device-01.run(Type of device-01:79)
	at com.kms.katalon.core.main.ScriptEngine.run(ScriptEngine.java:194)
	at com.kms.katalon.core.main.ScriptEngine.runScriptAsRawText(ScriptEngine.java:119)
	at com.kms.katalon.core.main.TestCaseExecutor.runScript(TestCaseExecutor.java:331)
	at com.kms.katalon.core.main.TestCaseExecutor.doExecute(TestCaseExecutor.java:322)
	at com.kms.katalon.core.main.TestCaseExecutor.processExecutionPhase(TestCaseExecutor.java:301)
	at com.kms.katalon.core.main.TestCaseExecutor.accessMainPhase(TestCaseExecutor.java:293)
	at com.kms.katalon.core.main.TestCaseExecutor.execute(TestCaseExecutor.java:227)
	at com.kms.katalon.core.main.TestSuiteExecutor.accessTestCaseMainPhase(TestSuiteExecutor.java:129)
	at com.kms.katalon.core.main.TestSuiteExecutor.accessTestSuiteMainPhase(TestSuiteExecutor.java:112)
	at com.kms.katalon.core.main.TestSuiteExecutor.execute(TestSuiteExecutor.java:81)
	at com.kms.katalon.core.main.TestCaseMain.startTestSuite(TestCaseMain.java:157)
	at com.kms.katalon.core.main.TestCaseMain$startTestSuite$0.call(Unknown Source)
	at TempTestSuite1553482158406.run(TempTestSuite1553482158406.groovy:35)


2019-03-25 09:49:47 - [MESSAGE][PASSED] - Browser is closed

2019-03-25 09:49:47 - [MESSAGE][FAILED] - closeBrowser() FAILED.
Reason:
com.kms.katalon.core.exception.StepFailedException: Actual text 'Camera' and expected text 'CAMERA' of test object 'Object Repository/TypeOfDevice/Type of device-01/Page_ODTS System/td_CAMERA' are NOT matched.
	at com.kms.katalon.core.keyword.internal.KeywordMain.stepFailed(KeywordMain.groovy:37)
	at com.kms.katalon.core.webui.keyword.internal.WebUIKeywordMain.stepFailed(WebUIKeywordMain.groovy:65)
	at com.kms.katalon.core.webui.keyword.builtin.VerifyElementTextKeyword$_verifyElementText_closure1.doCall(VerifyElementTextKeyword.groovy:57)
	at com.kms.katalon.core.webui.keyword.builtin.VerifyElementTextKeyword$_verifyElementText_closure1.call(VerifyElementTextKeyword.groovy)
	at com.kms.katalon.core.webui.keyword.internal.WebUIKeywordMain.runKeyword(WebUIKeywordMain.groovy:21)
	at com.kms.katalon.core.webui.keyword.builtin.VerifyElementTextKeyword.verifyElementText(VerifyElementTextKeyword.groovy:72)
	at com.kms.katalon.core.webui.keyword.builtin.VerifyElementTextKeyword.execute(VerifyElementTextKeyword.groovy:40)
	at com.kms.katalon.core.keyword.internal.KeywordExecutor.executeKeywordForPlatform(KeywordExecutor.groovy:56)
	at com.kms.katalon.core.webui.keyword.WebUiBuiltInKeywords.verifyElementText(WebUiBuiltInKeywords.groovy:3663)
	at com.kms.katalon.core.webui.keyword.WebUiBuiltInKeywords$verifyElementText$6.call(Unknown Source)
	at Type of device-01.run(Type of device-01:79)
	at com.kms.katalon.core.main.ScriptEngine.run(ScriptEngine.java:194)
	at com.kms.katalon.core.main.ScriptEngine.runScriptAsRawText(ScriptEngine.java:119)
	at com.kms.katalon.core.main.TestCaseExecutor.runScript(TestCaseExecutor.java:331)
	at com.kms.katalon.core.main.TestCaseExecutor.doExecute(TestCaseExecutor.java:322)
	at com.kms.katalon.core.main.TestCaseExecutor.processExecutionPhase(TestCaseExecutor.java:301)
	at com.kms.katalon.core.main.TestCaseExecutor.accessMainPhase(TestCaseExecutor.java:293)
	at com.kms.katalon.core.main.TestCaseExecutor.execute(TestCaseExecutor.java:227)
	at com.kms.katalon.core.main.TestSuiteExecutor.accessTestCaseMainPhase(TestSuiteExecutor.java:129)
	at com.kms.katalon.core.main.TestSuiteExecutor.accessTestSuiteMainPhase(TestSuiteExecutor.java:112)
	at com.kms.katalon.core.main.TestSuiteExecutor.execute(TestSuiteExecutor.java:81)
	at com.kms.katalon.core.main.TestCaseMain.startTestSuite(TestCaseMain.java:157)
	at com.kms.katalon.core.main.TestCaseMain$startTestSuite$0.call(Unknown Source)
	at TempTestSuite1553482158406.run(TempTestSuite1553482158406.groovy:35)]]></system-out>
         <system-err><![CDATA[2019-03-25 09:49:21 - [TEST_CASE][FAILED] - Test Cases/TypeOfDevice/Type of device-01: Test Cases/TypeOfDevice/Type of device-01 FAILED.
Reason:
com.kms.katalon.core.exception.StepFailedException: Actual text 'Camera' and expected text 'CAMERA' of test object 'Object Repository/TypeOfDevice/Type of device-01/Page_ODTS System/td_CAMERA' are NOT matched.
	at com.kms.katalon.core.keyword.internal.KeywordMain.stepFailed(KeywordMain.groovy:37)
	at com.kms.katalon.core.webui.keyword.internal.WebUIKeywordMain.stepFailed(WebUIKeywordMain.groovy:65)
	at com.kms.katalon.core.webui.keyword.builtin.VerifyElementTextKeyword$_verifyElementText_closure1.doCall(VerifyElementTextKeyword.groovy:57)
	at com.kms.katalon.core.webui.keyword.builtin.VerifyElementTextKeyword$_verifyElementText_closure1.call(VerifyElementTextKeyword.groovy)
	at com.kms.katalon.core.webui.keyword.internal.WebUIKeywordMain.runKeyword(WebUIKeywordMain.groovy:21)
	at com.kms.katalon.core.webui.keyword.builtin.VerifyElementTextKeyword.verifyElementText(VerifyElementTextKeyword.groovy:72)
	at com.kms.katalon.core.webui.keyword.builtin.VerifyElementTextKeyword.execute(VerifyElementTextKeyword.groovy:40)
	at com.kms.katalon.core.keyword.internal.KeywordExecutor.executeKeywordForPlatform(KeywordExecutor.groovy:56)
	at com.kms.katalon.core.webui.keyword.WebUiBuiltInKeywords.verifyElementText(WebUiBuiltInKeywords.groovy:3663)
	at com.kms.katalon.core.webui.keyword.WebUiBuiltInKeywords$verifyElementText$6.call(Unknown Source)
	at Type of device-01.run(Type of device-01:79)
	at com.kms.katalon.core.main.ScriptEngine.run(ScriptEngine.java:194)
	at com.kms.katalon.core.main.ScriptEngine.runScriptAsRawText(ScriptEngine.java:119)
	at com.kms.katalon.core.main.TestCaseExecutor.runScript(TestCaseExecutor.java:331)
	at com.kms.katalon.core.main.TestCaseExecutor.doExecute(TestCaseExecutor.java:322)
	at com.kms.katalon.core.main.TestCaseExecutor.processExecutionPhase(TestCaseExecutor.java:301)
	at com.kms.katalon.core.main.TestCaseExecutor.accessMainPhase(TestCaseExecutor.java:293)
	at com.kms.katalon.core.main.TestCaseExecutor.execute(TestCaseExecutor.java:227)
	at com.kms.katalon.core.main.TestSuiteExecutor.accessTestCaseMainPhase(TestSuiteExecutor.java:129)
	at com.kms.katalon.core.main.TestSuiteExecutor.accessTestSuiteMainPhase(TestSuiteExecutor.java:112)
	at com.kms.katalon.core.main.TestSuiteExecutor.execute(TestSuiteExecutor.java:81)
	at com.kms.katalon.core.main.TestCaseMain.startTestSuite(TestCaseMain.java:157)
	at com.kms.katalon.core.main.TestCaseMain$startTestSuite$0.call(Unknown Source)
	at TempTestSuite1553482158406.run(TempTestSuite1553482158406.groovy:35)]]></system-err>
      </testcase>
      <testcase name="Test Cases/TypeOfDevice/Type of device-02" classname="Test Cases/TypeOfDevice/Type of device-02" status="FAILED">
         <failure type="FAILED" message="Test Cases/TypeOfDevice/Type of device-02 FAILED.
Reason:
com.kms.katalon.core.exception.StepFailedException: Actual text 'Camera' and expected text 'CAMERA' of test object 'Object Repository/TypeOfDevice/Type of device-02/Page_ODTS System/p_CAMERA' are NOT matched.
	at com.kms.katalon.core.keyword.internal.KeywordMain.stepFailed(KeywordMain.groovy:37)
	at com.kms.katalon.core.webui.keyword.internal.WebUIKeywordMain.stepFailed(WebUIKeywordMain.groovy:65)
	at com.kms.katalon.core.webui.keyword.builtin.VerifyElementTextKeyword$_verifyElementText_closure1.doCall(VerifyElementTextKeyword.groovy:57)
	at com.kms.katalon.core.webui.keyword.builtin.VerifyElementTextKeyword$_verifyElementText_closure1.call(VerifyElementTextKeyword.groovy)
	at com.kms.katalon.core.webui.keyword.internal.WebUIKeywordMain.runKeyword(WebUIKeywordMain.groovy:21)
	at com.kms.katalon.core.webui.keyword.builtin.VerifyElementTextKeyword.verifyElementText(VerifyElementTextKeyword.groovy:72)
	at com.kms.katalon.core.webui.keyword.builtin.VerifyElementTextKeyword.execute(VerifyElementTextKeyword.groovy:40)
	at com.kms.katalon.core.keyword.internal.KeywordExecutor.executeKeywordForPlatform(KeywordExecutor.groovy:56)
	at com.kms.katalon.core.webui.keyword.WebUiBuiltInKeywords.verifyElementText(WebUiBuiltInKeywords.groovy:3663)
	at com.kms.katalon.core.webui.keyword.WebUiBuiltInKeywords$verifyElementText$6.call(Unknown Source)
	at Type of device-02.run(Type of device-02:40)
	at com.kms.katalon.core.main.ScriptEngine.run(ScriptEngine.java:194)
	at com.kms.katalon.core.main.ScriptEngine.runScriptAsRawText(ScriptEngine.java:119)
	at com.kms.katalon.core.main.TestCaseExecutor.runScript(TestCaseExecutor.java:331)
	at com.kms.katalon.core.main.TestCaseExecutor.doExecute(TestCaseExecutor.java:322)
	at com.kms.katalon.core.main.TestCaseExecutor.processExecutionPhase(TestCaseExecutor.java:301)
	at com.kms.katalon.core.main.TestCaseExecutor.accessMainPhase(TestCaseExecutor.java:293)
	at com.kms.katalon.core.main.TestCaseExecutor.execute(TestCaseExecutor.java:227)
	at com.kms.katalon.core.main.TestSuiteExecutor.accessTestCaseMainPhase(TestSuiteExecutor.java:129)
	at com.kms.katalon.core.main.TestSuiteExecutor.accessTestSuiteMainPhase(TestSuiteExecutor.java:112)
	at com.kms.katalon.core.main.TestSuiteExecutor.execute(TestSuiteExecutor.java:81)
	at com.kms.katalon.core.main.TestCaseMain.startTestSuite(TestCaseMain.java:157)
	at com.kms.katalon.core.main.TestCaseMain$startTestSuite$0.call(Unknown Source)
	at TempTestSuite1553482158406.run(TempTestSuite1553482158406.groovy:35)
"/>
         <system-out><![CDATA[2019-03-25 09:49:47 - [TEST_CASE][FAILED] - Test Cases/TypeOfDevice/Type of device-02: Test Cases/TypeOfDevice/Type of device-02 FAILED.
Reason:
com.kms.katalon.core.exception.StepFailedException: Actual text 'Camera' and expected text 'CAMERA' of test object 'Object Repository/TypeOfDevice/Type of device-02/Page_ODTS System/p_CAMERA' are NOT matched.
	at com.kms.katalon.core.keyword.internal.KeywordMain.stepFailed(KeywordMain.groovy:37)
	at com.kms.katalon.core.webui.keyword.internal.WebUIKeywordMain.stepFailed(WebUIKeywordMain.groovy:65)
	at com.kms.katalon.core.webui.keyword.builtin.VerifyElementTextKeyword$_verifyElementText_closure1.doCall(VerifyElementTextKeyword.groovy:57)
	at com.kms.katalon.core.webui.keyword.builtin.VerifyElementTextKeyword$_verifyElementText_closure1.call(VerifyElementTextKeyword.groovy)
	at com.kms.katalon.core.webui.keyword.internal.WebUIKeywordMain.runKeyword(WebUIKeywordMain.groovy:21)
	at com.kms.katalon.core.webui.keyword.builtin.VerifyElementTextKeyword.verifyElementText(VerifyElementTextKeyword.groovy:72)
	at com.kms.katalon.core.webui.keyword.builtin.VerifyElementTextKeyword.execute(VerifyElementTextKeyword.groovy:40)
	at com.kms.katalon.core.keyword.internal.KeywordExecutor.executeKeywordForPlatform(KeywordExecutor.groovy:56)
	at com.kms.katalon.core.webui.keyword.WebUiBuiltInKeywords.verifyElementText(WebUiBuiltInKeywords.groovy:3663)
	at com.kms.katalon.core.webui.keyword.WebUiBuiltInKeywords$verifyElementText$6.call(Unknown Source)
	at Type of device-02.run(Type of device-02:40)
	at com.kms.katalon.core.main.ScriptEngine.run(ScriptEngine.java:194)
	at com.kms.katalon.core.main.ScriptEngine.runScriptAsRawText(ScriptEngine.java:119)
	at com.kms.katalon.core.main.TestCaseExecutor.runScript(TestCaseExecutor.java:331)
	at com.kms.katalon.core.main.TestCaseExecutor.doExecute(TestCaseExecutor.java:322)
	at com.kms.katalon.core.main.TestCaseExecutor.processExecutionPhase(TestCaseExecutor.java:301)
	at com.kms.katalon.core.main.TestCaseExecutor.accessMainPhase(TestCaseExecutor.java:293)
	at com.kms.katalon.core.main.TestCaseExecutor.execute(TestCaseExecutor.java:227)
	at com.kms.katalon.core.main.TestSuiteExecutor.accessTestCaseMainPhase(TestSuiteExecutor.java:129)
	at com.kms.katalon.core.main.TestSuiteExecutor.accessTestSuiteMainPhase(TestSuiteExecutor.java:112)
	at com.kms.katalon.core.main.TestSuiteExecutor.execute(TestSuiteExecutor.java:81)
	at com.kms.katalon.core.main.TestCaseMain.startTestSuite(TestCaseMain.java:157)
	at com.kms.katalon.core.main.TestCaseMain$startTestSuite$0.call(Unknown Source)
	at TempTestSuite1553482158406.run(TempTestSuite1553482158406.groovy:35)


2019-03-25 09:49:47 - [TEST_STEP][PASSED] - openBrowser(""): Browser is opened with url: ''

2019-03-25 09:49:47 - [MESSAGE][INFO] - Starting 'Chrome' driver

2019-03-25 09:49:50 - [MESSAGE][PASSED] - Browser is opened with url: ''

2019-03-25 09:49:50 - [TEST_STEP][PASSED] - navigateToUrl("http://helpdesk.wisky.vn/"): Navigate to 'http://helpdesk.wisky.vn/' successfully

2019-03-25 09:49:52 - [MESSAGE][PASSED] - Navigate to 'http://helpdesk.wisky.vn/' successfully

2019-03-25 09:49:52 - [TEST_STEP][PASSED] - setText(findTestObject("TypeOfDevice/Type of device-02/Page_ODTS System/input_ODTS_username"), "admin01"): Text 'admin01' is set on object 'Object Repository/TypeOfDevice/Type of device-02/Page_ODTS System/input_ODTS_username'

2019-03-25 09:49:52 - [MESSAGE][PASSED] - Text 'admin01' is set on object 'Object Repository/TypeOfDevice/Type of device-02/Page_ODTS System/input_ODTS_username'

2019-03-25 09:49:52 - [TEST_STEP][PASSED] - setEncryptedText(findTestObject("TypeOfDevice/Type of device-02/Page_ODTS System/input_ODTS_password"), "aeHFOx8jV/A="): Text ****** has been set on object 'Object Repository/TypeOfDevice/Type of device-02/Page_ODTS System/input_ODTS_password'

2019-03-25 09:49:52 - [MESSAGE][PASSED] - Text ****** has been set on object 'Object Repository/TypeOfDevice/Type of device-02/Page_ODTS System/input_ODTS_password'

2019-03-25 09:49:52 - [TEST_STEP][PASSED] - click(findTestObject("TypeOfDevice/Type of device-02/Page_ODTS System/button_ng Nhp")): Object: 'Object Repository/TypeOfDevice/Type of device-02/Page_ODTS System/button_ng Nhp' is clicked on

2019-03-25 09:49:52 - [MESSAGE][PASSED] - Object: 'Object Repository/TypeOfDevice/Type of device-02/Page_ODTS System/button_ng Nhp' is clicked on

2019-03-25 09:49:52 - [TEST_STEP][PASSED] - click(findTestObject("TypeOfDevice/Type of device-02/Page_ODTS System/a_Loi Thit B")): Object: 'Object Repository/TypeOfDevice/Type of device-02/Page_ODTS System/a_Loi Thit B' is clicked on

2019-03-25 09:49:54 - [MESSAGE][PASSED] - Object: 'Object Repository/TypeOfDevice/Type of device-02/Page_ODTS System/a_Loi Thit B' is clicked on

2019-03-25 09:49:54 - [TEST_STEP][PASSED] - click(findTestObject("TypeOfDevice/Type of device-02/Page_ODTS System/fieldSearch")): Object: 'Object Repository/TypeOfDevice/Type of device-02/Page_ODTS System/fieldSearch' is clicked on

2019-03-25 09:49:55 - [MESSAGE][PASSED] - Object: 'Object Repository/TypeOfDevice/Type of device-02/Page_ODTS System/fieldSearch' is clicked on

2019-03-25 09:49:55 - [TEST_STEP][PASSED] - setText(findTestObject("TypeOfDevice/Type of device-02/Page_ODTS System/input"), "anhtest"): Text 'anhtest' is set on object 'Object Repository/TypeOfDevice/Type of device-02/Page_ODTS System/input'

2019-03-25 09:49:55 - [MESSAGE][PASSED] - Text 'anhtest' is set on object 'Object Repository/TypeOfDevice/Type of device-02/Page_ODTS System/input'

2019-03-25 09:49:55 - [TEST_STEP][PASSED] - click(findTestObject("TypeOfDevice/Type of device-02/Page_ODTS System/button_hihi_btn btn-info fa fa")): Object: 'Object Repository/TypeOfDevice/Type of device-02/Page_ODTS System/button_hihi_btn btn-info fa fa' is clicked on

2019-03-25 09:49:55 - [MESSAGE][PASSED] - Object: 'Object Repository/TypeOfDevice/Type of device-02/Page_ODTS System/button_hihi_btn btn-info fa fa' is clicked on

2019-03-25 09:49:55 - [TEST_STEP][PASSED] - waitForAlert(1): No alert found after 1 second(s).

2019-03-25 09:49:56 - [MESSAGE][WARNING] - No alert found after 1 second(s).

2019-03-25 09:49:56 - [TEST_STEP][PASSED] - verifyElementText(findTestObject("TypeOfDevice/Type of device-02/Page_ODTS System/p_anhtest"), "anhtest"): Actual text and expected text of test object 'Object Repository/TypeOfDevice/Type of device-02/Page_ODTS System/p_anhtest' are matched.

2019-03-25 09:49:56 - [MESSAGE][PASSED] - Actual text and expected text of test object 'Object Repository/TypeOfDevice/Type of device-02/Page_ODTS System/p_anhtest' are matched.

2019-03-25 09:49:56 - [TEST_STEP][FAILED] - verifyElementText(findTestObject("TypeOfDevice/Type of device-02/Page_ODTS System/p_CAMERA"), "CAMERA"): Actual text 'Camera' and expected text 'CAMERA' of test object 'Object Repository/TypeOfDevice/Type of device-02/Page_ODTS System/p_CAMERA' are NOT matched.

2019-03-25 09:49:56 - [MESSAGE][FAILED] - Actual text 'Camera' and expected text 'CAMERA' of test object 'Object Repository/TypeOfDevice/Type of device-02/Page_ODTS System/p_CAMERA' are NOT matched.
[[ATTACHMENT|C:\\Users\\pc\\HelpdeskAutomation\\Reports\\TypeOfDevice01-02-03-04\\20190325_094913\\1553482196501.png]]

2019-03-25 09:49:56 - [TEST_STEP][PASSED] - verifyElementText(findTestObject("TypeOfDevice/Type of device-02/Page_ODTS System/p_hihi"), "hihi"): Actual text and expected text of test object 'Object Repository/TypeOfDevice/Type of device-02/Page_ODTS System/p_hihi' are matched.

2019-03-25 09:49:56 - [MESSAGE][PASSED] - Actual text and expected text of test object 'Object Repository/TypeOfDevice/Type of device-02/Page_ODTS System/p_hihi' are matched.

2019-03-25 09:49:56 - [TEST_STEP][PASSED] - CDATE = null: null

2019-03-25 09:49:56 - [TEST_STEP][PASSED] - UDATE = null: null

2019-03-25 09:49:56 - [TEST_STEP][PASSED] - br = null: null

2019-03-25 09:49:56 - [TEST_STEP][PASSED] - try: null

2019-03-25 09:49:56 - [TEST_STEP][PASSED] - br = new java.io.BufferedReader(new java.io.FileReader(C:\Users\pc\HelpdeskAutomation\creDateTypeOfDevice.txt)): null

2019-03-25 09:49:56 - [TEST_STEP][PASSED] - sCurrentLine = <not implemented yet for class: org.codehaus.groovy.ast.expr.EmptyExpression>: null

2019-03-25 09:49:56 - [TEST_STEP][PASSED] - while (sCurrentLine = br.readLine() != null): null

2019-03-25 09:49:56 - [TEST_STEP][PASSED] - CDATE = sCurrentLine: null

2019-03-25 09:49:56 - [TEST_STEP][PASSED] - br = new java.io.BufferedReader(new java.io.FileReader(C:\Users\pc\HelpdeskAutomation\upDateTypeOfDevice.txt)): null

2019-03-25 09:49:56 - [TEST_STEP][PASSED] - sCurrentLine: null

2019-03-25 09:49:56 - [TEST_STEP][PASSED] - while (sCurrentLine = br.readLine() != null): null

2019-03-25 09:49:56 - [TEST_STEP][PASSED] - UDATE = sCurrentLine: null

2019-03-25 09:49:56 - [TEST_STEP][PASSED] - Finally: null

2019-03-25 09:49:56 - [TEST_STEP][PASSED] - br.close(): null

2019-03-25 09:49:56 - [TEST_STEP][PASSED] - verifyElementText(findTestObject("TypeOfDevice/Type of device-02/Page_ODTS System/p_25022019"), CDATE): Actual text and expected text of test object 'Object Repository/TypeOfDevice/Type of device-02/Page_ODTS System/p_25022019' are matched.

2019-03-25 09:49:56 - [MESSAGE][PASSED] - Actual text and expected text of test object 'Object Repository/TypeOfDevice/Type of device-02/Page_ODTS System/p_25022019' are matched.

2019-03-25 09:49:56 - [TEST_STEP][PASSED] - verifyElementText(findTestObject("TypeOfDevice/Type of device-02/Page_ODTS System/p_25022019_1"), UDATE): Actual text and expected text of test object 'Object Repository/TypeOfDevice/Type of device-02/Page_ODTS System/p_25022019_1' are matched.

2019-03-25 09:49:57 - [MESSAGE][PASSED] - Actual text and expected text of test object 'Object Repository/TypeOfDevice/Type of device-02/Page_ODTS System/p_25022019_1' are matched.

2019-03-25 09:49:57 - [TEST_STEP][PASSED] - click(findTestObject("TypeOfDevice/Type of device-02/Page_ODTS System/button_ng")): Object: 'Object Repository/TypeOfDevice/Type of device-02/Page_ODTS System/button_ng' is clicked on

2019-03-25 09:49:57 - [MESSAGE][PASSED] - Object: 'Object Repository/TypeOfDevice/Type of device-02/Page_ODTS System/button_ng' is clicked on

2019-03-25 09:49:57 - [TEST_STEP][FAILED] - closeBrowser(): closeBrowser() FAILED.
Reason:
com.kms.katalon.core.exception.StepFailedException: Actual text 'Camera' and expected text 'CAMERA' of test object 'Object Repository/TypeOfDevice/Type of device-02/Page_ODTS System/p_CAMERA' are NOT matched.
	at com.kms.katalon.core.keyword.internal.KeywordMain.stepFailed(KeywordMain.groovy:37)
	at com.kms.katalon.core.webui.keyword.internal.WebUIKeywordMain.stepFailed(WebUIKeywordMain.groovy:65)
	at com.kms.katalon.core.webui.keyword.builtin.VerifyElementTextKeyword$_verifyElementText_closure1.doCall(VerifyElementTextKeyword.groovy:57)
	at com.kms.katalon.core.webui.keyword.builtin.VerifyElementTextKeyword$_verifyElementText_closure1.call(VerifyElementTextKeyword.groovy)
	at com.kms.katalon.core.webui.keyword.internal.WebUIKeywordMain.runKeyword(WebUIKeywordMain.groovy:21)
	at com.kms.katalon.core.webui.keyword.builtin.VerifyElementTextKeyword.verifyElementText(VerifyElementTextKeyword.groovy:72)
	at com.kms.katalon.core.webui.keyword.builtin.VerifyElementTextKeyword.execute(VerifyElementTextKeyword.groovy:40)
	at com.kms.katalon.core.keyword.internal.KeywordExecutor.executeKeywordForPlatform(KeywordExecutor.groovy:56)
	at com.kms.katalon.core.webui.keyword.WebUiBuiltInKeywords.verifyElementText(WebUiBuiltInKeywords.groovy:3663)
	at com.kms.katalon.core.webui.keyword.WebUiBuiltInKeywords$verifyElementText$6.call(Unknown Source)
	at Type of device-02.run(Type of device-02:40)
	at com.kms.katalon.core.main.ScriptEngine.run(ScriptEngine.java:194)
	at com.kms.katalon.core.main.ScriptEngine.runScriptAsRawText(ScriptEngine.java:119)
	at com.kms.katalon.core.main.TestCaseExecutor.runScript(TestCaseExecutor.java:331)
	at com.kms.katalon.core.main.TestCaseExecutor.doExecute(TestCaseExecutor.java:322)
	at com.kms.katalon.core.main.TestCaseExecutor.processExecutionPhase(TestCaseExecutor.java:301)
	at com.kms.katalon.core.main.TestCaseExecutor.accessMainPhase(TestCaseExecutor.java:293)
	at com.kms.katalon.core.main.TestCaseExecutor.execute(TestCaseExecutor.java:227)
	at com.kms.katalon.core.main.TestSuiteExecutor.accessTestCaseMainPhase(TestSuiteExecutor.java:129)
	at com.kms.katalon.core.main.TestSuiteExecutor.accessTestSuiteMainPhase(TestSuiteExecutor.java:112)
	at com.kms.katalon.core.main.TestSuiteExecutor.execute(TestSuiteExecutor.java:81)
	at com.kms.katalon.core.main.TestCaseMain.startTestSuite(TestCaseMain.java:157)
	at com.kms.katalon.core.main.TestCaseMain$startTestSuite$0.call(Unknown Source)
	at TempTestSuite1553482158406.run(TempTestSuite1553482158406.groovy:35)


2019-03-25 09:49:57 - [MESSAGE][PASSED] - Browser is closed

2019-03-25 09:49:57 - [MESSAGE][FAILED] - closeBrowser() FAILED.
Reason:
com.kms.katalon.core.exception.StepFailedException: Actual text 'Camera' and expected text 'CAMERA' of test object 'Object Repository/TypeOfDevice/Type of device-02/Page_ODTS System/p_CAMERA' are NOT matched.
	at com.kms.katalon.core.keyword.internal.KeywordMain.stepFailed(KeywordMain.groovy:37)
	at com.kms.katalon.core.webui.keyword.internal.WebUIKeywordMain.stepFailed(WebUIKeywordMain.groovy:65)
	at com.kms.katalon.core.webui.keyword.builtin.VerifyElementTextKeyword$_verifyElementText_closure1.doCall(VerifyElementTextKeyword.groovy:57)
	at com.kms.katalon.core.webui.keyword.builtin.VerifyElementTextKeyword$_verifyElementText_closure1.call(VerifyElementTextKeyword.groovy)
	at com.kms.katalon.core.webui.keyword.internal.WebUIKeywordMain.runKeyword(WebUIKeywordMain.groovy:21)
	at com.kms.katalon.core.webui.keyword.builtin.VerifyElementTextKeyword.verifyElementText(VerifyElementTextKeyword.groovy:72)
	at com.kms.katalon.core.webui.keyword.builtin.VerifyElementTextKeyword.execute(VerifyElementTextKeyword.groovy:40)
	at com.kms.katalon.core.keyword.internal.KeywordExecutor.executeKeywordForPlatform(KeywordExecutor.groovy:56)
	at com.kms.katalon.core.webui.keyword.WebUiBuiltInKeywords.verifyElementText(WebUiBuiltInKeywords.groovy:3663)
	at com.kms.katalon.core.webui.keyword.WebUiBuiltInKeywords$verifyElementText$6.call(Unknown Source)
	at Type of device-02.run(Type of device-02:40)
	at com.kms.katalon.core.main.ScriptEngine.run(ScriptEngine.java:194)
	at com.kms.katalon.core.main.ScriptEngine.runScriptAsRawText(ScriptEngine.java:119)
	at com.kms.katalon.core.main.TestCaseExecutor.runScript(TestCaseExecutor.java:331)
	at com.kms.katalon.core.main.TestCaseExecutor.doExecute(TestCaseExecutor.java:322)
	at com.kms.katalon.core.main.TestCaseExecutor.processExecutionPhase(TestCaseExecutor.java:301)
	at com.kms.katalon.core.main.TestCaseExecutor.accessMainPhase(TestCaseExecutor.java:293)
	at com.kms.katalon.core.main.TestCaseExecutor.execute(TestCaseExecutor.java:227)
	at com.kms.katalon.core.main.TestSuiteExecutor.accessTestCaseMainPhase(TestSuiteExecutor.java:129)
	at com.kms.katalon.core.main.TestSuiteExecutor.accessTestSuiteMainPhase(TestSuiteExecutor.java:112)
	at com.kms.katalon.core.main.TestSuiteExecutor.execute(TestSuiteExecutor.java:81)
	at com.kms.katalon.core.main.TestCaseMain.startTestSuite(TestCaseMain.java:157)
	at com.kms.katalon.core.main.TestCaseMain$startTestSuite$0.call(Unknown Source)
	at TempTestSuite1553482158406.run(TempTestSuite1553482158406.groovy:35)]]></system-out>
         <system-err><![CDATA[2019-03-25 09:49:47 - [TEST_CASE][FAILED] - Test Cases/TypeOfDevice/Type of device-02: Test Cases/TypeOfDevice/Type of device-02 FAILED.
Reason:
com.kms.katalon.core.exception.StepFailedException: Actual text 'Camera' and expected text 'CAMERA' of test object 'Object Repository/TypeOfDevice/Type of device-02/Page_ODTS System/p_CAMERA' are NOT matched.
	at com.kms.katalon.core.keyword.internal.KeywordMain.stepFailed(KeywordMain.groovy:37)
	at com.kms.katalon.core.webui.keyword.internal.WebUIKeywordMain.stepFailed(WebUIKeywordMain.groovy:65)
	at com.kms.katalon.core.webui.keyword.builtin.VerifyElementTextKeyword$_verifyElementText_closure1.doCall(VerifyElementTextKeyword.groovy:57)
	at com.kms.katalon.core.webui.keyword.builtin.VerifyElementTextKeyword$_verifyElementText_closure1.call(VerifyElementTextKeyword.groovy)
	at com.kms.katalon.core.webui.keyword.internal.WebUIKeywordMain.runKeyword(WebUIKeywordMain.groovy:21)
	at com.kms.katalon.core.webui.keyword.builtin.VerifyElementTextKeyword.verifyElementText(VerifyElementTextKeyword.groovy:72)
	at com.kms.katalon.core.webui.keyword.builtin.VerifyElementTextKeyword.execute(VerifyElementTextKeyword.groovy:40)
	at com.kms.katalon.core.keyword.internal.KeywordExecutor.executeKeywordForPlatform(KeywordExecutor.groovy:56)
	at com.kms.katalon.core.webui.keyword.WebUiBuiltInKeywords.verifyElementText(WebUiBuiltInKeywords.groovy:3663)
	at com.kms.katalon.core.webui.keyword.WebUiBuiltInKeywords$verifyElementText$6.call(Unknown Source)
	at Type of device-02.run(Type of device-02:40)
	at com.kms.katalon.core.main.ScriptEngine.run(ScriptEngine.java:194)
	at com.kms.katalon.core.main.ScriptEngine.runScriptAsRawText(ScriptEngine.java:119)
	at com.kms.katalon.core.main.TestCaseExecutor.runScript(TestCaseExecutor.java:331)
	at com.kms.katalon.core.main.TestCaseExecutor.doExecute(TestCaseExecutor.java:322)
	at com.kms.katalon.core.main.TestCaseExecutor.processExecutionPhase(TestCaseExecutor.java:301)
	at com.kms.katalon.core.main.TestCaseExecutor.accessMainPhase(TestCaseExecutor.java:293)
	at com.kms.katalon.core.main.TestCaseExecutor.execute(TestCaseExecutor.java:227)
	at com.kms.katalon.core.main.TestSuiteExecutor.accessTestCaseMainPhase(TestSuiteExecutor.java:129)
	at com.kms.katalon.core.main.TestSuiteExecutor.accessTestSuiteMainPhase(TestSuiteExecutor.java:112)
	at com.kms.katalon.core.main.TestSuiteExecutor.execute(TestSuiteExecutor.java:81)
	at com.kms.katalon.core.main.TestCaseMain.startTestSuite(TestCaseMain.java:157)
	at com.kms.katalon.core.main.TestCaseMain$startTestSuite$0.call(Unknown Source)
	at TempTestSuite1553482158406.run(TempTestSuite1553482158406.groovy:35)]]></system-err>
      </testcase>
      <testcase name="Test Cases/TypeOfDevice/Type of device-03" classname="Test Cases/TypeOfDevice/Type of device-03" status="FAILED">
         <failure type="FAILED" message="Test Cases/TypeOfDevice/Type of device-03 FAILED.
Reason:
com.kms.katalon.core.exception.StepFailedException: Actual text 'Wifi Marketing' and expected text 'WIFI MARKETING' of test object 'Object Repository/TypeOfDevice/Type of device-03/Page_ODTS System/p_WIFI' are NOT matched.
	at com.kms.katalon.core.keyword.internal.KeywordMain.stepFailed(KeywordMain.groovy:37)
	at com.kms.katalon.core.webui.keyword.internal.WebUIKeywordMain.stepFailed(WebUIKeywordMain.groovy:65)
	at com.kms.katalon.core.webui.keyword.builtin.VerifyElementTextKeyword$_verifyElementText_closure1.doCall(VerifyElementTextKeyword.groovy:57)
	at com.kms.katalon.core.webui.keyword.builtin.VerifyElementTextKeyword$_verifyElementText_closure1.call(VerifyElementTextKeyword.groovy)
	at com.kms.katalon.core.webui.keyword.internal.WebUIKeywordMain.runKeyword(WebUIKeywordMain.groovy:21)
	at com.kms.katalon.core.webui.keyword.builtin.VerifyElementTextKeyword.verifyElementText(VerifyElementTextKeyword.groovy:72)
	at com.kms.katalon.core.webui.keyword.builtin.VerifyElementTextKeyword.execute(VerifyElementTextKeyword.groovy:40)
	at com.kms.katalon.core.keyword.internal.KeywordExecutor.executeKeywordForPlatform(KeywordExecutor.groovy:56)
	at com.kms.katalon.core.webui.keyword.WebUiBuiltInKeywords.verifyElementText(WebUiBuiltInKeywords.groovy:3663)
	at com.kms.katalon.core.webui.keyword.WebUiBuiltInKeywords$verifyElementText$6.call(Unknown Source)
	at Type of device-03.run(Type of device-03:75)
	at com.kms.katalon.core.main.ScriptEngine.run(ScriptEngine.java:194)
	at com.kms.katalon.core.main.ScriptEngine.runScriptAsRawText(ScriptEngine.java:119)
	at com.kms.katalon.core.main.TestCaseExecutor.runScript(TestCaseExecutor.java:331)
	at com.kms.katalon.core.main.TestCaseExecutor.doExecute(TestCaseExecutor.java:322)
	at com.kms.katalon.core.main.TestCaseExecutor.processExecutionPhase(TestCaseExecutor.java:301)
	at com.kms.katalon.core.main.TestCaseExecutor.accessMainPhase(TestCaseExecutor.java:293)
	at com.kms.katalon.core.main.TestCaseExecutor.execute(TestCaseExecutor.java:227)
	at com.kms.katalon.core.main.TestSuiteExecutor.accessTestCaseMainPhase(TestSuiteExecutor.java:129)
	at com.kms.katalon.core.main.TestSuiteExecutor.accessTestSuiteMainPhase(TestSuiteExecutor.java:112)
	at com.kms.katalon.core.main.TestSuiteExecutor.execute(TestSuiteExecutor.java:81)
	at com.kms.katalon.core.main.TestCaseMain.startTestSuite(TestCaseMain.java:157)
	at com.kms.katalon.core.main.TestCaseMain$startTestSuite$0.call(Unknown Source)
	at TempTestSuite1553482158406.run(TempTestSuite1553482158406.groovy:35)
"/>
         <system-out><![CDATA[2019-03-25 09:49:57 - [TEST_CASE][FAILED] - Test Cases/TypeOfDevice/Type of device-03: Test Cases/TypeOfDevice/Type of device-03 FAILED.
Reason:
com.kms.katalon.core.exception.StepFailedException: Actual text 'Wifi Marketing' and expected text 'WIFI MARKETING' of test object 'Object Repository/TypeOfDevice/Type of device-03/Page_ODTS System/p_WIFI' are NOT matched.
	at com.kms.katalon.core.keyword.internal.KeywordMain.stepFailed(KeywordMain.groovy:37)
	at com.kms.katalon.core.webui.keyword.internal.WebUIKeywordMain.stepFailed(WebUIKeywordMain.groovy:65)
	at com.kms.katalon.core.webui.keyword.builtin.VerifyElementTextKeyword$_verifyElementText_closure1.doCall(VerifyElementTextKeyword.groovy:57)
	at com.kms.katalon.core.webui.keyword.builtin.VerifyElementTextKeyword$_verifyElementText_closure1.call(VerifyElementTextKeyword.groovy)
	at com.kms.katalon.core.webui.keyword.internal.WebUIKeywordMain.runKeyword(WebUIKeywordMain.groovy:21)
	at com.kms.katalon.core.webui.keyword.builtin.VerifyElementTextKeyword.verifyElementText(VerifyElementTextKeyword.groovy:72)
	at com.kms.katalon.core.webui.keyword.builtin.VerifyElementTextKeyword.execute(VerifyElementTextKeyword.groovy:40)
	at com.kms.katalon.core.keyword.internal.KeywordExecutor.executeKeywordForPlatform(KeywordExecutor.groovy:56)
	at com.kms.katalon.core.webui.keyword.WebUiBuiltInKeywords.verifyElementText(WebUiBuiltInKeywords.groovy:3663)
	at com.kms.katalon.core.webui.keyword.WebUiBuiltInKeywords$verifyElementText$6.call(Unknown Source)
	at Type of device-03.run(Type of device-03:75)
	at com.kms.katalon.core.main.ScriptEngine.run(ScriptEngine.java:194)
	at com.kms.katalon.core.main.ScriptEngine.runScriptAsRawText(ScriptEngine.java:119)
	at com.kms.katalon.core.main.TestCaseExecutor.runScript(TestCaseExecutor.java:331)
	at com.kms.katalon.core.main.TestCaseExecutor.doExecute(TestCaseExecutor.java:322)
	at com.kms.katalon.core.main.TestCaseExecutor.processExecutionPhase(TestCaseExecutor.java:301)
	at com.kms.katalon.core.main.TestCaseExecutor.accessMainPhase(TestCaseExecutor.java:293)
	at com.kms.katalon.core.main.TestCaseExecutor.execute(TestCaseExecutor.java:227)
	at com.kms.katalon.core.main.TestSuiteExecutor.accessTestCaseMainPhase(TestSuiteExecutor.java:129)
	at com.kms.katalon.core.main.TestSuiteExecutor.accessTestSuiteMainPhase(TestSuiteExecutor.java:112)
	at com.kms.katalon.core.main.TestSuiteExecutor.execute(TestSuiteExecutor.java:81)
	at com.kms.katalon.core.main.TestCaseMain.startTestSuite(TestCaseMain.java:157)
	at com.kms.katalon.core.main.TestCaseMain$startTestSuite$0.call(Unknown Source)
	at TempTestSuite1553482158406.run(TempTestSuite1553482158406.groovy:35)


2019-03-25 09:49:58 - [TEST_STEP][PASSED] - openBrowser(""): Browser is opened with url: ''

2019-03-25 09:49:58 - [MESSAGE][INFO] - Starting 'Chrome' driver

2019-03-25 09:50:00 - [MESSAGE][PASSED] - Browser is opened with url: ''

2019-03-25 09:50:00 - [TEST_STEP][PASSED] - navigateToUrl("http://helpdesk.wisky.vn/"): Navigate to 'http://helpdesk.wisky.vn/' successfully

2019-03-25 09:50:02 - [MESSAGE][PASSED] - Navigate to 'http://helpdesk.wisky.vn/' successfully

2019-03-25 09:50:02 - [TEST_STEP][PASSED] - setText(findTestObject("TypeOfDevice/Type of device-03/Page_ODTS System/input_ODTS_username"), "admin01"): Text 'admin01' is set on object 'Object Repository/TypeOfDevice/Type of device-03/Page_ODTS System/input_ODTS_username'

2019-03-25 09:50:02 - [MESSAGE][PASSED] - Text 'admin01' is set on object 'Object Repository/TypeOfDevice/Type of device-03/Page_ODTS System/input_ODTS_username'

2019-03-25 09:50:02 - [TEST_STEP][PASSED] - setEncryptedText(findTestObject("TypeOfDevice/Type of device-03/Page_ODTS System/input_ODTS_password"), "aeHFOx8jV/A="): Text ****** has been set on object 'Object Repository/TypeOfDevice/Type of device-03/Page_ODTS System/input_ODTS_password'

2019-03-25 09:50:02 - [MESSAGE][PASSED] - Text ****** has been set on object 'Object Repository/TypeOfDevice/Type of device-03/Page_ODTS System/input_ODTS_password'

2019-03-25 09:50:02 - [TEST_STEP][PASSED] - click(findTestObject("TypeOfDevice/Type of device-03/Page_ODTS System/button_ng Nhp")): Object: 'Object Repository/TypeOfDevice/Type of device-03/Page_ODTS System/button_ng Nhp' is clicked on

2019-03-25 09:50:03 - [MESSAGE][PASSED] - Object: 'Object Repository/TypeOfDevice/Type of device-03/Page_ODTS System/button_ng Nhp' is clicked on

2019-03-25 09:50:03 - [TEST_STEP][PASSED] - click(findTestObject("TypeOfDevice/Type of device-03/Page_ODTS System/a_Loi Thit B")): Object: 'Object Repository/TypeOfDevice/Type of device-03/Page_ODTS System/a_Loi Thit B' is clicked on

2019-03-25 09:50:13 - [MESSAGE][PASSED] - Object: 'Object Repository/TypeOfDevice/Type of device-03/Page_ODTS System/a_Loi Thit B' is clicked on

2019-03-25 09:50:13 - [TEST_STEP][PASSED] - click(findTestObject("TypeOfDevice/Type of device-03/Page_ODTS System/fieldSearch")): Object: 'Object Repository/TypeOfDevice/Type of device-03/Page_ODTS System/fieldSearch' is clicked on

2019-03-25 09:50:13 - [MESSAGE][PASSED] - Object: 'Object Repository/TypeOfDevice/Type of device-03/Page_ODTS System/fieldSearch' is clicked on

2019-03-25 09:50:13 - [TEST_STEP][PASSED] - setText(findTestObject("TypeOfDevice/Type of device-03/Page_ODTS System/input"), "anhtest"): Text 'anhtest' is set on object 'Object Repository/TypeOfDevice/Type of device-03/Page_ODTS System/input'

2019-03-25 09:50:14 - [MESSAGE][PASSED] - Text 'anhtest' is set on object 'Object Repository/TypeOfDevice/Type of device-03/Page_ODTS System/input'

2019-03-25 09:50:14 - [TEST_STEP][PASSED] - click(findTestObject("TypeOfDevice/Type of device-03/Page_ODTS System/button_hihi_btn btn-warning fa")): Object: 'Object Repository/TypeOfDevice/Type of device-03/Page_ODTS System/button_hihi_btn btn-warning fa' is clicked on

2019-03-25 09:50:14 - [MESSAGE][PASSED] - Object: 'Object Repository/TypeOfDevice/Type of device-03/Page_ODTS System/button_hihi_btn btn-warning fa' is clicked on

2019-03-25 09:50:14 - [TEST_STEP][PASSED] - waitForAlert(1): No alert found after 1 second(s).

2019-03-25 09:50:15 - [MESSAGE][WARNING] - No alert found after 1 second(s).

2019-03-25 09:50:15 - [TEST_STEP][PASSED] - setText(findTestObject("TypeOfDevice/Type of device-03/Page_ODTS System/input_Tn Loi Thit B_dtNameCrea"), "anhtest22"): Text 'anhtest22' is set on object 'Object Repository/TypeOfDevice/Type of device-03/Page_ODTS System/input_Tn Loi Thit B_dtNameCrea'

2019-03-25 09:50:15 - [MESSAGE][PASSED] - Text 'anhtest22' is set on object 'Object Repository/TypeOfDevice/Type of device-03/Page_ODTS System/input_Tn Loi Thit B_dtNameCrea'

2019-03-25 09:50:15 - [TEST_STEP][PASSED] - waitForAlert(1): No alert found after 1 second(s).

2019-03-25 09:50:16 - [MESSAGE][WARNING] - No alert found after 1 second(s).

2019-03-25 09:50:16 - [TEST_STEP][PASSED] - selectOptionByValue(findTestObject("Object Repository/TypeOfDevice/Type of device-03/Page_ODTS System/select_--Chn Loi Dch V--WIFICA"), "52", true): All options with value '52' are selected in object 'Object Repository/TypeOfDevice/Type of device-03/Page_ODTS System/select_--Chn Loi Dch V--WIFICA'  using regular expression

2019-03-25 09:50:16 - [MESSAGE][PASSED] - All options with value '52' are selected in object 'Object Repository/TypeOfDevice/Type of device-03/Page_ODTS System/select_--Chn Loi Dch V--WIFICA'  using regular expression

2019-03-25 09:50:16 - [TEST_STEP][PASSED] - waitForAlert(1): No alert found after 1 second(s).

2019-03-25 09:50:17 - [MESSAGE][WARNING] - No alert found after 1 second(s).

2019-03-25 09:50:17 - [TEST_STEP][PASSED] - setText(findTestObject("TypeOfDevice/Type of device-03/Page_ODTS System/input_M T Loi Thit B_dtDescrip"), "hihi22"): Text 'hihi22' is set on object 'Object Repository/TypeOfDevice/Type of device-03/Page_ODTS System/input_M T Loi Thit B_dtDescrip'

2019-03-25 09:50:18 - [MESSAGE][PASSED] - Text 'hihi22' is set on object 'Object Repository/TypeOfDevice/Type of device-03/Page_ODTS System/input_M T Loi Thit B_dtDescrip'

2019-03-25 09:50:18 - [TEST_STEP][PASSED] - waitForAlert(1): No alert found after 1 second(s).

2019-03-25 09:50:19 - [MESSAGE][WARNING] - No alert found after 1 second(s).

2019-03-25 09:50:19 - [TEST_STEP][PASSED] - UDATE = SimpleDateFormat(dd/MM/yyyy).format(getInstance().getTime()): null

2019-03-25 09:50:19 - [TEST_STEP][PASSED] - writer = null: null

2019-03-25 09:50:19 - [TEST_STEP][PASSED] - try: null

2019-03-25 09:50:19 - [TEST_STEP][PASSED] - writer = new java.io.BufferedWriter(new java.io.OutputStreamWriter(new java.io.FileOutputStream(C:\Users\pc\HelpdeskAutomation\upDateTypeOfDevice.txt), utf-8)): null

2019-03-25 09:50:19 - [TEST_STEP][PASSED] - writer.write(UDATE): null

2019-03-25 09:50:19 - [TEST_STEP][PASSED] - Finally: null

2019-03-25 09:50:19 - [TEST_STEP][PASSED] - try: null

2019-03-25 09:50:19 - [TEST_STEP][PASSED] - writer.close(): null

2019-03-25 09:50:19 - [TEST_STEP][PASSED] - click(findTestObject("TypeOfDevice/Type of device-03/Page_ODTS System/button_Cp Nht")): Object: 'Object Repository/TypeOfDevice/Type of device-03/Page_ODTS System/button_Cp Nht' is clicked on

2019-03-25 09:50:19 - [MESSAGE][PASSED] - Object: 'Object Repository/TypeOfDevice/Type of device-03/Page_ODTS System/button_Cp Nht' is clicked on

2019-03-25 09:50:19 - [TEST_STEP][PASSED] - waitForAlert(1): No alert found after 1 second(s).

2019-03-25 09:50:20 - [MESSAGE][WARNING] - No alert found after 1 second(s).

2019-03-25 09:50:20 - [TEST_STEP][PASSED] - click(findTestObject("TypeOfDevice/Type of device-03/Page_ODTS System/button_OK")): Object: 'Object Repository/TypeOfDevice/Type of device-03/Page_ODTS System/button_OK' is clicked on

2019-03-25 09:50:20 - [MESSAGE][PASSED] - Object: 'Object Repository/TypeOfDevice/Type of device-03/Page_ODTS System/button_OK' is clicked on

2019-03-25 09:50:20 - [TEST_STEP][PASSED] - waitForAlert(1): No alert found after 1 second(s).

2019-03-25 09:50:21 - [MESSAGE][WARNING] - No alert found after 1 second(s).

2019-03-25 09:50:21 - [TEST_STEP][PASSED] - click(findTestObject("TypeOfDevice/Type of device-03/Page_ODTS System/button_hihi22_btn btn-info fa")): Object: 'Object Repository/TypeOfDevice/Type of device-03/Page_ODTS System/button_hihi22_btn btn-info fa' is clicked on

2019-03-25 09:50:21 - [MESSAGE][PASSED] - Object: 'Object Repository/TypeOfDevice/Type of device-03/Page_ODTS System/button_hihi22_btn btn-info fa' is clicked on

2019-03-25 09:50:21 - [TEST_STEP][PASSED] - waitForAlert(1): No alert found after 1 second(s).

2019-03-25 09:50:22 - [MESSAGE][WARNING] - No alert found after 1 second(s).

2019-03-25 09:50:22 - [TEST_STEP][PASSED] - verifyElementText(findTestObject("TypeOfDevice/Type of device-03/Page_ODTS System/p_anhtest22"), "anhtest22"): Actual text and expected text of test object 'Object Repository/TypeOfDevice/Type of device-03/Page_ODTS System/p_anhtest22' are matched.

2019-03-25 09:50:22 - [MESSAGE][PASSED] - Actual text and expected text of test object 'Object Repository/TypeOfDevice/Type of device-03/Page_ODTS System/p_anhtest22' are matched.

2019-03-25 09:50:22 - [TEST_STEP][FAILED] - verifyElementText(findTestObject("TypeOfDevice/Type of device-03/Page_ODTS System/p_WIFI"), "WIFI MARKETING"): Actual text 'Wifi Marketing' and expected text 'WIFI MARKETING' of test object 'Object Repository/TypeOfDevice/Type of device-03/Page_ODTS System/p_WIFI' are NOT matched.

2019-03-25 09:50:22 - [MESSAGE][FAILED] - Actual text 'Wifi Marketing' and expected text 'WIFI MARKETING' of test object 'Object Repository/TypeOfDevice/Type of device-03/Page_ODTS System/p_WIFI' are NOT matched.
[[ATTACHMENT|C:\\Users\\pc\\HelpdeskAutomation\\Reports\\TypeOfDevice01-02-03-04\\20190325_094913\\1553482222671.png]]

2019-03-25 09:50:22 - [TEST_STEP][PASSED] - verifyElementText(findTestObject("TypeOfDevice/Type of device-03/Page_ODTS System/p_hihi22"), "hihi22"): Actual text and expected text of test object 'Object Repository/TypeOfDevice/Type of device-03/Page_ODTS System/p_hihi22' are matched.

2019-03-25 09:50:22 - [MESSAGE][PASSED] - Actual text and expected text of test object 'Object Repository/TypeOfDevice/Type of device-03/Page_ODTS System/p_hihi22' are matched.

2019-03-25 09:50:23 - [TEST_STEP][PASSED] - CDATE = null: null

2019-03-25 09:50:23 - [TEST_STEP][PASSED] - br = null: null

2019-03-25 09:50:23 - [TEST_STEP][PASSED] - try: null

2019-03-25 09:50:23 - [TEST_STEP][PASSED] - br = new java.io.BufferedReader(new java.io.FileReader(C:\Users\pc\HelpdeskAutomation\creDateTypeOfDevice.txt)): null

2019-03-25 09:50:23 - [TEST_STEP][PASSED] - sCurrentLine = <not implemented yet for class: org.codehaus.groovy.ast.expr.EmptyExpression>: null

2019-03-25 09:50:23 - [TEST_STEP][PASSED] - while (sCurrentLine = br.readLine() != null): null

2019-03-25 09:50:23 - [TEST_STEP][PASSED] - CDATE = sCurrentLine: null

2019-03-25 09:50:23 - [TEST_STEP][PASSED] - Finally: null

2019-03-25 09:50:23 - [TEST_STEP][PASSED] - br.close(): null

2019-03-25 09:50:23 - [TEST_STEP][PASSED] - verifyElementText(findTestObject("TypeOfDevice/Type of device-03/Page_ODTS System/p_25022019"), CDATE): Actual text and expected text of test object 'Object Repository/TypeOfDevice/Type of device-03/Page_ODTS System/p_25022019' are matched.

2019-03-25 09:50:23 - [MESSAGE][PASSED] - Actual text and expected text of test object 'Object Repository/TypeOfDevice/Type of device-03/Page_ODTS System/p_25022019' are matched.

2019-03-25 09:50:23 - [TEST_STEP][PASSED] - verifyElementText(findTestObject("TypeOfDevice/Type of device-03/Page_ODTS System/p_25022019_1"), UDATE): Actual text and expected text of test object 'Object Repository/TypeOfDevice/Type of device-03/Page_ODTS System/p_25022019_1' are matched.

2019-03-25 09:50:23 - [MESSAGE][PASSED] - Actual text and expected text of test object 'Object Repository/TypeOfDevice/Type of device-03/Page_ODTS System/p_25022019_1' are matched.

2019-03-25 09:50:23 - [TEST_STEP][PASSED] - click(findTestObject("TypeOfDevice/Type of device-03/Page_ODTS System/button_ng")): Object: 'Object Repository/TypeOfDevice/Type of device-03/Page_ODTS System/button_ng' is clicked on

2019-03-25 09:50:23 - [MESSAGE][PASSED] - Object: 'Object Repository/TypeOfDevice/Type of device-03/Page_ODTS System/button_ng' is clicked on

2019-03-25 09:50:23 - [TEST_STEP][FAILED] - closeBrowser(): closeBrowser() FAILED.
Reason:
com.kms.katalon.core.exception.StepFailedException: Actual text 'Wifi Marketing' and expected text 'WIFI MARKETING' of test object 'Object Repository/TypeOfDevice/Type of device-03/Page_ODTS System/p_WIFI' are NOT matched.
	at com.kms.katalon.core.keyword.internal.KeywordMain.stepFailed(KeywordMain.groovy:37)
	at com.kms.katalon.core.webui.keyword.internal.WebUIKeywordMain.stepFailed(WebUIKeywordMain.groovy:65)
	at com.kms.katalon.core.webui.keyword.builtin.VerifyElementTextKeyword$_verifyElementText_closure1.doCall(VerifyElementTextKeyword.groovy:57)
	at com.kms.katalon.core.webui.keyword.builtin.VerifyElementTextKeyword$_verifyElementText_closure1.call(VerifyElementTextKeyword.groovy)
	at com.kms.katalon.core.webui.keyword.internal.WebUIKeywordMain.runKeyword(WebUIKeywordMain.groovy:21)
	at com.kms.katalon.core.webui.keyword.builtin.VerifyElementTextKeyword.verifyElementText(VerifyElementTextKeyword.groovy:72)
	at com.kms.katalon.core.webui.keyword.builtin.VerifyElementTextKeyword.execute(VerifyElementTextKeyword.groovy:40)
	at com.kms.katalon.core.keyword.internal.KeywordExecutor.executeKeywordForPlatform(KeywordExecutor.groovy:56)
	at com.kms.katalon.core.webui.keyword.WebUiBuiltInKeywords.verifyElementText(WebUiBuiltInKeywords.groovy:3663)
	at com.kms.katalon.core.webui.keyword.WebUiBuiltInKeywords$verifyElementText$6.call(Unknown Source)
	at Type of device-03.run(Type of device-03:75)
	at com.kms.katalon.core.main.ScriptEngine.run(ScriptEngine.java:194)
	at com.kms.katalon.core.main.ScriptEngine.runScriptAsRawText(ScriptEngine.java:119)
	at com.kms.katalon.core.main.TestCaseExecutor.runScript(TestCaseExecutor.java:331)
	at com.kms.katalon.core.main.TestCaseExecutor.doExecute(TestCaseExecutor.java:322)
	at com.kms.katalon.core.main.TestCaseExecutor.processExecutionPhase(TestCaseExecutor.java:301)
	at com.kms.katalon.core.main.TestCaseExecutor.accessMainPhase(TestCaseExecutor.java:293)
	at com.kms.katalon.core.main.TestCaseExecutor.execute(TestCaseExecutor.java:227)
	at com.kms.katalon.core.main.TestSuiteExecutor.accessTestCaseMainPhase(TestSuiteExecutor.java:129)
	at com.kms.katalon.core.main.TestSuiteExecutor.accessTestSuiteMainPhase(TestSuiteExecutor.java:112)
	at com.kms.katalon.core.main.TestSuiteExecutor.execute(TestSuiteExecutor.java:81)
	at com.kms.katalon.core.main.TestCaseMain.startTestSuite(TestCaseMain.java:157)
	at com.kms.katalon.core.main.TestCaseMain$startTestSuite$0.call(Unknown Source)
	at TempTestSuite1553482158406.run(TempTestSuite1553482158406.groovy:35)


2019-03-25 09:50:23 - [MESSAGE][PASSED] - Browser is closed

2019-03-25 09:50:23 - [MESSAGE][FAILED] - closeBrowser() FAILED.
Reason:
com.kms.katalon.core.exception.StepFailedException: Actual text 'Wifi Marketing' and expected text 'WIFI MARKETING' of test object 'Object Repository/TypeOfDevice/Type of device-03/Page_ODTS System/p_WIFI' are NOT matched.
	at com.kms.katalon.core.keyword.internal.KeywordMain.stepFailed(KeywordMain.groovy:37)
	at com.kms.katalon.core.webui.keyword.internal.WebUIKeywordMain.stepFailed(WebUIKeywordMain.groovy:65)
	at com.kms.katalon.core.webui.keyword.builtin.VerifyElementTextKeyword$_verifyElementText_closure1.doCall(VerifyElementTextKeyword.groovy:57)
	at com.kms.katalon.core.webui.keyword.builtin.VerifyElementTextKeyword$_verifyElementText_closure1.call(VerifyElementTextKeyword.groovy)
	at com.kms.katalon.core.webui.keyword.internal.WebUIKeywordMain.runKeyword(WebUIKeywordMain.groovy:21)
	at com.kms.katalon.core.webui.keyword.builtin.VerifyElementTextKeyword.verifyElementText(VerifyElementTextKeyword.groovy:72)
	at com.kms.katalon.core.webui.keyword.builtin.VerifyElementTextKeyword.execute(VerifyElementTextKeyword.groovy:40)
	at com.kms.katalon.core.keyword.internal.KeywordExecutor.executeKeywordForPlatform(KeywordExecutor.groovy:56)
	at com.kms.katalon.core.webui.keyword.WebUiBuiltInKeywords.verifyElementText(WebUiBuiltInKeywords.groovy:3663)
	at com.kms.katalon.core.webui.keyword.WebUiBuiltInKeywords$verifyElementText$6.call(Unknown Source)
	at Type of device-03.run(Type of device-03:75)
	at com.kms.katalon.core.main.ScriptEngine.run(ScriptEngine.java:194)
	at com.kms.katalon.core.main.ScriptEngine.runScriptAsRawText(ScriptEngine.java:119)
	at com.kms.katalon.core.main.TestCaseExecutor.runScript(TestCaseExecutor.java:331)
	at com.kms.katalon.core.main.TestCaseExecutor.doExecute(TestCaseExecutor.java:322)
	at com.kms.katalon.core.main.TestCaseExecutor.processExecutionPhase(TestCaseExecutor.java:301)
	at com.kms.katalon.core.main.TestCaseExecutor.accessMainPhase(TestCaseExecutor.java:293)
	at com.kms.katalon.core.main.TestCaseExecutor.execute(TestCaseExecutor.java:227)
	at com.kms.katalon.core.main.TestSuiteExecutor.accessTestCaseMainPhase(TestSuiteExecutor.java:129)
	at com.kms.katalon.core.main.TestSuiteExecutor.accessTestSuiteMainPhase(TestSuiteExecutor.java:112)
	at com.kms.katalon.core.main.TestSuiteExecutor.execute(TestSuiteExecutor.java:81)
	at com.kms.katalon.core.main.TestCaseMain.startTestSuite(TestCaseMain.java:157)
	at com.kms.katalon.core.main.TestCaseMain$startTestSuite$0.call(Unknown Source)
	at TempTestSuite1553482158406.run(TempTestSuite1553482158406.groovy:35)]]></system-out>
         <system-err><![CDATA[2019-03-25 09:49:57 - [TEST_CASE][FAILED] - Test Cases/TypeOfDevice/Type of device-03: Test Cases/TypeOfDevice/Type of device-03 FAILED.
Reason:
com.kms.katalon.core.exception.StepFailedException: Actual text 'Wifi Marketing' and expected text 'WIFI MARKETING' of test object 'Object Repository/TypeOfDevice/Type of device-03/Page_ODTS System/p_WIFI' are NOT matched.
	at com.kms.katalon.core.keyword.internal.KeywordMain.stepFailed(KeywordMain.groovy:37)
	at com.kms.katalon.core.webui.keyword.internal.WebUIKeywordMain.stepFailed(WebUIKeywordMain.groovy:65)
	at com.kms.katalon.core.webui.keyword.builtin.VerifyElementTextKeyword$_verifyElementText_closure1.doCall(VerifyElementTextKeyword.groovy:57)
	at com.kms.katalon.core.webui.keyword.builtin.VerifyElementTextKeyword$_verifyElementText_closure1.call(VerifyElementTextKeyword.groovy)
	at com.kms.katalon.core.webui.keyword.internal.WebUIKeywordMain.runKeyword(WebUIKeywordMain.groovy:21)
	at com.kms.katalon.core.webui.keyword.builtin.VerifyElementTextKeyword.verifyElementText(VerifyElementTextKeyword.groovy:72)
	at com.kms.katalon.core.webui.keyword.builtin.VerifyElementTextKeyword.execute(VerifyElementTextKeyword.groovy:40)
	at com.kms.katalon.core.keyword.internal.KeywordExecutor.executeKeywordForPlatform(KeywordExecutor.groovy:56)
	at com.kms.katalon.core.webui.keyword.WebUiBuiltInKeywords.verifyElementText(WebUiBuiltInKeywords.groovy:3663)
	at com.kms.katalon.core.webui.keyword.WebUiBuiltInKeywords$verifyElementText$6.call(Unknown Source)
	at Type of device-03.run(Type of device-03:75)
	at com.kms.katalon.core.main.ScriptEngine.run(ScriptEngine.java:194)
	at com.kms.katalon.core.main.ScriptEngine.runScriptAsRawText(ScriptEngine.java:119)
	at com.kms.katalon.core.main.TestCaseExecutor.runScript(TestCaseExecutor.java:331)
	at com.kms.katalon.core.main.TestCaseExecutor.doExecute(TestCaseExecutor.java:322)
	at com.kms.katalon.core.main.TestCaseExecutor.processExecutionPhase(TestCaseExecutor.java:301)
	at com.kms.katalon.core.main.TestCaseExecutor.accessMainPhase(TestCaseExecutor.java:293)
	at com.kms.katalon.core.main.TestCaseExecutor.execute(TestCaseExecutor.java:227)
	at com.kms.katalon.core.main.TestSuiteExecutor.accessTestCaseMainPhase(TestSuiteExecutor.java:129)
	at com.kms.katalon.core.main.TestSuiteExecutor.accessTestSuiteMainPhase(TestSuiteExecutor.java:112)
	at com.kms.katalon.core.main.TestSuiteExecutor.execute(TestSuiteExecutor.java:81)
	at com.kms.katalon.core.main.TestCaseMain.startTestSuite(TestCaseMain.java:157)
	at com.kms.katalon.core.main.TestCaseMain$startTestSuite$0.call(Unknown Source)
	at TempTestSuite1553482158406.run(TempTestSuite1553482158406.groovy:35)]]></system-err>
      </testcase>
      <testcase name="Test Cases/TypeOfDevice/Type of device-04" classname="Test Cases/TypeOfDevice/Type of device-04" status="PASSED">
         <system-out><![CDATA[2019-03-25 09:50:23 - [TEST_CASE][PASSED] - Test Cases/TypeOfDevice/Type of device-04: Test Cases/TypeOfDevice/Type of device-04

2019-03-25 09:50:24 - [TEST_STEP][PASSED] - openBrowser(""): Browser is opened with url: ''

2019-03-25 09:50:24 - [MESSAGE][INFO] - Starting 'Chrome' driver

2019-03-25 09:50:26 - [MESSAGE][PASSED] - Browser is opened with url: ''

2019-03-25 09:50:26 - [TEST_STEP][PASSED] - navigateToUrl("http://helpdesk.wisky.vn/"): Navigate to 'http://helpdesk.wisky.vn/' successfully

2019-03-25 09:50:29 - [MESSAGE][PASSED] - Navigate to 'http://helpdesk.wisky.vn/' successfully

2019-03-25 09:50:29 - [TEST_STEP][PASSED] - setText(findTestObject("TypeOfDevice/Type of device-04/Page_ODTS System/input_ODTS_username"), "admin01"): Text 'admin01' is set on object 'Object Repository/TypeOfDevice/Type of device-04/Page_ODTS System/input_ODTS_username'

2019-03-25 09:50:29 - [MESSAGE][PASSED] - Text 'admin01' is set on object 'Object Repository/TypeOfDevice/Type of device-04/Page_ODTS System/input_ODTS_username'

2019-03-25 09:50:29 - [TEST_STEP][PASSED] - setEncryptedText(findTestObject("TypeOfDevice/Type of device-04/Page_ODTS System/input_ODTS_password"), "aeHFOx8jV/A="): Text ****** has been set on object 'Object Repository/TypeOfDevice/Type of device-04/Page_ODTS System/input_ODTS_password'

2019-03-25 09:50:29 - [MESSAGE][PASSED] - Text ****** has been set on object 'Object Repository/TypeOfDevice/Type of device-04/Page_ODTS System/input_ODTS_password'

2019-03-25 09:50:29 - [TEST_STEP][PASSED] - click(findTestObject("TypeOfDevice/Type of device-04/Page_ODTS System/button_ng Nhp")): Object: 'Object Repository/TypeOfDevice/Type of device-04/Page_ODTS System/button_ng Nhp' is clicked on

2019-03-25 09:50:29 - [MESSAGE][PASSED] - Object: 'Object Repository/TypeOfDevice/Type of device-04/Page_ODTS System/button_ng Nhp' is clicked on

2019-03-25 09:50:29 - [TEST_STEP][PASSED] - click(findTestObject("TypeOfDevice/Type of device-04/Page_ODTS System/a_Loi Thit B")): Object: 'Object Repository/TypeOfDevice/Type of device-04/Page_ODTS System/a_Loi Thit B' is clicked on

2019-03-25 09:50:34 - [MESSAGE][PASSED] - Object: 'Object Repository/TypeOfDevice/Type of device-04/Page_ODTS System/a_Loi Thit B' is clicked on

2019-03-25 09:50:34 - [TEST_STEP][PASSED] - click(findTestObject("TypeOfDevice/Type of device-04/Page_ODTS System/fieldSearch")): Object: 'Object Repository/TypeOfDevice/Type of device-04/Page_ODTS System/fieldSearch' is clicked on

2019-03-25 09:50:34 - [MESSAGE][PASSED] - Object: 'Object Repository/TypeOfDevice/Type of device-04/Page_ODTS System/fieldSearch' is clicked on

2019-03-25 09:50:34 - [TEST_STEP][PASSED] - setText(findTestObject("TypeOfDevice/Type of device-04/Page_ODTS System/input"), "anhtest"): Text 'anhtest' is set on object 'Object Repository/TypeOfDevice/Type of device-04/Page_ODTS System/input'

2019-03-25 09:50:35 - [MESSAGE][PASSED] - Text 'anhtest' is set on object 'Object Repository/TypeOfDevice/Type of device-04/Page_ODTS System/input'

2019-03-25 09:50:35 - [TEST_STEP][PASSED] - click(findTestObject("TypeOfDevice/Type of device-04/Page_ODTS System/button_hihi22_btn btn-danger f")): Object: 'Object Repository/TypeOfDevice/Type of device-04/Page_ODTS System/button_hihi22_btn btn-danger f' is clicked on

2019-03-25 09:50:35 - [MESSAGE][PASSED] - Object: 'Object Repository/TypeOfDevice/Type of device-04/Page_ODTS System/button_hihi22_btn btn-danger f' is clicked on

2019-03-25 09:50:35 - [TEST_STEP][PASSED] - click(findTestObject("TypeOfDevice/Type of device-04/Page_ODTS System/button_Chp Nhn Xa")): Object: 'Object Repository/TypeOfDevice/Type of device-04/Page_ODTS System/button_Chp Nhn Xa' is clicked on

2019-03-25 09:50:35 - [MESSAGE][PASSED] - Object: 'Object Repository/TypeOfDevice/Type of device-04/Page_ODTS System/button_Chp Nhn Xa' is clicked on

2019-03-25 09:50:35 - [TEST_STEP][PASSED] - waitForAlert(1): No alert found after 1 second(s).

2019-03-25 09:50:36 - [MESSAGE][WARNING] - No alert found after 1 second(s).

2019-03-25 09:50:36 - [TEST_STEP][PASSED] - click(findTestObject("TypeOfDevice/Type of device-04/Page_ODTS System/button_OK")): Object: 'Object Repository/TypeOfDevice/Type of device-04/Page_ODTS System/button_OK' is clicked on

2019-03-25 09:50:36 - [MESSAGE][PASSED] - Object: 'Object Repository/TypeOfDevice/Type of device-04/Page_ODTS System/button_OK' is clicked on

2019-03-25 09:50:36 - [TEST_STEP][PASSED] - verifyElementVisible(findTestObject("TypeOfDevice/Type of device-04/Page_ODTS System/td_Khng c d liu ph hp")): Object 'Object Repository/TypeOfDevice/Type of device-04/Page_ODTS System/td_Khng c d liu ph hp' is visible

2019-03-25 09:50:36 - [MESSAGE][PASSED] - Object 'Object Repository/TypeOfDevice/Type of device-04/Page_ODTS System/td_Khng c d liu ph hp' is visible

2019-03-25 09:50:36 - [TEST_STEP][PASSED] - writer2 = new java.io.PrintWriter(C:\Users\pc\HelpdeskAutomation\creDateTypeOfDevice.txt): null

2019-03-25 09:50:36 - [TEST_STEP][PASSED] - writer2.print(""): null

2019-03-25 09:50:36 - [TEST_STEP][PASSED] - writer2.close(): null

2019-03-25 09:50:36 - [TEST_STEP][PASSED] - writer = new java.io.PrintWriter(C:\Users\pc\HelpdeskAutomation\upDateTypeOfDevice.txt): null

2019-03-25 09:50:36 - [TEST_STEP][PASSED] - writer.print(""): null

2019-03-25 09:50:36 - [TEST_STEP][PASSED] - writer.close(): null

2019-03-25 09:50:36 - [TEST_STEP][PASSED] - closeBrowser(): Browser is closed

2019-03-25 09:50:37 - [MESSAGE][PASSED] - Browser is closed]]></system-out>
         <system-err><![CDATA[]]></system-err>
      </testcase>
      <system-out><![CDATA[2019-03-25 09:49:20 - [TEST_SUITE][FAILED] - TypeOfDevice01-02-03-04: Test Cases/TypeOfDevice/Type of device-01 FAILED.
Reason:
com.kms.katalon.core.exception.StepFailedException: Actual text 'Camera' and expected text 'CAMERA' of test object 'Object Repository/TypeOfDevice/Type of device-01/Page_ODTS System/td_CAMERA' are NOT matched.
	at com.kms.katalon.core.keyword.internal.KeywordMain.stepFailed(KeywordMain.groovy:37)
	at com.kms.katalon.core.webui.keyword.internal.WebUIKeywordMain.stepFailed(WebUIKeywordMain.groovy:65)
	at com.kms.katalon.core.webui.keyword.builtin.VerifyElementTextKeyword$_verifyElementText_closure1.doCall(VerifyElementTextKeyword.groovy:57)
	at com.kms.katalon.core.webui.keyword.builtin.VerifyElementTextKeyword$_verifyElementText_closure1.call(VerifyElementTextKeyword.groovy)
	at com.kms.katalon.core.webui.keyword.internal.WebUIKeywordMain.runKeyword(WebUIKeywordMain.groovy:21)
	at com.kms.katalon.core.webui.keyword.builtin.VerifyElementTextKeyword.verifyElementText(VerifyElementTextKeyword.groovy:72)
	at com.kms.katalon.core.webui.keyword.builtin.VerifyElementTextKeyword.execute(VerifyElementTextKeyword.groovy:40)
	at com.kms.katalon.core.keyword.internal.KeywordExecutor.executeKeywordForPlatform(KeywordExecutor.groovy:56)
	at com.kms.katalon.core.webui.keyword.WebUiBuiltInKeywords.verifyElementText(WebUiBuiltInKeywords.groovy:3663)
	at com.kms.katalon.core.webui.keyword.WebUiBuiltInKeywords$verifyElementText$6.call(Unknown Source)
	at Type of device-01.run(Type of device-01:79)
	at com.kms.katalon.core.main.ScriptEngine.run(ScriptEngine.java:194)
	at com.kms.katalon.core.main.ScriptEngine.runScriptAsRawText(ScriptEngine.java:119)
	at com.kms.katalon.core.main.TestCaseExecutor.runScript(TestCaseExecutor.java:331)
	at com.kms.katalon.core.main.TestCaseExecutor.doExecute(TestCaseExecutor.java:322)
	at com.kms.katalon.core.main.TestCaseExecutor.processExecutionPhase(TestCaseExecutor.java:301)
	at com.kms.katalon.core.main.TestCaseExecutor.accessMainPhase(TestCaseExecutor.java:293)
	at com.kms.katalon.core.main.TestCaseExecutor.execute(TestCaseExecutor.java:227)
	at com.kms.katalon.core.main.TestSuiteExecutor.accessTestCaseMainPhase(TestSuiteExecutor.java:129)
	at com.kms.katalon.core.main.TestSuiteExecutor.accessTestSuiteMainPhase(TestSuiteExecutor.java:112)
	at com.kms.katalon.core.main.TestSuiteExecutor.execute(TestSuiteExecutor.java:81)
	at com.kms.katalon.core.main.TestCaseMain.startTestSuite(TestCaseMain.java:157)
	at com.kms.katalon.core.main.TestCaseMain$startTestSuite$0.call(Unknown Source)
	at TempTestSuite1553482158406.run(TempTestSuite1553482158406.groovy:35)]]></system-out>
      <system-err><![CDATA[2019-03-25 09:49:20 - [TEST_SUITE][FAILED] - TypeOfDevice01-02-03-04: Test Cases/TypeOfDevice/Type of device-01 FAILED.
Reason:
com.kms.katalon.core.exception.StepFailedException: Actual text 'Camera' and expected text 'CAMERA' of test object 'Object Repository/TypeOfDevice/Type of device-01/Page_ODTS System/td_CAMERA' are NOT matched.
	at com.kms.katalon.core.keyword.internal.KeywordMain.stepFailed(KeywordMain.groovy:37)
	at com.kms.katalon.core.webui.keyword.internal.WebUIKeywordMain.stepFailed(WebUIKeywordMain.groovy:65)
	at com.kms.katalon.core.webui.keyword.builtin.VerifyElementTextKeyword$_verifyElementText_closure1.doCall(VerifyElementTextKeyword.groovy:57)
	at com.kms.katalon.core.webui.keyword.builtin.VerifyElementTextKeyword$_verifyElementText_closure1.call(VerifyElementTextKeyword.groovy)
	at com.kms.katalon.core.webui.keyword.internal.WebUIKeywordMain.runKeyword(WebUIKeywordMain.groovy:21)
	at com.kms.katalon.core.webui.keyword.builtin.VerifyElementTextKeyword.verifyElementText(VerifyElementTextKeyword.groovy:72)
	at com.kms.katalon.core.webui.keyword.builtin.VerifyElementTextKeyword.execute(VerifyElementTextKeyword.groovy:40)
	at com.kms.katalon.core.keyword.internal.KeywordExecutor.executeKeywordForPlatform(KeywordExecutor.groovy:56)
	at com.kms.katalon.core.webui.keyword.WebUiBuiltInKeywords.verifyElementText(WebUiBuiltInKeywords.groovy:3663)
	at com.kms.katalon.core.webui.keyword.WebUiBuiltInKeywords$verifyElementText$6.call(Unknown Source)
	at Type of device-01.run(Type of device-01:79)
	at com.kms.katalon.core.main.ScriptEngine.run(ScriptEngine.java:194)
	at com.kms.katalon.core.main.ScriptEngine.runScriptAsRawText(ScriptEngine.java:119)
	at com.kms.katalon.core.main.TestCaseExecutor.runScript(TestCaseExecutor.java:331)
	at com.kms.katalon.core.main.TestCaseExecutor.doExecute(TestCaseExecutor.java:322)
	at com.kms.katalon.core.main.TestCaseExecutor.processExecutionPhase(TestCaseExecutor.java:301)
	at com.kms.katalon.core.main.TestCaseExecutor.accessMainPhase(TestCaseExecutor.java:293)
	at com.kms.katalon.core.main.TestCaseExecutor.execute(TestCaseExecutor.java:227)
	at com.kms.katalon.core.main.TestSuiteExecutor.accessTestCaseMainPhase(TestSuiteExecutor.java:129)
	at com.kms.katalon.core.main.TestSuiteExecutor.accessTestSuiteMainPhase(TestSuiteExecutor.java:112)
	at com.kms.katalon.core.main.TestSuiteExecutor.execute(TestSuiteExecutor.java:81)
	at com.kms.katalon.core.main.TestCaseMain.startTestSuite(TestCaseMain.java:157)
	at com.kms.katalon.core.main.TestCaseMain$startTestSuite$0.call(Unknown Source)
	at TempTestSuite1553482158406.run(TempTestSuite1553482158406.groovy:35)]]></system-err>
   </testsuite>
</testsuites>
