<?xml version="1.0" encoding="UTF-8"?>
<testsuites name="TypeOfDevice01-02-03-04" time="46" tests="2" failures="1" errors="1">
   <testsuite name="TypeOfDevice01-02-03-04" tests="2" failures="1" errors="1" time="46" timestamp="2019-02-25 11:05:06" hostname="Ninja - AnhNVSE63446" id="Test Suites/TypeOfDevice01-02-03-04">
      <properties>
         <property name="deviceName" value=""/>
         <property name="devicePlatform" value=""/>
         <property name="logFolder" value="C:\\Users\\pc\\Katalon Studio\\Helpdesk\\Reports\\TypeOfDevice01-02-03-04\\20190225_110459"/>
         <property name="logFiles" value="C:\\Users\\pc\\Katalon Studio\\Helpdesk\\Reports\\TypeOfDevice01-02-03-04\\20190225_110459\\execution0.log"/>
         <property name="attachments" value="C:\\Users\\pc\\Katalon Studio\\Helpdesk\\Reports\\TypeOfDevice01-02-03-04\\20190225_110459\\1551067551780.png"/>
         <property name="hostName" value="Ninja - AnhNVSE63446"/>
         <property name="os" value="Windows 10 64bit"/>
         <property name="katalonVersion" value="5.10.0.1"/>
         <property name="browser" value="Chrome 72.0.3626.119"/>
         <property name="hostAddress" value="192.168.175.1"/>
         <property name="sessionId" value="495409886d3ac9294ce35a4de5e9039b"/>
         <property name="seleniumVersion" value="3.7.1"/>
         <property name="proxyInformation" value="ProxyInformation{proxyOption=NO_PROXY, proxyServerType=HTTP, password=, proxyServerAddress=, proxyServerPort=0}"/>
         <property name="platform" value="Windows 10"/>
      </properties>
      <testcase name="Test Cases/TypeOfDevice/typeOfDevice01" classname="Test Cases/TypeOfDevice/typeOfDevice01" status="PASSED">
         <system-out><![CDATA[2019-02-25 11:05:07 - [TEST_CASE][PASSED] - Test Cases/TypeOfDevice/typeOfDevice01: Test Cases/TypeOfDevice/typeOfDevice01

2019-02-25 11:05:08 - [TEST_STEP][PASSED] - openBrowser(""): Browser is opened with url: ''

2019-02-25 11:05:08 - [MESSAGE][INFO] - Starting 'Chrome' driver

2019-02-25 11:05:08 - [MESSAGE][INFO] - Action delay is set to 0 seconds

2019-02-25 11:05:14 - [MESSAGE][PASSED] - Browser is opened with url: ''

2019-02-25 11:05:14 - [TEST_STEP][PASSED] - navigateToUrl("http://helpdesk.wisky.vn/"): Navigate to 'http://helpdesk.wisky.vn/' successfully

2019-02-25 11:05:15 - [MESSAGE][PASSED] - Navigate to 'http://helpdesk.wisky.vn/' successfully

2019-02-25 11:05:15 - [TEST_STEP][PASSED] - setText(findTestObject("TypeOfDevice/TypeOfDevice01/Page_ODTS System/input_ODTS_username"), "admin01"): Text 'admin01' is set on object 'Object Repository/TypeOfDevice/TypeOfDevice01/Page_ODTS System/input_ODTS_username'

2019-02-25 11:05:16 - [MESSAGE][PASSED] - Text 'admin01' is set on object 'Object Repository/TypeOfDevice/TypeOfDevice01/Page_ODTS System/input_ODTS_username'

2019-02-25 11:05:16 - [TEST_STEP][PASSED] - setEncryptedText(findTestObject("TypeOfDevice/TypeOfDevice01/Page_ODTS System/input_ODTS_password"), "aeHFOx8jV/A="): Text ****** has been set on object 'Object Repository/TypeOfDevice/TypeOfDevice01/Page_ODTS System/input_ODTS_password'

2019-02-25 11:05:16 - [MESSAGE][PASSED] - Text ****** has been set on object 'Object Repository/TypeOfDevice/TypeOfDevice01/Page_ODTS System/input_ODTS_password'

2019-02-25 11:05:16 - [TEST_STEP][PASSED] - click(findTestObject("TypeOfDevice/TypeOfDevice01/Page_ODTS System/button_ng Nhp")): Object: 'Object Repository/TypeOfDevice/TypeOfDevice01/Page_ODTS System/button_ng Nhp' is clicked on

2019-02-25 11:05:16 - [MESSAGE][PASSED] - Object: 'Object Repository/TypeOfDevice/TypeOfDevice01/Page_ODTS System/button_ng Nhp' is clicked on

2019-02-25 11:05:16 - [TEST_STEP][PASSED] - click(findTestObject("TypeOfDevice/TypeOfDevice01/Page_ODTS System/a_Loi Thit B")): Object: 'Object Repository/TypeOfDevice/TypeOfDevice01/Page_ODTS System/a_Loi Thit B' is clicked on

2019-02-25 11:05:18 - [MESSAGE][PASSED] - Object: 'Object Repository/TypeOfDevice/TypeOfDevice01/Page_ODTS System/a_Loi Thit B' is clicked on

2019-02-25 11:05:18 - [TEST_STEP][PASSED] - waitForAlert(1): No alert found after 1 second(s).

2019-02-25 11:05:19 - [MESSAGE][WARNING] - No alert found after 1 second(s).

2019-02-25 11:05:19 - [TEST_STEP][PASSED] - click(findTestObject("TypeOfDevice/TypeOfDevice01/Page_ODTS System/font_To Loi Thit B")): Object: 'Object Repository/TypeOfDevice/TypeOfDevice01/Page_ODTS System/font_To Loi Thit B' is clicked on

2019-02-25 11:05:20 - [MESSAGE][PASSED] - Object: 'Object Repository/TypeOfDevice/TypeOfDevice01/Page_ODTS System/font_To Loi Thit B' is clicked on

2019-02-25 11:05:20 - [TEST_STEP][PASSED] - waitForAlert(1): No alert found after 1 second(s).

2019-02-25 11:05:21 - [MESSAGE][WARNING] - No alert found after 1 second(s).

2019-02-25 11:05:21 - [TEST_STEP][PASSED] - setText(findTestObject("TypeOfDevice/TypeOfDevice01/Page_ODTS System/input_Tn Loi Thit B_dtNameCrea"), "anhtest"): Text 'anhtest' is set on object 'Object Repository/TypeOfDevice/TypeOfDevice01/Page_ODTS System/input_Tn Loi Thit B_dtNameCrea'

2019-02-25 11:05:21 - [MESSAGE][PASSED] - Text 'anhtest' is set on object 'Object Repository/TypeOfDevice/TypeOfDevice01/Page_ODTS System/input_Tn Loi Thit B_dtNameCrea'

2019-02-25 11:05:21 - [TEST_STEP][PASSED] - waitForAlert(1): No alert found after 1 second(s).

2019-02-25 11:05:22 - [MESSAGE][WARNING] - No alert found after 1 second(s).

2019-02-25 11:05:22 - [TEST_STEP][PASSED] - click(findTestObject("TypeOfDevice/TypeOfDevice01/Page_ODTS System/span_--Chn Loi Dch V--")): Object: 'Object Repository/TypeOfDevice/TypeOfDevice01/Page_ODTS System/span_--Chn Loi Dch V--' is clicked on

2019-02-25 11:05:22 - [MESSAGE][PASSED] - Object: 'Object Repository/TypeOfDevice/TypeOfDevice01/Page_ODTS System/span_--Chn Loi Dch V--' is clicked on

2019-02-25 11:05:22 - [TEST_STEP][PASSED] - setText(findTestObject("TypeOfDevice/TypeOfDevice01/Page_ODTS System/input_ng_select2-search__field"), "CAMERA"): Text 'CAMERA' is set on object 'Object Repository/TypeOfDevice/TypeOfDevice01/Page_ODTS System/input_ng_select2-search__field'

2019-02-25 11:05:22 - [MESSAGE][PASSED] - Text 'CAMERA' is set on object 'Object Repository/TypeOfDevice/TypeOfDevice01/Page_ODTS System/input_ng_select2-search__field'

2019-02-25 11:05:22 - [TEST_STEP][PASSED] - sendKeys(findTestObject("TypeOfDevice/TypeOfDevice01/Page_ODTS System/input_ng_select2-search__field"), Keys.chord(ENTER)): Keys 'ENTER + ' sent to object: 'Object Repository/TypeOfDevice/TypeOfDevice01/Page_ODTS System/input_ng_select2-search__field'

2019-02-25 11:05:22 - [MESSAGE][PASSED] - Keys 'ENTER + ' sent to object: 'Object Repository/TypeOfDevice/TypeOfDevice01/Page_ODTS System/input_ng_select2-search__field'

2019-02-25 11:05:22 - [TEST_STEP][PASSED] - waitForAlert(1): No alert found after 1 second(s).

2019-02-25 11:05:23 - [MESSAGE][WARNING] - No alert found after 1 second(s).

2019-02-25 11:05:23 - [TEST_STEP][PASSED] - setText(findTestObject("TypeOfDevice/TypeOfDevice01/Page_ODTS System/input_M T Loi Thit B_dtDescrip"), "hihi"): Text 'hihi' is set on object 'Object Repository/TypeOfDevice/TypeOfDevice01/Page_ODTS System/input_M T Loi Thit B_dtDescrip'

2019-02-25 11:05:24 - [MESSAGE][PASSED] - Text 'hihi' is set on object 'Object Repository/TypeOfDevice/TypeOfDevice01/Page_ODTS System/input_M T Loi Thit B_dtDescrip'

2019-02-25 11:05:24 - [TEST_STEP][PASSED] - CDATE = SimpleDateFormat(dd/MM/yyyy).format(getInstance().getTime()): null

2019-02-25 11:05:24 - [TEST_STEP][PASSED] - writer = null: null

2019-02-25 11:05:24 - [TEST_STEP][PASSED] - writer2 = null: null

2019-02-25 11:05:24 - [TEST_STEP][PASSED] - try: null

2019-02-25 11:05:24 - [TEST_STEP][PASSED] - writer = new java.io.BufferedWriter(new java.io.OutputStreamWriter(new java.io.FileOutputStream(C:\Users\pc\Katalon Studio\Helpdesk\creDateTypeOfDevice.txt), utf-8)): null

2019-02-25 11:05:24 - [TEST_STEP][PASSED] - writer.write(CDATE): null

2019-02-25 11:05:24 - [TEST_STEP][PASSED] - writer2 = new java.io.BufferedWriter(new java.io.OutputStreamWriter(new java.io.FileOutputStream(C:\Users\pc\Katalon Studio\Helpdesk\upDateTypeOfDevice.txt), utf-8)): null

2019-02-25 11:05:24 - [TEST_STEP][PASSED] - writer2.write(CDATE): null

2019-02-25 11:05:24 - [TEST_STEP][PASSED] - Finally: null

2019-02-25 11:05:24 - [TEST_STEP][PASSED] - try: null

2019-02-25 11:05:24 - [TEST_STEP][PASSED] - writer.close(): null

2019-02-25 11:05:24 - [TEST_STEP][PASSED] - writer2.close(): null

2019-02-25 11:05:24 - [TEST_STEP][PASSED] - waitForAlert(1): No alert found after 1 second(s).

2019-02-25 11:05:25 - [MESSAGE][WARNING] - No alert found after 1 second(s).

2019-02-25 11:05:25 - [TEST_STEP][PASSED] - click(findTestObject("TypeOfDevice/TypeOfDevice01/Page_ODTS System/button_To Mi")): Object: 'Object Repository/TypeOfDevice/TypeOfDevice01/Page_ODTS System/button_To Mi' is clicked on

2019-02-25 11:05:25 - [MESSAGE][PASSED] - Object: 'Object Repository/TypeOfDevice/TypeOfDevice01/Page_ODTS System/button_To Mi' is clicked on

2019-02-25 11:05:25 - [TEST_STEP][PASSED] - waitForAlert(1): No alert found after 1 second(s).

2019-02-25 11:05:26 - [MESSAGE][WARNING] - No alert found after 1 second(s).

2019-02-25 11:05:26 - [TEST_STEP][PASSED] - click(findTestObject("TypeOfDevice/TypeOfDevice01/Page_ODTS System/button_OK")): Object: 'Object Repository/TypeOfDevice/TypeOfDevice01/Page_ODTS System/button_OK' is clicked on

2019-02-25 11:05:26 - [MESSAGE][PASSED] - Object: 'Object Repository/TypeOfDevice/TypeOfDevice01/Page_ODTS System/button_OK' is clicked on

2019-02-25 11:05:26 - [TEST_STEP][PASSED] - waitForAlert(1): No alert found after 1 second(s).

2019-02-25 11:05:27 - [MESSAGE][WARNING] - No alert found after 1 second(s).

2019-02-25 11:05:27 - [TEST_STEP][PASSED] - click(findTestObject("TypeOfDevice/TypeOfDevice01/Page_ODTS System/fieldSearch")): Object: 'Object Repository/TypeOfDevice/TypeOfDevice01/Page_ODTS System/fieldSearch' is clicked on

2019-02-25 11:05:27 - [MESSAGE][PASSED] - Object: 'Object Repository/TypeOfDevice/TypeOfDevice01/Page_ODTS System/fieldSearch' is clicked on

2019-02-25 11:05:27 - [TEST_STEP][PASSED] - setText(findTestObject("TypeOfDevice/TypeOfDevice01/Page_ODTS System/input"), "anhtest"): Text 'anhtest' is set on object 'Object Repository/TypeOfDevice/TypeOfDevice01/Page_ODTS System/input'

2019-02-25 11:05:27 - [MESSAGE][PASSED] - Text 'anhtest' is set on object 'Object Repository/TypeOfDevice/TypeOfDevice01/Page_ODTS System/input'

2019-02-25 11:05:27 - [TEST_STEP][PASSED] - verifyElementText(findTestObject("TypeOfDevice/TypeOfDevice01/Page_ODTS System/td_anhtest"), "anhtest"): Actual text and expected text of test object 'Object Repository/TypeOfDevice/TypeOfDevice01/Page_ODTS System/td_anhtest' are matched.

2019-02-25 11:05:27 - [MESSAGE][PASSED] - Actual text and expected text of test object 'Object Repository/TypeOfDevice/TypeOfDevice01/Page_ODTS System/td_anhtest' are matched.

2019-02-25 11:05:27 - [TEST_STEP][PASSED] - verifyElementText(findTestObject("TypeOfDevice/TypeOfDevice01/Page_ODTS System/td_CAMERA"), "CAMERA"): Actual text and expected text of test object 'Object Repository/TypeOfDevice/TypeOfDevice01/Page_ODTS System/td_CAMERA' are matched.

2019-02-25 11:05:27 - [MESSAGE][PASSED] - Actual text and expected text of test object 'Object Repository/TypeOfDevice/TypeOfDevice01/Page_ODTS System/td_CAMERA' are matched.

2019-02-25 11:05:27 - [TEST_STEP][PASSED] - verifyElementText(findTestObject("TypeOfDevice/TypeOfDevice01/Page_ODTS System/td_hihi"), "hihi"): Actual text and expected text of test object 'Object Repository/TypeOfDevice/TypeOfDevice01/Page_ODTS System/td_hihi' are matched.

2019-02-25 11:05:28 - [MESSAGE][PASSED] - Actual text and expected text of test object 'Object Repository/TypeOfDevice/TypeOfDevice01/Page_ODTS System/td_hihi' are matched.

2019-02-25 11:05:28 - [TEST_STEP][PASSED] - verifyElementText(findTestObject("TypeOfDevice/TypeOfDevice01/Page_ODTS System/td_25022019"), CDATE): Actual text and expected text of test object 'Object Repository/TypeOfDevice/TypeOfDevice01/Page_ODTS System/td_25022019' are matched.

2019-02-25 11:05:28 - [MESSAGE][PASSED] - Actual text and expected text of test object 'Object Repository/TypeOfDevice/TypeOfDevice01/Page_ODTS System/td_25022019' are matched.

2019-02-25 11:05:28 - [TEST_STEP][PASSED] - closeBrowser(): Browser is closed

2019-02-25 11:05:28 - [MESSAGE][PASSED] - Browser is closed]]></system-out>
         <system-err><![CDATA[]]></system-err>
      </testcase>
      <testcase name="Test Cases/TypeOfDevice/typeOfDevice02" classname="Test Cases/TypeOfDevice/typeOfDevice02" status="PASSED">
         <system-out><![CDATA[2019-02-25 11:05:28 - [TEST_CASE][PASSED] - Test Cases/TypeOfDevice/typeOfDevice02: Test Cases/TypeOfDevice/typeOfDevice02

2019-02-25 11:05:29 - [TEST_STEP][PASSED] - openBrowser(""): Browser is opened with url: ''

2019-02-25 11:05:29 - [MESSAGE][INFO] - Starting 'Chrome' driver

2019-02-25 11:05:31 - [MESSAGE][PASSED] - Browser is opened with url: ''

2019-02-25 11:05:31 - [TEST_STEP][PASSED] - navigateToUrl("http://helpdesk.wisky.vn/"): Navigate to 'http://helpdesk.wisky.vn/' successfully

2019-02-25 11:05:33 - [MESSAGE][PASSED] - Navigate to 'http://helpdesk.wisky.vn/' successfully

2019-02-25 11:05:33 - [TEST_STEP][PASSED] - setText(findTestObject("Object Repository/TypeOfDevice/TypeOfDevice02/Page_ODTS System/input_ODTS_username"), "admin01"): Text 'admin01' is set on object 'Object Repository/TypeOfDevice/TypeOfDevice02/Page_ODTS System/input_ODTS_username'

2019-02-25 11:05:33 - [MESSAGE][PASSED] - Text 'admin01' is set on object 'Object Repository/TypeOfDevice/TypeOfDevice02/Page_ODTS System/input_ODTS_username'

2019-02-25 11:05:33 - [TEST_STEP][PASSED] - setEncryptedText(findTestObject("Object Repository/TypeOfDevice/TypeOfDevice02/Page_ODTS System/input_ODTS_password"), "aeHFOx8jV/A="): Text ****** has been set on object 'Object Repository/TypeOfDevice/TypeOfDevice02/Page_ODTS System/input_ODTS_password'

2019-02-25 11:05:33 - [MESSAGE][PASSED] - Text ****** has been set on object 'Object Repository/TypeOfDevice/TypeOfDevice02/Page_ODTS System/input_ODTS_password'

2019-02-25 11:05:33 - [TEST_STEP][PASSED] - click(findTestObject("Object Repository/TypeOfDevice/TypeOfDevice02/Page_ODTS System/button_ng Nhp")): Object: 'Object Repository/TypeOfDevice/TypeOfDevice02/Page_ODTS System/button_ng Nhp' is clicked on

2019-02-25 11:05:33 - [MESSAGE][PASSED] - Object: 'Object Repository/TypeOfDevice/TypeOfDevice02/Page_ODTS System/button_ng Nhp' is clicked on

2019-02-25 11:05:33 - [TEST_STEP][PASSED] - click(findTestObject("Object Repository/TypeOfDevice/TypeOfDevice02/Page_ODTS System/a_Loi Thit B")): Object: 'Object Repository/TypeOfDevice/TypeOfDevice02/Page_ODTS System/a_Loi Thit B' is clicked on

2019-02-25 11:05:36 - [MESSAGE][PASSED] - Object: 'Object Repository/TypeOfDevice/TypeOfDevice02/Page_ODTS System/a_Loi Thit B' is clicked on

2019-02-25 11:05:36 - [TEST_STEP][PASSED] - click(findTestObject("Object Repository/TypeOfDevice/TypeOfDevice02/Page_ODTS System/fieldSearch")): Object: 'Object Repository/TypeOfDevice/TypeOfDevice02/Page_ODTS System/fieldSearch' is clicked on

2019-02-25 11:05:36 - [MESSAGE][PASSED] - Object: 'Object Repository/TypeOfDevice/TypeOfDevice02/Page_ODTS System/fieldSearch' is clicked on

2019-02-25 11:05:36 - [TEST_STEP][PASSED] - setText(findTestObject("Object Repository/TypeOfDevice/TypeOfDevice02/Page_ODTS System/input"), "anhtest"): Text 'anhtest' is set on object 'Object Repository/TypeOfDevice/TypeOfDevice02/Page_ODTS System/input'

2019-02-25 11:05:36 - [MESSAGE][PASSED] - Text 'anhtest' is set on object 'Object Repository/TypeOfDevice/TypeOfDevice02/Page_ODTS System/input'

2019-02-25 11:05:36 - [TEST_STEP][PASSED] - click(findTestObject("Object Repository/TypeOfDevice/TypeOfDevice02/Page_ODTS System/button_hihi_btn btn-info fa fa")): Object: 'Object Repository/TypeOfDevice/TypeOfDevice02/Page_ODTS System/button_hihi_btn btn-info fa fa' is clicked on

2019-02-25 11:05:36 - [MESSAGE][PASSED] - Object: 'Object Repository/TypeOfDevice/TypeOfDevice02/Page_ODTS System/button_hihi_btn btn-info fa fa' is clicked on

2019-02-25 11:05:36 - [TEST_STEP][PASSED] - waitForAlert(1): No alert found after 1 second(s).

2019-02-25 11:05:37 - [MESSAGE][WARNING] - No alert found after 1 second(s).

2019-02-25 11:05:37 - [TEST_STEP][PASSED] - verifyElementText(findTestObject("Object Repository/TypeOfDevice/TypeOfDevice02/Page_ODTS System/p_anhtest"), "anhtest"): Actual text and expected text of test object 'Object Repository/TypeOfDevice/TypeOfDevice02/Page_ODTS System/p_anhtest' are matched.

2019-02-25 11:05:37 - [MESSAGE][PASSED] - Actual text and expected text of test object 'Object Repository/TypeOfDevice/TypeOfDevice02/Page_ODTS System/p_anhtest' are matched.

2019-02-25 11:05:37 - [TEST_STEP][PASSED] - verifyElementText(findTestObject("Object Repository/TypeOfDevice/TypeOfDevice02/Page_ODTS System/p_CAMERA"), "CAMERA"): Actual text and expected text of test object 'Object Repository/TypeOfDevice/TypeOfDevice02/Page_ODTS System/p_CAMERA' are matched.

2019-02-25 11:05:37 - [MESSAGE][PASSED] - Actual text and expected text of test object 'Object Repository/TypeOfDevice/TypeOfDevice02/Page_ODTS System/p_CAMERA' are matched.

2019-02-25 11:05:37 - [TEST_STEP][PASSED] - verifyElementText(findTestObject("Object Repository/TypeOfDevice/TypeOfDevice02/Page_ODTS System/p_hihi"), "hihi"): Actual text and expected text of test object 'Object Repository/TypeOfDevice/TypeOfDevice02/Page_ODTS System/p_hihi' are matched.

2019-02-25 11:05:37 - [MESSAGE][PASSED] - Actual text and expected text of test object 'Object Repository/TypeOfDevice/TypeOfDevice02/Page_ODTS System/p_hihi' are matched.

2019-02-25 11:05:37 - [TEST_STEP][PASSED] - CDATE = null: null

2019-02-25 11:05:37 - [TEST_STEP][PASSED] - UDATE = null: null

2019-02-25 11:05:37 - [TEST_STEP][PASSED] - br = null: null

2019-02-25 11:05:37 - [TEST_STEP][PASSED] - try: null

2019-02-25 11:05:37 - [TEST_STEP][PASSED] - br = new java.io.BufferedReader(new java.io.FileReader(C:\Users\pc\Katalon Studio\Helpdesk\creDateTypeOfDevice.txt)): null

2019-02-25 11:05:37 - [TEST_STEP][PASSED] - sCurrentLine = <not implemented yet for class: org.codehaus.groovy.ast.expr.EmptyExpression>: null

2019-02-25 11:05:37 - [TEST_STEP][PASSED] - while (sCurrentLine = br.readLine() != null): null

2019-02-25 11:05:37 - [TEST_STEP][PASSED] - CDATE = sCurrentLine: null

2019-02-25 11:05:37 - [TEST_STEP][PASSED] - br = new java.io.BufferedReader(new java.io.FileReader(C:\Users\pc\Katalon Studio\Helpdesk\upDateTypeOfDevice.txt)): null

2019-02-25 11:05:37 - [TEST_STEP][PASSED] - sCurrentLine: null

2019-02-25 11:05:37 - [TEST_STEP][PASSED] - while (sCurrentLine = br.readLine() != null): null

2019-02-25 11:05:37 - [TEST_STEP][PASSED] - UDATE = sCurrentLine: null

2019-02-25 11:05:37 - [TEST_STEP][PASSED] - Finally: null

2019-02-25 11:05:37 - [TEST_STEP][PASSED] - br.close(): null

2019-02-25 11:05:37 - [TEST_STEP][PASSED] - verifyElementText(findTestObject("Object Repository/TypeOfDevice/TypeOfDevice02/Page_ODTS System/p_25022019"), CDATE): Actual text and expected text of test object 'Object Repository/TypeOfDevice/TypeOfDevice02/Page_ODTS System/p_25022019' are matched.

2019-02-25 11:05:37 - [MESSAGE][PASSED] - Actual text and expected text of test object 'Object Repository/TypeOfDevice/TypeOfDevice02/Page_ODTS System/p_25022019' are matched.

2019-02-25 11:05:37 - [TEST_STEP][PASSED] - verifyElementText(findTestObject("Object Repository/TypeOfDevice/TypeOfDevice02/Page_ODTS System/p_25022019_1"), UDATE): Actual text and expected text of test object 'Object Repository/TypeOfDevice/TypeOfDevice02/Page_ODTS System/p_25022019_1' are matched.

2019-02-25 11:05:37 - [MESSAGE][PASSED] - Actual text and expected text of test object 'Object Repository/TypeOfDevice/TypeOfDevice02/Page_ODTS System/p_25022019_1' are matched.

2019-02-25 11:05:37 - [TEST_STEP][PASSED] - click(findTestObject("Object Repository/TypeOfDevice/TypeOfDevice02/Page_ODTS System/button_ng")): Object: 'Object Repository/TypeOfDevice/TypeOfDevice02/Page_ODTS System/button_ng' is clicked on

2019-02-25 11:05:38 - [MESSAGE][PASSED] - Object: 'Object Repository/TypeOfDevice/TypeOfDevice02/Page_ODTS System/button_ng' is clicked on

2019-02-25 11:05:38 - [TEST_STEP][PASSED] - closeBrowser(): Browser is closed

2019-02-25 11:05:38 - [MESSAGE][PASSED] - Browser is closed]]></system-out>
         <system-err><![CDATA[]]></system-err>
      </testcase>
      <testcase name="Test Cases/TypeOfDevice/typeOfDevice03" classname="Test Cases/TypeOfDevice/typeOfDevice03" status="FAILED">
         <failure type="FAILED" message="Test Cases/TypeOfDevice/typeOfDevice03 FAILED.
Reason:
com.kms.katalon.core.exception.StepFailedException: Unable to click on object 'Object Repository/TypeOfDevice/TypeOfDevice03/Page_ODTS System/button_hihi22_btn btn-info fa' (Root cause: org.openqa.selenium.WebDriverException: unknown error: Element &lt;button type=&quot;button&quot; class=&quot;btn btn-info fa fa-eye&quot; data-toggle=&quot;modal&quot; data-target=&quot;&quot; onclick=&quot;getData(72)&quot;>&lt;/button> is not clickable at point (908, 235). Other element would receive the click: &lt;div class=&quot;swal2-container swal2-center swal2-fade swal2-shown&quot; style=&quot;overflow-y: auto;&quot;>...&lt;/div>
  (Session info: chrome=72.0.3626.119)
  (Driver info: chromedriver=2.43.600210 (68dcf5eebde37173d4027fa8635e332711d2874a),platform=Windows NT 10.0.17134 x86_64) (WARNING: The server did not provide any stacktrace information)
Command duration or timeout: 0 milliseconds
Build info: version: '3.7.1', revision: '8a0099a', time: '2017-11-06T21:07:36.161Z'
System info: host: 'ANHNVSE63446', ip: '192.168.175.1', os.name: 'Windows 10', os.arch: 'amd64', os.version: '10.0', java.version: '1.8.0_181'
Driver info: com.kms.katalon.selenium.driver.CChromeDriver
Capabilities {acceptInsecureCerts: false, acceptSslCerts: false, applicationCacheEnabled: false, browserConnectionEnabled: false, browserName: chrome, chrome: {chromedriverVersion: 2.43.600210 (68dcf5eebde371..., userDataDir: C:\Users\pc\AppData\Local\T...}, cssSelectorsEnabled: true, databaseEnabled: false, goog:chromeOptions: {debuggerAddress: localhost:55985}, handlesAlerts: true, hasTouchScreen: false, javascriptEnabled: true, locationContextEnabled: true, mobileEmulationEnabled: false, nativeEvents: true, networkConnectionEnabled: false, pageLoadStrategy: normal, platform: XP, platformName: XP, rotatable: false, setWindowRect: true, takesHeapSnapshot: true, takesScreenshot: true, unexpectedAlertBehaviour: , unhandledPromptBehavior: , version: 72.0.3626.119, webStorageEnabled: true}
Session ID: 495409886d3ac9294ce35a4de5e9039b)
	at com.kms.katalon.core.keyword.internal.KeywordMain.stepFailed(KeywordMain.groovy:36)
	at com.kms.katalon.core.webui.keyword.internal.WebUIKeywordMain.stepFailed(WebUIKeywordMain.groovy:65)
	at com.kms.katalon.core.webui.keyword.internal.WebUIKeywordMain.runKeyword(WebUIKeywordMain.groovy:27)
	at com.kms.katalon.core.webui.keyword.builtin.ClickKeyword.click(ClickKeyword.groovy:86)
	at com.kms.katalon.core.webui.keyword.builtin.ClickKeyword.execute(ClickKeyword.groovy:67)
	at com.kms.katalon.core.keyword.internal.KeywordExecutor.executeKeywordForPlatform(KeywordExecutor.groovy:53)
	at com.kms.katalon.core.webui.keyword.WebUiBuiltInKeywords.click(WebUiBuiltInKeywords.groovy:616)
	at com.kms.katalon.core.webui.keyword.WebUiBuiltInKeywords$click$3.call(Unknown Source)
	at typeOfDevice03.run(typeOfDevice03:65)
	at com.kms.katalon.core.main.ScriptEngine.run(ScriptEngine.java:194)
	at com.kms.katalon.core.main.ScriptEngine.runScriptAsRawText(ScriptEngine.java:119)
	at com.kms.katalon.core.main.TestCaseExecutor.runScript(TestCaseExecutor.java:328)
	at com.kms.katalon.core.main.TestCaseExecutor.doExecute(TestCaseExecutor.java:319)
	at com.kms.katalon.core.main.TestCaseExecutor.processExecutionPhase(TestCaseExecutor.java:298)
	at com.kms.katalon.core.main.TestCaseExecutor.accessMainPhase(TestCaseExecutor.java:290)
	at com.kms.katalon.core.main.TestCaseExecutor.execute(TestCaseExecutor.java:224)
	at com.kms.katalon.core.main.TestSuiteExecutor.accessTestCaseMainPhase(TestSuiteExecutor.java:129)
	at com.kms.katalon.core.main.TestSuiteExecutor.accessTestSuiteMainPhase(TestSuiteExecutor.java:112)
	at com.kms.katalon.core.main.TestSuiteExecutor.execute(TestSuiteExecutor.java:81)
	at com.kms.katalon.core.main.TestCaseMain.startTestSuite(TestCaseMain.java:149)
	at com.kms.katalon.core.main.TestCaseMain$startTestSuite$0.call(Unknown Source)
	at TempTestSuite1551067503713.run(TempTestSuite1551067503713.groovy:36)
"/>
         <system-out><![CDATA[2019-02-25 11:05:38 - [TEST_CASE][FAILED] - Test Cases/TypeOfDevice/typeOfDevice03: Test Cases/TypeOfDevice/typeOfDevice03 FAILED.
Reason:
com.kms.katalon.core.exception.StepFailedException: Unable to click on object 'Object Repository/TypeOfDevice/TypeOfDevice03/Page_ODTS System/button_hihi22_btn btn-info fa' (Root cause: org.openqa.selenium.WebDriverException: unknown error: Element <button type="button" class="btn btn-info fa fa-eye" data-toggle="modal" data-target="" onclick="getData(72)"></button> is not clickable at point (908, 235). Other element would receive the click: <div class="swal2-container swal2-center swal2-fade swal2-shown" style="overflow-y: auto;">...</div>
  (Session info: chrome=72.0.3626.119)
  (Driver info: chromedriver=2.43.600210 (68dcf5eebde37173d4027fa8635e332711d2874a),platform=Windows NT 10.0.17134 x86_64) (WARNING: The server did not provide any stacktrace information)
Command duration or timeout: 0 milliseconds
Build info: version: '3.7.1', revision: '8a0099a', time: '2017-11-06T21:07:36.161Z'
System info: host: 'ANHNVSE63446', ip: '192.168.175.1', os.name: 'Windows 10', os.arch: 'amd64', os.version: '10.0', java.version: '1.8.0_181'
Driver info: com.kms.katalon.selenium.driver.CChromeDriver
Capabilities {acceptInsecureCerts: false, acceptSslCerts: false, applicationCacheEnabled: false, browserConnectionEnabled: false, browserName: chrome, chrome: {chromedriverVersion: 2.43.600210 (68dcf5eebde371..., userDataDir: C:\Users\pc\AppData\Local\T...}, cssSelectorsEnabled: true, databaseEnabled: false, goog:chromeOptions: {debuggerAddress: localhost:55985}, handlesAlerts: true, hasTouchScreen: false, javascriptEnabled: true, locationContextEnabled: true, mobileEmulationEnabled: false, nativeEvents: true, networkConnectionEnabled: false, pageLoadStrategy: normal, platform: XP, platformName: XP, rotatable: false, setWindowRect: true, takesHeapSnapshot: true, takesScreenshot: true, unexpectedAlertBehaviour: , unhandledPromptBehavior: , version: 72.0.3626.119, webStorageEnabled: true}
Session ID: 495409886d3ac9294ce35a4de5e9039b)
	at com.kms.katalon.core.keyword.internal.KeywordMain.stepFailed(KeywordMain.groovy:36)
	at com.kms.katalon.core.webui.keyword.internal.WebUIKeywordMain.stepFailed(WebUIKeywordMain.groovy:65)
	at com.kms.katalon.core.webui.keyword.internal.WebUIKeywordMain.runKeyword(WebUIKeywordMain.groovy:27)
	at com.kms.katalon.core.webui.keyword.builtin.ClickKeyword.click(ClickKeyword.groovy:86)
	at com.kms.katalon.core.webui.keyword.builtin.ClickKeyword.execute(ClickKeyword.groovy:67)
	at com.kms.katalon.core.keyword.internal.KeywordExecutor.executeKeywordForPlatform(KeywordExecutor.groovy:53)
	at com.kms.katalon.core.webui.keyword.WebUiBuiltInKeywords.click(WebUiBuiltInKeywords.groovy:616)
	at com.kms.katalon.core.webui.keyword.WebUiBuiltInKeywords$click$3.call(Unknown Source)
	at typeOfDevice03.run(typeOfDevice03:65)
	at com.kms.katalon.core.main.ScriptEngine.run(ScriptEngine.java:194)
	at com.kms.katalon.core.main.ScriptEngine.runScriptAsRawText(ScriptEngine.java:119)
	at com.kms.katalon.core.main.TestCaseExecutor.runScript(TestCaseExecutor.java:328)
	at com.kms.katalon.core.main.TestCaseExecutor.doExecute(TestCaseExecutor.java:319)
	at com.kms.katalon.core.main.TestCaseExecutor.processExecutionPhase(TestCaseExecutor.java:298)
	at com.kms.katalon.core.main.TestCaseExecutor.accessMainPhase(TestCaseExecutor.java:290)
	at com.kms.katalon.core.main.TestCaseExecutor.execute(TestCaseExecutor.java:224)
	at com.kms.katalon.core.main.TestSuiteExecutor.accessTestCaseMainPhase(TestSuiteExecutor.java:129)
	at com.kms.katalon.core.main.TestSuiteExecutor.accessTestSuiteMainPhase(TestSuiteExecutor.java:112)
	at com.kms.katalon.core.main.TestSuiteExecutor.execute(TestSuiteExecutor.java:81)
	at com.kms.katalon.core.main.TestCaseMain.startTestSuite(TestCaseMain.java:149)
	at com.kms.katalon.core.main.TestCaseMain$startTestSuite$0.call(Unknown Source)
	at TempTestSuite1551067503713.run(TempTestSuite1551067503713.groovy:36)


2019-02-25 11:05:38 - [TEST_STEP][PASSED] - openBrowser(""): Browser is opened with url: ''

2019-02-25 11:05:38 - [MESSAGE][INFO] - Starting 'Chrome' driver

2019-02-25 11:05:41 - [MESSAGE][PASSED] - Browser is opened with url: ''

2019-02-25 11:05:41 - [TEST_STEP][PASSED] - navigateToUrl("http://helpdesk.wisky.vn/"): Navigate to 'http://helpdesk.wisky.vn/' successfully

2019-02-25 11:05:43 - [MESSAGE][PASSED] - Navigate to 'http://helpdesk.wisky.vn/' successfully

2019-02-25 11:05:43 - [TEST_STEP][PASSED] - setText(findTestObject("Object Repository/TypeOfDevice/TypeOfDevice03/Page_ODTS System/input_ODTS_username"), "admin01"): Text 'admin01' is set on object 'Object Repository/TypeOfDevice/TypeOfDevice03/Page_ODTS System/input_ODTS_username'

2019-02-25 11:05:43 - [MESSAGE][PASSED] - Text 'admin01' is set on object 'Object Repository/TypeOfDevice/TypeOfDevice03/Page_ODTS System/input_ODTS_username'

2019-02-25 11:05:43 - [TEST_STEP][PASSED] - setEncryptedText(findTestObject("Object Repository/TypeOfDevice/TypeOfDevice03/Page_ODTS System/input_ODTS_password"), "aeHFOx8jV/A="): Text ****** has been set on object 'Object Repository/TypeOfDevice/TypeOfDevice03/Page_ODTS System/input_ODTS_password'

2019-02-25 11:05:43 - [MESSAGE][PASSED] - Text ****** has been set on object 'Object Repository/TypeOfDevice/TypeOfDevice03/Page_ODTS System/input_ODTS_password'

2019-02-25 11:05:43 - [TEST_STEP][PASSED] - click(findTestObject("Object Repository/TypeOfDevice/TypeOfDevice03/Page_ODTS System/button_ng Nhp")): Object: 'Object Repository/TypeOfDevice/TypeOfDevice03/Page_ODTS System/button_ng Nhp' is clicked on

2019-02-25 11:05:43 - [MESSAGE][PASSED] - Object: 'Object Repository/TypeOfDevice/TypeOfDevice03/Page_ODTS System/button_ng Nhp' is clicked on

2019-02-25 11:05:43 - [TEST_STEP][PASSED] - click(findTestObject("Object Repository/TypeOfDevice/TypeOfDevice03/Page_ODTS System/a_Loi Thit B")): Object: 'Object Repository/TypeOfDevice/TypeOfDevice03/Page_ODTS System/a_Loi Thit B' is clicked on

2019-02-25 11:05:45 - [MESSAGE][PASSED] - Object: 'Object Repository/TypeOfDevice/TypeOfDevice03/Page_ODTS System/a_Loi Thit B' is clicked on

2019-02-25 11:05:45 - [TEST_STEP][PASSED] - click(findTestObject("Object Repository/TypeOfDevice/TypeOfDevice03/Page_ODTS System/fieldSearch")): Object: 'Object Repository/TypeOfDevice/TypeOfDevice03/Page_ODTS System/fieldSearch' is clicked on

2019-02-25 11:05:45 - [MESSAGE][PASSED] - Object: 'Object Repository/TypeOfDevice/TypeOfDevice03/Page_ODTS System/fieldSearch' is clicked on

2019-02-25 11:05:45 - [TEST_STEP][PASSED] - setText(findTestObject("Object Repository/TypeOfDevice/TypeOfDevice03/Page_ODTS System/input"), "anhtest"): Text 'anhtest' is set on object 'Object Repository/TypeOfDevice/TypeOfDevice03/Page_ODTS System/input'

2019-02-25 11:05:45 - [MESSAGE][PASSED] - Text 'anhtest' is set on object 'Object Repository/TypeOfDevice/TypeOfDevice03/Page_ODTS System/input'

2019-02-25 11:05:45 - [TEST_STEP][PASSED] - click(findTestObject("Object Repository/TypeOfDevice/TypeOfDevice03/Page_ODTS System/button_hihi_btn btn-warning fa")): Object: 'Object Repository/TypeOfDevice/TypeOfDevice03/Page_ODTS System/button_hihi_btn btn-warning fa' is clicked on

2019-02-25 11:05:45 - [MESSAGE][PASSED] - Object: 'Object Repository/TypeOfDevice/TypeOfDevice03/Page_ODTS System/button_hihi_btn btn-warning fa' is clicked on

2019-02-25 11:05:45 - [TEST_STEP][PASSED] - waitForAlert(1): No alert found after 1 second(s).

2019-02-25 11:05:46 - [MESSAGE][WARNING] - No alert found after 1 second(s).

2019-02-25 11:05:46 - [TEST_STEP][PASSED] - setText(findTestObject("Object Repository/TypeOfDevice/TypeOfDevice03/Page_ODTS System/input_Tn Loi Thit B_dtNameCrea"), "anhtest22"): Text 'anhtest22' is set on object 'Object Repository/TypeOfDevice/TypeOfDevice03/Page_ODTS System/input_Tn Loi Thit B_dtNameCrea'

2019-02-25 11:05:46 - [MESSAGE][PASSED] - Text 'anhtest22' is set on object 'Object Repository/TypeOfDevice/TypeOfDevice03/Page_ODTS System/input_Tn Loi Thit B_dtNameCrea'

2019-02-25 11:05:46 - [TEST_STEP][PASSED] - waitForAlert(1): No alert found after 1 second(s).

2019-02-25 11:05:47 - [MESSAGE][WARNING] - No alert found after 1 second(s).

2019-02-25 11:05:47 - [TEST_STEP][PASSED] - selectOptionByValue(findTestObject("Object Repository/TypeOfDevice/TypeOfDevice03/Page_ODTS System/select_--Chn Loi Dch V--WIFICA"), "1", true): All options with value '1' are selected in object 'Object Repository/TypeOfDevice/TypeOfDevice03/Page_ODTS System/select_--Chn Loi Dch V--WIFICA'  using regular expression

2019-02-25 11:05:48 - [MESSAGE][PASSED] - All options with value '1' are selected in object 'Object Repository/TypeOfDevice/TypeOfDevice03/Page_ODTS System/select_--Chn Loi Dch V--WIFICA'  using regular expression

2019-02-25 11:05:48 - [TEST_STEP][PASSED] - waitForAlert(1): No alert found after 1 second(s).

2019-02-25 11:05:49 - [MESSAGE][WARNING] - No alert found after 1 second(s).

2019-02-25 11:05:49 - [TEST_STEP][PASSED] - setText(findTestObject("Object Repository/TypeOfDevice/TypeOfDevice03/Page_ODTS System/input_M T Loi Thit B_dtDescrip"), "hihi22"): Text 'hihi22' is set on object 'Object Repository/TypeOfDevice/TypeOfDevice03/Page_ODTS System/input_M T Loi Thit B_dtDescrip'

2019-02-25 11:05:49 - [MESSAGE][PASSED] - Text 'hihi22' is set on object 'Object Repository/TypeOfDevice/TypeOfDevice03/Page_ODTS System/input_M T Loi Thit B_dtDescrip'

2019-02-25 11:05:49 - [TEST_STEP][PASSED] - waitForAlert(1): No alert found after 1 second(s).

2019-02-25 11:05:50 - [MESSAGE][WARNING] - No alert found after 1 second(s).

2019-02-25 11:05:50 - [TEST_STEP][PASSED] - UDATE = SimpleDateFormat(dd/MM/yyyy).format(getInstance().getTime()): null

2019-02-25 11:05:50 - [TEST_STEP][PASSED] - writer = null: null

2019-02-25 11:05:50 - [TEST_STEP][PASSED] - try: null

2019-02-25 11:05:50 - [TEST_STEP][PASSED] - writer = new java.io.BufferedWriter(new java.io.OutputStreamWriter(new java.io.FileOutputStream(C:\Users\pc\Katalon Studio\Helpdesk\upDateTypeOfDevice.txt), utf-8)): null

2019-02-25 11:05:50 - [TEST_STEP][PASSED] - writer.print(""): null

2019-02-25 11:05:50 - [TEST_STEP][PASSED] - writer.write(UDATE): null

2019-02-25 11:05:50 - [TEST_STEP][PASSED] - Finally: null

2019-02-25 11:05:50 - [TEST_STEP][PASSED] - try: null

2019-02-25 11:05:50 - [TEST_STEP][PASSED] - writer.close(): null

2019-02-25 11:05:50 - [TEST_STEP][PASSED] - click(findTestObject("Object Repository/TypeOfDevice/TypeOfDevice03/Page_ODTS System/button_Cp Nht")): Object: 'Object Repository/TypeOfDevice/TypeOfDevice03/Page_ODTS System/button_Cp Nht' is clicked on

2019-02-25 11:05:50 - [MESSAGE][PASSED] - Object: 'Object Repository/TypeOfDevice/TypeOfDevice03/Page_ODTS System/button_Cp Nht' is clicked on

2019-02-25 11:05:50 - [TEST_STEP][PASSED] - waitForAlert(1): No alert found after 1 second(s).

2019-02-25 11:05:51 - [MESSAGE][WARNING] - No alert found after 1 second(s).

2019-02-25 11:05:51 - [TEST_STEP][PASSED] - click(findTestObject("Object Repository/TypeOfDevice/TypeOfDevice03/Page_ODTS System/button_OK")): Object: 'Object Repository/TypeOfDevice/TypeOfDevice03/Page_ODTS System/button_OK' is clicked on

2019-02-25 11:05:51 - [MESSAGE][PASSED] - Object: 'Object Repository/TypeOfDevice/TypeOfDevice03/Page_ODTS System/button_OK' is clicked on

2019-02-25 11:05:51 - [TEST_STEP][FAILED] - click(findTestObject("Object Repository/TypeOfDevice/TypeOfDevice03/Page_ODTS System/button_hihi22_btn btn-info fa")): click(findTestObject("Object Repository/TypeOfDevice/TypeOfDevice03/Page_ODTS System/button_hihi22_btn btn-info fa")) FAILED.
Reason:
com.kms.katalon.core.exception.StepFailedException: Unable to click on object 'Object Repository/TypeOfDevice/TypeOfDevice03/Page_ODTS System/button_hihi22_btn btn-info fa' (Root cause: org.openqa.selenium.WebDriverException: unknown error: Element <button type="button" class="btn btn-info fa fa-eye" data-toggle="modal" data-target="" onclick="getData(72)"></button> is not clickable at point (908, 235). Other element would receive the click: <div class="swal2-container swal2-center swal2-fade swal2-shown" style="overflow-y: auto;">...</div>
  (Session info: chrome=72.0.3626.119)
  (Driver info: chromedriver=2.43.600210 (68dcf5eebde37173d4027fa8635e332711d2874a),platform=Windows NT 10.0.17134 x86_64) (WARNING: The server did not provide any stacktrace information)
Command duration or timeout: 0 milliseconds
Build info: version: '3.7.1', revision: '8a0099a', time: '2017-11-06T21:07:36.161Z'
System info: host: 'ANHNVSE63446', ip: '192.168.175.1', os.name: 'Windows 10', os.arch: 'amd64', os.version: '10.0', java.version: '1.8.0_181'
Driver info: com.kms.katalon.selenium.driver.CChromeDriver
Capabilities {acceptInsecureCerts: false, acceptSslCerts: false, applicationCacheEnabled: false, browserConnectionEnabled: false, browserName: chrome, chrome: {chromedriverVersion: 2.43.600210 (68dcf5eebde371..., userDataDir: C:\Users\pc\AppData\Local\T...}, cssSelectorsEnabled: true, databaseEnabled: false, goog:chromeOptions: {debuggerAddress: localhost:55985}, handlesAlerts: true, hasTouchScreen: false, javascriptEnabled: true, locationContextEnabled: true, mobileEmulationEnabled: false, nativeEvents: true, networkConnectionEnabled: false, pageLoadStrategy: normal, platform: XP, platformName: XP, rotatable: false, setWindowRect: true, takesHeapSnapshot: true, takesScreenshot: true, unexpectedAlertBehaviour: , unhandledPromptBehavior: , version: 72.0.3626.119, webStorageEnabled: true}
Session ID: 495409886d3ac9294ce35a4de5e9039b)
	at com.kms.katalon.core.keyword.internal.KeywordMain.stepFailed(KeywordMain.groovy:36)
	at com.kms.katalon.core.webui.keyword.internal.WebUIKeywordMain.stepFailed(WebUIKeywordMain.groovy:65)
	at com.kms.katalon.core.webui.keyword.internal.WebUIKeywordMain.runKeyword(WebUIKeywordMain.groovy:27)
	at com.kms.katalon.core.webui.keyword.builtin.ClickKeyword.click(ClickKeyword.groovy:86)
	at com.kms.katalon.core.webui.keyword.builtin.ClickKeyword.execute(ClickKeyword.groovy:67)
	at com.kms.katalon.core.keyword.internal.KeywordExecutor.executeKeywordForPlatform(KeywordExecutor.groovy:53)
	at com.kms.katalon.core.webui.keyword.WebUiBuiltInKeywords.click(WebUiBuiltInKeywords.groovy:616)
	at com.kms.katalon.core.webui.keyword.WebUiBuiltInKeywords$click$3.call(Unknown Source)
	at typeOfDevice03.run(typeOfDevice03:65)
	at com.kms.katalon.core.main.ScriptEngine.run(ScriptEngine.java:194)
	at com.kms.katalon.core.main.ScriptEngine.runScriptAsRawText(ScriptEngine.java:119)
	at com.kms.katalon.core.main.TestCaseExecutor.runScript(TestCaseExecutor.java:328)
	at com.kms.katalon.core.main.TestCaseExecutor.doExecute(TestCaseExecutor.java:319)
	at com.kms.katalon.core.main.TestCaseExecutor.processExecutionPhase(TestCaseExecutor.java:298)
	at com.kms.katalon.core.main.TestCaseExecutor.accessMainPhase(TestCaseExecutor.java:290)
	at com.kms.katalon.core.main.TestCaseExecutor.execute(TestCaseExecutor.java:224)
	at com.kms.katalon.core.main.TestSuiteExecutor.accessTestCaseMainPhase(TestSuiteExecutor.java:129)
	at com.kms.katalon.core.main.TestSuiteExecutor.accessTestSuiteMainPhase(TestSuiteExecutor.java:112)
	at com.kms.katalon.core.main.TestSuiteExecutor.execute(TestSuiteExecutor.java:81)
	at com.kms.katalon.core.main.TestCaseMain.startTestSuite(TestCaseMain.java:149)
	at com.kms.katalon.core.main.TestCaseMain$startTestSuite$0.call(Unknown Source)
	at TempTestSuite1551067503713.run(TempTestSuite1551067503713.groovy:36)


2019-02-25 11:05:52 - [MESSAGE][FAILED] - Unable to click on object 'Object Repository/TypeOfDevice/TypeOfDevice03/Page_ODTS System/button_hihi22_btn btn-info fa' (Root cause: org.openqa.selenium.WebDriverException: unknown error: Element <button type="button" class="btn btn-info fa fa-eye" data-toggle="modal" data-target="" onclick="getData(72)"></button> is not clickable at point (908, 235). Other element would receive the click: <div class="swal2-container swal2-center swal2-fade swal2-shown" style="overflow-y: auto;">...</div>
  (Session info: chrome=72.0.3626.119)
  (Driver info: chromedriver=2.43.600210 (68dcf5eebde37173d4027fa8635e332711d2874a),platform=Windows NT 10.0.17134 x86_64) (WARNING: The server did not provide any stacktrace information)
Command duration or timeout: 0 milliseconds
Build info: version: '3.7.1', revision: '8a0099a', time: '2017-11-06T21:07:36.161Z'
System info: host: 'ANHNVSE63446', ip: '192.168.175.1', os.name: 'Windows 10', os.arch: 'amd64', os.version: '10.0', java.version: '1.8.0_181'
Driver info: com.kms.katalon.selenium.driver.CChromeDriver
Capabilities {acceptInsecureCerts: false, acceptSslCerts: false, applicationCacheEnabled: false, browserConnectionEnabled: false, browserName: chrome, chrome: {chromedriverVersion: 2.43.600210 (68dcf5eebde371..., userDataDir: C:\Users\pc\AppData\Local\T...}, cssSelectorsEnabled: true, databaseEnabled: false, goog:chromeOptions: {debuggerAddress: localhost:55985}, handlesAlerts: true, hasTouchScreen: false, javascriptEnabled: true, locationContextEnabled: true, mobileEmulationEnabled: false, nativeEvents: true, networkConnectionEnabled: false, pageLoadStrategy: normal, platform: XP, platformName: XP, rotatable: false, setWindowRect: true, takesHeapSnapshot: true, takesScreenshot: true, unexpectedAlertBehaviour: , unhandledPromptBehavior: , version: 72.0.3626.119, webStorageEnabled: true}
Session ID: 495409886d3ac9294ce35a4de5e9039b)
[[ATTACHMENT|C:\\Users\\pc\\Katalon Studio\\Helpdesk\\Reports\\TypeOfDevice01-02-03-04\\20190225_110459\\1551067551780.png]]

2019-02-25 11:05:52 - [MESSAGE][FAILED] - click(findTestObject("Object Repository/TypeOfDevice/TypeOfDevice03/Page_ODTS System/button_hihi22_btn btn-info fa")) FAILED.
Reason:
com.kms.katalon.core.exception.StepFailedException: Unable to click on object 'Object Repository/TypeOfDevice/TypeOfDevice03/Page_ODTS System/button_hihi22_btn btn-info fa' (Root cause: org.openqa.selenium.WebDriverException: unknown error: Element <button type="button" class="btn btn-info fa fa-eye" data-toggle="modal" data-target="" onclick="getData(72)"></button> is not clickable at point (908, 235). Other element would receive the click: <div class="swal2-container swal2-center swal2-fade swal2-shown" style="overflow-y: auto;">...</div>
  (Session info: chrome=72.0.3626.119)
  (Driver info: chromedriver=2.43.600210 (68dcf5eebde37173d4027fa8635e332711d2874a),platform=Windows NT 10.0.17134 x86_64) (WARNING: The server did not provide any stacktrace information)
Command duration or timeout: 0 milliseconds
Build info: version: '3.7.1', revision: '8a0099a', time: '2017-11-06T21:07:36.161Z'
System info: host: 'ANHNVSE63446', ip: '192.168.175.1', os.name: 'Windows 10', os.arch: 'amd64', os.version: '10.0', java.version: '1.8.0_181'
Driver info: com.kms.katalon.selenium.driver.CChromeDriver
Capabilities {acceptInsecureCerts: false, acceptSslCerts: false, applicationCacheEnabled: false, browserConnectionEnabled: false, browserName: chrome, chrome: {chromedriverVersion: 2.43.600210 (68dcf5eebde371..., userDataDir: C:\Users\pc\AppData\Local\T...}, cssSelectorsEnabled: true, databaseEnabled: false, goog:chromeOptions: {debuggerAddress: localhost:55985}, handlesAlerts: true, hasTouchScreen: false, javascriptEnabled: true, locationContextEnabled: true, mobileEmulationEnabled: false, nativeEvents: true, networkConnectionEnabled: false, pageLoadStrategy: normal, platform: XP, platformName: XP, rotatable: false, setWindowRect: true, takesHeapSnapshot: true, takesScreenshot: true, unexpectedAlertBehaviour: , unhandledPromptBehavior: , version: 72.0.3626.119, webStorageEnabled: true}
Session ID: 495409886d3ac9294ce35a4de5e9039b)
	at com.kms.katalon.core.keyword.internal.KeywordMain.stepFailed(KeywordMain.groovy:36)
	at com.kms.katalon.core.webui.keyword.internal.WebUIKeywordMain.stepFailed(WebUIKeywordMain.groovy:65)
	at com.kms.katalon.core.webui.keyword.internal.WebUIKeywordMain.runKeyword(WebUIKeywordMain.groovy:27)
	at com.kms.katalon.core.webui.keyword.builtin.ClickKeyword.click(ClickKeyword.groovy:86)
	at com.kms.katalon.core.webui.keyword.builtin.ClickKeyword.execute(ClickKeyword.groovy:67)
	at com.kms.katalon.core.keyword.internal.KeywordExecutor.executeKeywordForPlatform(KeywordExecutor.groovy:53)
	at com.kms.katalon.core.webui.keyword.WebUiBuiltInKeywords.click(WebUiBuiltInKeywords.groovy:616)
	at com.kms.katalon.core.webui.keyword.WebUiBuiltInKeywords$click$3.call(Unknown Source)
	at typeOfDevice03.run(typeOfDevice03:65)
	at com.kms.katalon.core.main.ScriptEngine.run(ScriptEngine.java:194)
	at com.kms.katalon.core.main.ScriptEngine.runScriptAsRawText(ScriptEngine.java:119)
	at com.kms.katalon.core.main.TestCaseExecutor.runScript(TestCaseExecutor.java:328)
	at com.kms.katalon.core.main.TestCaseExecutor.doExecute(TestCaseExecutor.java:319)
	at com.kms.katalon.core.main.TestCaseExecutor.processExecutionPhase(TestCaseExecutor.java:298)
	at com.kms.katalon.core.main.TestCaseExecutor.accessMainPhase(TestCaseExecutor.java:290)
	at com.kms.katalon.core.main.TestCaseExecutor.execute(TestCaseExecutor.java:224)
	at com.kms.katalon.core.main.TestSuiteExecutor.accessTestCaseMainPhase(TestSuiteExecutor.java:129)
	at com.kms.katalon.core.main.TestSuiteExecutor.accessTestSuiteMainPhase(TestSuiteExecutor.java:112)
	at com.kms.katalon.core.main.TestSuiteExecutor.execute(TestSuiteExecutor.java:81)
	at com.kms.katalon.core.main.TestCaseMain.startTestSuite(TestCaseMain.java:149)
	at com.kms.katalon.core.main.TestCaseMain$startTestSuite$0.call(Unknown Source)
	at TempTestSuite1551067503713.run(TempTestSuite1551067503713.groovy:36)]]></system-out>
         <system-err><![CDATA[2019-02-25 11:05:38 - [TEST_CASE][FAILED] - Test Cases/TypeOfDevice/typeOfDevice03: Test Cases/TypeOfDevice/typeOfDevice03 FAILED.
Reason:
com.kms.katalon.core.exception.StepFailedException: Unable to click on object 'Object Repository/TypeOfDevice/TypeOfDevice03/Page_ODTS System/button_hihi22_btn btn-info fa' (Root cause: org.openqa.selenium.WebDriverException: unknown error: Element <button type="button" class="btn btn-info fa fa-eye" data-toggle="modal" data-target="" onclick="getData(72)"></button> is not clickable at point (908, 235). Other element would receive the click: <div class="swal2-container swal2-center swal2-fade swal2-shown" style="overflow-y: auto;">...</div>
  (Session info: chrome=72.0.3626.119)
  (Driver info: chromedriver=2.43.600210 (68dcf5eebde37173d4027fa8635e332711d2874a),platform=Windows NT 10.0.17134 x86_64) (WARNING: The server did not provide any stacktrace information)
Command duration or timeout: 0 milliseconds
Build info: version: '3.7.1', revision: '8a0099a', time: '2017-11-06T21:07:36.161Z'
System info: host: 'ANHNVSE63446', ip: '192.168.175.1', os.name: 'Windows 10', os.arch: 'amd64', os.version: '10.0', java.version: '1.8.0_181'
Driver info: com.kms.katalon.selenium.driver.CChromeDriver
Capabilities {acceptInsecureCerts: false, acceptSslCerts: false, applicationCacheEnabled: false, browserConnectionEnabled: false, browserName: chrome, chrome: {chromedriverVersion: 2.43.600210 (68dcf5eebde371..., userDataDir: C:\Users\pc\AppData\Local\T...}, cssSelectorsEnabled: true, databaseEnabled: false, goog:chromeOptions: {debuggerAddress: localhost:55985}, handlesAlerts: true, hasTouchScreen: false, javascriptEnabled: true, locationContextEnabled: true, mobileEmulationEnabled: false, nativeEvents: true, networkConnectionEnabled: false, pageLoadStrategy: normal, platform: XP, platformName: XP, rotatable: false, setWindowRect: true, takesHeapSnapshot: true, takesScreenshot: true, unexpectedAlertBehaviour: , unhandledPromptBehavior: , version: 72.0.3626.119, webStorageEnabled: true}
Session ID: 495409886d3ac9294ce35a4de5e9039b)
	at com.kms.katalon.core.keyword.internal.KeywordMain.stepFailed(KeywordMain.groovy:36)
	at com.kms.katalon.core.webui.keyword.internal.WebUIKeywordMain.stepFailed(WebUIKeywordMain.groovy:65)
	at com.kms.katalon.core.webui.keyword.internal.WebUIKeywordMain.runKeyword(WebUIKeywordMain.groovy:27)
	at com.kms.katalon.core.webui.keyword.builtin.ClickKeyword.click(ClickKeyword.groovy:86)
	at com.kms.katalon.core.webui.keyword.builtin.ClickKeyword.execute(ClickKeyword.groovy:67)
	at com.kms.katalon.core.keyword.internal.KeywordExecutor.executeKeywordForPlatform(KeywordExecutor.groovy:53)
	at com.kms.katalon.core.webui.keyword.WebUiBuiltInKeywords.click(WebUiBuiltInKeywords.groovy:616)
	at com.kms.katalon.core.webui.keyword.WebUiBuiltInKeywords$click$3.call(Unknown Source)
	at typeOfDevice03.run(typeOfDevice03:65)
	at com.kms.katalon.core.main.ScriptEngine.run(ScriptEngine.java:194)
	at com.kms.katalon.core.main.ScriptEngine.runScriptAsRawText(ScriptEngine.java:119)
	at com.kms.katalon.core.main.TestCaseExecutor.runScript(TestCaseExecutor.java:328)
	at com.kms.katalon.core.main.TestCaseExecutor.doExecute(TestCaseExecutor.java:319)
	at com.kms.katalon.core.main.TestCaseExecutor.processExecutionPhase(TestCaseExecutor.java:298)
	at com.kms.katalon.core.main.TestCaseExecutor.accessMainPhase(TestCaseExecutor.java:290)
	at com.kms.katalon.core.main.TestCaseExecutor.execute(TestCaseExecutor.java:224)
	at com.kms.katalon.core.main.TestSuiteExecutor.accessTestCaseMainPhase(TestSuiteExecutor.java:129)
	at com.kms.katalon.core.main.TestSuiteExecutor.accessTestSuiteMainPhase(TestSuiteExecutor.java:112)
	at com.kms.katalon.core.main.TestSuiteExecutor.execute(TestSuiteExecutor.java:81)
	at com.kms.katalon.core.main.TestCaseMain.startTestSuite(TestCaseMain.java:149)
	at com.kms.katalon.core.main.TestCaseMain$startTestSuite$0.call(Unknown Source)
	at TempTestSuite1551067503713.run(TempTestSuite1551067503713.groovy:36)]]></system-err>
      </testcase>
      <testcase name="Test Cases/TypeOfDevice/typeOfDevice04" classname="Test Cases/TypeOfDevice/typeOfDevice04" status="ERROR">
         <error type="ERROR" message="Test Cases/TypeOfDevice/typeOfDevice04 FAILED.
Reason:
org.codehaus.groovy.control.MultipleCompilationErrorsException: startup failed:
file:/C:/Users/pc/Katalon%20Studio/Helpdesk/Scripts/TypeOfDevice/typeOfDevice04/Script1551066323085.groovy: 48: The current scope already contains a variable of the name writer2
 @ line 48, column 13.
   PrintWriter writer2 = new PrintWriter(&quot;C:\\Users\\pc\\Katalon Studio\\Helpdesk\\upDateContract.txt&quot;);
               ^

1 error

	at com.kms.katalon.core.main.ScriptEngine.getScript(ScriptEngine.java:199)
	at com.kms.katalon.core.main.ScriptEngine.run(ScriptEngine.java:194)
	at com.kms.katalon.core.main.ScriptEngine.runScriptAsRawText(ScriptEngine.java:119)
	at com.kms.katalon.core.main.TestCaseExecutor.runScript(TestCaseExecutor.java:328)
	at com.kms.katalon.core.main.TestCaseExecutor.doExecute(TestCaseExecutor.java:319)
	at com.kms.katalon.core.main.TestCaseExecutor.processExecutionPhase(TestCaseExecutor.java:298)
	at com.kms.katalon.core.main.TestCaseExecutor.accessMainPhase(TestCaseExecutor.java:290)
	at com.kms.katalon.core.main.TestCaseExecutor.execute(TestCaseExecutor.java:224)
	at com.kms.katalon.core.main.TestSuiteExecutor.accessTestCaseMainPhase(TestSuiteExecutor.java:129)
	at com.kms.katalon.core.main.TestSuiteExecutor.accessTestSuiteMainPhase(TestSuiteExecutor.java:112)
	at com.kms.katalon.core.main.TestSuiteExecutor.execute(TestSuiteExecutor.java:81)
	at com.kms.katalon.core.main.TestCaseMain.startTestSuite(TestCaseMain.java:149)
	at com.kms.katalon.core.main.TestCaseMain$startTestSuite$0.call(Unknown Source)
	at TempTestSuite1551067503713.run(TempTestSuite1551067503713.groovy:36)
"/>
         <system-out><![CDATA[2019-02-25 11:05:52 - [TEST_CASE][ERROR] - Test Cases/TypeOfDevice/typeOfDevice04: Test Cases/TypeOfDevice/typeOfDevice04 FAILED.
Reason:
org.codehaus.groovy.control.MultipleCompilationErrorsException: startup failed:
file:/C:/Users/pc/Katalon%20Studio/Helpdesk/Scripts/TypeOfDevice/typeOfDevice04/Script1551066323085.groovy: 48: The current scope already contains a variable of the name writer2
 @ line 48, column 13.
   PrintWriter writer2 = new PrintWriter("C:\\Users\\pc\\Katalon Studio\\Helpdesk\\upDateContract.txt");
               ^

1 error

	at com.kms.katalon.core.main.ScriptEngine.getScript(ScriptEngine.java:199)
	at com.kms.katalon.core.main.ScriptEngine.run(ScriptEngine.java:194)
	at com.kms.katalon.core.main.ScriptEngine.runScriptAsRawText(ScriptEngine.java:119)
	at com.kms.katalon.core.main.TestCaseExecutor.runScript(TestCaseExecutor.java:328)
	at com.kms.katalon.core.main.TestCaseExecutor.doExecute(TestCaseExecutor.java:319)
	at com.kms.katalon.core.main.TestCaseExecutor.processExecutionPhase(TestCaseExecutor.java:298)
	at com.kms.katalon.core.main.TestCaseExecutor.accessMainPhase(TestCaseExecutor.java:290)
	at com.kms.katalon.core.main.TestCaseExecutor.execute(TestCaseExecutor.java:224)
	at com.kms.katalon.core.main.TestSuiteExecutor.accessTestCaseMainPhase(TestSuiteExecutor.java:129)
	at com.kms.katalon.core.main.TestSuiteExecutor.accessTestSuiteMainPhase(TestSuiteExecutor.java:112)
	at com.kms.katalon.core.main.TestSuiteExecutor.execute(TestSuiteExecutor.java:81)
	at com.kms.katalon.core.main.TestCaseMain.startTestSuite(TestCaseMain.java:149)
	at com.kms.katalon.core.main.TestCaseMain$startTestSuite$0.call(Unknown Source)
	at TempTestSuite1551067503713.run(TempTestSuite1551067503713.groovy:36)]]></system-out>
         <system-err><![CDATA[2019-02-25 11:05:52 - [TEST_CASE][ERROR] - Test Cases/TypeOfDevice/typeOfDevice04: Test Cases/TypeOfDevice/typeOfDevice04 FAILED.
Reason:
org.codehaus.groovy.control.MultipleCompilationErrorsException: startup failed:
file:/C:/Users/pc/Katalon%20Studio/Helpdesk/Scripts/TypeOfDevice/typeOfDevice04/Script1551066323085.groovy: 48: The current scope already contains a variable of the name writer2
 @ line 48, column 13.
   PrintWriter writer2 = new PrintWriter("C:\\Users\\pc\\Katalon Studio\\Helpdesk\\upDateContract.txt");
               ^

1 error

	at com.kms.katalon.core.main.ScriptEngine.getScript(ScriptEngine.java:199)
	at com.kms.katalon.core.main.ScriptEngine.run(ScriptEngine.java:194)
	at com.kms.katalon.core.main.ScriptEngine.runScriptAsRawText(ScriptEngine.java:119)
	at com.kms.katalon.core.main.TestCaseExecutor.runScript(TestCaseExecutor.java:328)
	at com.kms.katalon.core.main.TestCaseExecutor.doExecute(TestCaseExecutor.java:319)
	at com.kms.katalon.core.main.TestCaseExecutor.processExecutionPhase(TestCaseExecutor.java:298)
	at com.kms.katalon.core.main.TestCaseExecutor.accessMainPhase(TestCaseExecutor.java:290)
	at com.kms.katalon.core.main.TestCaseExecutor.execute(TestCaseExecutor.java:224)
	at com.kms.katalon.core.main.TestSuiteExecutor.accessTestCaseMainPhase(TestSuiteExecutor.java:129)
	at com.kms.katalon.core.main.TestSuiteExecutor.accessTestSuiteMainPhase(TestSuiteExecutor.java:112)
	at com.kms.katalon.core.main.TestSuiteExecutor.execute(TestSuiteExecutor.java:81)
	at com.kms.katalon.core.main.TestCaseMain.startTestSuite(TestCaseMain.java:149)
	at com.kms.katalon.core.main.TestCaseMain$startTestSuite$0.call(Unknown Source)
	at TempTestSuite1551067503713.run(TempTestSuite1551067503713.groovy:36)]]></system-err>
      </testcase>
      <system-out><![CDATA[2019-02-25 11:05:06 - [TEST_SUITE][FAILED] - TypeOfDevice01-02-03-04: Test Cases/TypeOfDevice/typeOfDevice03 FAILED.
Reason:
com.kms.katalon.core.exception.StepFailedException: Unable to click on object 'Object Repository/TypeOfDevice/TypeOfDevice03/Page_ODTS System/button_hihi22_btn btn-info fa' (Root cause: org.openqa.selenium.WebDriverException: unknown error: Element <button type="button" class="btn btn-info fa fa-eye" data-toggle="modal" data-target="" onclick="getData(72)"></button> is not clickable at point (908, 235). Other element would receive the click: <div class="swal2-container swal2-center swal2-fade swal2-shown" style="overflow-y: auto;">...</div>
  (Session info: chrome=72.0.3626.119)
  (Driver info: chromedriver=2.43.600210 (68dcf5eebde37173d4027fa8635e332711d2874a),platform=Windows NT 10.0.17134 x86_64) (WARNING: The server did not provide any stacktrace information)
Command duration or timeout: 0 milliseconds
Build info: version: '3.7.1', revision: '8a0099a', time: '2017-11-06T21:07:36.161Z'
System info: host: 'ANHNVSE63446', ip: '192.168.175.1', os.name: 'Windows 10', os.arch: 'amd64', os.version: '10.0', java.version: '1.8.0_181'
Driver info: com.kms.katalon.selenium.driver.CChromeDriver
Capabilities {acceptInsecureCerts: false, acceptSslCerts: false, applicationCacheEnabled: false, browserConnectionEnabled: false, browserName: chrome, chrome: {chromedriverVersion: 2.43.600210 (68dcf5eebde371..., userDataDir: C:\Users\pc\AppData\Local\T...}, cssSelectorsEnabled: true, databaseEnabled: false, goog:chromeOptions: {debuggerAddress: localhost:55985}, handlesAlerts: true, hasTouchScreen: false, javascriptEnabled: true, locationContextEnabled: true, mobileEmulationEnabled: false, nativeEvents: true, networkConnectionEnabled: false, pageLoadStrategy: normal, platform: XP, platformName: XP, rotatable: false, setWindowRect: true, takesHeapSnapshot: true, takesScreenshot: true, unexpectedAlertBehaviour: , unhandledPromptBehavior: , version: 72.0.3626.119, webStorageEnabled: true}
Session ID: 495409886d3ac9294ce35a4de5e9039b)
	at com.kms.katalon.core.keyword.internal.KeywordMain.stepFailed(KeywordMain.groovy:36)
	at com.kms.katalon.core.webui.keyword.internal.WebUIKeywordMain.stepFailed(WebUIKeywordMain.groovy:65)
	at com.kms.katalon.core.webui.keyword.internal.WebUIKeywordMain.runKeyword(WebUIKeywordMain.groovy:27)
	at com.kms.katalon.core.webui.keyword.builtin.ClickKeyword.click(ClickKeyword.groovy:86)
	at com.kms.katalon.core.webui.keyword.builtin.ClickKeyword.execute(ClickKeyword.groovy:67)
	at com.kms.katalon.core.keyword.internal.KeywordExecutor.executeKeywordForPlatform(KeywordExecutor.groovy:53)
	at com.kms.katalon.core.webui.keyword.WebUiBuiltInKeywords.click(WebUiBuiltInKeywords.groovy:616)
	at com.kms.katalon.core.webui.keyword.WebUiBuiltInKeywords$click$3.call(Unknown Source)
	at typeOfDevice03.run(typeOfDevice03:65)
	at com.kms.katalon.core.main.ScriptEngine.run(ScriptEngine.java:194)
	at com.kms.katalon.core.main.ScriptEngine.runScriptAsRawText(ScriptEngine.java:119)
	at com.kms.katalon.core.main.TestCaseExecutor.runScript(TestCaseExecutor.java:328)
	at com.kms.katalon.core.main.TestCaseExecutor.doExecute(TestCaseExecutor.java:319)
	at com.kms.katalon.core.main.TestCaseExecutor.processExecutionPhase(TestCaseExecutor.java:298)
	at com.kms.katalon.core.main.TestCaseExecutor.accessMainPhase(TestCaseExecutor.java:290)
	at com.kms.katalon.core.main.TestCaseExecutor.execute(TestCaseExecutor.java:224)
	at com.kms.katalon.core.main.TestSuiteExecutor.accessTestCaseMainPhase(TestSuiteExecutor.java:129)
	at com.kms.katalon.core.main.TestSuiteExecutor.accessTestSuiteMainPhase(TestSuiteExecutor.java:112)
	at com.kms.katalon.core.main.TestSuiteExecutor.execute(TestSuiteExecutor.java:81)
	at com.kms.katalon.core.main.TestCaseMain.startTestSuite(TestCaseMain.java:149)
	at com.kms.katalon.core.main.TestCaseMain$startTestSuite$0.call(Unknown Source)
	at TempTestSuite1551067503713.run(TempTestSuite1551067503713.groovy:36)]]></system-out>
      <system-err><![CDATA[2019-02-25 11:05:06 - [TEST_SUITE][FAILED] - TypeOfDevice01-02-03-04: Test Cases/TypeOfDevice/typeOfDevice03 FAILED.
Reason:
com.kms.katalon.core.exception.StepFailedException: Unable to click on object 'Object Repository/TypeOfDevice/TypeOfDevice03/Page_ODTS System/button_hihi22_btn btn-info fa' (Root cause: org.openqa.selenium.WebDriverException: unknown error: Element <button type="button" class="btn btn-info fa fa-eye" data-toggle="modal" data-target="" onclick="getData(72)"></button> is not clickable at point (908, 235). Other element would receive the click: <div class="swal2-container swal2-center swal2-fade swal2-shown" style="overflow-y: auto;">...</div>
  (Session info: chrome=72.0.3626.119)
  (Driver info: chromedriver=2.43.600210 (68dcf5eebde37173d4027fa8635e332711d2874a),platform=Windows NT 10.0.17134 x86_64) (WARNING: The server did not provide any stacktrace information)
Command duration or timeout: 0 milliseconds
Build info: version: '3.7.1', revision: '8a0099a', time: '2017-11-06T21:07:36.161Z'
System info: host: 'ANHNVSE63446', ip: '192.168.175.1', os.name: 'Windows 10', os.arch: 'amd64', os.version: '10.0', java.version: '1.8.0_181'
Driver info: com.kms.katalon.selenium.driver.CChromeDriver
Capabilities {acceptInsecureCerts: false, acceptSslCerts: false, applicationCacheEnabled: false, browserConnectionEnabled: false, browserName: chrome, chrome: {chromedriverVersion: 2.43.600210 (68dcf5eebde371..., userDataDir: C:\Users\pc\AppData\Local\T...}, cssSelectorsEnabled: true, databaseEnabled: false, goog:chromeOptions: {debuggerAddress: localhost:55985}, handlesAlerts: true, hasTouchScreen: false, javascriptEnabled: true, locationContextEnabled: true, mobileEmulationEnabled: false, nativeEvents: true, networkConnectionEnabled: false, pageLoadStrategy: normal, platform: XP, platformName: XP, rotatable: false, setWindowRect: true, takesHeapSnapshot: true, takesScreenshot: true, unexpectedAlertBehaviour: , unhandledPromptBehavior: , version: 72.0.3626.119, webStorageEnabled: true}
Session ID: 495409886d3ac9294ce35a4de5e9039b)
	at com.kms.katalon.core.keyword.internal.KeywordMain.stepFailed(KeywordMain.groovy:36)
	at com.kms.katalon.core.webui.keyword.internal.WebUIKeywordMain.stepFailed(WebUIKeywordMain.groovy:65)
	at com.kms.katalon.core.webui.keyword.internal.WebUIKeywordMain.runKeyword(WebUIKeywordMain.groovy:27)
	at com.kms.katalon.core.webui.keyword.builtin.ClickKeyword.click(ClickKeyword.groovy:86)
	at com.kms.katalon.core.webui.keyword.builtin.ClickKeyword.execute(ClickKeyword.groovy:67)
	at com.kms.katalon.core.keyword.internal.KeywordExecutor.executeKeywordForPlatform(KeywordExecutor.groovy:53)
	at com.kms.katalon.core.webui.keyword.WebUiBuiltInKeywords.click(WebUiBuiltInKeywords.groovy:616)
	at com.kms.katalon.core.webui.keyword.WebUiBuiltInKeywords$click$3.call(Unknown Source)
	at typeOfDevice03.run(typeOfDevice03:65)
	at com.kms.katalon.core.main.ScriptEngine.run(ScriptEngine.java:194)
	at com.kms.katalon.core.main.ScriptEngine.runScriptAsRawText(ScriptEngine.java:119)
	at com.kms.katalon.core.main.TestCaseExecutor.runScript(TestCaseExecutor.java:328)
	at com.kms.katalon.core.main.TestCaseExecutor.doExecute(TestCaseExecutor.java:319)
	at com.kms.katalon.core.main.TestCaseExecutor.processExecutionPhase(TestCaseExecutor.java:298)
	at com.kms.katalon.core.main.TestCaseExecutor.accessMainPhase(TestCaseExecutor.java:290)
	at com.kms.katalon.core.main.TestCaseExecutor.execute(TestCaseExecutor.java:224)
	at com.kms.katalon.core.main.TestSuiteExecutor.accessTestCaseMainPhase(TestSuiteExecutor.java:129)
	at com.kms.katalon.core.main.TestSuiteExecutor.accessTestSuiteMainPhase(TestSuiteExecutor.java:112)
	at com.kms.katalon.core.main.TestSuiteExecutor.execute(TestSuiteExecutor.java:81)
	at com.kms.katalon.core.main.TestCaseMain.startTestSuite(TestCaseMain.java:149)
	at com.kms.katalon.core.main.TestCaseMain$startTestSuite$0.call(Unknown Source)
	at TempTestSuite1551067503713.run(TempTestSuite1551067503713.groovy:36)]]></system-err>
   </testsuite>
</testsuites>
