<?xml version="1.0" encoding="UTF-8"?>
<testsuites name="TypeOfService09-10-11" time="91" tests="1" failures="2" errors="0">
   <testsuite name="TypeOfService09-10-11" tests="1" failures="2" errors="0" time="91" timestamp="2019-02-25 15:08:30" hostname="Ninja - AnhNVSE63446" id="Test Suites/TypeOfService09-10-11">
      <properties>
         <property name="deviceName" value=""/>
         <property name="devicePlatform" value=""/>
         <property name="logFolder" value="C:\\Users\\pc\\Katalon Studio\\Helpdesk\\Reports\\TypeOfService09-10-11\\20190225_150822"/>
         <property name="logFiles" value="C:\\Users\\pc\\Katalon Studio\\Helpdesk\\Reports\\TypeOfService09-10-11\\20190225_150822\\execution0.log"/>
         <property name="attachments" value="C:\\Users\\pc\\Katalon Studio\\Helpdesk\\Reports\\TypeOfService09-10-11\\20190225_150822\\1551082187512.png, C:\\Users\\pc\\Katalon Studio\\Helpdesk\\Reports\\TypeOfService09-10-11\\20190225_150822\\1551082200397.png"/>
         <property name="hostName" value="Ninja - AnhNVSE63446"/>
         <property name="os" value="Windows 10 64bit"/>
         <property name="katalonVersion" value="5.10.0.1"/>
         <property name="browser" value="Chrome 72.0.3626.119"/>
         <property name="hostAddress" value="192.168.175.1"/>
         <property name="sessionId" value="f5c9bdaf1fe3019c63f138c286213386"/>
         <property name="seleniumVersion" value="3.7.1"/>
         <property name="proxyInformation" value="ProxyInformation{proxyOption=NO_PROXY, proxyServerType=HTTP, password=, proxyServerAddress=, proxyServerPort=0}"/>
         <property name="platform" value="Windows 10"/>
      </properties>
      <testcase name="Test Cases/TypeOfService/typeOfService09" classname="Test Cases/TypeOfService/typeOfService09" status="PASSED">
         <system-out><![CDATA[2019-02-25 15:08:31 - [TEST_CASE][PASSED] - Test Cases/TypeOfService/typeOfService09: Test Cases/TypeOfService/typeOfService09

2019-02-25 15:08:31 - [TEST_STEP][PASSED] - openBrowser(""): Browser is opened with url: ''

2019-02-25 15:08:32 - [MESSAGE][INFO] - Starting 'Chrome' driver

2019-02-25 15:08:32 - [MESSAGE][INFO] - Action delay is set to 0 seconds

2019-02-25 15:08:36 - [MESSAGE][PASSED] - Browser is opened with url: ''

2019-02-25 15:08:36 - [TEST_STEP][PASSED] - navigateToUrl("http://helpdesk.wisky.vn/"): Navigate to 'http://helpdesk.wisky.vn/' successfully

2019-02-25 15:08:43 - [MESSAGE][PASSED] - Navigate to 'http://helpdesk.wisky.vn/' successfully

2019-02-25 15:08:43 - [TEST_STEP][PASSED] - setText(findTestObject("Object Repository/TypeOfService/TypeOfService09/Page_ODTS System/input_ODTS_username"), "admin01"): Text 'admin01' is set on object 'Object Repository/TypeOfService/TypeOfService09/Page_ODTS System/input_ODTS_username'

2019-02-25 15:08:44 - [MESSAGE][PASSED] - Text 'admin01' is set on object 'Object Repository/TypeOfService/TypeOfService09/Page_ODTS System/input_ODTS_username'

2019-02-25 15:08:44 - [TEST_STEP][PASSED] - setEncryptedText(findTestObject("Object Repository/TypeOfService/TypeOfService09/Page_ODTS System/input_ODTS_password"), "aeHFOx8jV/A="): Text ****** has been set on object 'Object Repository/TypeOfService/TypeOfService09/Page_ODTS System/input_ODTS_password'

2019-02-25 15:08:44 - [MESSAGE][PASSED] - Text ****** has been set on object 'Object Repository/TypeOfService/TypeOfService09/Page_ODTS System/input_ODTS_password'

2019-02-25 15:08:44 - [TEST_STEP][PASSED] - click(findTestObject("Object Repository/TypeOfService/TypeOfService09/Page_ODTS System/button_ng Nhp")): Object: 'Object Repository/TypeOfService/TypeOfService09/Page_ODTS System/button_ng Nhp' is clicked on

2019-02-25 15:08:44 - [MESSAGE][PASSED] - Object: 'Object Repository/TypeOfService/TypeOfService09/Page_ODTS System/button_ng Nhp' is clicked on

2019-02-25 15:08:44 - [TEST_STEP][PASSED] - click(findTestObject("Object Repository/TypeOfService/TypeOfService09/Page_ODTS System/a_Loi Dch V")): Object: 'Object Repository/TypeOfService/TypeOfService09/Page_ODTS System/a_Loi Dch V' is clicked on

2019-02-25 15:08:46 - [MESSAGE][PASSED] - Object: 'Object Repository/TypeOfService/TypeOfService09/Page_ODTS System/a_Loi Dch V' is clicked on

2019-02-25 15:08:46 - [TEST_STEP][PASSED] - waitForAlert(1): No alert found after 1 second(s).

2019-02-25 15:08:47 - [MESSAGE][WARNING] - No alert found after 1 second(s).

2019-02-25 15:08:47 - [TEST_STEP][PASSED] - click(findTestObject("Object Repository/TypeOfService/TypeOfService09/Page_ODTS System/a_Xem Dch V")): Object: 'Object Repository/TypeOfService/TypeOfService09/Page_ODTS System/a_Xem Dch V' is clicked on

2019-02-25 15:08:48 - [MESSAGE][PASSED] - Object: 'Object Repository/TypeOfService/TypeOfService09/Page_ODTS System/a_Xem Dch V' is clicked on

2019-02-25 15:08:48 - [TEST_STEP][PASSED] - waitForAlert(1): No alert found after 1 second(s).

2019-02-25 15:08:49 - [MESSAGE][WARNING] - No alert found after 1 second(s).

2019-02-25 15:08:49 - [TEST_STEP][PASSED] - click(findTestObject("Object Repository/TypeOfService/TypeOfService09/Page_ODTS System/a_Xem Hng Dn")): Object: 'Object Repository/TypeOfService/TypeOfService09/Page_ODTS System/a_Xem Hng Dn' is clicked on

2019-02-25 15:08:49 - [MESSAGE][PASSED] - Object: 'Object Repository/TypeOfService/TypeOfService09/Page_ODTS System/a_Xem Hng Dn' is clicked on

2019-02-25 15:08:49 - [TEST_STEP][PASSED] - waitForAlert(1): No alert found after 1 second(s).

2019-02-25 15:08:50 - [MESSAGE][WARNING] - No alert found after 1 second(s).

2019-02-25 15:08:50 - [TEST_STEP][PASSED] - click(findTestObject("Object Repository/TypeOfService/TypeOfService09/Page_ODTS System/font_To Hng Dn")): Object: 'Object Repository/TypeOfService/TypeOfService09/Page_ODTS System/font_To Hng Dn' is clicked on

2019-02-25 15:08:50 - [MESSAGE][PASSED] - Object: 'Object Repository/TypeOfService/TypeOfService09/Page_ODTS System/font_To Hng Dn' is clicked on

2019-02-25 15:08:50 - [TEST_STEP][PASSED] - waitForAlert(1): No alert found after 1 second(s).

2019-02-25 15:08:51 - [MESSAGE][WARNING] - No alert found after 1 second(s).

2019-02-25 15:08:51 - [TEST_STEP][PASSED] - setText(findTestObject("Object Repository/TypeOfService/TypeOfService09/Page_ODTS System/input_Ni dung hng dn_siGuideli"), "anhtest"): Text 'anhtest' is set on object 'Object Repository/TypeOfService/TypeOfService09/Page_ODTS System/input_Ni dung hng dn_siGuideli'

2019-02-25 15:08:51 - [MESSAGE][PASSED] - Text 'anhtest' is set on object 'Object Repository/TypeOfService/TypeOfService09/Page_ODTS System/input_Ni dung hng dn_siGuideli'

2019-02-25 15:08:51 - [TEST_STEP][PASSED] - CDATE = SimpleDateFormat(dd/MM/yyyy).format(getInstance().getTime()): null

2019-02-25 15:08:51 - [TEST_STEP][PASSED] - writer = null: null

2019-02-25 15:08:51 - [TEST_STEP][PASSED] - writer2 = null: null

2019-02-25 15:08:51 - [TEST_STEP][PASSED] - try: null

2019-02-25 15:08:51 - [TEST_STEP][PASSED] - writer = new java.io.BufferedWriter(new java.io.OutputStreamWriter(new java.io.FileOutputStream(C:\Users\pc\Katalon Studio\Helpdesk\creDateGuide.txt), utf-8)): null

2019-02-25 15:08:52 - [TEST_STEP][PASSED] - writer.write(CDATE): null

2019-02-25 15:08:52 - [TEST_STEP][PASSED] - writer2 = new java.io.BufferedWriter(new java.io.OutputStreamWriter(new java.io.FileOutputStream(C:\Users\pc\Katalon Studio\Helpdesk\upDateGuide.txt), utf-8)): null

2019-02-25 15:08:52 - [TEST_STEP][PASSED] - writer2.write(CDATE): null

2019-02-25 15:08:52 - [TEST_STEP][PASSED] - Finally: null

2019-02-25 15:08:52 - [TEST_STEP][PASSED] - try: null

2019-02-25 15:08:52 - [TEST_STEP][PASSED] - writer.close(): null

2019-02-25 15:08:52 - [TEST_STEP][PASSED] - writer2.close(): null

2019-02-25 15:08:52 - [TEST_STEP][PASSED] - waitForAlert(1): No alert found after 1 second(s).

2019-02-25 15:08:53 - [MESSAGE][WARNING] - No alert found after 1 second(s).

2019-02-25 15:08:53 - [TEST_STEP][PASSED] - click(findTestObject("Object Repository/TypeOfService/TypeOfService09/Page_ODTS System/button_To Mi")): Object: 'Object Repository/TypeOfService/TypeOfService09/Page_ODTS System/button_To Mi' is clicked on

2019-02-25 15:08:53 - [MESSAGE][PASSED] - Object: 'Object Repository/TypeOfService/TypeOfService09/Page_ODTS System/button_To Mi' is clicked on

2019-02-25 15:08:53 - [TEST_STEP][PASSED] - waitForAlert(1): No alert found after 1 second(s).

2019-02-25 15:08:54 - [MESSAGE][WARNING] - No alert found after 1 second(s).

2019-02-25 15:08:54 - [TEST_STEP][PASSED] - click(findTestObject("Object Repository/TypeOfService/TypeOfService09/Page_ODTS System/button_OK")): Object: 'Object Repository/TypeOfService/TypeOfService09/Page_ODTS System/button_OK' is clicked on

2019-02-25 15:08:54 - [MESSAGE][PASSED] - Object: 'Object Repository/TypeOfService/TypeOfService09/Page_ODTS System/button_OK' is clicked on

2019-02-25 15:08:54 - [TEST_STEP][PASSED] - click(findTestObject("Object Repository/TypeOfService/TypeOfService09/Page_ODTS System/fieldSearch")): Object: 'Object Repository/TypeOfService/TypeOfService09/Page_ODTS System/fieldSearch' is clicked on

2019-02-25 15:08:55 - [MESSAGE][PASSED] - Object: 'Object Repository/TypeOfService/TypeOfService09/Page_ODTS System/fieldSearch' is clicked on

2019-02-25 15:08:55 - [TEST_STEP][PASSED] - setText(findTestObject("Object Repository/TypeOfService/TypeOfService09/Page_ODTS System/input"), "anhtest"): Text 'anhtest' is set on object 'Object Repository/TypeOfService/TypeOfService09/Page_ODTS System/input'

2019-02-25 15:08:55 - [MESSAGE][PASSED] - Text 'anhtest' is set on object 'Object Repository/TypeOfService/TypeOfService09/Page_ODTS System/input'

2019-02-25 15:08:55 - [TEST_STEP][PASSED] - waitForAlert(1): No alert found after 1 second(s).

2019-02-25 15:08:56 - [MESSAGE][WARNING] - No alert found after 1 second(s).

2019-02-25 15:08:56 - [TEST_STEP][PASSED] - verifyElementText(findTestObject("Object Repository/TypeOfService/TypeOfService09/Page_ODTS System/td_anhtest"), "anhtest"): Actual text and expected text of test object 'Object Repository/TypeOfService/TypeOfService09/Page_ODTS System/td_anhtest' are matched.

2019-02-25 15:08:56 - [MESSAGE][PASSED] - Actual text and expected text of test object 'Object Repository/TypeOfService/TypeOfService09/Page_ODTS System/td_anhtest' are matched.

2019-02-25 15:08:56 - [TEST_STEP][PASSED] - verifyElementText(findTestObject("Object Repository/TypeOfService/TypeOfService09/Page_ODTS System/td_25022019"), CDATE): Actual text and expected text of test object 'Object Repository/TypeOfService/TypeOfService09/Page_ODTS System/td_25022019' are matched.

2019-02-25 15:08:56 - [MESSAGE][PASSED] - Actual text and expected text of test object 'Object Repository/TypeOfService/TypeOfService09/Page_ODTS System/td_25022019' are matched.

2019-02-25 15:08:56 - [TEST_STEP][PASSED] - verifyElementText(findTestObject("Object Repository/TypeOfService/TypeOfService09/Page_ODTS System/td_25022019"), CDATE): Actual text and expected text of test object 'Object Repository/TypeOfService/TypeOfService09/Page_ODTS System/td_25022019' are matched.

2019-02-25 15:08:56 - [MESSAGE][PASSED] - Actual text and expected text of test object 'Object Repository/TypeOfService/TypeOfService09/Page_ODTS System/td_25022019' are matched.

2019-02-25 15:08:56 - [TEST_STEP][PASSED] - closeBrowser(): Browser is closed

2019-02-25 15:08:57 - [MESSAGE][PASSED] - Browser is closed]]></system-out>
         <system-err><![CDATA[]]></system-err>
      </testcase>
      <testcase name="Test Cases/TypeOfService/typeOfService10" classname="Test Cases/TypeOfService/typeOfService10" status="FAILED">
         <failure type="FAILED" message="Test Cases/TypeOfService/typeOfService10 FAILED.
Reason:
com.kms.katalon.core.exception.StepFailedException: Unable to click on object 'Object Repository/TypeOfService/TypeOfService10/Page_ODTS System/button_anhtest_btn btn-warning' (Root cause: com.kms.katalon.core.webui.exception.WebElementNotFoundException: Web element with id: 'Object Repository/TypeOfService/TypeOfService10/Page_ODTS System/button_anhtest_btn btn-warning' located by 'By.xpath: (//button[@type='button'])[13]' not found)
	at com.kms.katalon.core.keyword.internal.KeywordMain.stepFailed(KeywordMain.groovy:36)
	at com.kms.katalon.core.webui.keyword.internal.WebUIKeywordMain.stepFailed(WebUIKeywordMain.groovy:65)
	at com.kms.katalon.core.webui.keyword.internal.WebUIKeywordMain.runKeyword(WebUIKeywordMain.groovy:27)
	at com.kms.katalon.core.webui.keyword.builtin.ClickKeyword.click(ClickKeyword.groovy:86)
	at com.kms.katalon.core.webui.keyword.builtin.ClickKeyword.execute(ClickKeyword.groovy:67)
	at com.kms.katalon.core.keyword.internal.KeywordExecutor.executeKeywordForPlatform(KeywordExecutor.groovy:53)
	at com.kms.katalon.core.webui.keyword.WebUiBuiltInKeywords.click(WebUiBuiltInKeywords.groovy:616)
	at com.kms.katalon.core.webui.keyword.WebUiBuiltInKeywords$click$3.call(Unknown Source)
	at typeOfService10.run(typeOfService10:32)
	at com.kms.katalon.core.main.ScriptEngine.run(ScriptEngine.java:194)
	at com.kms.katalon.core.main.ScriptEngine.runScriptAsRawText(ScriptEngine.java:119)
	at com.kms.katalon.core.main.TestCaseExecutor.runScript(TestCaseExecutor.java:328)
	at com.kms.katalon.core.main.TestCaseExecutor.doExecute(TestCaseExecutor.java:319)
	at com.kms.katalon.core.main.TestCaseExecutor.processExecutionPhase(TestCaseExecutor.java:298)
	at com.kms.katalon.core.main.TestCaseExecutor.accessMainPhase(TestCaseExecutor.java:290)
	at com.kms.katalon.core.main.TestCaseExecutor.execute(TestCaseExecutor.java:224)
	at com.kms.katalon.core.main.TestSuiteExecutor.accessTestCaseMainPhase(TestSuiteExecutor.java:129)
	at com.kms.katalon.core.main.TestSuiteExecutor.accessTestSuiteMainPhase(TestSuiteExecutor.java:112)
	at com.kms.katalon.core.main.TestSuiteExecutor.execute(TestSuiteExecutor.java:81)
	at com.kms.katalon.core.main.TestCaseMain.startTestSuite(TestCaseMain.java:149)
	at com.kms.katalon.core.main.TestCaseMain$startTestSuite$0.call(Unknown Source)
	at TempTestSuite1551082107006.run(TempTestSuite1551082107006.groovy:36)
"/>
         <system-out><![CDATA[2019-02-25 15:08:57 - [TEST_CASE][FAILED] - Test Cases/TypeOfService/typeOfService10: Test Cases/TypeOfService/typeOfService10 FAILED.
Reason:
com.kms.katalon.core.exception.StepFailedException: Unable to click on object 'Object Repository/TypeOfService/TypeOfService10/Page_ODTS System/button_anhtest_btn btn-warning' (Root cause: com.kms.katalon.core.webui.exception.WebElementNotFoundException: Web element with id: 'Object Repository/TypeOfService/TypeOfService10/Page_ODTS System/button_anhtest_btn btn-warning' located by 'By.xpath: (//button[@type='button'])[13]' not found)
	at com.kms.katalon.core.keyword.internal.KeywordMain.stepFailed(KeywordMain.groovy:36)
	at com.kms.katalon.core.webui.keyword.internal.WebUIKeywordMain.stepFailed(WebUIKeywordMain.groovy:65)
	at com.kms.katalon.core.webui.keyword.internal.WebUIKeywordMain.runKeyword(WebUIKeywordMain.groovy:27)
	at com.kms.katalon.core.webui.keyword.builtin.ClickKeyword.click(ClickKeyword.groovy:86)
	at com.kms.katalon.core.webui.keyword.builtin.ClickKeyword.execute(ClickKeyword.groovy:67)
	at com.kms.katalon.core.keyword.internal.KeywordExecutor.executeKeywordForPlatform(KeywordExecutor.groovy:53)
	at com.kms.katalon.core.webui.keyword.WebUiBuiltInKeywords.click(WebUiBuiltInKeywords.groovy:616)
	at com.kms.katalon.core.webui.keyword.WebUiBuiltInKeywords$click$3.call(Unknown Source)
	at typeOfService10.run(typeOfService10:32)
	at com.kms.katalon.core.main.ScriptEngine.run(ScriptEngine.java:194)
	at com.kms.katalon.core.main.ScriptEngine.runScriptAsRawText(ScriptEngine.java:119)
	at com.kms.katalon.core.main.TestCaseExecutor.runScript(TestCaseExecutor.java:328)
	at com.kms.katalon.core.main.TestCaseExecutor.doExecute(TestCaseExecutor.java:319)
	at com.kms.katalon.core.main.TestCaseExecutor.processExecutionPhase(TestCaseExecutor.java:298)
	at com.kms.katalon.core.main.TestCaseExecutor.accessMainPhase(TestCaseExecutor.java:290)
	at com.kms.katalon.core.main.TestCaseExecutor.execute(TestCaseExecutor.java:224)
	at com.kms.katalon.core.main.TestSuiteExecutor.accessTestCaseMainPhase(TestSuiteExecutor.java:129)
	at com.kms.katalon.core.main.TestSuiteExecutor.accessTestSuiteMainPhase(TestSuiteExecutor.java:112)
	at com.kms.katalon.core.main.TestSuiteExecutor.execute(TestSuiteExecutor.java:81)
	at com.kms.katalon.core.main.TestCaseMain.startTestSuite(TestCaseMain.java:149)
	at com.kms.katalon.core.main.TestCaseMain$startTestSuite$0.call(Unknown Source)
	at TempTestSuite1551082107006.run(TempTestSuite1551082107006.groovy:36)


2019-02-25 15:08:57 - [TEST_STEP][PASSED] - openBrowser(""): Browser is opened with url: ''

2019-02-25 15:08:57 - [MESSAGE][INFO] - Starting 'Chrome' driver

2019-02-25 15:09:00 - [MESSAGE][PASSED] - Browser is opened with url: ''

2019-02-25 15:09:00 - [TEST_STEP][PASSED] - navigateToUrl("http://helpdesk.wisky.vn/"): Navigate to 'http://helpdesk.wisky.vn/' successfully

2019-02-25 15:09:04 - [MESSAGE][PASSED] - Navigate to 'http://helpdesk.wisky.vn/' successfully

2019-02-25 15:09:04 - [TEST_STEP][PASSED] - setText(findTestObject("Object Repository/TypeOfService/TypeOfService10/Page_ODTS System/input_ODTS_username"), "admin01"): Text 'admin01' is set on object 'Object Repository/TypeOfService/TypeOfService10/Page_ODTS System/input_ODTS_username'

2019-02-25 15:09:04 - [MESSAGE][PASSED] - Text 'admin01' is set on object 'Object Repository/TypeOfService/TypeOfService10/Page_ODTS System/input_ODTS_username'

2019-02-25 15:09:04 - [TEST_STEP][PASSED] - setEncryptedText(findTestObject("Object Repository/TypeOfService/TypeOfService10/Page_ODTS System/input_ODTS_password"), "aeHFOx8jV/A="): Text ****** has been set on object 'Object Repository/TypeOfService/TypeOfService10/Page_ODTS System/input_ODTS_password'

2019-02-25 15:09:04 - [MESSAGE][PASSED] - Text ****** has been set on object 'Object Repository/TypeOfService/TypeOfService10/Page_ODTS System/input_ODTS_password'

2019-02-25 15:09:04 - [TEST_STEP][PASSED] - click(findTestObject("Object Repository/TypeOfService/TypeOfService10/Page_ODTS System/button_ng Nhp")): Object: 'Object Repository/TypeOfService/TypeOfService10/Page_ODTS System/button_ng Nhp' is clicked on

2019-02-25 15:09:04 - [MESSAGE][PASSED] - Object: 'Object Repository/TypeOfService/TypeOfService10/Page_ODTS System/button_ng Nhp' is clicked on

2019-02-25 15:09:04 - [TEST_STEP][PASSED] - click(findTestObject("Object Repository/TypeOfService/TypeOfService09/Page_ODTS System/a_Loi Dch V")): Object: 'Object Repository/TypeOfService/TypeOfService09/Page_ODTS System/a_Loi Dch V' is clicked on

2019-02-25 15:09:11 - [MESSAGE][PASSED] - Object: 'Object Repository/TypeOfService/TypeOfService09/Page_ODTS System/a_Loi Dch V' is clicked on

2019-02-25 15:09:11 - [TEST_STEP][PASSED] - click(findTestObject("Object Repository/TypeOfService/TypeOfService10/Page_ODTS System/a_Xem Dch V")): Object: 'Object Repository/TypeOfService/TypeOfService10/Page_ODTS System/a_Xem Dch V' is clicked on

2019-02-25 15:09:12 - [MESSAGE][PASSED] - Object: 'Object Repository/TypeOfService/TypeOfService10/Page_ODTS System/a_Xem Dch V' is clicked on

2019-02-25 15:09:12 - [TEST_STEP][PASSED] - waitForAlert(1): No alert found after 1 second(s).

2019-02-25 15:09:13 - [MESSAGE][WARNING] - No alert found after 1 second(s).

2019-02-25 15:09:13 - [TEST_STEP][PASSED] - click(findTestObject("Object Repository/TypeOfService/TypeOfService10/Page_ODTS System/a_Xem Hng Dn")): Object: 'Object Repository/TypeOfService/TypeOfService10/Page_ODTS System/a_Xem Hng Dn' is clicked on

2019-02-25 15:09:14 - [MESSAGE][PASSED] - Object: 'Object Repository/TypeOfService/TypeOfService10/Page_ODTS System/a_Xem Hng Dn' is clicked on

2019-02-25 15:09:14 - [TEST_STEP][PASSED] - click(findTestObject("Object Repository/TypeOfService/TypeOfService10/Page_ODTS System/fieldSearch")): Object: 'Object Repository/TypeOfService/TypeOfService10/Page_ODTS System/fieldSearch' is clicked on

2019-02-25 15:09:14 - [MESSAGE][PASSED] - Object: 'Object Repository/TypeOfService/TypeOfService10/Page_ODTS System/fieldSearch' is clicked on

2019-02-25 15:09:14 - [TEST_STEP][PASSED] - setText(findTestObject("Object Repository/TypeOfService/TypeOfService10/Page_ODTS System/input"), "anhtest"): Text 'anhtest' is set on object 'Object Repository/TypeOfService/TypeOfService10/Page_ODTS System/input'

2019-02-25 15:09:14 - [MESSAGE][PASSED] - Text 'anhtest' is set on object 'Object Repository/TypeOfService/TypeOfService10/Page_ODTS System/input'

2019-02-25 15:09:14 - [TEST_STEP][PASSED] - waitForAlert(1): No alert found after 1 second(s).

2019-02-25 15:09:16 - [MESSAGE][WARNING] - No alert found after 1 second(s).

2019-02-25 15:09:16 - [TEST_STEP][FAILED] - click(findTestObject("Object Repository/TypeOfService/TypeOfService10/Page_ODTS System/button_anhtest_btn btn-warning")): click(findTestObject("Object Repository/TypeOfService/TypeOfService10/Page_ODTS System/button_anhtest_btn btn-warning")) FAILED.
Reason:
com.kms.katalon.core.exception.StepFailedException: Unable to click on object 'Object Repository/TypeOfService/TypeOfService10/Page_ODTS System/button_anhtest_btn btn-warning' (Root cause: com.kms.katalon.core.webui.exception.WebElementNotFoundException: Web element with id: 'Object Repository/TypeOfService/TypeOfService10/Page_ODTS System/button_anhtest_btn btn-warning' located by 'By.xpath: (//button[@type='button'])[13]' not found)
	at com.kms.katalon.core.keyword.internal.KeywordMain.stepFailed(KeywordMain.groovy:36)
	at com.kms.katalon.core.webui.keyword.internal.WebUIKeywordMain.stepFailed(WebUIKeywordMain.groovy:65)
	at com.kms.katalon.core.webui.keyword.internal.WebUIKeywordMain.runKeyword(WebUIKeywordMain.groovy:27)
	at com.kms.katalon.core.webui.keyword.builtin.ClickKeyword.click(ClickKeyword.groovy:86)
	at com.kms.katalon.core.webui.keyword.builtin.ClickKeyword.execute(ClickKeyword.groovy:67)
	at com.kms.katalon.core.keyword.internal.KeywordExecutor.executeKeywordForPlatform(KeywordExecutor.groovy:53)
	at com.kms.katalon.core.webui.keyword.WebUiBuiltInKeywords.click(WebUiBuiltInKeywords.groovy:616)
	at com.kms.katalon.core.webui.keyword.WebUiBuiltInKeywords$click$3.call(Unknown Source)
	at typeOfService10.run(typeOfService10:32)
	at com.kms.katalon.core.main.ScriptEngine.run(ScriptEngine.java:194)
	at com.kms.katalon.core.main.ScriptEngine.runScriptAsRawText(ScriptEngine.java:119)
	at com.kms.katalon.core.main.TestCaseExecutor.runScript(TestCaseExecutor.java:328)
	at com.kms.katalon.core.main.TestCaseExecutor.doExecute(TestCaseExecutor.java:319)
	at com.kms.katalon.core.main.TestCaseExecutor.processExecutionPhase(TestCaseExecutor.java:298)
	at com.kms.katalon.core.main.TestCaseExecutor.accessMainPhase(TestCaseExecutor.java:290)
	at com.kms.katalon.core.main.TestCaseExecutor.execute(TestCaseExecutor.java:224)
	at com.kms.katalon.core.main.TestSuiteExecutor.accessTestCaseMainPhase(TestSuiteExecutor.java:129)
	at com.kms.katalon.core.main.TestSuiteExecutor.accessTestSuiteMainPhase(TestSuiteExecutor.java:112)
	at com.kms.katalon.core.main.TestSuiteExecutor.execute(TestSuiteExecutor.java:81)
	at com.kms.katalon.core.main.TestCaseMain.startTestSuite(TestCaseMain.java:149)
	at com.kms.katalon.core.main.TestCaseMain$startTestSuite$0.call(Unknown Source)
	at TempTestSuite1551082107006.run(TempTestSuite1551082107006.groovy:36)


2019-02-25 15:09:47 - [MESSAGE][INFO] - Unable to find the element located by 'By.xpath: (//button[@type='button'])[13]'. Please recheck the objects properties to make sure the desired element is located. 

2019-02-25 15:09:47 - [MESSAGE][FAILED] - Unable to click on object 'Object Repository/TypeOfService/TypeOfService10/Page_ODTS System/button_anhtest_btn btn-warning' (Root cause: com.kms.katalon.core.webui.exception.WebElementNotFoundException: Web element with id: 'Object Repository/TypeOfService/TypeOfService10/Page_ODTS System/button_anhtest_btn btn-warning' located by 'By.xpath: (//button[@type='button'])[13]' not found)
[[ATTACHMENT|C:\\Users\\pc\\Katalon Studio\\Helpdesk\\Reports\\TypeOfService09-10-11\\20190225_150822\\1551082187512.png]]

2019-02-25 15:09:47 - [MESSAGE][FAILED] - click(findTestObject("Object Repository/TypeOfService/TypeOfService10/Page_ODTS System/button_anhtest_btn btn-warning")) FAILED.
Reason:
com.kms.katalon.core.exception.StepFailedException: Unable to click on object 'Object Repository/TypeOfService/TypeOfService10/Page_ODTS System/button_anhtest_btn btn-warning' (Root cause: com.kms.katalon.core.webui.exception.WebElementNotFoundException: Web element with id: 'Object Repository/TypeOfService/TypeOfService10/Page_ODTS System/button_anhtest_btn btn-warning' located by 'By.xpath: (//button[@type='button'])[13]' not found)
	at com.kms.katalon.core.keyword.internal.KeywordMain.stepFailed(KeywordMain.groovy:36)
	at com.kms.katalon.core.webui.keyword.internal.WebUIKeywordMain.stepFailed(WebUIKeywordMain.groovy:65)
	at com.kms.katalon.core.webui.keyword.internal.WebUIKeywordMain.runKeyword(WebUIKeywordMain.groovy:27)
	at com.kms.katalon.core.webui.keyword.builtin.ClickKeyword.click(ClickKeyword.groovy:86)
	at com.kms.katalon.core.webui.keyword.builtin.ClickKeyword.execute(ClickKeyword.groovy:67)
	at com.kms.katalon.core.keyword.internal.KeywordExecutor.executeKeywordForPlatform(KeywordExecutor.groovy:53)
	at com.kms.katalon.core.webui.keyword.WebUiBuiltInKeywords.click(WebUiBuiltInKeywords.groovy:616)
	at com.kms.katalon.core.webui.keyword.WebUiBuiltInKeywords$click$3.call(Unknown Source)
	at typeOfService10.run(typeOfService10:32)
	at com.kms.katalon.core.main.ScriptEngine.run(ScriptEngine.java:194)
	at com.kms.katalon.core.main.ScriptEngine.runScriptAsRawText(ScriptEngine.java:119)
	at com.kms.katalon.core.main.TestCaseExecutor.runScript(TestCaseExecutor.java:328)
	at com.kms.katalon.core.main.TestCaseExecutor.doExecute(TestCaseExecutor.java:319)
	at com.kms.katalon.core.main.TestCaseExecutor.processExecutionPhase(TestCaseExecutor.java:298)
	at com.kms.katalon.core.main.TestCaseExecutor.accessMainPhase(TestCaseExecutor.java:290)
	at com.kms.katalon.core.main.TestCaseExecutor.execute(TestCaseExecutor.java:224)
	at com.kms.katalon.core.main.TestSuiteExecutor.accessTestCaseMainPhase(TestSuiteExecutor.java:129)
	at com.kms.katalon.core.main.TestSuiteExecutor.accessTestSuiteMainPhase(TestSuiteExecutor.java:112)
	at com.kms.katalon.core.main.TestSuiteExecutor.execute(TestSuiteExecutor.java:81)
	at com.kms.katalon.core.main.TestCaseMain.startTestSuite(TestCaseMain.java:149)
	at com.kms.katalon.core.main.TestCaseMain$startTestSuite$0.call(Unknown Source)
	at TempTestSuite1551082107006.run(TempTestSuite1551082107006.groovy:36)]]></system-out>
         <system-err><![CDATA[2019-02-25 15:08:57 - [TEST_CASE][FAILED] - Test Cases/TypeOfService/typeOfService10: Test Cases/TypeOfService/typeOfService10 FAILED.
Reason:
com.kms.katalon.core.exception.StepFailedException: Unable to click on object 'Object Repository/TypeOfService/TypeOfService10/Page_ODTS System/button_anhtest_btn btn-warning' (Root cause: com.kms.katalon.core.webui.exception.WebElementNotFoundException: Web element with id: 'Object Repository/TypeOfService/TypeOfService10/Page_ODTS System/button_anhtest_btn btn-warning' located by 'By.xpath: (//button[@type='button'])[13]' not found)
	at com.kms.katalon.core.keyword.internal.KeywordMain.stepFailed(KeywordMain.groovy:36)
	at com.kms.katalon.core.webui.keyword.internal.WebUIKeywordMain.stepFailed(WebUIKeywordMain.groovy:65)
	at com.kms.katalon.core.webui.keyword.internal.WebUIKeywordMain.runKeyword(WebUIKeywordMain.groovy:27)
	at com.kms.katalon.core.webui.keyword.builtin.ClickKeyword.click(ClickKeyword.groovy:86)
	at com.kms.katalon.core.webui.keyword.builtin.ClickKeyword.execute(ClickKeyword.groovy:67)
	at com.kms.katalon.core.keyword.internal.KeywordExecutor.executeKeywordForPlatform(KeywordExecutor.groovy:53)
	at com.kms.katalon.core.webui.keyword.WebUiBuiltInKeywords.click(WebUiBuiltInKeywords.groovy:616)
	at com.kms.katalon.core.webui.keyword.WebUiBuiltInKeywords$click$3.call(Unknown Source)
	at typeOfService10.run(typeOfService10:32)
	at com.kms.katalon.core.main.ScriptEngine.run(ScriptEngine.java:194)
	at com.kms.katalon.core.main.ScriptEngine.runScriptAsRawText(ScriptEngine.java:119)
	at com.kms.katalon.core.main.TestCaseExecutor.runScript(TestCaseExecutor.java:328)
	at com.kms.katalon.core.main.TestCaseExecutor.doExecute(TestCaseExecutor.java:319)
	at com.kms.katalon.core.main.TestCaseExecutor.processExecutionPhase(TestCaseExecutor.java:298)
	at com.kms.katalon.core.main.TestCaseExecutor.accessMainPhase(TestCaseExecutor.java:290)
	at com.kms.katalon.core.main.TestCaseExecutor.execute(TestCaseExecutor.java:224)
	at com.kms.katalon.core.main.TestSuiteExecutor.accessTestCaseMainPhase(TestSuiteExecutor.java:129)
	at com.kms.katalon.core.main.TestSuiteExecutor.accessTestSuiteMainPhase(TestSuiteExecutor.java:112)
	at com.kms.katalon.core.main.TestSuiteExecutor.execute(TestSuiteExecutor.java:81)
	at com.kms.katalon.core.main.TestCaseMain.startTestSuite(TestCaseMain.java:149)
	at com.kms.katalon.core.main.TestCaseMain$startTestSuite$0.call(Unknown Source)
	at TempTestSuite1551082107006.run(TempTestSuite1551082107006.groovy:36)]]></system-err>
      </testcase>
      <testcase name="Test Cases/TypeOfService/typeOfService11" classname="Test Cases/TypeOfService/typeOfService11" status="FAILED">
         <failure type="FAILED" message="Test Cases/TypeOfService/typeOfService11 FAILED.
Reason:
com.kms.katalon.core.exception.StepFailedException: Unable to click on object 'Object Repository/TypeOfService/TypeOfService11/Page_ODTS System/button_OK' (Root cause: org.openqa.selenium.WebDriverException: unknown error: Element &lt;button type=&quot;button&quot; class=&quot;btn btn-warning fa fa-pencil&quot; data-toggle=&quot;modal&quot; data-target=&quot;&quot; onclick=&quot;getDataEdit(1)&quot;>&lt;/button> is not clickable at point (942, 235). Other element would receive the click: &lt;div class=&quot;modal fade in&quot; id=&quot;ViewModal&quot; tabindex=&quot;-1&quot; role=&quot;dialog&quot; aria-labelledby=&quot;exampleLabel&quot; aria-hidden=&quot;true&quot; style=&quot;display: block; padding-right: 17px;&quot;>...&lt;/div>
  (Session info: chrome=72.0.3626.119)
  (Driver info: chromedriver=2.43.600210 (68dcf5eebde37173d4027fa8635e332711d2874a),platform=Windows NT 10.0.17134 x86_64) (WARNING: The server did not provide any stacktrace information)
Command duration or timeout: 0 milliseconds
Build info: version: '3.7.1', revision: '8a0099a', time: '2017-11-06T21:07:36.161Z'
System info: host: 'ANHNVSE63446', ip: '192.168.175.1', os.name: 'Windows 10', os.arch: 'amd64', os.version: '10.0', java.version: '1.8.0_181'
Driver info: com.kms.katalon.selenium.driver.CChromeDriver
Capabilities {acceptInsecureCerts: false, acceptSslCerts: false, applicationCacheEnabled: false, browserConnectionEnabled: false, browserName: chrome, chrome: {chromedriverVersion: 2.43.600210 (68dcf5eebde371..., userDataDir: C:\Users\pc\AppData\Local\T...}, cssSelectorsEnabled: true, databaseEnabled: false, goog:chromeOptions: {debuggerAddress: localhost:60473}, handlesAlerts: true, hasTouchScreen: false, javascriptEnabled: true, locationContextEnabled: true, mobileEmulationEnabled: false, nativeEvents: true, networkConnectionEnabled: false, pageLoadStrategy: normal, platform: XP, platformName: XP, rotatable: false, setWindowRect: true, takesHeapSnapshot: true, takesScreenshot: true, unexpectedAlertBehaviour: , unhandledPromptBehavior: , version: 72.0.3626.119, webStorageEnabled: true}
Session ID: f5c9bdaf1fe3019c63f138c286213386)
	at com.kms.katalon.core.keyword.internal.KeywordMain.stepFailed(KeywordMain.groovy:36)
	at com.kms.katalon.core.webui.keyword.internal.WebUIKeywordMain.stepFailed(WebUIKeywordMain.groovy:65)
	at com.kms.katalon.core.webui.keyword.internal.WebUIKeywordMain.runKeyword(WebUIKeywordMain.groovy:27)
	at com.kms.katalon.core.webui.keyword.builtin.ClickKeyword.click(ClickKeyword.groovy:86)
	at com.kms.katalon.core.webui.keyword.builtin.ClickKeyword.execute(ClickKeyword.groovy:67)
	at com.kms.katalon.core.keyword.internal.KeywordExecutor.executeKeywordForPlatform(KeywordExecutor.groovy:53)
	at com.kms.katalon.core.webui.keyword.WebUiBuiltInKeywords.click(WebUiBuiltInKeywords.groovy:616)
	at com.kms.katalon.core.webui.keyword.WebUiBuiltInKeywords$click$3.call(Unknown Source)
	at typeOfService11.run(typeOfService11:46)
	at com.kms.katalon.core.main.ScriptEngine.run(ScriptEngine.java:194)
	at com.kms.katalon.core.main.ScriptEngine.runScriptAsRawText(ScriptEngine.java:119)
	at com.kms.katalon.core.main.TestCaseExecutor.runScript(TestCaseExecutor.java:328)
	at com.kms.katalon.core.main.TestCaseExecutor.doExecute(TestCaseExecutor.java:319)
	at com.kms.katalon.core.main.TestCaseExecutor.processExecutionPhase(TestCaseExecutor.java:298)
	at com.kms.katalon.core.main.TestCaseExecutor.accessMainPhase(TestCaseExecutor.java:290)
	at com.kms.katalon.core.main.TestCaseExecutor.execute(TestCaseExecutor.java:224)
	at com.kms.katalon.core.main.TestSuiteExecutor.accessTestCaseMainPhase(TestSuiteExecutor.java:129)
	at com.kms.katalon.core.main.TestSuiteExecutor.accessTestSuiteMainPhase(TestSuiteExecutor.java:112)
	at com.kms.katalon.core.main.TestSuiteExecutor.execute(TestSuiteExecutor.java:81)
	at com.kms.katalon.core.main.TestCaseMain.startTestSuite(TestCaseMain.java:149)
	at com.kms.katalon.core.main.TestCaseMain$startTestSuite$0.call(Unknown Source)
	at TempTestSuite1551082107006.run(TempTestSuite1551082107006.groovy:36)
"/>
         <system-out><![CDATA[2019-02-25 15:09:47 - [TEST_CASE][FAILED] - Test Cases/TypeOfService/typeOfService11: Test Cases/TypeOfService/typeOfService11 FAILED.
Reason:
com.kms.katalon.core.exception.StepFailedException: Unable to click on object 'Object Repository/TypeOfService/TypeOfService11/Page_ODTS System/button_OK' (Root cause: org.openqa.selenium.WebDriverException: unknown error: Element <button type="button" class="btn btn-warning fa fa-pencil" data-toggle="modal" data-target="" onclick="getDataEdit(1)"></button> is not clickable at point (942, 235). Other element would receive the click: <div class="modal fade in" id="ViewModal" tabindex="-1" role="dialog" aria-labelledby="exampleLabel" aria-hidden="true" style="display: block; padding-right: 17px;">...</div>
  (Session info: chrome=72.0.3626.119)
  (Driver info: chromedriver=2.43.600210 (68dcf5eebde37173d4027fa8635e332711d2874a),platform=Windows NT 10.0.17134 x86_64) (WARNING: The server did not provide any stacktrace information)
Command duration or timeout: 0 milliseconds
Build info: version: '3.7.1', revision: '8a0099a', time: '2017-11-06T21:07:36.161Z'
System info: host: 'ANHNVSE63446', ip: '192.168.175.1', os.name: 'Windows 10', os.arch: 'amd64', os.version: '10.0', java.version: '1.8.0_181'
Driver info: com.kms.katalon.selenium.driver.CChromeDriver
Capabilities {acceptInsecureCerts: false, acceptSslCerts: false, applicationCacheEnabled: false, browserConnectionEnabled: false, browserName: chrome, chrome: {chromedriverVersion: 2.43.600210 (68dcf5eebde371..., userDataDir: C:\Users\pc\AppData\Local\T...}, cssSelectorsEnabled: true, databaseEnabled: false, goog:chromeOptions: {debuggerAddress: localhost:60473}, handlesAlerts: true, hasTouchScreen: false, javascriptEnabled: true, locationContextEnabled: true, mobileEmulationEnabled: false, nativeEvents: true, networkConnectionEnabled: false, pageLoadStrategy: normal, platform: XP, platformName: XP, rotatable: false, setWindowRect: true, takesHeapSnapshot: true, takesScreenshot: true, unexpectedAlertBehaviour: , unhandledPromptBehavior: , version: 72.0.3626.119, webStorageEnabled: true}
Session ID: f5c9bdaf1fe3019c63f138c286213386)
	at com.kms.katalon.core.keyword.internal.KeywordMain.stepFailed(KeywordMain.groovy:36)
	at com.kms.katalon.core.webui.keyword.internal.WebUIKeywordMain.stepFailed(WebUIKeywordMain.groovy:65)
	at com.kms.katalon.core.webui.keyword.internal.WebUIKeywordMain.runKeyword(WebUIKeywordMain.groovy:27)
	at com.kms.katalon.core.webui.keyword.builtin.ClickKeyword.click(ClickKeyword.groovy:86)
	at com.kms.katalon.core.webui.keyword.builtin.ClickKeyword.execute(ClickKeyword.groovy:67)
	at com.kms.katalon.core.keyword.internal.KeywordExecutor.executeKeywordForPlatform(KeywordExecutor.groovy:53)
	at com.kms.katalon.core.webui.keyword.WebUiBuiltInKeywords.click(WebUiBuiltInKeywords.groovy:616)
	at com.kms.katalon.core.webui.keyword.WebUiBuiltInKeywords$click$3.call(Unknown Source)
	at typeOfService11.run(typeOfService11:46)
	at com.kms.katalon.core.main.ScriptEngine.run(ScriptEngine.java:194)
	at com.kms.katalon.core.main.ScriptEngine.runScriptAsRawText(ScriptEngine.java:119)
	at com.kms.katalon.core.main.TestCaseExecutor.runScript(TestCaseExecutor.java:328)
	at com.kms.katalon.core.main.TestCaseExecutor.doExecute(TestCaseExecutor.java:319)
	at com.kms.katalon.core.main.TestCaseExecutor.processExecutionPhase(TestCaseExecutor.java:298)
	at com.kms.katalon.core.main.TestCaseExecutor.accessMainPhase(TestCaseExecutor.java:290)
	at com.kms.katalon.core.main.TestCaseExecutor.execute(TestCaseExecutor.java:224)
	at com.kms.katalon.core.main.TestSuiteExecutor.accessTestCaseMainPhase(TestSuiteExecutor.java:129)
	at com.kms.katalon.core.main.TestSuiteExecutor.accessTestSuiteMainPhase(TestSuiteExecutor.java:112)
	at com.kms.katalon.core.main.TestSuiteExecutor.execute(TestSuiteExecutor.java:81)
	at com.kms.katalon.core.main.TestCaseMain.startTestSuite(TestCaseMain.java:149)
	at com.kms.katalon.core.main.TestCaseMain$startTestSuite$0.call(Unknown Source)
	at TempTestSuite1551082107006.run(TempTestSuite1551082107006.groovy:36)


2019-02-25 15:09:48 - [TEST_STEP][PASSED] - openBrowser(""): Browser is opened with url: ''

2019-02-25 15:09:48 - [MESSAGE][WARNING] - A browser is already opened. Closing browser and opening a new one

2019-02-25 15:09:49 - [MESSAGE][INFO] - Starting 'Chrome' driver

2019-02-25 15:09:51 - [MESSAGE][PASSED] - Browser is opened with url: ''

2019-02-25 15:09:51 - [TEST_STEP][PASSED] - navigateToUrl("http://helpdesk.wisky.vn/"): Navigate to 'http://helpdesk.wisky.vn/' successfully

2019-02-25 15:09:53 - [MESSAGE][PASSED] - Navigate to 'http://helpdesk.wisky.vn/' successfully

2019-02-25 15:09:53 - [TEST_STEP][PASSED] - setText(findTestObject("Object Repository/TypeOfService/TypeOfService11/Page_ODTS System/input_ODTS_username"), "admin01"): Text 'admin01' is set on object 'Object Repository/TypeOfService/TypeOfService11/Page_ODTS System/input_ODTS_username'

2019-02-25 15:09:53 - [MESSAGE][PASSED] - Text 'admin01' is set on object 'Object Repository/TypeOfService/TypeOfService11/Page_ODTS System/input_ODTS_username'

2019-02-25 15:09:53 - [TEST_STEP][PASSED] - setEncryptedText(findTestObject("Object Repository/TypeOfService/TypeOfService11/Page_ODTS System/input_ODTS_password"), "aeHFOx8jV/A="): Text ****** has been set on object 'Object Repository/TypeOfService/TypeOfService11/Page_ODTS System/input_ODTS_password'

2019-02-25 15:09:53 - [MESSAGE][PASSED] - Text ****** has been set on object 'Object Repository/TypeOfService/TypeOfService11/Page_ODTS System/input_ODTS_password'

2019-02-25 15:09:53 - [TEST_STEP][PASSED] - click(findTestObject("Object Repository/TypeOfService/TypeOfService11/Page_ODTS System/button_ng Nhp")): Object: 'Object Repository/TypeOfService/TypeOfService11/Page_ODTS System/button_ng Nhp' is clicked on

2019-02-25 15:09:55 - [MESSAGE][PASSED] - Object: 'Object Repository/TypeOfService/TypeOfService11/Page_ODTS System/button_ng Nhp' is clicked on

2019-02-25 15:09:55 - [TEST_STEP][PASSED] - click(findTestObject("Object Repository/TypeOfService/TypeOfService09/Page_ODTS System/a_Loi Dch V")): Object: 'Object Repository/TypeOfService/TypeOfService09/Page_ODTS System/a_Loi Dch V' is clicked on

2019-02-25 15:09:56 - [MESSAGE][PASSED] - Object: 'Object Repository/TypeOfService/TypeOfService09/Page_ODTS System/a_Loi Dch V' is clicked on

2019-02-25 15:09:56 - [TEST_STEP][PASSED] - click(findTestObject("Object Repository/TypeOfService/TypeOfService11/Page_ODTS System/a_Xem Dch V")): Object: 'Object Repository/TypeOfService/TypeOfService11/Page_ODTS System/a_Xem Dch V' is clicked on

2019-02-25 15:09:56 - [MESSAGE][PASSED] - Object: 'Object Repository/TypeOfService/TypeOfService11/Page_ODTS System/a_Xem Dch V' is clicked on

2019-02-25 15:09:56 - [TEST_STEP][PASSED] - click(findTestObject("Object Repository/TypeOfService/TypeOfService11/Page_ODTS System/a_Xem Hng Dn")): Object: 'Object Repository/TypeOfService/TypeOfService11/Page_ODTS System/a_Xem Hng Dn' is clicked on

2019-02-25 15:09:57 - [MESSAGE][PASSED] - Object: 'Object Repository/TypeOfService/TypeOfService11/Page_ODTS System/a_Xem Hng Dn' is clicked on

2019-02-25 15:09:57 - [TEST_STEP][PASSED] - click(findTestObject("Object Repository/TypeOfService/TypeOfService11/Page_ODTS System/fieldSearch")): Object: 'Object Repository/TypeOfService/TypeOfService11/Page_ODTS System/fieldSearch' is clicked on

2019-02-25 15:09:57 - [MESSAGE][PASSED] - Object: 'Object Repository/TypeOfService/TypeOfService11/Page_ODTS System/fieldSearch' is clicked on

2019-02-25 15:09:57 - [TEST_STEP][PASSED] - setText(findTestObject("Object Repository/TypeOfService/TypeOfService11/Page_ODTS System/input"), "anhtest22"): Text 'anhtest22' is set on object 'Object Repository/TypeOfService/TypeOfService11/Page_ODTS System/input'

2019-02-25 15:09:57 - [MESSAGE][PASSED] - Text 'anhtest22' is set on object 'Object Repository/TypeOfService/TypeOfService11/Page_ODTS System/input'

2019-02-25 15:09:57 - [TEST_STEP][PASSED] - waitForAlert(1): No alert found after 1 second(s).

2019-02-25 15:09:58 - [MESSAGE][WARNING] - No alert found after 1 second(s).

2019-02-25 15:09:58 - [TEST_STEP][PASSED] - click(findTestObject("Object Repository/TypeOfService/TypeOfService11/Page_ODTS System/button_anhtest22_btn btn-dange")): Object: 'Object Repository/TypeOfService/TypeOfService11/Page_ODTS System/button_anhtest22_btn btn-dange' is clicked on

2019-02-25 15:09:58 - [MESSAGE][PASSED] - Object: 'Object Repository/TypeOfService/TypeOfService11/Page_ODTS System/button_anhtest22_btn btn-dange' is clicked on

2019-02-25 15:09:58 - [TEST_STEP][PASSED] - click(findTestObject("Object Repository/TypeOfService/TypeOfService11/Page_ODTS System/button_Chp Nhn Xa")): Object: 'Object Repository/TypeOfService/TypeOfService11/Page_ODTS System/button_Chp Nhn Xa' is clicked on

2019-02-25 15:09:59 - [MESSAGE][PASSED] - Object: 'Object Repository/TypeOfService/TypeOfService11/Page_ODTS System/button_Chp Nhn Xa' is clicked on

2019-02-25 15:09:59 - [TEST_STEP][PASSED] - waitForAlert(1): No alert found after 1 second(s).

2019-02-25 15:10:00 - [MESSAGE][WARNING] - No alert found after 1 second(s).

2019-02-25 15:10:00 - [TEST_STEP][FAILED] - click(findTestObject("Object Repository/TypeOfService/TypeOfService11/Page_ODTS System/button_OK")): click(findTestObject("Object Repository/TypeOfService/TypeOfService11/Page_ODTS System/button_OK")) FAILED.
Reason:
com.kms.katalon.core.exception.StepFailedException: Unable to click on object 'Object Repository/TypeOfService/TypeOfService11/Page_ODTS System/button_OK' (Root cause: org.openqa.selenium.WebDriverException: unknown error: Element <button type="button" class="btn btn-warning fa fa-pencil" data-toggle="modal" data-target="" onclick="getDataEdit(1)"></button> is not clickable at point (942, 235). Other element would receive the click: <div class="modal fade in" id="ViewModal" tabindex="-1" role="dialog" aria-labelledby="exampleLabel" aria-hidden="true" style="display: block; padding-right: 17px;">...</div>
  (Session info: chrome=72.0.3626.119)
  (Driver info: chromedriver=2.43.600210 (68dcf5eebde37173d4027fa8635e332711d2874a),platform=Windows NT 10.0.17134 x86_64) (WARNING: The server did not provide any stacktrace information)
Command duration or timeout: 0 milliseconds
Build info: version: '3.7.1', revision: '8a0099a', time: '2017-11-06T21:07:36.161Z'
System info: host: 'ANHNVSE63446', ip: '192.168.175.1', os.name: 'Windows 10', os.arch: 'amd64', os.version: '10.0', java.version: '1.8.0_181'
Driver info: com.kms.katalon.selenium.driver.CChromeDriver
Capabilities {acceptInsecureCerts: false, acceptSslCerts: false, applicationCacheEnabled: false, browserConnectionEnabled: false, browserName: chrome, chrome: {chromedriverVersion: 2.43.600210 (68dcf5eebde371..., userDataDir: C:\Users\pc\AppData\Local\T...}, cssSelectorsEnabled: true, databaseEnabled: false, goog:chromeOptions: {debuggerAddress: localhost:60473}, handlesAlerts: true, hasTouchScreen: false, javascriptEnabled: true, locationContextEnabled: true, mobileEmulationEnabled: false, nativeEvents: true, networkConnectionEnabled: false, pageLoadStrategy: normal, platform: XP, platformName: XP, rotatable: false, setWindowRect: true, takesHeapSnapshot: true, takesScreenshot: true, unexpectedAlertBehaviour: , unhandledPromptBehavior: , version: 72.0.3626.119, webStorageEnabled: true}
Session ID: f5c9bdaf1fe3019c63f138c286213386)
	at com.kms.katalon.core.keyword.internal.KeywordMain.stepFailed(KeywordMain.groovy:36)
	at com.kms.katalon.core.webui.keyword.internal.WebUIKeywordMain.stepFailed(WebUIKeywordMain.groovy:65)
	at com.kms.katalon.core.webui.keyword.internal.WebUIKeywordMain.runKeyword(WebUIKeywordMain.groovy:27)
	at com.kms.katalon.core.webui.keyword.builtin.ClickKeyword.click(ClickKeyword.groovy:86)
	at com.kms.katalon.core.webui.keyword.builtin.ClickKeyword.execute(ClickKeyword.groovy:67)
	at com.kms.katalon.core.keyword.internal.KeywordExecutor.executeKeywordForPlatform(KeywordExecutor.groovy:53)
	at com.kms.katalon.core.webui.keyword.WebUiBuiltInKeywords.click(WebUiBuiltInKeywords.groovy:616)
	at com.kms.katalon.core.webui.keyword.WebUiBuiltInKeywords$click$3.call(Unknown Source)
	at typeOfService11.run(typeOfService11:46)
	at com.kms.katalon.core.main.ScriptEngine.run(ScriptEngine.java:194)
	at com.kms.katalon.core.main.ScriptEngine.runScriptAsRawText(ScriptEngine.java:119)
	at com.kms.katalon.core.main.TestCaseExecutor.runScript(TestCaseExecutor.java:328)
	at com.kms.katalon.core.main.TestCaseExecutor.doExecute(TestCaseExecutor.java:319)
	at com.kms.katalon.core.main.TestCaseExecutor.processExecutionPhase(TestCaseExecutor.java:298)
	at com.kms.katalon.core.main.TestCaseExecutor.accessMainPhase(TestCaseExecutor.java:290)
	at com.kms.katalon.core.main.TestCaseExecutor.execute(TestCaseExecutor.java:224)
	at com.kms.katalon.core.main.TestSuiteExecutor.accessTestCaseMainPhase(TestSuiteExecutor.java:129)
	at com.kms.katalon.core.main.TestSuiteExecutor.accessTestSuiteMainPhase(TestSuiteExecutor.java:112)
	at com.kms.katalon.core.main.TestSuiteExecutor.execute(TestSuiteExecutor.java:81)
	at com.kms.katalon.core.main.TestCaseMain.startTestSuite(TestCaseMain.java:149)
	at com.kms.katalon.core.main.TestCaseMain$startTestSuite$0.call(Unknown Source)
	at TempTestSuite1551082107006.run(TempTestSuite1551082107006.groovy:36)


2019-02-25 15:10:00 - [MESSAGE][FAILED] - Unable to click on object 'Object Repository/TypeOfService/TypeOfService11/Page_ODTS System/button_OK' (Root cause: org.openqa.selenium.WebDriverException: unknown error: Element <button type="button" class="btn btn-warning fa fa-pencil" data-toggle="modal" data-target="" onclick="getDataEdit(1)"></button> is not clickable at point (942, 235). Other element would receive the click: <div class="modal fade in" id="ViewModal" tabindex="-1" role="dialog" aria-labelledby="exampleLabel" aria-hidden="true" style="display: block; padding-right: 17px;">...</div>
  (Session info: chrome=72.0.3626.119)
  (Driver info: chromedriver=2.43.600210 (68dcf5eebde37173d4027fa8635e332711d2874a),platform=Windows NT 10.0.17134 x86_64) (WARNING: The server did not provide any stacktrace information)
Command duration or timeout: 0 milliseconds
Build info: version: '3.7.1', revision: '8a0099a', time: '2017-11-06T21:07:36.161Z'
System info: host: 'ANHNVSE63446', ip: '192.168.175.1', os.name: 'Windows 10', os.arch: 'amd64', os.version: '10.0', java.version: '1.8.0_181'
Driver info: com.kms.katalon.selenium.driver.CChromeDriver
Capabilities {acceptInsecureCerts: false, acceptSslCerts: false, applicationCacheEnabled: false, browserConnectionEnabled: false, browserName: chrome, chrome: {chromedriverVersion: 2.43.600210 (68dcf5eebde371..., userDataDir: C:\Users\pc\AppData\Local\T...}, cssSelectorsEnabled: true, databaseEnabled: false, goog:chromeOptions: {debuggerAddress: localhost:60473}, handlesAlerts: true, hasTouchScreen: false, javascriptEnabled: true, locationContextEnabled: true, mobileEmulationEnabled: false, nativeEvents: true, networkConnectionEnabled: false, pageLoadStrategy: normal, platform: XP, platformName: XP, rotatable: false, setWindowRect: true, takesHeapSnapshot: true, takesScreenshot: true, unexpectedAlertBehaviour: , unhandledPromptBehavior: , version: 72.0.3626.119, webStorageEnabled: true}
Session ID: f5c9bdaf1fe3019c63f138c286213386)
[[ATTACHMENT|C:\\Users\\pc\\Katalon Studio\\Helpdesk\\Reports\\TypeOfService09-10-11\\20190225_150822\\1551082200397.png]]

2019-02-25 15:10:00 - [MESSAGE][FAILED] - click(findTestObject("Object Repository/TypeOfService/TypeOfService11/Page_ODTS System/button_OK")) FAILED.
Reason:
com.kms.katalon.core.exception.StepFailedException: Unable to click on object 'Object Repository/TypeOfService/TypeOfService11/Page_ODTS System/button_OK' (Root cause: org.openqa.selenium.WebDriverException: unknown error: Element <button type="button" class="btn btn-warning fa fa-pencil" data-toggle="modal" data-target="" onclick="getDataEdit(1)"></button> is not clickable at point (942, 235). Other element would receive the click: <div class="modal fade in" id="ViewModal" tabindex="-1" role="dialog" aria-labelledby="exampleLabel" aria-hidden="true" style="display: block; padding-right: 17px;">...</div>
  (Session info: chrome=72.0.3626.119)
  (Driver info: chromedriver=2.43.600210 (68dcf5eebde37173d4027fa8635e332711d2874a),platform=Windows NT 10.0.17134 x86_64) (WARNING: The server did not provide any stacktrace information)
Command duration or timeout: 0 milliseconds
Build info: version: '3.7.1', revision: '8a0099a', time: '2017-11-06T21:07:36.161Z'
System info: host: 'ANHNVSE63446', ip: '192.168.175.1', os.name: 'Windows 10', os.arch: 'amd64', os.version: '10.0', java.version: '1.8.0_181'
Driver info: com.kms.katalon.selenium.driver.CChromeDriver
Capabilities {acceptInsecureCerts: false, acceptSslCerts: false, applicationCacheEnabled: false, browserConnectionEnabled: false, browserName: chrome, chrome: {chromedriverVersion: 2.43.600210 (68dcf5eebde371..., userDataDir: C:\Users\pc\AppData\Local\T...}, cssSelectorsEnabled: true, databaseEnabled: false, goog:chromeOptions: {debuggerAddress: localhost:60473}, handlesAlerts: true, hasTouchScreen: false, javascriptEnabled: true, locationContextEnabled: true, mobileEmulationEnabled: false, nativeEvents: true, networkConnectionEnabled: false, pageLoadStrategy: normal, platform: XP, platformName: XP, rotatable: false, setWindowRect: true, takesHeapSnapshot: true, takesScreenshot: true, unexpectedAlertBehaviour: , unhandledPromptBehavior: , version: 72.0.3626.119, webStorageEnabled: true}
Session ID: f5c9bdaf1fe3019c63f138c286213386)
	at com.kms.katalon.core.keyword.internal.KeywordMain.stepFailed(KeywordMain.groovy:36)
	at com.kms.katalon.core.webui.keyword.internal.WebUIKeywordMain.stepFailed(WebUIKeywordMain.groovy:65)
	at com.kms.katalon.core.webui.keyword.internal.WebUIKeywordMain.runKeyword(WebUIKeywordMain.groovy:27)
	at com.kms.katalon.core.webui.keyword.builtin.ClickKeyword.click(ClickKeyword.groovy:86)
	at com.kms.katalon.core.webui.keyword.builtin.ClickKeyword.execute(ClickKeyword.groovy:67)
	at com.kms.katalon.core.keyword.internal.KeywordExecutor.executeKeywordForPlatform(KeywordExecutor.groovy:53)
	at com.kms.katalon.core.webui.keyword.WebUiBuiltInKeywords.click(WebUiBuiltInKeywords.groovy:616)
	at com.kms.katalon.core.webui.keyword.WebUiBuiltInKeywords$click$3.call(Unknown Source)
	at typeOfService11.run(typeOfService11:46)
	at com.kms.katalon.core.main.ScriptEngine.run(ScriptEngine.java:194)
	at com.kms.katalon.core.main.ScriptEngine.runScriptAsRawText(ScriptEngine.java:119)
	at com.kms.katalon.core.main.TestCaseExecutor.runScript(TestCaseExecutor.java:328)
	at com.kms.katalon.core.main.TestCaseExecutor.doExecute(TestCaseExecutor.java:319)
	at com.kms.katalon.core.main.TestCaseExecutor.processExecutionPhase(TestCaseExecutor.java:298)
	at com.kms.katalon.core.main.TestCaseExecutor.accessMainPhase(TestCaseExecutor.java:290)
	at com.kms.katalon.core.main.TestCaseExecutor.execute(TestCaseExecutor.java:224)
	at com.kms.katalon.core.main.TestSuiteExecutor.accessTestCaseMainPhase(TestSuiteExecutor.java:129)
	at com.kms.katalon.core.main.TestSuiteExecutor.accessTestSuiteMainPhase(TestSuiteExecutor.java:112)
	at com.kms.katalon.core.main.TestSuiteExecutor.execute(TestSuiteExecutor.java:81)
	at com.kms.katalon.core.main.TestCaseMain.startTestSuite(TestCaseMain.java:149)
	at com.kms.katalon.core.main.TestCaseMain$startTestSuite$0.call(Unknown Source)
	at TempTestSuite1551082107006.run(TempTestSuite1551082107006.groovy:36)]]></system-out>
         <system-err><![CDATA[2019-02-25 15:09:47 - [TEST_CASE][FAILED] - Test Cases/TypeOfService/typeOfService11: Test Cases/TypeOfService/typeOfService11 FAILED.
Reason:
com.kms.katalon.core.exception.StepFailedException: Unable to click on object 'Object Repository/TypeOfService/TypeOfService11/Page_ODTS System/button_OK' (Root cause: org.openqa.selenium.WebDriverException: unknown error: Element <button type="button" class="btn btn-warning fa fa-pencil" data-toggle="modal" data-target="" onclick="getDataEdit(1)"></button> is not clickable at point (942, 235). Other element would receive the click: <div class="modal fade in" id="ViewModal" tabindex="-1" role="dialog" aria-labelledby="exampleLabel" aria-hidden="true" style="display: block; padding-right: 17px;">...</div>
  (Session info: chrome=72.0.3626.119)
  (Driver info: chromedriver=2.43.600210 (68dcf5eebde37173d4027fa8635e332711d2874a),platform=Windows NT 10.0.17134 x86_64) (WARNING: The server did not provide any stacktrace information)
Command duration or timeout: 0 milliseconds
Build info: version: '3.7.1', revision: '8a0099a', time: '2017-11-06T21:07:36.161Z'
System info: host: 'ANHNVSE63446', ip: '192.168.175.1', os.name: 'Windows 10', os.arch: 'amd64', os.version: '10.0', java.version: '1.8.0_181'
Driver info: com.kms.katalon.selenium.driver.CChromeDriver
Capabilities {acceptInsecureCerts: false, acceptSslCerts: false, applicationCacheEnabled: false, browserConnectionEnabled: false, browserName: chrome, chrome: {chromedriverVersion: 2.43.600210 (68dcf5eebde371..., userDataDir: C:\Users\pc\AppData\Local\T...}, cssSelectorsEnabled: true, databaseEnabled: false, goog:chromeOptions: {debuggerAddress: localhost:60473}, handlesAlerts: true, hasTouchScreen: false, javascriptEnabled: true, locationContextEnabled: true, mobileEmulationEnabled: false, nativeEvents: true, networkConnectionEnabled: false, pageLoadStrategy: normal, platform: XP, platformName: XP, rotatable: false, setWindowRect: true, takesHeapSnapshot: true, takesScreenshot: true, unexpectedAlertBehaviour: , unhandledPromptBehavior: , version: 72.0.3626.119, webStorageEnabled: true}
Session ID: f5c9bdaf1fe3019c63f138c286213386)
	at com.kms.katalon.core.keyword.internal.KeywordMain.stepFailed(KeywordMain.groovy:36)
	at com.kms.katalon.core.webui.keyword.internal.WebUIKeywordMain.stepFailed(WebUIKeywordMain.groovy:65)
	at com.kms.katalon.core.webui.keyword.internal.WebUIKeywordMain.runKeyword(WebUIKeywordMain.groovy:27)
	at com.kms.katalon.core.webui.keyword.builtin.ClickKeyword.click(ClickKeyword.groovy:86)
	at com.kms.katalon.core.webui.keyword.builtin.ClickKeyword.execute(ClickKeyword.groovy:67)
	at com.kms.katalon.core.keyword.internal.KeywordExecutor.executeKeywordForPlatform(KeywordExecutor.groovy:53)
	at com.kms.katalon.core.webui.keyword.WebUiBuiltInKeywords.click(WebUiBuiltInKeywords.groovy:616)
	at com.kms.katalon.core.webui.keyword.WebUiBuiltInKeywords$click$3.call(Unknown Source)
	at typeOfService11.run(typeOfService11:46)
	at com.kms.katalon.core.main.ScriptEngine.run(ScriptEngine.java:194)
	at com.kms.katalon.core.main.ScriptEngine.runScriptAsRawText(ScriptEngine.java:119)
	at com.kms.katalon.core.main.TestCaseExecutor.runScript(TestCaseExecutor.java:328)
	at com.kms.katalon.core.main.TestCaseExecutor.doExecute(TestCaseExecutor.java:319)
	at com.kms.katalon.core.main.TestCaseExecutor.processExecutionPhase(TestCaseExecutor.java:298)
	at com.kms.katalon.core.main.TestCaseExecutor.accessMainPhase(TestCaseExecutor.java:290)
	at com.kms.katalon.core.main.TestCaseExecutor.execute(TestCaseExecutor.java:224)
	at com.kms.katalon.core.main.TestSuiteExecutor.accessTestCaseMainPhase(TestSuiteExecutor.java:129)
	at com.kms.katalon.core.main.TestSuiteExecutor.accessTestSuiteMainPhase(TestSuiteExecutor.java:112)
	at com.kms.katalon.core.main.TestSuiteExecutor.execute(TestSuiteExecutor.java:81)
	at com.kms.katalon.core.main.TestCaseMain.startTestSuite(TestCaseMain.java:149)
	at com.kms.katalon.core.main.TestCaseMain$startTestSuite$0.call(Unknown Source)
	at TempTestSuite1551082107006.run(TempTestSuite1551082107006.groovy:36)]]></system-err>
      </testcase>
      <system-out><![CDATA[2019-02-25 15:08:30 - [TEST_SUITE][FAILED] - TypeOfService09-10-11: Test Cases/TypeOfService/typeOfService10 FAILED.
Reason:
com.kms.katalon.core.exception.StepFailedException: Unable to click on object 'Object Repository/TypeOfService/TypeOfService10/Page_ODTS System/button_anhtest_btn btn-warning' (Root cause: com.kms.katalon.core.webui.exception.WebElementNotFoundException: Web element with id: 'Object Repository/TypeOfService/TypeOfService10/Page_ODTS System/button_anhtest_btn btn-warning' located by 'By.xpath: (//button[@type='button'])[13]' not found)
	at com.kms.katalon.core.keyword.internal.KeywordMain.stepFailed(KeywordMain.groovy:36)
	at com.kms.katalon.core.webui.keyword.internal.WebUIKeywordMain.stepFailed(WebUIKeywordMain.groovy:65)
	at com.kms.katalon.core.webui.keyword.internal.WebUIKeywordMain.runKeyword(WebUIKeywordMain.groovy:27)
	at com.kms.katalon.core.webui.keyword.builtin.ClickKeyword.click(ClickKeyword.groovy:86)
	at com.kms.katalon.core.webui.keyword.builtin.ClickKeyword.execute(ClickKeyword.groovy:67)
	at com.kms.katalon.core.keyword.internal.KeywordExecutor.executeKeywordForPlatform(KeywordExecutor.groovy:53)
	at com.kms.katalon.core.webui.keyword.WebUiBuiltInKeywords.click(WebUiBuiltInKeywords.groovy:616)
	at com.kms.katalon.core.webui.keyword.WebUiBuiltInKeywords$click$3.call(Unknown Source)
	at typeOfService10.run(typeOfService10:32)
	at com.kms.katalon.core.main.ScriptEngine.run(ScriptEngine.java:194)
	at com.kms.katalon.core.main.ScriptEngine.runScriptAsRawText(ScriptEngine.java:119)
	at com.kms.katalon.core.main.TestCaseExecutor.runScript(TestCaseExecutor.java:328)
	at com.kms.katalon.core.main.TestCaseExecutor.doExecute(TestCaseExecutor.java:319)
	at com.kms.katalon.core.main.TestCaseExecutor.processExecutionPhase(TestCaseExecutor.java:298)
	at com.kms.katalon.core.main.TestCaseExecutor.accessMainPhase(TestCaseExecutor.java:290)
	at com.kms.katalon.core.main.TestCaseExecutor.execute(TestCaseExecutor.java:224)
	at com.kms.katalon.core.main.TestSuiteExecutor.accessTestCaseMainPhase(TestSuiteExecutor.java:129)
	at com.kms.katalon.core.main.TestSuiteExecutor.accessTestSuiteMainPhase(TestSuiteExecutor.java:112)
	at com.kms.katalon.core.main.TestSuiteExecutor.execute(TestSuiteExecutor.java:81)
	at com.kms.katalon.core.main.TestCaseMain.startTestSuite(TestCaseMain.java:149)
	at com.kms.katalon.core.main.TestCaseMain$startTestSuite$0.call(Unknown Source)
	at TempTestSuite1551082107006.run(TempTestSuite1551082107006.groovy:36)]]></system-out>
      <system-err><![CDATA[2019-02-25 15:08:30 - [TEST_SUITE][FAILED] - TypeOfService09-10-11: Test Cases/TypeOfService/typeOfService10 FAILED.
Reason:
com.kms.katalon.core.exception.StepFailedException: Unable to click on object 'Object Repository/TypeOfService/TypeOfService10/Page_ODTS System/button_anhtest_btn btn-warning' (Root cause: com.kms.katalon.core.webui.exception.WebElementNotFoundException: Web element with id: 'Object Repository/TypeOfService/TypeOfService10/Page_ODTS System/button_anhtest_btn btn-warning' located by 'By.xpath: (//button[@type='button'])[13]' not found)
	at com.kms.katalon.core.keyword.internal.KeywordMain.stepFailed(KeywordMain.groovy:36)
	at com.kms.katalon.core.webui.keyword.internal.WebUIKeywordMain.stepFailed(WebUIKeywordMain.groovy:65)
	at com.kms.katalon.core.webui.keyword.internal.WebUIKeywordMain.runKeyword(WebUIKeywordMain.groovy:27)
	at com.kms.katalon.core.webui.keyword.builtin.ClickKeyword.click(ClickKeyword.groovy:86)
	at com.kms.katalon.core.webui.keyword.builtin.ClickKeyword.execute(ClickKeyword.groovy:67)
	at com.kms.katalon.core.keyword.internal.KeywordExecutor.executeKeywordForPlatform(KeywordExecutor.groovy:53)
	at com.kms.katalon.core.webui.keyword.WebUiBuiltInKeywords.click(WebUiBuiltInKeywords.groovy:616)
	at com.kms.katalon.core.webui.keyword.WebUiBuiltInKeywords$click$3.call(Unknown Source)
	at typeOfService10.run(typeOfService10:32)
	at com.kms.katalon.core.main.ScriptEngine.run(ScriptEngine.java:194)
	at com.kms.katalon.core.main.ScriptEngine.runScriptAsRawText(ScriptEngine.java:119)
	at com.kms.katalon.core.main.TestCaseExecutor.runScript(TestCaseExecutor.java:328)
	at com.kms.katalon.core.main.TestCaseExecutor.doExecute(TestCaseExecutor.java:319)
	at com.kms.katalon.core.main.TestCaseExecutor.processExecutionPhase(TestCaseExecutor.java:298)
	at com.kms.katalon.core.main.TestCaseExecutor.accessMainPhase(TestCaseExecutor.java:290)
	at com.kms.katalon.core.main.TestCaseExecutor.execute(TestCaseExecutor.java:224)
	at com.kms.katalon.core.main.TestSuiteExecutor.accessTestCaseMainPhase(TestSuiteExecutor.java:129)
	at com.kms.katalon.core.main.TestSuiteExecutor.accessTestSuiteMainPhase(TestSuiteExecutor.java:112)
	at com.kms.katalon.core.main.TestSuiteExecutor.execute(TestSuiteExecutor.java:81)
	at com.kms.katalon.core.main.TestCaseMain.startTestSuite(TestCaseMain.java:149)
	at com.kms.katalon.core.main.TestCaseMain$startTestSuite$0.call(Unknown Source)
	at TempTestSuite1551082107006.run(TempTestSuite1551082107006.groovy:36)]]></system-err>
   </testsuite>
</testsuites>
